#
# There is insufficient memory for the Java Runtime Environment to continue.
# Native memory allocation (malloc) failed to allocate 626224 bytes for Chunk::new
# Possible reasons:
#   The system is out of physical RAM or swap space
#   The process is running with CompressedOops enabled, and the Java Heap may be blocking the growth of the native heap
# Possible solutions:
#   Reduce memory load on the system
#   Increase physical memory or swap space
#   Check if swap backing store is full
#   Decrease Java heap size (-Xmx/-Xms)
#   Decrease number of Java threads
#   Decrease Java thread stack sizes (-Xss)
#   Set larger code cache with -XX:ReservedCodeCacheSize=
#   JVM is running with Unscaled Compressed Oops mode in which the Java heap is
#     placed in the first 4GB address space. The Java Heap base address is the
#     maximum limit for the native heap growth. Please use -XX:HeapBaseMinAddress
#     to set the Java Heap base and to place the Java Heap above 4GB virtual address.
# This output file may be truncated or incomplete.
#
#  Out of Memory Error (arena.cpp:191), pid=16148, tid=15708
#
# JRE version: OpenJDK Runtime Environment Temurin-17.0.10+7 (17.0.10+7) (build 17.0.10+7)
# Java VM: OpenJDK 64-Bit Server VM Temurin-17.0.10+7 (17.0.10+7, mixed mode, tiered, compressed oops, compressed class ptrs, parallel gc, windows-amd64)
# No core dump will be written. Minidumps are not enabled by default on client versions of Windows
#

---------------  S U M M A R Y ------------

Command Line: --add-modules=ALL-SYSTEM --add-opens=java.base/java.util=ALL-UNNAMED --add-opens=java.base/java.lang=ALL-UNNAMED --add-opens=java.base/sun.nio.fs=ALL-UNNAMED -Declipse.application=org.eclipse.jdt.ls.core.id1 -Dosgi.bundles.defaultStartLevel=4 -Declipse.product=org.eclipse.jdt.ls.core.product -Djava.import.generatesMetadataFilesAtProjectRoot=false -DDetectVMInstallationsJob.disabled=true -Dfile.encoding=utf8 -XX:+UseParallelGC -XX:GCTimeRatio=4 -XX:AdaptiveSizePolicyWeight=90 -Dsun.zip.disableMemoryMapping=true -Xmx1G -Xms100m -Xlog:disable -javaagent:c:\Users\devan\.vscode\extensions\redhat.java-1.30.0-win32-x64\lombok\lombok-1.18.32.jar -XX:+HeapDumpOnOutOfMemoryError -XX:HeapDumpPath=c:\Users\devan\AppData\Roaming\Code\User\workspaceStorage\4d92966fc4af52e91468190edff9a261\redhat.java -Daether.dependencyCollector.impl=bf c:\Users\devan\.vscode\extensions\redhat.java-1.30.0-win32-x64\server\plugins\org.eclipse.equinox.launcher_1.6.800.v20240330-1250.jar -configuration c:\Users\devan\AppData\Roaming\Code\User\globalStorage\redhat.java\1.30.0\config_win -data c:\Users\devan\AppData\Roaming\Code\User\workspaceStorage\4d92966fc4af52e91468190edff9a261\redhat.java\jdt_ws --pipe=\\.\pipe\lsp-414d7f98609e4ed066107a5e3a15b3d2-sock

Host: AMD Ryzen 7 4800H with Radeon Graphics         , 16 cores, 15G,  Windows 11 , 64 bit Build 22621 (10.0.22621.2506)
Time: Tue Apr 30 16:22:09 2024 India Standard Time elapsed time: 0.853995 seconds (0d 0h 0m 0s)

---------------  T H R E A D  ---------------

Current thread (0x0000022df0996fd0):  JavaThread "C2 CompilerThread0" daemon [_thread_in_native, id=15708, stack(0x000000d7d8e00000,0x000000d7d8f00000)]


Current CompileTask:
C2:    854 1581       4       java.io.WinNTFileSystem::normalize (143 bytes)

Stack: [0x000000d7d8e00000,0x000000d7d8f00000]
Native frames: (J=compiled Java code, j=interpreted, Vv=VM code, C=native code)
V  [jvm.dll+0x67d2c9]
V  [jvm.dll+0x834afa]
V  [jvm.dll+0x8365be]
V  [jvm.dll+0x836c23]
V  [jvm.dll+0x2477ff]
V  [jvm.dll+0xac514]
V  [jvm.dll+0xacb5c]
V  [jvm.dll+0x3667d7]
V  [jvm.dll+0x1bcf72]
V  [jvm.dll+0x21a049]
V  [jvm.dll+0x219311]
V  [jvm.dll+0x1a502d]
V  [jvm.dll+0x2290de]
V  [jvm.dll+0x2272ac]
V  [jvm.dll+0x7e9bb7]
V  [jvm.dll+0x7e3fba]
V  [jvm.dll+0x67c1b5]
C  [ucrtbase.dll+0x29363]
C  [KERNEL32.DLL+0x1257d]
C  [ntdll.dll+0x5aa58]


---------------  P R O C E S S  ---------------

Threads class SMR info:
_java_thread_list=0x0000022df33f8960, length=23, elements={
0x0000022dd7952b50, 0x0000022deb7d5020, 0x0000022deb7d9770, 0x0000022df097ab20,
0x0000022deb7de610, 0x0000022df0993650, 0x0000022df0995290, 0x0000022df0996fd0,
0x0000022df09a01f0, 0x0000022df09a0ef0, 0x0000022df0a9f6f0, 0x0000022dd79b69b0,
0x0000022df0b61280, 0x0000022df0ba2510, 0x0000022df0baf5b0, 0x0000022df2a5e270,
0x0000022df2b85bd0, 0x0000022df2c03970, 0x0000022df30a04b0, 0x0000022df3237800,
0x0000022df37f88b0, 0x0000022df36e6800, 0x0000022df3364240
}

Java Threads: ( => current thread )
  0x0000022dd7952b50 JavaThread "main" [_thread_blocked, id=21348, stack(0x000000d7d8500000,0x000000d7d8600000)]
  0x0000022deb7d5020 JavaThread "Reference Handler" daemon [_thread_blocked, id=9344, stack(0x000000d7d8800000,0x000000d7d8900000)]
  0x0000022deb7d9770 JavaThread "Finalizer" daemon [_thread_blocked, id=9892, stack(0x000000d7d8900000,0x000000d7d8a00000)]
  0x0000022df097ab20 JavaThread "Signal Dispatcher" daemon [_thread_blocked, id=17860, stack(0x000000d7d8a00000,0x000000d7d8b00000)]
  0x0000022deb7de610 JavaThread "Attach Listener" daemon [_thread_blocked, id=14240, stack(0x000000d7d8b00000,0x000000d7d8c00000)]
  0x0000022df0993650 JavaThread "Service Thread" daemon [_thread_blocked, id=20596, stack(0x000000d7d8c00000,0x000000d7d8d00000)]
  0x0000022df0995290 JavaThread "Monitor Deflation Thread" daemon [_thread_blocked, id=16676, stack(0x000000d7d8d00000,0x000000d7d8e00000)]
=>0x0000022df0996fd0 JavaThread "C2 CompilerThread0" daemon [_thread_in_native, id=15708, stack(0x000000d7d8e00000,0x000000d7d8f00000)]
  0x0000022df09a01f0 JavaThread "C1 CompilerThread0" daemon [_thread_blocked, id=17192, stack(0x000000d7d8f00000,0x000000d7d9000000)]
  0x0000022df09a0ef0 JavaThread "Sweeper thread" daemon [_thread_blocked, id=16376, stack(0x000000d7d9000000,0x000000d7d9100000)]
  0x0000022df0a9f6f0 JavaThread "Common-Cleaner" daemon [_thread_blocked, id=17848, stack(0x000000d7d9100000,0x000000d7d9200000)]
  0x0000022dd79b69b0 JavaThread "C1 CompilerThread1" daemon [_thread_blocked, id=2180, stack(0x000000d7d9200000,0x000000d7d9300000)]
  0x0000022df0b61280 JavaThread "C1 CompilerThread2" daemon [_thread_blocked, id=1924, stack(0x000000d7d9300000,0x000000d7d9400000)]
  0x0000022df0ba2510 JavaThread "C2 CompilerThread1" daemon [_thread_blocked, id=18888, stack(0x000000d7d9400000,0x000000d7d9500000)]
  0x0000022df0baf5b0 JavaThread "C2 CompilerThread2" daemon [_thread_blocked, id=15532, stack(0x000000d7d9500000,0x000000d7d9600000)]
  0x0000022df2a5e270 JavaThread "C1 CompilerThread3" daemon [_thread_blocked, id=14968, stack(0x000000d7d9600000,0x000000d7d9700000)]
  0x0000022df2b85bd0 JavaThread "Notification Thread" daemon [_thread_blocked, id=2584, stack(0x000000d7d9700000,0x000000d7d9800000)]
  0x0000022df2c03970 JavaThread "C2 CompilerThread3" daemon [_thread_blocked, id=19640, stack(0x000000d7d9900000,0x000000d7d9a00000)]
  0x0000022df30a04b0 JavaThread "C2 CompilerThread4" daemon [_thread_blocked, id=3696, stack(0x000000d7d9a00000,0x000000d7d9b00000)]
  0x0000022df3237800 JavaThread "C2 CompilerThread5" daemon [_thread_blocked, id=2936, stack(0x000000d7d9b00000,0x000000d7d9c00000)]
  0x0000022df37f88b0 JavaThread "Active Thread: Equinox Container: 5dcb3769-1cb3-4bc2-b17d-4f680a2938be" [_thread_blocked, id=19192, stack(0x000000d7da100000,0x000000d7da200000)]
  0x0000022df36e6800 JavaThread "Framework Event Dispatcher: Equinox Container: 5dcb3769-1cb3-4bc2-b17d-4f680a2938be" daemon [_thread_blocked, id=2720, stack(0x000000d7da200000,0x000000d7da300000)]
  0x0000022df3364240 JavaThread "Start Level: Equinox Container: 5dcb3769-1cb3-4bc2-b17d-4f680a2938be" daemon [_thread_in_native, id=6756, stack(0x000000d7da300000,0x000000d7da400000)]

Other Threads:
  0x0000022dd79feb00 VMThread "VM Thread" [stack: 0x000000d7d8700000,0x000000d7d8800000] [id=13528]
  0x0000022df2b8a260 WatcherThread [stack: 0x000000d7d9800000,0x000000d7d9900000] [id=13492]
  0x0000022dd796a790 GCTaskThread "GC Thread#0" [stack: 0x000000d7d8600000,0x000000d7d8700000] [id=12400]
  0x0000022df33d7510 GCTaskThread "GC Thread#1" [stack: 0x000000d7d9c00000,0x000000d7d9d00000] [id=13380]
  0x0000022df3620020 GCTaskThread "GC Thread#2" [stack: 0x000000d7d9d00000,0x000000d7d9e00000] [id=19876]
  0x0000022df3765a30 GCTaskThread "GC Thread#3" [stack: 0x000000d7d9e00000,0x000000d7d9f00000] [id=17956]
  0x0000022df3765cf0 GCTaskThread "GC Thread#4" [stack: 0x000000d7d9f00000,0x000000d7da000000] [id=20456]
  0x0000022df2ee8050 GCTaskThread "GC Thread#5" [stack: 0x000000d7da000000,0x000000d7da100000] [id=18780]
  0x0000022df32ee010 GCTaskThread "GC Thread#6" [stack: 0x000000d7da400000,0x000000d7da500000] [id=1884]
  0x0000022df337e4b0 GCTaskThread "GC Thread#7" [stack: 0x000000d7da500000,0x000000d7da600000] [id=8336]

Threads with active compile tasks:
C2 CompilerThread0      866 1581       4       java.io.WinNTFileSystem::normalize (143 bytes)
C1 CompilerThread1      866 1664       3       org.eclipse.osgi.container.ModuleDatabase::readLock (11 bytes)
C1 CompilerThread2      866 1665       3       org.eclipse.osgi.container.ModuleDatabase::readUnlock (11 bytes)

VM state: not at safepoint (normal execution)

VM Mutex/Monitor currently owned by a thread: None

Heap address: 0x00000000c0000000, size: 1024 MB, Compressed Oops mode: 32-bit

CDS archive(s) not mapped
Compressed class space mapped at: 0x0000000100000000-0x0000000140000000, reserved size: 1073741824
Narrow klass base: 0x0000000000000000, Narrow klass shift: 3, Narrow klass range: 0x140000000

GC Precious Log:
 CPUs: 16 total, 16 available
 Memory: 15790M
 Large Page Support: Disabled
 NUMA Support: Disabled
 Compressed Oops: Enabled (32-bit)
 Alignments: Space 512K, Generation 512K, Heap 2M
 Heap Min Capacity: 100M
 Heap Initial Capacity: 100M
 Heap Max Capacity: 1G
 Pre-touch: Disabled
 Parallel Workers: 13

Heap:
 PSYoungGen      total 29696K, used 4517K [0x00000000eab00000, 0x00000000ecc00000, 0x0000000100000000)
  eden space 25600K, 1% used [0x00000000eab00000,0x00000000eab70668,0x00000000ec400000)
  from space 4096K, 99% used [0x00000000ec800000,0x00000000ecbf8f38,0x00000000ecc00000)
  to   space 4096K, 0% used [0x00000000ec400000,0x00000000ec400000,0x00000000ec800000)
 ParOldGen       total 68608K, used 1372K [0x00000000c0000000, 0x00000000c4300000, 0x00000000eab00000)
  object space 68608K, 2% used [0x00000000c0000000,0x00000000c01573a0,0x00000000c4300000)
 Metaspace       used 14324K, committed 14464K, reserved 1114112K
  class space    used 1420K, committed 1472K, reserved 1048576K

Card table byte_map: [0x0000022dd72e0000,0x0000022dd74f0000] _byte_map_base: 0x0000022dd6ce0000

Marking Bits: (ParMarkBitMap*) 0x00007ffe5622d7d0
 Begin Bits: [0x0000022de95e0000, 0x0000022dea5e0000)
 End Bits:   [0x0000022dea5e0000, 0x0000022deb5e0000)

Polling page: 0x0000022dd5870000

Metaspace:

Usage:
  Non-class:     12.60 MB used.
      Class:      1.39 MB used.
       Both:     13.99 MB used.

Virtual space:
  Non-class space:       64.00 MB reserved,      12.69 MB ( 20%) committed,  1 nodes.
      Class space:        1.00 GB reserved,       1.44 MB ( <1%) committed,  1 nodes.
             Both:        1.06 GB reserved,      14.12 MB (  1%) committed. 

Chunk freelists:
   Non-Class:  3.11 MB
       Class:  14.46 MB
        Both:  17.57 MB

MaxMetaspaceSize: unlimited
CompressedClassSpaceSize: 1.00 GB
Initial GC threshold: 21.00 MB
Current GC threshold: 21.00 MB
CDS: off
MetaspaceReclaimPolicy: balanced
 - commit_granule_bytes: 65536.
 - commit_granule_words: 8192.
 - virtual_space_node_default_size: 8388608.
 - enlarge_chunks_in_place: 1.
 - new_chunks_are_fully_committed: 0.
 - uncommit_free_chunks: 1.
 - use_allocation_guard: 0.
 - handle_deallocations: 1.


Internal statistics:

num_allocs_failed_limit: 0.
num_arena_births: 62.
num_arena_deaths: 0.
num_vsnodes_births: 2.
num_vsnodes_deaths: 0.
num_space_committed: 227.
num_space_uncommitted: 0.
num_chunks_returned_to_freelist: 0.
num_chunks_taken_from_freelist: 247.
num_chunk_merges: 0.
num_chunk_splits: 161.
num_chunks_enlarged: 127.
num_inconsistent_stats: 0.

CodeHeap 'non-profiled nmethods': size=119168Kb used=699Kb max_used=699Kb free=118468Kb
 bounds [0x0000022de2180000, 0x0000022de23f0000, 0x0000022de95e0000]
CodeHeap 'profiled nmethods': size=119104Kb used=3138Kb max_used=3138Kb free=115965Kb
 bounds [0x0000022dda5e0000, 0x0000022dda900000, 0x0000022de1a30000]
CodeHeap 'non-nmethods': size=7488Kb used=2850Kb max_used=2883Kb free=4637Kb
 bounds [0x0000022de1a30000, 0x0000022de1d10000, 0x0000022de2180000]
 total_blobs=2118 nmethods=1664 adapters=365
 compilation: enabled
              stopped_count=0, restarted_count=0
 full_count=0

Compilation events (20 events):
Event: 0.839 Thread 0x0000022df0b61280 nmethod 1644 0x0000022dda8e8e90 code [0x0000022dda8e9060, 0x0000022dda8e9338]
Event: 0.841 Thread 0x0000022df0baf5b0 nmethod 1609 0x0000022de222a990 code [0x0000022de222ac20, 0x0000022de222c520]
Event: 0.842 Thread 0x0000022df0b61280 1645   !   3       java.util.zip.ZipFile$CleanableResource::getInflater (47 bytes)
Event: 0.842 Thread 0x0000022df09a01f0 1646   !   3       java.util.zip.ZipFile$CleanableResource::releaseInflater (53 bytes)
Event: 0.842 Thread 0x0000022df0b61280 nmethod 1645 0x0000022dda8e9490 code [0x0000022dda8e9660, 0x0000022dda8e9b38]
Event: 0.842 Thread 0x0000022df09a01f0 nmethod 1646 0x0000022dda8e9d10 code [0x0000022dda8e9ee0, 0x0000022dda8ea2e8]
Event: 0.843 Thread 0x0000022dd79b69b0 1647       3       java.lang.ClassLoader::definePackage (85 bytes)
Event: 0.845 Thread 0x0000022dd79b69b0 nmethod 1647 0x0000022dda8ea510 code [0x0000022dda8ea7e0, 0x0000022dda8eb698]
Event: 0.845 Thread 0x0000022df3237800 1648       4       java.lang.StringLatin1::indexOf (121 bytes)
Event: 0.846 Thread 0x0000022df2a5e270 1649       3       jdk.internal.reflect.ReflectionFactory::inflationThreshold (4 bytes)
Event: 0.846 Thread 0x0000022df2a5e270 nmethod 1649 0x0000022dda8ebb90 code [0x0000022dda8ebd20, 0x0000022dda8ebe18]
Event: 0.847 Thread 0x0000022df3237800 nmethod 1648 0x0000022de222d690 code [0x0000022de222d820, 0x0000022de222dad8]
Event: 0.850 Thread 0x0000022df0b61280 1654       3       java.lang.invoke.MethodType::erase (8 bytes)
Event: 0.850 Thread 0x0000022dd79b69b0 1655       3       java.lang.invoke.MethodHandle::<init> (37 bytes)
Event: 0.850 Thread 0x0000022df2a5e270 1656       3       java.lang.invoke.LambdaForm::prepare (112 bytes)
Event: 0.851 Thread 0x0000022df0b61280 nmethod 1654 0x0000022dda8ebe90 code [0x0000022dda8ec020, 0x0000022dda8ec158]
Event: 0.851 Thread 0x0000022df09a01f0 1658       3       java.lang.invoke.MemberName::getInvocationType (56 bytes)
Event: 0.851 Thread 0x0000022dd79b69b0 nmethod 1655 0x0000022dda8ec210 code [0x0000022dda8ec400, 0x0000022dda8ec8d8]
Event: 0.851 Thread 0x0000022df2a5e270 nmethod 1656 0x0000022dda8ecb10 code [0x0000022dda8ecd40, 0x0000022dda8ed4f8]
Event: 0.851 Thread 0x0000022df09a01f0 nmethod 1658 0x0000022dda8ed810 code [0x0000022dda8eda40, 0x0000022dda8ee308]

GC Heap History (2 events):
Event: 0.492 GC heap before
{Heap before GC invocations=1 (full 0):
 PSYoungGen      total 29696K, used 25600K [0x00000000eab00000, 0x00000000ecc00000, 0x0000000100000000)
  eden space 25600K, 100% used [0x00000000eab00000,0x00000000ec400000,0x00000000ec400000)
  from space 4096K, 0% used [0x00000000ec800000,0x00000000ec800000,0x00000000ecc00000)
  to   space 4096K, 0% used [0x00000000ec400000,0x00000000ec400000,0x00000000ec800000)
 ParOldGen       total 68608K, used 0K [0x00000000c0000000, 0x00000000c4300000, 0x00000000eab00000)
  object space 68608K, 0% used [0x00000000c0000000,0x00000000c0000000,0x00000000c4300000)
 Metaspace       used 10629K, committed 10816K, reserved 1114112K
  class space    used 1059K, committed 1152K, reserved 1048576K
}
Event: 0.496 GC heap after
{Heap after GC invocations=1 (full 0):
 PSYoungGen      total 29696K, used 3108K [0x00000000eab00000, 0x00000000ecc00000, 0x0000000100000000)
  eden space 25600K, 0% used [0x00000000eab00000,0x00000000eab00000,0x00000000ec400000)
  from space 4096K, 75% used [0x00000000ec400000,0x00000000ec709288,0x00000000ec800000)
  to   space 4096K, 0% used [0x00000000ec800000,0x00000000ec800000,0x00000000ecc00000)
 ParOldGen       total 68608K, used 16K [0x00000000c0000000, 0x00000000c4300000, 0x00000000eab00000)
  object space 68608K, 0% used [0x00000000c0000000,0x00000000c0004000,0x00000000c4300000)
 Metaspace       used 10629K, committed 10816K, reserved 1114112K
  class space    used 1059K, committed 1152K, reserved 1048576K
}

Dll operation events (9 events):
Event: 0.005 Loaded shared library c:\Users\devan\.vscode\extensions\redhat.java-1.30.0-win32-x64\jre\17.0.10-win32-x86_64\bin\java.dll
Event: 0.095 Loaded shared library c:\Users\devan\.vscode\extensions\redhat.java-1.30.0-win32-x64\jre\17.0.10-win32-x86_64\bin\zip.dll
Event: 0.097 Loaded shared library C:\Users\devan\.vscode\extensions\redhat.java-1.30.0-win32-x64\jre\17.0.10-win32-x86_64\bin\instrument.dll
Event: 0.105 Loaded shared library C:\Users\devan\.vscode\extensions\redhat.java-1.30.0-win32-x64\jre\17.0.10-win32-x86_64\bin\net.dll
Event: 0.107 Loaded shared library C:\Users\devan\.vscode\extensions\redhat.java-1.30.0-win32-x64\jre\17.0.10-win32-x86_64\bin\nio.dll
Event: 0.111 Loaded shared library C:\Users\devan\.vscode\extensions\redhat.java-1.30.0-win32-x64\jre\17.0.10-win32-x86_64\bin\zip.dll
Event: 0.122 Loaded shared library C:\Users\devan\.vscode\extensions\redhat.java-1.30.0-win32-x64\jre\17.0.10-win32-x86_64\bin\jimage.dll
Event: 0.163 Loaded shared library c:\Users\devan\.vscode\extensions\redhat.java-1.30.0-win32-x64\jre\17.0.10-win32-x86_64\bin\verify.dll
Event: 0.837 Loaded shared library C:\Users\devan\AppData\Roaming\Code\User\globalStorage\redhat.java\1.30.0\config_win\org.eclipse.equinox.launcher\org.eclipse.equinox.launcher.win32.win32.x86_64_1.2.900.v20240213-1244\eclipse_11900.dll

Deoptimization events (20 events):
Event: 0.634 Thread 0x0000022dd7952b50 DEOPT PACKING pc=0x0000022de21a9f1c sp=0x000000d7d85f7db0
Event: 0.634 Thread 0x0000022dd7952b50 DEOPT UNPACKING pc=0x0000022de1a866a3 sp=0x000000d7d85f7d60 mode 2
Event: 0.741 Thread 0x0000022dd7952b50 Uncommon trap: trap_request=0xffffffde fr.pc=0x0000022de21e8240 relative=0x0000000000000900
Event: 0.741 Thread 0x0000022dd7952b50 Uncommon trap: reason=class_check action=maybe_recompile pc=0x0000022de21e8240 method=java.util.HashMap.putVal(ILjava/lang/Object;Ljava/lang/Object;ZZ)Ljava/lang/Object; @ 253 c2
Event: 0.741 Thread 0x0000022dd7952b50 DEOPT PACKING pc=0x0000022de21e8240 sp=0x000000d7d85fdbe0
Event: 0.741 Thread 0x0000022dd7952b50 DEOPT UNPACKING pc=0x0000022de1a866a3 sp=0x000000d7d85fdb60 mode 2
Event: 0.742 Thread 0x0000022dd7952b50 Uncommon trap: trap_request=0xffffffde fr.pc=0x0000022de21e8240 relative=0x0000000000000900
Event: 0.742 Thread 0x0000022dd7952b50 Uncommon trap: reason=class_check action=maybe_recompile pc=0x0000022de21e8240 method=java.util.HashMap.putVal(ILjava/lang/Object;Ljava/lang/Object;ZZ)Ljava/lang/Object; @ 253 c2
Event: 0.742 Thread 0x0000022dd7952b50 DEOPT PACKING pc=0x0000022de21e8240 sp=0x000000d7d85fdbe0
Event: 0.742 Thread 0x0000022dd7952b50 DEOPT UNPACKING pc=0x0000022de1a866a3 sp=0x000000d7d85fdb60 mode 2
Event: 0.761 Thread 0x0000022dd7952b50 DEOPT PACKING pc=0x0000022dda70dc61 sp=0x000000d7d85fc590
Event: 0.761 Thread 0x0000022dd7952b50 DEOPT UNPACKING pc=0x0000022de1a86e43 sp=0x000000d7d85fba18 mode 0
Event: 0.809 Thread 0x0000022dd7952b50 DEOPT PACKING pc=0x0000022dda6dc143 sp=0x000000d7d85fe1f0
Event: 0.809 Thread 0x0000022dd7952b50 DEOPT UNPACKING pc=0x0000022de1a86e43 sp=0x000000d7d85fd710 mode 0
Event: 0.817 Thread 0x0000022dd7952b50 DEOPT PACKING pc=0x0000022dda6dc143 sp=0x000000d7d85fe200
Event: 0.817 Thread 0x0000022dd7952b50 DEOPT UNPACKING pc=0x0000022de1a86e43 sp=0x000000d7d85fd720 mode 0
Event: 0.844 Thread 0x0000022df3364240 Uncommon trap: trap_request=0xffffff6e fr.pc=0x0000022de21e248c relative=0x000000000000036c
Event: 0.844 Thread 0x0000022df3364240 Uncommon trap: reason=loop_limit_check action=maybe_recompile pc=0x0000022de21e248c method=java.lang.StringLatin1.indexOf([BI[BII)I @ 37 c2
Event: 0.844 Thread 0x0000022df3364240 DEOPT PACKING pc=0x0000022de21e248c sp=0x000000d7da3fd210
Event: 0.844 Thread 0x0000022df3364240 DEOPT UNPACKING pc=0x0000022de1a866a3 sp=0x000000d7da3fd170 mode 2

Classes unloaded (0 events):
No events

Classes redefined (0 events):
No events

Internal exceptions (20 events):
Event: 0.340 Thread 0x0000022dd7952b50 Exception <a 'java/io/FileNotFoundException'{0x00000000eba00420}> (0x00000000eba00420) 
thrown [s\src\hotspot\share\prims\jni.cpp, line 516]
Event: 0.343 Thread 0x0000022dd7952b50 Implicit null exception at 0x0000022de21a3bf2 to 0x0000022de21a4110
Event: 0.345 Thread 0x0000022dd7952b50 Exception <a 'java/io/FileNotFoundException'{0x00000000eba3acf0}> (0x00000000eba3acf0) 
thrown [s\src\hotspot\share\prims\jni.cpp, line 516]
Event: 0.456 Thread 0x0000022dd7952b50 Exception <a 'java/lang/ClassNotFoundException'{0x00000000ec244c28}: sun/net/www/protocol/c/Handler> (0x00000000ec244c28) 
thrown [s\src\hotspot\share\classfile\systemDictionary.cpp, line 256]
Event: 0.456 Thread 0x0000022dd7952b50 Exception <a 'java/lang/ClassNotFoundException'{0x00000000ec245f40}: sun/net/www/protocol/c/Handler> (0x00000000ec245f40) 
thrown [s\src\hotspot\share\classfile\systemDictionary.cpp, line 256]
Event: 0.456 Thread 0x0000022dd7952b50 Exception <a 'java/lang/ClassNotFoundException'{0x00000000ec247070}: sun/net/www/protocol/c/Handler> (0x00000000ec247070) 
thrown [s\src\hotspot\share\classfile\systemDictionary.cpp, line 256]
Event: 0.462 Thread 0x0000022dd7952b50 Exception <a 'java/io/FileNotFoundException'{0x00000000ec26f018}> (0x00000000ec26f018) 
thrown [s\src\hotspot\share\prims\jni.cpp, line 516]
Event: 0.483 Thread 0x0000022dd7952b50 Implicit null exception at 0x0000022de21d86fb to 0x0000022de21d90f8
Event: 0.483 Thread 0x0000022dd7952b50 Implicit null exception at 0x0000022de21d05ec to 0x0000022de21d07c8
Event: 0.484 Thread 0x0000022dd7952b50 Implicit null exception at 0x0000022de21cff6c to 0x0000022de21d0150
Event: 0.484 Thread 0x0000022dd7952b50 Implicit null exception at 0x0000022de218da0f to 0x0000022de218da85
Event: 0.517 Thread 0x0000022dd7952b50 Exception <a 'java/lang/NoSuchMethodError'{0x00000000eacc4660}: 'int java.lang.invoke.DirectMethodHandle$Holder.invokeStaticInit(java.lang.Object, java.lang.Object, java.lang.Object, java.lang.Object)'> (0x00000000eacc4660) 
thrown [s\src\hotspot\share\interpreter\linkResolver.cpp, line 759]
Event: 0.518 Thread 0x0000022dd7952b50 Exception <a 'java/lang/NoSuchMethodError'{0x00000000eaccedd8}: 'java.lang.Object java.lang.invoke.DirectMethodHandle$Holder.invokeInterface(java.lang.Object, java.lang.Object)'> (0x00000000eaccedd8) 
thrown [s\src\hotspot\share\interpreter\linkResolver.cpp, line 759]
Event: 0.518 Thread 0x0000022dd7952b50 Exception <a 'java/lang/IncompatibleClassChangeError'{0x00000000eacd25d0}: Found class java.lang.Object, but interface was expected> (0x00000000eacd25d0) 
thrown [s\src\hotspot\share\interpreter\linkResolver.cpp, line 826]
Event: 0.519 Thread 0x0000022dd7952b50 Exception <a 'java/lang/NoSuchMethodError'{0x00000000eacd6ac0}: 'void java.lang.invoke.DirectMethodHandle$Holder.invokeStatic(java.lang.Object, java.lang.Object)'> (0x00000000eacd6ac0) 
thrown [s\src\hotspot\share\interpreter\linkResolver.cpp, line 759]
Event: 0.519 Thread 0x0000022dd7952b50 Exception <a 'java/lang/NoSuchMethodError'{0x00000000eacda2c0}: 'void java.lang.invoke.DirectMethodHandle$Holder.invokeStaticInit(java.lang.Object, java.lang.Object)'> (0x00000000eacda2c0) 
thrown [s\src\hotspot\share\interpreter\linkResolver.cpp, line 759]
Event: 0.520 Thread 0x0000022dd7952b50 Exception <a 'java/lang/NoSuchMethodError'{0x00000000eace1810}: 'int java.lang.invoke.DirectMethodHandle$Holder.invokeStaticInit(java.lang.Object, java.lang.Object)'> (0x00000000eace1810) 
thrown [s\src\hotspot\share\interpreter\linkResolver.cpp, line 759]
Event: 0.542 Thread 0x0000022dd7952b50 Exception <a 'java/lang/NoSuchMethodError'{0x00000000eae2cd30}: 'void java.lang.invoke.DirectMethodHandle$Holder.invokeSpecial(java.lang.Object, java.lang.Object, java.lang.Object)'> (0x00000000eae2cd30) 
thrown [s\src\hotspot\share\interpreter\linkResolver.cpp, line 759]
Event: 0.729 Thread 0x0000022dd7952b50 Exception <a 'java/lang/NoSuchMethodError'{0x00000000ebc70f20}: 'java.lang.Object java.lang.invoke.DirectMethodHandle$Holder.newInvokeSpecial(java.lang.Object, int, java.lang.Object)'> (0x00000000ebc70f20) 
thrown [s\src\hotspot\share\interpreter\linkResolver.cpp, line 759]
Event: 0.835 Thread 0x0000022dd7952b50 Exception <a 'java/lang/UnsatisfiedLinkError'{0x00000000ec24ef60}: 'void org.eclipse.equinox.launcher.JNIBridge._update_splash()'> (0x00000000ec24ef60) 
thrown [s\src\hotspot\share\prims\nativeLookup.cpp, line 543]

VM Operations (20 events):
Event: 0.133 Executing VM operation: HandshakeAllThreads
Event: 0.133 Executing VM operation: HandshakeAllThreads done
Event: 0.322 Executing VM operation: HandshakeAllThreads
Event: 0.322 Executing VM operation: HandshakeAllThreads done
Event: 0.333 Executing VM operation: HandshakeAllThreads
Event: 0.333 Executing VM operation: HandshakeAllThreads done
Event: 0.437 Executing VM operation: ICBufferFull
Event: 0.437 Executing VM operation: ICBufferFull done
Event: 0.491 Executing VM operation: ParallelGCFailedAllocation
Event: 0.496 Executing VM operation: ParallelGCFailedAllocation done
Event: 0.714 Executing VM operation: HandshakeAllThreads
Event: 0.714 Executing VM operation: HandshakeAllThreads done
Event: 0.714 Executing VM operation: HandshakeAllThreads
Event: 0.714 Executing VM operation: HandshakeAllThreads done
Event: 0.718 Executing VM operation: HandshakeAllThreads
Event: 0.718 Executing VM operation: HandshakeAllThreads done
Event: 0.725 Executing VM operation: HandshakeAllThreads
Event: 0.725 Executing VM operation: HandshakeAllThreads done
Event: 0.837 Executing VM operation: ICBufferFull
Event: 0.837 Executing VM operation: ICBufferFull done

Events (20 events):
Event: 0.849 loading class java/util/logging/LogManager$Cleaner
Event: 0.849 loading class java/util/logging/LogManager$Cleaner done
Event: 0.849 loading class java/util/logging/LoggingPermission
Event: 0.849 loading class java/util/logging/LoggingPermission done
Event: 0.849 loading class java/util/logging/LogManager$LoggingProviderAccess
Event: 0.849 loading class java/util/logging/LogManager$LoggingProviderAccess done
Event: 0.849 loading class java/util/logging/LogManager$2
Event: 0.849 loading class java/util/logging/LogManager$2 done
Event: 0.849 loading class java/util/logging/LogManager$RootLogger
Event: 0.849 loading class java/util/logging/LogManager$RootLogger done
Event: 0.849 loading class java/util/logging/LogManager$LoggerWeakRef
Event: 0.849 loading class java/util/logging/LogManager$LoggerWeakRef done
Event: 0.850 loading class java/lang/invoke/MethodHandleImpl$AsVarargsCollector
Event: 0.850 loading class java/lang/invoke/MethodHandleImpl$AsVarargsCollector done
Event: 0.850 loading class java/lang/invoke/BoundMethodHandle$Species_LL
Event: 0.850 loading class java/lang/invoke/BoundMethodHandle$Species_LL done
Event: 0.851 loading class java/util/logging/LogManager$VisitedLoggers
Event: 0.851 loading class java/util/logging/LogManager$VisitedLoggers done
Event: 0.851 loading class java/util/logging/LogManager$LoggerContext$1
Event: 0.851 loading class java/util/logging/LogManager$LoggerContext$1 done


Dynamic libraries:
0x00007ff794780000 - 0x00007ff79478e000 	c:\Users\devan\.vscode\extensions\redhat.java-1.30.0-win32-x64\jre\17.0.10-win32-x86_64\bin\java.exe
0x00007ffed8930000 - 0x00007ffed8b47000 	C:\WINDOWS\SYSTEM32\ntdll.dll
0x00007ffed7c10000 - 0x00007ffed7cd4000 	C:\WINDOWS\System32\KERNEL32.DLL
0x00007ffed6010000 - 0x00007ffed63b6000 	C:\WINDOWS\System32\KERNELBASE.dll
0x00007ffed5ca0000 - 0x00007ffed5db1000 	C:\WINDOWS\System32\ucrtbase.dll
0x00007ffea2560000 - 0x00007ffea2577000 	c:\Users\devan\.vscode\extensions\redhat.java-1.30.0-win32-x64\jre\17.0.10-win32-x86_64\bin\jli.dll
0x00007ffea1ee0000 - 0x00007ffea1efb000 	c:\Users\devan\.vscode\extensions\redhat.java-1.30.0-win32-x64\jre\17.0.10-win32-x86_64\bin\VCRUNTIME140.dll
0x00007ffed7e50000 - 0x00007ffed7ffe000 	C:\WINDOWS\System32\USER32.dll
0x00007ffecf000000 - 0x00007ffecf293000 	C:\WINDOWS\WinSxS\amd64_microsoft.windows.common-controls_6595b64144ccf1df_6.0.22621.2506_none_270c5ae97388e100\COMCTL32.dll
0x00007ffed64e0000 - 0x00007ffed6506000 	C:\WINDOWS\System32\win32u.dll
0x00007ffed7e20000 - 0x00007ffed7e49000 	C:\WINDOWS\System32\GDI32.dll
0x00007ffed7cf0000 - 0x00007ffed7d97000 	C:\WINDOWS\System32\msvcrt.dll
0x00007ffed63c0000 - 0x00007ffed64d8000 	C:\WINDOWS\System32\gdi32full.dll
0x00007ffed5e40000 - 0x00007ffed5eda000 	C:\WINDOWS\System32\msvcp_win.dll
0x00007ffed6760000 - 0x00007ffed6791000 	C:\WINDOWS\System32\IMM32.DLL
0x00007ffeca880000 - 0x00007ffeca88c000 	c:\Users\devan\.vscode\extensions\redhat.java-1.30.0-win32-x64\jre\17.0.10-win32-x86_64\bin\vcruntime140_1.dll
0x00007ffe7c680000 - 0x00007ffe7c70d000 	c:\Users\devan\.vscode\extensions\redhat.java-1.30.0-win32-x64\jre\17.0.10-win32-x86_64\bin\msvcp140.dll
0x00007ffe55690000 - 0x00007ffe562f2000 	c:\Users\devan\.vscode\extensions\redhat.java-1.30.0-win32-x64\jre\17.0.10-win32-x86_64\bin\server\jvm.dll
0x00007ffed8830000 - 0x00007ffed88e3000 	C:\WINDOWS\System32\ADVAPI32.dll
0x00007ffed6da0000 - 0x00007ffed6e48000 	C:\WINDOWS\System32\sechost.dll
0x00007ffed5c70000 - 0x00007ffed5c98000 	C:\WINDOWS\System32\bcrypt.dll
0x00007ffed6c80000 - 0x00007ffed6d97000 	C:\WINDOWS\System32\RPCRT4.dll
0x00007ffeb9ed0000 - 0x00007ffeb9ed9000 	C:\WINDOWS\SYSTEM32\WSOCK32.dll
0x00007ffecea80000 - 0x00007ffeceab4000 	C:\WINDOWS\SYSTEM32\WINMM.dll
0x00007ffed7da0000 - 0x00007ffed7e11000 	C:\WINDOWS\System32\WS2_32.dll
0x00007ffecda20000 - 0x00007ffecda2a000 	C:\WINDOWS\SYSTEM32\VERSION.dll
0x00007ffed58c0000 - 0x00007ffed590d000 	C:\WINDOWS\SYSTEM32\POWRPROF.dll
0x00007ffed58a0000 - 0x00007ffed58b3000 	C:\WINDOWS\SYSTEM32\UMPDC.dll
0x00007ffed4c80000 - 0x00007ffed4c98000 	C:\WINDOWS\SYSTEM32\kernel.appcore.dll
0x00007ffec4050000 - 0x00007ffec405a000 	c:\Users\devan\.vscode\extensions\redhat.java-1.30.0-win32-x64\jre\17.0.10-win32-x86_64\bin\jimage.dll
0x00007ffecc460000 - 0x00007ffecc693000 	C:\WINDOWS\SYSTEM32\DBGHELP.DLL
0x00007ffed67a0000 - 0x00007ffed6b29000 	C:\WINDOWS\System32\combase.dll
0x00007ffed6680000 - 0x00007ffed6757000 	C:\WINDOWS\System32\OLEAUT32.dll
0x00007ffecc150000 - 0x00007ffecc182000 	C:\WINDOWS\SYSTEM32\dbgcore.DLL
0x00007ffed5dc0000 - 0x00007ffed5e3a000 	C:\WINDOWS\System32\bcryptPrimitives.dll
0x00007ffec3120000 - 0x00007ffec312e000 	c:\Users\devan\.vscode\extensions\redhat.java-1.30.0-win32-x64\jre\17.0.10-win32-x86_64\bin\instrument.dll
0x00007ffe93530000 - 0x00007ffe93555000 	c:\Users\devan\.vscode\extensions\redhat.java-1.30.0-win32-x64\jre\17.0.10-win32-x86_64\bin\java.dll
0x00007ffed0f80000 - 0x00007ffed0f98000 	c:\Users\devan\.vscode\extensions\redhat.java-1.30.0-win32-x64\jre\17.0.10-win32-x86_64\bin\zip.dll
0x00007ffed6ee0000 - 0x00007ffed773a000 	C:\WINDOWS\System32\SHELL32.dll
0x00007ffed3b70000 - 0x00007ffed4466000 	C:\WINDOWS\SYSTEM32\windows.storage.dll
0x00007ffed3a30000 - 0x00007ffed3b6e000 	C:\WINDOWS\SYSTEM32\wintypes.dll
0x00007ffed8000000 - 0x00007ffed80f3000 	C:\WINDOWS\System32\SHCORE.dll
0x00007ffed6b30000 - 0x00007ffed6b8e000 	C:\WINDOWS\System32\shlwapi.dll
0x00007ffed5ba0000 - 0x00007ffed5bc6000 	C:\WINDOWS\SYSTEM32\profapi.dll
0x00007ffed0e60000 - 0x00007ffed0e79000 	C:\Users\devan\.vscode\extensions\redhat.java-1.30.0-win32-x64\jre\17.0.10-win32-x86_64\bin\net.dll
0x00007ffed0700000 - 0x00007ffed0837000 	C:\WINDOWS\SYSTEM32\WINHTTP.dll
0x00007ffed5120000 - 0x00007ffed5189000 	C:\WINDOWS\system32\mswsock.dll
0x00007ffecc3b0000 - 0x00007ffecc3c6000 	C:\Users\devan\.vscode\extensions\redhat.java-1.30.0-win32-x64\jre\17.0.10-win32-x86_64\bin\nio.dll
0x00007ffed2870000 - 0x00007ffed2880000 	c:\Users\devan\.vscode\extensions\redhat.java-1.30.0-win32-x64\jre\17.0.10-win32-x86_64\bin\verify.dll
0x00007ffec2ea0000 - 0x00007ffec2ede000 	C:\Users\devan\AppData\Roaming\Code\User\globalStorage\redhat.java\1.30.0\config_win\org.eclipse.equinox.launcher\org.eclipse.equinox.launcher.win32.win32.x86_64_1.2.900.v20240213-1244\eclipse_11900.dll
0x00007ffed7920000 - 0x00007ffed7ac0000 	C:\WINDOWS\System32\ole32.dll

dbghelp: loaded successfully - version: 4.0.5 - missing functions: none
symbol engine: initialized successfully - sym options: 0x614 - pdb path: .;c:\Users\devan\.vscode\extensions\redhat.java-1.30.0-win32-x64\jre\17.0.10-win32-x86_64\bin;C:\WINDOWS\SYSTEM32;C:\WINDOWS\WinSxS\amd64_microsoft.windows.common-controls_6595b64144ccf1df_6.0.22621.2506_none_270c5ae97388e100;c:\Users\devan\.vscode\extensions\redhat.java-1.30.0-win32-x64\jre\17.0.10-win32-x86_64\bin\server;C:\Users\devan\AppData\Roaming\Code\User\globalStorage\redhat.java\1.30.0\config_win\org.eclipse.equinox.launcher\org.eclipse.equinox.launcher.win32.win32.x86_64_1.2.900.v20240213-1244

VM Arguments:
jvm_args: --add-modules=ALL-SYSTEM --add-opens=java.base/java.util=ALL-UNNAMED --add-opens=java.base/java.lang=ALL-UNNAMED --add-opens=java.base/sun.nio.fs=ALL-UNNAMED -Declipse.application=org.eclipse.jdt.ls.core.id1 -Dosgi.bundles.defaultStartLevel=4 -Declipse.product=org.eclipse.jdt.ls.core.product -Djava.import.generatesMetadataFilesAtProjectRoot=false -DDetectVMInstallationsJob.disabled=true -Dfile.encoding=utf8 -XX:+UseParallelGC -XX:GCTimeRatio=4 -XX:AdaptiveSizePolicyWeight=90 -Dsun.zip.disableMemoryMapping=true -Xmx1G -Xms100m -Xlog:disable -javaagent:c:\Users\devan\.vscode\extensions\redhat.java-1.30.0-win32-x64\lombok\lombok-1.18.32.jar -XX:+HeapDumpOnOutOfMemoryError -XX:HeapDumpPath=c:\Users\devan\AppData\Roaming\Code\User\workspaceStorage\4d92966fc4af52e91468190edff9a261\redhat.java -Daether.dependencyCollector.impl=bf 
java_command: c:\Users\devan\.vscode\extensions\redhat.java-1.30.0-win32-x64\server\plugins\org.eclipse.equinox.launcher_1.6.800.v20240330-1250.jar -configuration c:\Users\devan\AppData\Roaming\Code\User\globalStorage\redhat.java\1.30.0\config_win -data c:\Users\devan\AppData\Roaming\Code\User\workspaceStorage\4d92966fc4af52e91468190edff9a261\redhat.java\jdt_ws --pipe=\\.\pipe\lsp-414d7f98609e4ed066107a5e3a15b3d2-sock
java_class_path (initial): c:\Users\devan\.vscode\extensions\redhat.java-1.30.0-win32-x64\server\plugins\org.eclipse.equinox.launcher_1.6.800.v20240330-1250.jar
Launcher Type: SUN_STANDARD

[Global flags]
    uintx AdaptiveSizePolicyWeight                 = 90                                        {product} {command line}
     intx CICompilerCount                          = 12                                        {product} {ergonomic}
    uintx GCTimeRatio                              = 4                                         {product} {command line}
     bool HeapDumpOnOutOfMemoryError               = true                                   {manageable} {command line}
    ccstr HeapDumpPath                             = c:\Users\devan\AppData\Roaming\Code\User\workspaceStorage\4d92966fc4af52e91468190edff9a261\redhat.java         {manageable} {command line}
   size_t InitialHeapSize                          = 104857600                                 {product} {command line}
   size_t MaxHeapSize                              = 1073741824                                {product} {command line}
   size_t MaxNewSize                               = 357564416                                 {product} {ergonomic}
   size_t MinHeapDeltaBytes                        = 524288                                    {product} {ergonomic}
   size_t MinHeapSize                              = 104857600                                 {product} {command line}
   size_t NewSize                                  = 34603008                                  {product} {ergonomic}
    uintx NonNMethodCodeHeapSize                   = 7602480                                {pd product} {ergonomic}
    uintx NonProfiledCodeHeapSize                  = 122027880                              {pd product} {ergonomic}
   size_t OldSize                                  = 70254592                                  {product} {ergonomic}
    uintx ProfiledCodeHeapSize                     = 122027880                              {pd product} {ergonomic}
    uintx ReservedCodeCacheSize                    = 251658240                              {pd product} {ergonomic}
     bool SegmentedCodeCache                       = true                                      {product} {ergonomic}
   size_t SoftMaxHeapSize                          = 1073741824                             {manageable} {ergonomic}
     bool UseCompressedClassPointers               = true                           {product lp64_product} {ergonomic}
     bool UseCompressedOops                        = true                           {product lp64_product} {ergonomic}
     bool UseLargePagesIndividualAllocation        = false                                  {pd product} {ergonomic}
     bool UseParallelGC                            = true                                      {product} {command line}

Logging:
Log output configuration:
 #0: stdout all=off uptime,level,tags
 #1: stderr all=off uptime,level,tags

Environment Variables:
JAVA_HOME=C:\Program Files\Microsoft\jdk-17.0.10.7-hotspot\
PATH=C:\Users\devan\AppData\Roaming\.dotnet;C:\Program Files\Microsoft\jdk-17.0.10.7-hotspot\bin;C:\Program Files\NVIDIA GPU Computing Toolkit\CUDA\v8.0\bin;C:\Program Files\NVIDIA GPU Computing Toolkit\CUDA\v8.0\libnvvp;C:\Program Files (x86)\Qualcomm\QDART\\bin;C:\Program Files (x86)\Common Files\Oracle\Java\javapath;C:\Program Files\Common Files\Oracle\Java\javapath;C:\Windows\system32;C:\Windows;C:\Windows\System32\Wbem;C:\Windows\System32\WindowsPowerShell\v1.0\;C:\Windows\System32\OpenSSH\;C:\Program Files (x86)\NVIDIA Corporation\PhysX\Common;C:\Program Files\NVIDIA Corporation\NVIDIA NvDLISR;C:\WINDOWS\system32;C:\WINDOWS;C:\WINDOWS\System32\Wbem;C:\WINDOWS\System32\WindowsPowerShell\v1.0\;C:\WINDOWS\System32\OpenSSH\;C:\Users\devan\AppData\Local\Microsoft\WindowsApps;C:\Users\devan\AppData\Local\Programs\Microsoft VS Code\bin;C:\adb;C:\Program Files\dotnet\;C:\Program Files\Java\jdk-17.0.1\bin;C:\Program Files\PuTTY\;C:\Xilinx\Vivado\2021.1\bin;C:\mingw32\bin;C:\Program Files\NVIDIA Corporation\Nsight Compute 2023.3.1\;C:\WINDOWS\system32;C:\WINDOWS;C:\WINDOWS\System32\Wbem;C:\WINDOWS\System32\WindowsPowerShell\v1.0\;C:\WINDOWS\System32\OpenSSH\;C:\Program Files\nodejs\;C:\ProgramData\chocolatey\bin;C:\Program Files\Docker\Docker\resources\bin;C:\Program Files\Microsoft SQL Server\150\Tools\Binn\;C:\Program Files\Microsoft SQL Server\Client SDK\ODBC\170\Tools\Binn\;C:\Program Files (x86)\Microsoft SQL Server\160\DTS\Binn\;C:\Program Files (x86)\Microsoft SQL Server\160\Tools\Binn\;C:\Program Files\Microsoft SQL Server\160\Tools\Binn\;C:\Program Files\Microsoft SQL Server\160\DTS\Binn\;C:\Program Files\Git\cmd;C:\Users\devan\AppData\Roaming\.dotnet;C:\Users\devan\AppData\Local\Android\Sdk\platform-tools;C:\Users\devan\AppData\Local\Android\Sdk\tools;C:\Program Files\MySQL\MySQL Shell 8.0\bin\;C:\Users\devan\AppData\Local\Programs\Python\Python310\Scripts\;C:\Users\devan\AppData\Local\Programs\Python\Python310\;%USERPROFILE%\AppData\Local\Microsoft\WindowsApps;C
USERNAME=devang
OS=Windows_NT
PROCESSOR_IDENTIFIER=AMD64 Family 23 Model 96 Stepping 1, AuthenticAMD
TMP=C:\Users\devan\AppData\Local\Temp
TEMP=C:\Users\devan\AppData\Local\Temp



Periodic native trim disabled


---------------  S Y S T E M  ---------------

OS:
 Windows 11 , 64 bit Build 22621 (10.0.22621.2506)
OS uptime: 0 days 3:15 hours
Hyper-V role detected

CPU: total 16 (initial active 16) (16 cores per cpu, 2 threads per core) family 23 model 96 stepping 1 microcode 0x0, cx8, cmov, fxsr, ht, mmx, 3dnowpref, sse, sse2, sse3, ssse3, sse4a, sse4.1, sse4.2, popcnt, lzcnt, tsc, tscinvbit, avx, avx2, aes, clmul, bmi1, bmi2, adx, sha, fma, vzeroupper, clflush, clflushopt, hv
Processor Information for all 16 processors :
  Max Mhz: 2901, Current Mhz: 2901, Mhz Limit: 2901

Memory: 4k page, system-wide physical 15790M (4215M free)
TotalPageFile size 15790M (AvailPageFile size 27M)
current process WorkingSet (physical memory assigned to process): 97M, peak: 97M
current process commit charge ("private bytes"): 229M, peak: 229M

vm_info: OpenJDK 64-Bit Server VM (17.0.10+7) for windows-amd64 JRE (17.0.10+7), built on Jan 16 2024 23:25:11 by "admin" with MS VC++ 16.10 / 16.11 (VS2019)

END.
