#
# There is insufficient memory for the Java Runtime Environment to continue.
# Native memory allocation (mmap) failed to map 65536 bytes for Failed to commit metaspace.
# Possible reasons:
#   The system is out of physical RAM or swap space
#   The process is running with CompressedOops enabled, and the Java Heap may be blocking the growth of the native heap
# Possible solutions:
#   Reduce memory load on the system
#   Increase physical memory or swap space
#   Check if swap backing store is full
#   Decrease Java heap size (-Xmx/-Xms)
#   Decrease number of Java threads
#   Decrease Java thread stack sizes (-Xss)
#   Set larger code cache with -XX:ReservedCodeCacheSize=
#   JVM is running with Unscaled Compressed Oops mode in which the Java heap is
#     placed in the first 4GB address space. The Java Heap base address is the
#     maximum limit for the native heap growth. Please use -XX:HeapBaseMinAddress
#     to set the Java Heap base and to place the Java Heap above 4GB virtual address.
# This output file may be truncated or incomplete.
#
#  Out of Memory Error (virtualSpaceNode.cpp:110), pid=16712, tid=7564
#
# JRE version: OpenJDK Runtime Environment Temurin-17.0.10+7 (17.0.10+7) (build 17.0.10+7)
# Java VM: OpenJDK 64-Bit Server VM Temurin-17.0.10+7 (17.0.10+7, mixed mode, tiered, compressed oops, compressed class ptrs, parallel gc, windows-amd64)
# No core dump will be written. Minidumps are not enabled by default on client versions of Windows
#

---------------  S U M M A R Y ------------

Command Line: --add-modules=ALL-SYSTEM --add-opens=java.base/java.util=ALL-UNNAMED --add-opens=java.base/java.lang=ALL-UNNAMED --add-opens=java.base/sun.nio.fs=ALL-UNNAMED -Declipse.application=org.eclipse.jdt.ls.core.id1 -Dosgi.bundles.defaultStartLevel=4 -Declipse.product=org.eclipse.jdt.ls.core.product -Djava.import.generatesMetadataFilesAtProjectRoot=false -DDetectVMInstallationsJob.disabled=true -Dfile.encoding=utf8 -XX:+UseParallelGC -XX:GCTimeRatio=4 -XX:AdaptiveSizePolicyWeight=90 -Dsun.zip.disableMemoryMapping=true -Xmx1G -Xms100m -Xlog:disable -javaagent:c:\Users\devan\.vscode\extensions\redhat.java-1.30.0-win32-x64\lombok\lombok-1.18.32.jar c:\Users\devan\.vscode\extensions\redhat.java-1.30.0-win32-x64\server\plugins\org.eclipse.equinox.launcher_1.6.800.v20240330-1250.jar -configuration c:\Users\devan\AppData\Roaming\Code\User\globalStorage\redhat.java\1.30.0\config_ss_win -data c:\Users\devan\AppData\Roaming\Code\User\workspaceStorage\4d92966fc4af52e91468190edff9a261\redhat.java\ss_ws --pipe=\\.\pipe\lsp-51ce37df7bb9fbcf1a8b7de8b08aa781-sock

Host: AMD Ryzen 7 4800H with Radeon Graphics         , 16 cores, 15G,  Windows 11 , 64 bit Build 22621 (10.0.22621.2506)
Time: Mon Apr 29 10:34:16 2024 India Standard Time elapsed time: 0.534253 seconds (0d 0h 0m 0s)

---------------  T H R E A D  ---------------

Current thread (0x0000027c688e1fb0):  JavaThread "main" [_thread_in_vm, id=7564, stack(0x000000c858000000,0x000000c858100000)]

Stack: [0x000000c858000000,0x000000c858100000]
Native frames: (J=compiled Java code, j=interpreted, Vv=VM code, C=native code)
V  [jvm.dll+0x67d2c9]
V  [jvm.dll+0x834afa]
V  [jvm.dll+0x8365be]
V  [jvm.dll+0x836c23]
V  [jvm.dll+0x2477ff]
V  [jvm.dll+0x8307bb]
V  [jvm.dll+0x621d16]
V  [jvm.dll+0x621d7a]
V  [jvm.dll+0x6245aa]
V  [jvm.dll+0x6226b6]
V  [jvm.dll+0x24516c]
V  [jvm.dll+0x6d413d]
V  [jvm.dll+0x6d4b7f]
V  [jvm.dll+0x373644]
V  [jvm.dll+0x3726c4]
V  [jvm.dll+0x372668]
V  [jvm.dll+0x562e0f]
V  [jvm.dll+0x562eb8]
V  [jvm.dll+0x38621b]
V  [jvm.dll+0x385cd2]
C  0x0000027c729d8695

The last pc belongs to getstatic (printed below).
Java frames: (J=compiled Java code, j=interpreted, Vv=VM code)
j  java.time.LocalDateTime.<clinit>()V+3 java.base@17.0.10
v  ~StubRoutines::call_stub
j  java.time.ZonedDateTime.of(IIIIIIILjava/time/ZoneId;)Ljava/time/ZonedDateTime;+10 java.base@17.0.10
j  sun.security.util.DisabledAlgorithmConstraints$DenyAfterConstraint.<init>(Ljava/lang/String;III)V+73 java.base@17.0.10
j  sun.security.util.DisabledAlgorithmConstraints$Constraints.<init>(Ljava/lang/String;Ljava/util/Set;)V+624 java.base@17.0.10
j  sun.security.util.DisabledAlgorithmConstraints.<init>(Ljava/lang/String;Lsun/security/util/AlgorithmDecomposer;)V+119 java.base@17.0.10
j  sun.security.util.DisabledAlgorithmConstraints.<init>(Ljava/lang/String;)V+9 java.base@17.0.10
j  sun.security.util.DisabledAlgorithmConstraints$JarHolder.<clinit>()V+6 java.base@17.0.10
v  ~StubRoutines::call_stub
j  sun.security.util.DisabledAlgorithmConstraints.jarConstraints()Lsun/security/util/DisabledAlgorithmConstraints;+0 java.base@17.0.10
j  sun.security.pkcs.SignerInfo.<clinit>()V+0 java.base@17.0.10
v  ~StubRoutines::call_stub
j  sun.security.pkcs.PKCS7.parseSignedData(Lsun/security/util/DerValue;)V+619 java.base@17.0.10
j  sun.security.pkcs.PKCS7.parse(Lsun/security/util/DerInputStream;Z)V+40 java.base@17.0.10
j  sun.security.pkcs.PKCS7.parse(Lsun/security/util/DerInputStream;)V+11 java.base@17.0.10
j  sun.security.pkcs.PKCS7.<init>([B)V+50 java.base@17.0.10
j  sun.security.util.SignatureFileVerifier.<init>(Ljava/util/ArrayList;Lsun/security/util/ManifestDigester;Ljava/lang/String;[B)V+40 java.base@17.0.10
j  java.util.jar.JarVerifier.processEntry(Lsun/security/util/ManifestEntryVerifier;)V+322 java.base@17.0.10
j  java.util.jar.JarVerifier.update(I[BIILsun/security/util/ManifestEntryVerifier;)V+39 java.base@17.0.10
j  java.util.jar.JarFile.initializeVerifier()V+163 java.base@17.0.10
j  java.util.jar.JarFile.ensureInitialization()V+41 java.base@17.0.10
j  java.util.jar.JavaUtilJarAccessImpl.ensureInitialization(Ljava/util/jar/JarFile;)V+1 java.base@17.0.10
j  jdk.internal.loader.URLClassPath$JarLoader$2.getManifest()Ljava/util/jar/Manifest;+10 java.base@17.0.10
j  jdk.internal.loader.BuiltinClassLoader.defineClass(Ljava/lang/String;Ljdk/internal/loader/Resource;)Ljava/lang/Class;+29 java.base@17.0.10
j  jdk.internal.loader.BuiltinClassLoader.findClassOnClassPathOrNull(Ljava/lang/String;)Ljava/lang/Class;+37 java.base@17.0.10
j  jdk.internal.loader.BuiltinClassLoader.loadClassOrNull(Ljava/lang/String;Z)Ljava/lang/Class;+111 java.base@17.0.10
j  jdk.internal.loader.BuiltinClassLoader.loadClass(Ljava/lang/String;Z)Ljava/lang/Class;+3 java.base@17.0.10
j  jdk.internal.loader.ClassLoaders$AppClassLoader.loadClass(Ljava/lang/String;Z)Ljava/lang/Class;+36 java.base@17.0.10
j  java.lang.ClassLoader.loadClass(Ljava/lang/String;)Ljava/lang/Class;+3 java.base@17.0.10
v  ~StubRoutines::call_stub
j  java.lang.Class.forName0(Ljava/lang/String;ZLjava/lang/ClassLoader;Ljava/lang/Class;)Ljava/lang/Class;+0 java.base@17.0.10
j  java.lang.Class.forName(Ljava/lang/String;ZLjava/lang/ClassLoader;)Ljava/lang/Class;+43 java.base@17.0.10
j  sun.launcher.LauncherHelper.loadMainClass(ILjava/lang/String;)Ljava/lang/Class;+95 java.base@17.0.10
j  sun.launcher.LauncherHelper.checkAndLoadMain(ZILjava/lang/String;)Ljava/lang/Class;+42 java.base@17.0.10
v  ~StubRoutines::call_stub
getstatic  178 getstatic  [0x0000027c729d85e0, 0x0000027c729d87e0]  512 bytes
[MachCode]
  0x0000027c729d85e0: 4883 ec08 | c5fa 1104 | 24eb 1f48 | 83ec 10c5 | fb11 0424 | eb14 4883 | ec10 4889 | 0424 48c7 
  0x0000027c729d8600: 4424 0800 | 0000 00eb | 0150 410f | b755 0148 | 8b4d d0c1 | e202 8b5c | d120 c1eb | 1081 e3ff 
  0x0000027c729d8620: 0000 0081 | fbb2 0000 | 000f 84b6 | 0000 00bb | b200 0000 | e805 0000 | 00e9 9b00 | 0000 488b 
  0x0000027c729d8640: d348 8d44 | 2408 4c89 | 6dc0 498b | cfc5 f877 | 4989 afa8 | 0200 0049 | 8987 9802 | 0000 4883 
  0x0000027c729d8660: ec20 f7c4 | 0f00 0000 | 0f84 1a00 | 0000 4883 | ec08 49ba | 705c dc1f | fb7f 0000 | 41ff d248 
  0x0000027c729d8680: 83c4 08e9 | 0d00 0000 | 49ba 705c | dc1f fb7f | 0000 41ff | d248 83c4 | 2049 c787 | 9802 0000 
  0x0000027c729d86a0: 0000 0000 | 49c7 87a8 | 0200 0000 | 0000 0049 | c787 a002 | 0000 0000 | 0000 c5f8 | 7749 817f 
  0x0000027c729d86c0: 0800 0000 | 000f 8405 | 0000 00e9 | 3088 feff | 4c8b 6dc0 | 4c8b 75c8 | c341 0fb7 | 5501 488b 
  0x0000027c729d86e0: 4dd0 c1e2 | 0248 8b5c | d130 8b44 | d138 4c8b | 4cd1 284d | 8b49 704d | 8b09 c1e8 | 1c83 e00f 
  0x0000027c729d8700: 0f85 0b00 | 0000 410f | be04 1950 | e9b1 0000 | 0083 f801 | 0f85 0b00 | 0000 410f | b604 1950 
  0x0000027c729d8720: e99d 0000 | 0083 f808 | 0f85 0a00 | 0000 418b | 0419 50e9 | 8a00 0000 | 83f8 040f | 850a 0000 
  0x0000027c729d8740: 0041 8b04 | 1950 e977 | 0000 0083 | f802 0f85 | 0b00 0000 | 410f b704 | 1950 e963 | 0000 0083 
  0x0000027c729d8760: f803 0f85 | 0b00 0000 | 410f bf04 | 1950 e94f | 0000 0083 | f805 0f85 | 1a00 0000 | 498b 0419 
  0x0000027c729d8780: 4883 ec10 | 4889 0424 | 48c7 4424 | 0800 0000 | 00e9 2c00 | 0000 83f8 | 060f 8514 | 0000 00c4 
  0x0000027c729d87a0: c17a 1004 | 1948 83ec | 08c5 fa11 | 0424 e90f | 0000 00c4 | c17b 1004 | 1948 83ec | 10c5 fb11 
  0x0000027c729d87c0: 0424 410f | b65d 0349 | 83c5 0349 | ba90 a95e | 20fb 7f00 | 0041 ff24 | da0f 1f80 | 0000 0000 
[/MachCode]

---------------  P R O C E S S  ---------------

Threads class SMR info:
_java_thread_list=0x0000027c0408d1f0, length=17, elements={
0x0000027c688e1fb0, 0x0000027c7c768020, 0x0000027c7c769eb0, 0x0000027c6898af80,
0x0000027c6898bab0, 0x0000027c6898cd30, 0x0000027c6898ea60, 0x0000027c7d8947f0,
0x0000027c7d89a7b0, 0x0000027c7d89b990, 0x0000027c7d9bf8c0, 0x0000027c68945b60,
0x0000027c68968a50, 0x0000027c68969380, 0x0000027c7da79850, 0x0000027c7db7c7e0,
0x0000027c04094ad0
}

Java Threads: ( => current thread )
=>0x0000027c688e1fb0 JavaThread "main" [_thread_in_vm, id=7564, stack(0x000000c858000000,0x000000c858100000)]
  0x0000027c7c768020 JavaThread "Reference Handler" daemon [_thread_blocked, id=21068, stack(0x000000c858300000,0x000000c858400000)]
  0x0000027c7c769eb0 JavaThread "Finalizer" daemon [_thread_blocked, id=7028, stack(0x000000c858400000,0x000000c858500000)]
  0x0000027c6898af80 JavaThread "Signal Dispatcher" daemon [_thread_blocked, id=1868, stack(0x000000c858500000,0x000000c858600000)]
  0x0000027c6898bab0 JavaThread "Attach Listener" daemon [_thread_blocked, id=18868, stack(0x000000c858600000,0x000000c858700000)]
  0x0000027c6898cd30 JavaThread "Service Thread" daemon [_thread_blocked, id=11464, stack(0x000000c858700000,0x000000c858800000)]
  0x0000027c6898ea60 JavaThread "Monitor Deflation Thread" daemon [_thread_blocked, id=19436, stack(0x000000c858800000,0x000000c858900000)]
  0x0000027c7d8947f0 JavaThread "C2 CompilerThread0" daemon [_thread_in_native, id=7916, stack(0x000000c858900000,0x000000c858a00000)]
  0x0000027c7d89a7b0 JavaThread "C1 CompilerThread0" daemon [_thread_blocked, id=16788, stack(0x000000c858a00000,0x000000c858b00000)]
  0x0000027c7d89b990 JavaThread "Sweeper thread" daemon [_thread_blocked, id=14600, stack(0x000000c858b00000,0x000000c858c00000)]
  0x0000027c7d9bf8c0 JavaThread "Common-Cleaner" daemon [_thread_blocked, id=6272, stack(0x000000c858c00000,0x000000c858d00000)]
  0x0000027c68945b60 JavaThread "C1 CompilerThread1" daemon [_thread_blocked, id=1940, stack(0x000000c858d00000,0x000000c858e00000)]
  0x0000027c68968a50 JavaThread "C1 CompilerThread2" daemon [_thread_blocked, id=1120, stack(0x000000c858e00000,0x000000c858f00000)]
  0x0000027c68969380 JavaThread "C2 CompilerThread1" daemon [_thread_blocked, id=22116, stack(0x000000c858f00000,0x000000c859000000)]
  0x0000027c7da79850 JavaThread "C2 CompilerThread2" daemon [_thread_in_native, id=21104, stack(0x000000c859000000,0x000000c859100000)]
  0x0000027c7db7c7e0 JavaThread "C1 CompilerThread3" daemon [_thread_blocked, id=19788, stack(0x000000c859100000,0x000000c859200000)]
  0x0000027c04094ad0 JavaThread "Notification Thread" daemon [_thread_blocked, id=18348, stack(0x000000c859200000,0x000000c859300000)]

Other Threads:
  0x0000027c68988ad0 VMThread "VM Thread" [stack: 0x000000c858200000,0x000000c858300000] [id=4580]
  0x0000027c040836d0 WatcherThread [stack: 0x000000c859300000,0x000000c859400000] [id=18944]
  0x0000027c688f8b90 GCTaskThread "GC Thread#0" [stack: 0x000000c858100000,0x000000c858200000] [id=22072]

Threads with active compile tasks:
C2 CompilerThread0      556  529       4       lombok.patcher.scripts.MethodLevelPatchScript::patch (21 bytes)
C2 CompilerThread2      557  559       4       lombok.patcher.PatchScript::classMatches (41 bytes)

VM state: not at safepoint (normal execution)

VM Mutex/Monitor currently owned by a thread:  ([mutex/lock_event])
[0x0000027c688dca90] Metaspace_lock - owner thread: 0x0000027c688e1fb0

Heap address: 0x00000000c0000000, size: 1024 MB, Compressed Oops mode: 32-bit

CDS archive(s) not mapped
Compressed class space mapped at: 0x0000000100000000-0x0000000140000000, reserved size: 1073741824
Narrow klass base: 0x0000000000000000, Narrow klass shift: 3, Narrow klass range: 0x140000000

GC Precious Log:
 CPUs: 16 total, 16 available
 Memory: 15790M
 Large Page Support: Disabled
 NUMA Support: Disabled
 Compressed Oops: Enabled (32-bit)
 Alignments: Space 512K, Generation 512K, Heap 2M
 Heap Min Capacity: 100M
 Heap Initial Capacity: 100M
 Heap Max Capacity: 1G
 Pre-touch: Disabled
 Parallel Workers: 13

Heap:
 PSYoungGen      total 29696K, used 12918K [0x00000000eab00000, 0x00000000ecc00000, 0x0000000100000000)
  eden space 25600K, 50% used [0x00000000eab00000,0x00000000eb79d828,0x00000000ec400000)
  from space 4096K, 0% used [0x00000000ec800000,0x00000000ec800000,0x00000000ecc00000)
  to   space 4096K, 0% used [0x00000000ec400000,0x00000000ec400000,0x00000000ec800000)
 ParOldGen       total 68608K, used 0K [0x00000000c0000000, 0x00000000c4300000, 0x00000000eab00000)
  object space 68608K, 0% used [0x00000000c0000000,0x00000000c0000000,0x00000000c4300000)
 Metaspace       used 8135K, committed 8192K, reserved 1114112K
  class space    used 790K, committed 832K, reserved 1048576K

Card table byte_map: [0x0000027c682a0000,0x0000027c684b0000] _byte_map_base: 0x0000027c67ca0000

Marking Bits: (ParMarkBitMap*) 0x00007ffb205dd7d0
 Begin Bits: [0x0000027c7a570000, 0x0000027c7b570000)
 End Bits:   [0x0000027c7b570000, 0x0000027c7c570000)

Polling page: 0x0000027c68090000

Metaspace:

Usage:
  Non-class:      7.17 MB used.
      Class:    790.25 KB used.
       Both:      7.95 MB used.

Virtual space:
  Non-class space:       64.00 MB reserved,       7.19 MB ( 11%) committed,  1 nodes.
      Class space:        1.00 GB reserved,     832.00 KB ( <1%) committed,  1 nodes.
             Both:        1.06 GB reserved,       8.00 MB ( <1%) committed. 

Chunk freelists:
   Non-Class:  8.00 MB
       Class:  15.21 MB
        Both:  23.21 MB

MaxMetaspaceSize: unlimited
CompressedClassSpaceSize: 1.00 GB
Initial GC threshold: 21.00 MB
Current GC threshold: 21.00 MB
CDS: off
MetaspaceReclaimPolicy: balanced
 - commit_granule_bytes: 65536.
 - commit_granule_words: 8192.
 - virtual_space_node_default_size: 8388608.
 - enlarge_chunks_in_place: 1.
 - new_chunks_are_fully_committed: 0.
 - uncommit_free_chunks: 1.
 - use_allocation_guard: 0.
 - handle_deallocations: 1.


Internal statistics:

num_allocs_failed_limit: 0.
num_arena_births: 10.
num_arena_deaths: 0.
num_vsnodes_births: 2.
num_vsnodes_deaths: 0.
num_space_committed: 128.
num_space_uncommitted: 0.
num_chunks_returned_to_freelist: 0.
num_chunks_taken_from_freelist: 40.
num_chunk_merges: 0.
num_chunk_splits: 23.
num_chunks_enlarged: 22.
num_inconsistent_stats: 0.

CodeHeap 'non-profiled nmethods': size=119168Kb used=193Kb max_used=193Kb free=118975Kb
 bounds [0x0000027c73110000, 0x0000027c73380000, 0x0000027c7a570000]
CodeHeap 'profiled nmethods': size=119104Kb used=809Kb max_used=809Kb free=118294Kb
 bounds [0x0000027c6b570000, 0x0000027c6b7e0000, 0x0000027c729c0000]
CodeHeap 'non-nmethods': size=7488Kb used=2817Kb max_used=2841Kb free=4670Kb
 bounds [0x0000027c729c0000, 0x0000027c72c90000, 0x0000027c73110000]
 total_blobs=974 nmethods=557 adapters=329
 compilation: enabled
              stopped_count=0, restarted_count=0
 full_count=0

Compilation events (20 events):
Event: 0.517 Thread 0x0000027c68969380 nmethod 541 0x0000027c7313e110 code [0x0000027c7313e280, 0x0000027c7313e3f8]
Event: 0.517 Thread 0x0000027c68968a50 nmethod 553 0x0000027c6b637690 code [0x0000027c6b637840, 0x0000027c6b637a38]
Event: 0.517 Thread 0x0000027c68969380  547       4       java.lang.Integer::parseInt (264 bytes)
Event: 0.519 Thread 0x0000027c7db7c7e0  555       3       java.lang.Character::isSurrogate (18 bytes)
Event: 0.519 Thread 0x0000027c68968a50  554       3       java.util.regex.Pattern::isSupplementary (21 bytes)
Event: 0.520 Thread 0x0000027c7db7c7e0 nmethod 555 0x0000027c6b637b10 code [0x0000027c6b637ca0, 0x0000027c6b637e38]
Event: 0.520 Thread 0x0000027c68968a50 nmethod 554 0x0000027c6b637f10 code [0x0000027c6b6380c0, 0x0000027c6b638338]
Event: 0.520 Thread 0x0000027c7da79850 nmethod 545 0x0000027c7313e510 code [0x0000027c7313e680, 0x0000027c7313e958]
Event: 0.520 Thread 0x0000027c7da79850  538       4       java.lang.CharacterData::of (136 bytes)
Event: 0.521 Thread 0x0000027c68968a50  557   !   3       java.lang.invoke.MemberName::getMethodType (211 bytes)
Event: 0.521 Thread 0x0000027c7da79850 nmethod 538 0x0000027c7313ef10 code [0x0000027c7313f080, 0x0000027c7313f0f8]
Event: 0.521 Thread 0x0000027c7da79850  539       4       java.lang.CharacterDataLatin1::digit (32 bytes)
Event: 0.521 Thread 0x0000027c7db7c7e0  558       3       java.util.regex.Pattern::peek (26 bytes)
Event: 0.522 Thread 0x0000027c7da79850 nmethod 539 0x0000027c7313f210 code [0x0000027c7313f3a0, 0x0000027c7313f498]
Event: 0.522 Thread 0x0000027c7db7c7e0 nmethod 558 0x0000027c6b638410 code [0x0000027c6b6385c0, 0x0000027c6b638828]
Event: 0.522 Thread 0x0000027c68969380 nmethod 547 0x0000027c7313f590 code [0x0000027c7313f740, 0x0000027c7313fb18]
Event: 0.522 Thread 0x0000027c7da79850  542       4       java.lang.Character::digit (6 bytes)
Event: 0.522 Thread 0x0000027c68968a50 nmethod 557 0x0000027c6b638990 code [0x0000027c6b638c80, 0x0000027c6b63a138]
Event: 0.523 Thread 0x0000027c7da79850 nmethod 542 0x0000027c73140010 code [0x0000027c731401a0, 0x0000027c73140298]
Event: 0.527 Thread 0x0000027c7da79850  559       4       lombok.patcher.PatchScript::classMatches (41 bytes)

GC Heap History (0 events):
No events

Dll operation events (8 events):
Event: 0.007 Loaded shared library c:\Users\devan\.vscode\extensions\redhat.java-1.30.0-win32-x64\jre\17.0.10-win32-x86_64\bin\java.dll
Event: 0.143 Loaded shared library c:\Users\devan\.vscode\extensions\redhat.java-1.30.0-win32-x64\jre\17.0.10-win32-x86_64\bin\zip.dll
Event: 0.147 Loaded shared library C:\Users\devan\.vscode\extensions\redhat.java-1.30.0-win32-x64\jre\17.0.10-win32-x86_64\bin\instrument.dll
Event: 0.158 Loaded shared library C:\Users\devan\.vscode\extensions\redhat.java-1.30.0-win32-x64\jre\17.0.10-win32-x86_64\bin\net.dll
Event: 0.160 Loaded shared library C:\Users\devan\.vscode\extensions\redhat.java-1.30.0-win32-x64\jre\17.0.10-win32-x86_64\bin\nio.dll
Event: 0.166 Loaded shared library C:\Users\devan\.vscode\extensions\redhat.java-1.30.0-win32-x64\jre\17.0.10-win32-x86_64\bin\zip.dll
Event: 0.181 Loaded shared library C:\Users\devan\.vscode\extensions\redhat.java-1.30.0-win32-x64\jre\17.0.10-win32-x86_64\bin\jimage.dll
Event: 0.246 Loaded shared library c:\Users\devan\.vscode\extensions\redhat.java-1.30.0-win32-x64\jre\17.0.10-win32-x86_64\bin\verify.dll

Deoptimization events (20 events):
Event: 0.460 Thread 0x0000027c688e1fb0 Uncommon trap: trap_request=0xffffffde fr.pc=0x0000027c731375a4 relative=0x0000000000000104
Event: 0.460 Thread 0x0000027c688e1fb0 Uncommon trap: reason=class_check action=maybe_recompile pc=0x0000027c731375a4 method=jdk.internal.misc.Unsafe.allocateUninitializedArray(Ljava/lang/Class;I)Ljava/lang/Object; @ 51 c2
Event: 0.460 Thread 0x0000027c688e1fb0 DEOPT PACKING pc=0x0000027c731375a4 sp=0x000000c8580fc5b0
Event: 0.460 Thread 0x0000027c688e1fb0 DEOPT UNPACKING pc=0x0000027c72a166a3 sp=0x000000c8580fc538 mode 2
Event: 0.460 Thread 0x0000027c688e1fb0 Uncommon trap: trap_request=0xffffffde fr.pc=0x0000027c731375a4 relative=0x0000000000000104
Event: 0.460 Thread 0x0000027c688e1fb0 Uncommon trap: reason=class_check action=maybe_recompile pc=0x0000027c731375a4 method=jdk.internal.misc.Unsafe.allocateUninitializedArray(Ljava/lang/Class;I)Ljava/lang/Object; @ 51 c2
Event: 0.460 Thread 0x0000027c688e1fb0 DEOPT PACKING pc=0x0000027c731375a4 sp=0x000000c8580fc5b0
Event: 0.460 Thread 0x0000027c688e1fb0 DEOPT UNPACKING pc=0x0000027c72a166a3 sp=0x000000c8580fc538 mode 2
Event: 0.460 Thread 0x0000027c688e1fb0 Uncommon trap: trap_request=0xffffffde fr.pc=0x0000027c731375a4 relative=0x0000000000000104
Event: 0.460 Thread 0x0000027c688e1fb0 Uncommon trap: reason=class_check action=maybe_recompile pc=0x0000027c731375a4 method=jdk.internal.misc.Unsafe.allocateUninitializedArray(Ljava/lang/Class;I)Ljava/lang/Object; @ 51 c2
Event: 0.460 Thread 0x0000027c688e1fb0 DEOPT PACKING pc=0x0000027c731375a4 sp=0x000000c8580fc5b0
Event: 0.460 Thread 0x0000027c688e1fb0 DEOPT UNPACKING pc=0x0000027c72a166a3 sp=0x000000c8580fc538 mode 2
Event: 0.488 Thread 0x0000027c688e1fb0 Uncommon trap: trap_request=0xffffff45 fr.pc=0x0000027c73125940 relative=0x00000000000000c0
Event: 0.488 Thread 0x0000027c688e1fb0 Uncommon trap: reason=unstable_if action=reinterpret pc=0x0000027c73125940 method=java.net.URI.match(CJJ)Z @ 45 c2
Event: 0.488 Thread 0x0000027c688e1fb0 DEOPT PACKING pc=0x0000027c73125940 sp=0x000000c8580fcca0
Event: 0.488 Thread 0x0000027c688e1fb0 DEOPT UNPACKING pc=0x0000027c72a166a3 sp=0x000000c8580fcc28 mode 2
Event: 0.505 Thread 0x0000027c688e1fb0 Uncommon trap: trap_request=0xffffff45 fr.pc=0x0000027c7313a324 relative=0x00000000000005a4
Event: 0.505 Thread 0x0000027c688e1fb0 Uncommon trap: reason=unstable_if action=reinterpret pc=0x0000027c7313a324 method=java.lang.String.replace(Ljava/lang/CharSequence;Ljava/lang/CharSequence;)Ljava/lang/String; @ 48 c2
Event: 0.505 Thread 0x0000027c688e1fb0 DEOPT PACKING pc=0x0000027c7313a324 sp=0x000000c8580fcc20
Event: 0.505 Thread 0x0000027c688e1fb0 DEOPT UNPACKING pc=0x0000027c72a166a3 sp=0x000000c8580fcb90 mode 2

Classes unloaded (0 events):
No events

Classes redefined (0 events):
No events

Internal exceptions (2 events):
Event: 0.121 Thread 0x0000027c688e1fb0 Exception <a 'java/lang/NoSuchMethodError'{0x00000000eacb6428}: 'void java.lang.invoke.DirectMethodHandle$Holder.invokeStatic(java.lang.Object, java.lang.Object, java.lang.Object)'> (0x00000000eacb6428) 
thrown [s\src\hotspot\share\interpreter\linkResolver.cpp, line 759]
Event: 0.281 Thread 0x0000027c688e1fb0 Exception <a 'java/lang/reflect/InvocationTargetException'{0x00000000eb168fa0}> (0x00000000eb168fa0) 
thrown [s\src\hotspot\share\runtime\reflection.cpp, line 1121]

VM Operations (4 events):
Event: 0.125 Executing VM operation: HandshakeAllThreads
Event: 0.125 Executing VM operation: HandshakeAllThreads done
Event: 0.194 Executing VM operation: HandshakeAllThreads
Event: 0.194 Executing VM operation: HandshakeAllThreads done

Events (20 events):
Event: 0.527 loading class java/time/LocalDate
Event: 0.528 loading class java/time/chrono/ChronoLocalDate
Event: 0.528 loading class java/time/chrono/ChronoLocalDate done
Event: 0.528 loading class java/time/LocalDate done
Event: 0.528 loading class java/time/temporal/ChronoField
Event: 0.528 loading class java/time/temporal/TemporalField
Event: 0.529 loading class java/time/temporal/TemporalField done
Event: 0.529 loading class java/time/temporal/ChronoField done
Event: 0.529 loading class java/time/temporal/ChronoUnit
Event: 0.529 loading class java/time/temporal/TemporalUnit
Event: 0.529 loading class java/time/temporal/TemporalUnit done
Event: 0.529 loading class java/time/temporal/ChronoUnit done
Event: 0.529 loading class java/time/Duration
Event: 0.530 loading class java/time/temporal/TemporalAmount
Event: 0.530 loading class java/time/temporal/TemporalAmount done
Event: 0.530 loading class java/time/Duration done
Event: 0.530 loading class java/time/temporal/ValueRange
Event: 0.530 loading class java/time/temporal/ValueRange done
Event: 0.531 loading class java/time/LocalTime
Event: 0.531 loading class java/time/LocalTime done


Dynamic libraries:
0x00007ff65c8e0000 - 0x00007ff65c8ee000 	c:\Users\devan\.vscode\extensions\redhat.java-1.30.0-win32-x64\jre\17.0.10-win32-x86_64\bin\java.exe
0x00007ffbb2af0000 - 0x00007ffbb2d07000 	C:\WINDOWS\SYSTEM32\ntdll.dll
0x00007ffbb1c60000 - 0x00007ffbb1d24000 	C:\WINDOWS\System32\KERNEL32.DLL
0x00007ffbb00c0000 - 0x00007ffbb0466000 	C:\WINDOWS\System32\KERNELBASE.dll
0x00007ffbb0670000 - 0x00007ffbb0781000 	C:\WINDOWS\System32\ucrtbase.dll
0x00007ffb7ee20000 - 0x00007ffb7ee37000 	c:\Users\devan\.vscode\extensions\redhat.java-1.30.0-win32-x64\jre\17.0.10-win32-x86_64\bin\jli.dll
0x00007ffb7f9e0000 - 0x00007ffb7f9fb000 	c:\Users\devan\.vscode\extensions\redhat.java-1.30.0-win32-x64\jre\17.0.10-win32-x86_64\bin\VCRUNTIME140.dll
0x00007ffbb1d30000 - 0x00007ffbb1ede000 	C:\WINDOWS\System32\USER32.dll
0x00007ffbb0810000 - 0x00007ffbb0836000 	C:\WINDOWS\System32\win32u.dll
0x00007ffba7c10000 - 0x00007ffba7ea3000 	C:\WINDOWS\WinSxS\amd64_microsoft.windows.common-controls_6595b64144ccf1df_6.0.22621.2506_none_270c5ae97388e100\COMCTL32.dll
0x00007ffbb15c0000 - 0x00007ffbb15e9000 	C:\WINDOWS\System32\GDI32.dll
0x00007ffbb12a0000 - 0x00007ffbb1347000 	C:\WINDOWS\System32\msvcrt.dll
0x00007ffbafe30000 - 0x00007ffbaff48000 	C:\WINDOWS\System32\gdi32full.dll
0x00007ffbb0470000 - 0x00007ffbb050a000 	C:\WINDOWS\System32\msvcp_win.dll
0x00007ffbb11b0000 - 0x00007ffbb11e1000 	C:\WINDOWS\System32\IMM32.DLL
0x00007ffba2d70000 - 0x00007ffba2d7c000 	c:\Users\devan\.vscode\extensions\redhat.java-1.30.0-win32-x64\jre\17.0.10-win32-x86_64\bin\vcruntime140_1.dll
0x00007ffb72820000 - 0x00007ffb728ad000 	c:\Users\devan\.vscode\extensions\redhat.java-1.30.0-win32-x64\jre\17.0.10-win32-x86_64\bin\msvcp140.dll
0x00007ffb1fa40000 - 0x00007ffb206a2000 	c:\Users\devan\.vscode\extensions\redhat.java-1.30.0-win32-x64\jre\17.0.10-win32-x86_64\bin\server\jvm.dll
0x00007ffbb0c00000 - 0x00007ffbb0cb3000 	C:\WINDOWS\System32\ADVAPI32.dll
0x00007ffbb11f0000 - 0x00007ffbb1298000 	C:\WINDOWS\System32\sechost.dll
0x00007ffbb0640000 - 0x00007ffbb0668000 	C:\WINDOWS\System32\bcrypt.dll
0x00007ffbb2930000 - 0x00007ffbb2a47000 	C:\WINDOWS\System32\RPCRT4.dll
0x00007ffb8d360000 - 0x00007ffb8d369000 	C:\WINDOWS\SYSTEM32\WSOCK32.dll
0x00007ffba88f0000 - 0x00007ffba8924000 	C:\WINDOWS\SYSTEM32\WINMM.dll
0x00007ffbafb50000 - 0x00007ffbafb9d000 	C:\WINDOWS\SYSTEM32\POWRPROF.dll
0x00007ffbb0da0000 - 0x00007ffbb0e11000 	C:\WINDOWS\System32\WS2_32.dll
0x00007ffba7930000 - 0x00007ffba793a000 	C:\WINDOWS\SYSTEM32\VERSION.dll
0x00007ffbafa60000 - 0x00007ffbafa73000 	C:\WINDOWS\SYSTEM32\UMPDC.dll
0x00007ffbaee60000 - 0x00007ffbaee78000 	C:\WINDOWS\SYSTEM32\kernel.appcore.dll
0x00007ffba2c70000 - 0x00007ffba2c7a000 	c:\Users\devan\.vscode\extensions\redhat.java-1.30.0-win32-x64\jre\17.0.10-win32-x86_64\bin\jimage.dll
0x00007ffba6bd0000 - 0x00007ffba6e03000 	C:\WINDOWS\SYSTEM32\DBGHELP.DLL
0x00007ffbb0e20000 - 0x00007ffbb11a9000 	C:\WINDOWS\System32\combase.dll
0x00007ffbb0840000 - 0x00007ffbb0917000 	C:\WINDOWS\System32\OLEAUT32.dll
0x00007ffba4650000 - 0x00007ffba4682000 	C:\WINDOWS\SYSTEM32\dbgcore.DLL
0x00007ffbb0790000 - 0x00007ffbb080a000 	C:\WINDOWS\System32\bcryptPrimitives.dll
0x00007ffb8fec0000 - 0x00007ffb8fece000 	c:\Users\devan\.vscode\extensions\redhat.java-1.30.0-win32-x64\jre\17.0.10-win32-x86_64\bin\instrument.dll
0x00007ffb783a0000 - 0x00007ffb783c5000 	c:\Users\devan\.vscode\extensions\redhat.java-1.30.0-win32-x64\jre\17.0.10-win32-x86_64\bin\java.dll
0x00007ffb7d770000 - 0x00007ffb7d788000 	c:\Users\devan\.vscode\extensions\redhat.java-1.30.0-win32-x64\jre\17.0.10-win32-x86_64\bin\zip.dll
0x00007ffbb1fb0000 - 0x00007ffbb280a000 	C:\WINDOWS\System32\SHELL32.dll
0x00007ffbadd30000 - 0x00007ffbae626000 	C:\WINDOWS\SYSTEM32\windows.storage.dll
0x00007ffbadbf0000 - 0x00007ffbadd2e000 	C:\WINDOWS\SYSTEM32\wintypes.dll
0x00007ffbb14c0000 - 0x00007ffbb15b3000 	C:\WINDOWS\System32\SHCORE.dll
0x00007ffbb0cc0000 - 0x00007ffbb0d1e000 	C:\WINDOWS\System32\shlwapi.dll
0x00007ffbafd60000 - 0x00007ffbafd86000 	C:\WINDOWS\SYSTEM32\profapi.dll
0x00007ffb8acf0000 - 0x00007ffb8ad09000 	C:\Users\devan\.vscode\extensions\redhat.java-1.30.0-win32-x64\jre\17.0.10-win32-x86_64\bin\net.dll
0x00007ffba9d60000 - 0x00007ffba9e97000 	C:\WINDOWS\SYSTEM32\WINHTTP.dll
0x00007ffbaf2e0000 - 0x00007ffbaf349000 	C:\WINDOWS\system32\mswsock.dll
0x00007ffb85370000 - 0x00007ffb85386000 	C:\Users\devan\.vscode\extensions\redhat.java-1.30.0-win32-x64\jre\17.0.10-win32-x86_64\bin\nio.dll
0x00007ffb89350000 - 0x00007ffb89360000 	c:\Users\devan\.vscode\extensions\redhat.java-1.30.0-win32-x64\jre\17.0.10-win32-x86_64\bin\verify.dll

dbghelp: loaded successfully - version: 4.0.5 - missing functions: none
symbol engine: initialized successfully - sym options: 0x614 - pdb path: .;c:\Users\devan\.vscode\extensions\redhat.java-1.30.0-win32-x64\jre\17.0.10-win32-x86_64\bin;C:\WINDOWS\SYSTEM32;C:\WINDOWS\WinSxS\amd64_microsoft.windows.common-controls_6595b64144ccf1df_6.0.22621.2506_none_270c5ae97388e100;c:\Users\devan\.vscode\extensions\redhat.java-1.30.0-win32-x64\jre\17.0.10-win32-x86_64\bin\server

VM Arguments:
jvm_args: --add-modules=ALL-SYSTEM --add-opens=java.base/java.util=ALL-UNNAMED --add-opens=java.base/java.lang=ALL-UNNAMED --add-opens=java.base/sun.nio.fs=ALL-UNNAMED -Declipse.application=org.eclipse.jdt.ls.core.id1 -Dosgi.bundles.defaultStartLevel=4 -Declipse.product=org.eclipse.jdt.ls.core.product -Djava.import.generatesMetadataFilesAtProjectRoot=false -DDetectVMInstallationsJob.disabled=true -Dfile.encoding=utf8 -XX:+UseParallelGC -XX:GCTimeRatio=4 -XX:AdaptiveSizePolicyWeight=90 -Dsun.zip.disableMemoryMapping=true -Xmx1G -Xms100m -Xlog:disable -javaagent:c:\Users\devan\.vscode\extensions\redhat.java-1.30.0-win32-x64\lombok\lombok-1.18.32.jar 
java_command: c:\Users\devan\.vscode\extensions\redhat.java-1.30.0-win32-x64\server\plugins\org.eclipse.equinox.launcher_1.6.800.v20240330-1250.jar -configuration c:\Users\devan\AppData\Roaming\Code\User\globalStorage\redhat.java\1.30.0\config_ss_win -data c:\Users\devan\AppData\Roaming\Code\User\workspaceStorage\4d92966fc4af52e91468190edff9a261\redhat.java\ss_ws --pipe=\\.\pipe\lsp-51ce37df7bb9fbcf1a8b7de8b08aa781-sock
java_class_path (initial): c:\Users\devan\.vscode\extensions\redhat.java-1.30.0-win32-x64\server\plugins\org.eclipse.equinox.launcher_1.6.800.v20240330-1250.jar
Launcher Type: SUN_STANDARD

[Global flags]
    uintx AdaptiveSizePolicyWeight                 = 90                                        {product} {command line}
     intx CICompilerCount                          = 12                                        {product} {ergonomic}
    uintx GCTimeRatio                              = 4                                         {product} {command line}
   size_t InitialHeapSize                          = 104857600                                 {product} {command line}
   size_t MaxHeapSize                              = 1073741824                                {product} {command line}
   size_t MaxNewSize                               = 357564416                                 {product} {ergonomic}
   size_t MinHeapDeltaBytes                        = 524288                                    {product} {ergonomic}
   size_t MinHeapSize                              = 104857600                                 {product} {command line}
   size_t NewSize                                  = 34603008                                  {product} {ergonomic}
    uintx NonNMethodCodeHeapSize                   = 7602480                                {pd product} {ergonomic}
    uintx NonProfiledCodeHeapSize                  = 122027880                              {pd product} {ergonomic}
   size_t OldSize                                  = 70254592                                  {product} {ergonomic}
    uintx ProfiledCodeHeapSize                     = 122027880                              {pd product} {ergonomic}
    uintx ReservedCodeCacheSize                    = 251658240                              {pd product} {ergonomic}
     bool SegmentedCodeCache                       = true                                      {product} {ergonomic}
   size_t SoftMaxHeapSize                          = 1073741824                             {manageable} {ergonomic}
     bool UseCompressedClassPointers               = true                           {product lp64_product} {ergonomic}
     bool UseCompressedOops                        = true                           {product lp64_product} {ergonomic}
     bool UseLargePagesIndividualAllocation        = false                                  {pd product} {ergonomic}
     bool UseParallelGC                            = true                                      {product} {command line}

Logging:
Log output configuration:
 #0: stdout all=off uptime,level,tags
 #1: stderr all=off uptime,level,tags

Environment Variables:
JAVA_HOME=C:\Program Files\Microsoft\jdk-17.0.10.7-hotspot\
PATH=C:\Users\devan\AppData\Roaming\.dotnet;C:\Program Files\Microsoft\jdk-17.0.10.7-hotspot\bin;C:\Program Files\NVIDIA GPU Computing Toolkit\CUDA\v8.0\bin;C:\Program Files\NVIDIA GPU Computing Toolkit\CUDA\v8.0\libnvvp;C:\Program Files (x86)\Qualcomm\QDART\\bin;C:\Program Files (x86)\Common Files\Oracle\Java\javapath;C:\Program Files\Common Files\Oracle\Java\javapath;C:\Windows\system32;C:\Windows;C:\Windows\System32\Wbem;C:\Windows\System32\WindowsPowerShell\v1.0\;C:\Windows\System32\OpenSSH\;C:\Program Files (x86)\NVIDIA Corporation\PhysX\Common;C:\Program Files\NVIDIA Corporation\NVIDIA NvDLISR;C:\WINDOWS\system32;C:\WINDOWS;C:\WINDOWS\System32\Wbem;C:\WINDOWS\System32\WindowsPowerShell\v1.0\;C:\WINDOWS\System32\OpenSSH\;C:\Users\devan\AppData\Local\Microsoft\WindowsApps;C:\Users\devan\AppData\Local\Programs\Microsoft VS Code\bin;C:\adb;C:\Program Files\dotnet\;C:\Program Files\Java\jdk-17.0.1\bin;C:\Program Files\PuTTY\;C:\Xilinx\Vivado\2021.1\bin;C:\mingw32\bin;C:\Program Files\NVIDIA Corporation\Nsight Compute 2023.3.1\;C:\WINDOWS\system32;C:\WINDOWS;C:\WINDOWS\System32\Wbem;C:\WINDOWS\System32\WindowsPowerShell\v1.0\;C:\WINDOWS\System32\OpenSSH\;C:\Program Files\nodejs\;C:\ProgramData\chocolatey\bin;C:\Program Files\Docker\Docker\resources\bin;C:\Program Files\Microsoft SQL Server\150\Tools\Binn\;C:\Program Files\Microsoft SQL Server\Client SDK\ODBC\170\Tools\Binn\;C:\Program Files (x86)\Microsoft SQL Server\160\DTS\Binn\;C:\Program Files (x86)\Microsoft SQL Server\160\Tools\Binn\;C:\Program Files\Microsoft SQL Server\160\Tools\Binn\;C:\Program Files\Microsoft SQL Server\160\DTS\Binn\;C:\Program Files\Git\cmd;C:\Users\devan\AppData\Roaming\.dotnet;C:\Users\devan\AppData\Local\Android\Sdk\platform-tools;C:\Users\devan\AppData\Local\Android\Sdk\tools;C:\Program Files\MySQL\MySQL Shell 8.0\bin\;C:\Users\devan\AppData\Local\Programs\Python\Python310\Scripts\;C:\Users\devan\AppData\Local\Programs\Python\Python310\;%USERPROFILE%\AppData\Local\Microsoft\WindowsApps;C
USERNAME=devang
OS=Windows_NT
PROCESSOR_IDENTIFIER=AMD64 Family 23 Model 96 Stepping 1, AuthenticAMD
TMP=C:\Users\devan\AppData\Local\Temp
TEMP=C:\Users\devan\AppData\Local\Temp



Periodic native trim disabled


---------------  S Y S T E M  ---------------

OS:
 Windows 11 , 64 bit Build 22621 (10.0.22621.2506)
OS uptime: 0 days 5:48 hours
Hyper-V role detected

CPU: total 16 (initial active 16) (16 cores per cpu, 2 threads per core) family 23 model 96 stepping 1 microcode 0x0, cx8, cmov, fxsr, ht, mmx, 3dnowpref, sse, sse2, sse3, ssse3, sse4a, sse4.1, sse4.2, popcnt, lzcnt, tsc, tscinvbit, avx, avx2, aes, clmul, bmi1, bmi2, adx, sha, fma, vzeroupper, clflush, clflushopt, hv
Processor Information for all 16 processors :
  Max Mhz: 2901, Current Mhz: 2901, Mhz Limit: 2901

Memory: 4k page, system-wide physical 15790M (3671M free)
TotalPageFile size 15790M (AvailPageFile size 0M)
current process WorkingSet (physical memory assigned to process): 53M, peak: 53M
current process commit charge ("private bytes"): 211M, peak: 211M

vm_info: OpenJDK 64-Bit Server VM (17.0.10+7) for windows-amd64 JRE (17.0.10+7), built on Jan 16 2024 23:25:11 by "admin" with MS VC++ 16.10 / 16.11 (VS2019)

END.
