#
# There is insufficient memory for the Java Runtime Environment to continue.
# Native memory allocation (malloc) failed to allocate 32744 bytes for ChunkPool::allocate
# Possible reasons:
#   The system is out of physical RAM or swap space
#   The process is running with CompressedOops enabled, and the Java Heap may be blocking the growth of the native heap
# Possible solutions:
#   Reduce memory load on the system
#   Increase physical memory or swap space
#   Check if swap backing store is full
#   Decrease Java heap size (-Xmx/-Xms)
#   Decrease number of Java threads
#   Decrease Java thread stack sizes (-Xss)
#   Set larger code cache with -XX:ReservedCodeCacheSize=
#   JVM is running with Unscaled Compressed Oops mode in which the Java heap is
#     placed in the first 4GB address space. The Java Heap base address is the
#     maximum limit for the native heap growth. Please use -XX:HeapBaseMinAddress
#     to set the Java Heap base and to place the Java Heap above 4GB virtual address.
# This output file may be truncated or incomplete.
#
#  Out of Memory Error (arena.cpp:79), pid=21124, tid=20724
#
# JRE version: OpenJDK Runtime Environment Temurin-17.0.10+7 (17.0.10+7) (build 17.0.10+7)
# Java VM: OpenJDK 64-Bit Server VM Temurin-17.0.10+7 (17.0.10+7, mixed mode, tiered, compressed oops, compressed class ptrs, parallel gc, windows-amd64)
# No core dump will be written. Minidumps are not enabled by default on client versions of Windows
#

---------------  S U M M A R Y ------------

Command Line: --add-modules=ALL-SYSTEM --add-opens=java.base/java.util=ALL-UNNAMED --add-opens=java.base/java.lang=ALL-UNNAMED --add-opens=java.base/sun.nio.fs=ALL-UNNAMED -Declipse.application=org.eclipse.jdt.ls.core.id1 -Dosgi.bundles.defaultStartLevel=4 -Declipse.product=org.eclipse.jdt.ls.core.product -Djava.import.generatesMetadataFilesAtProjectRoot=false -DDetectVMInstallationsJob.disabled=true -Dfile.encoding=utf8 -XX:+UseParallelGC -XX:GCTimeRatio=4 -XX:AdaptiveSizePolicyWeight=90 -Dsun.zip.disableMemoryMapping=true -Xmx1G -Xms100m -Xlog:disable -javaagent:c:\Users\devan\.vscode\extensions\redhat.java-1.30.0-win32-x64\lombok\lombok-1.18.32.jar -XX:+HeapDumpOnOutOfMemoryError -XX:HeapDumpPath=c:\Users\devan\AppData\Roaming\Code\User\workspaceStorage\4d92966fc4af52e91468190edff9a261\redhat.java -Daether.dependencyCollector.impl=bf c:\Users\devan\.vscode\extensions\redhat.java-1.30.0-win32-x64\server\plugins\org.eclipse.equinox.launcher_1.6.800.v20240330-1250.jar -configuration c:\Users\devan\AppData\Roaming\Code\User\globalStorage\redhat.java\1.30.0\config_win -data c:\Users\devan\AppData\Roaming\Code\User\workspaceStorage\4d92966fc4af52e91468190edff9a261\redhat.java\jdt_ws --pipe=\\.\pipe\lsp-799babd01404bb984e9c54e2a1ff754a-sock

Host: AMD Ryzen 7 4800H with Radeon Graphics         , 16 cores, 15G,  Windows 11 , 64 bit Build 22621 (10.0.22621.2506)
Time: Tue Apr 30 16:22:08 2024 India Standard Time elapsed time: 306.322647 seconds (0d 0h 5m 6s)

---------------  T H R E A D  ---------------

Current thread (0x000001d741efca60):  JavaThread "C2 CompilerThread0" daemon [_thread_in_native, id=20724, stack(0x0000007eb3d00000,0x0000007eb3e00000)]


Current CompileTask:
C2: 306322 9263       4       java.util.HashMap::putIfAbsent (13 bytes)

Stack: [0x0000007eb3d00000,0x0000007eb3e00000]
Native frames: (J=compiled Java code, j=interpreted, Vv=VM code, C=native code)
V  [jvm.dll+0x67d2c9]
V  [jvm.dll+0x834afa]
V  [jvm.dll+0x8365be]
V  [jvm.dll+0x836c23]
V  [jvm.dll+0x2477ff]
V  [jvm.dll+0xac711]
V  [jvm.dll+0xacb5c]
V  [jvm.dll+0x584b3c]
V  [jvm.dll+0x2228a2]
V  [jvm.dll+0x21b5cd]
V  [jvm.dll+0x219201]
V  [jvm.dll+0x1a502d]
V  [jvm.dll+0x2290de]
V  [jvm.dll+0x2272ac]
V  [jvm.dll+0x7e9bb7]
V  [jvm.dll+0x7e3fba]
V  [jvm.dll+0x67c1b5]
C  [ucrtbase.dll+0x29363]
C  [KERNEL32.DLL+0x1257d]
C  [ntdll.dll+0x5aa58]


---------------  P R O C E S S  ---------------

Threads class SMR info:
_java_thread_list=0x000001d74651ba60, length=45, elements={
0x000001d728c7fed0, 0x000001d741ec9380, 0x000001d741ecc8d0, 0x000001d741ef6280,
0x000001d741ef7100, 0x000001d741ef7f80, 0x000001d741ef9cb0, 0x000001d741efca60,
0x000001d741f4a790, 0x000001d741f6f520, 0x000001d741fef340, 0x000001d743e5efa0,
0x000001d7447cafe0, 0x000001d744b387b0, 0x000001d744927a00, 0x000001d744c669c0,
0x000001d744975d40, 0x000001d744947f90, 0x000001d74494a810, 0x000001d7449498e0,
0x000001d74494a300, 0x000001d744947570, 0x000001d744947a80, 0x000001d7449484a0,
0x000001d746be1020, 0x000001d746bdfbe0, 0x000001d746bdce50, 0x000001d746be1f50,
0x000001d746be2460, 0x000001d746be2970, 0x000001d746be2e80, 0x000001d746bdd360,
0x000001d746bdd870, 0x000001d746bdecb0, 0x000001d746bdbf20, 0x000001d746bde290,
0x000001d746be1a40, 0x000001d746be0600, 0x000001d746be3390, 0x000001d746bdc940,
0x000001d746bdc430, 0x000001d746bddd80, 0x000001d746be38a0, 0x000001d749e34300,
0x000001d74bd352c0
}

Java Threads: ( => current thread )
  0x000001d728c7fed0 JavaThread "main" [_thread_blocked, id=17364, stack(0x0000007eb3400000,0x0000007eb3500000)]
  0x000001d741ec9380 JavaThread "Reference Handler" daemon [_thread_blocked, id=14784, stack(0x0000007eb3700000,0x0000007eb3800000)]
  0x000001d741ecc8d0 JavaThread "Finalizer" daemon [_thread_blocked, id=7780, stack(0x0000007eb3800000,0x0000007eb3900000)]
  0x000001d741ef6280 JavaThread "Signal Dispatcher" daemon [_thread_blocked, id=2796, stack(0x0000007eb3900000,0x0000007eb3a00000)]
  0x000001d741ef7100 JavaThread "Attach Listener" daemon [_thread_blocked, id=19736, stack(0x0000007eb3a00000,0x0000007eb3b00000)]
  0x000001d741ef7f80 JavaThread "Service Thread" daemon [_thread_blocked, id=16488, stack(0x0000007eb3b00000,0x0000007eb3c00000)]
  0x000001d741ef9cb0 JavaThread "Monitor Deflation Thread" daemon [_thread_blocked, id=9276, stack(0x0000007eb3c00000,0x0000007eb3d00000)]
=>0x000001d741efca60 JavaThread "C2 CompilerThread0" daemon [_thread_in_native, id=20724, stack(0x0000007eb3d00000,0x0000007eb3e00000)]
  0x000001d741f4a790 JavaThread "C1 CompilerThread0" daemon [_thread_blocked, id=7760, stack(0x0000007eb3e00000,0x0000007eb3f00000)]
  0x000001d741f6f520 JavaThread "Sweeper thread" daemon [_thread_blocked, id=13860, stack(0x0000007eb3f00000,0x0000007eb4000000)]
  0x000001d741fef340 JavaThread "Common-Cleaner" daemon [_thread_blocked, id=9332, stack(0x0000007eb4000000,0x0000007eb4100000)]
  0x000001d743e5efa0 JavaThread "Notification Thread" daemon [_thread_blocked, id=16064, stack(0x0000007eb4400000,0x0000007eb4500000)]
  0x000001d7447cafe0 JavaThread "Active Thread: Equinox Container: 68c12170-823a-4420-a5ce-b25beada0130" [_thread_blocked, id=21392, stack(0x0000007eb4c00000,0x0000007eb4d00000)]
  0x000001d744b387b0 JavaThread "Framework Event Dispatcher: Equinox Container: 68c12170-823a-4420-a5ce-b25beada0130" daemon [_thread_blocked, id=8512, stack(0x0000007eb4d00000,0x0000007eb4e00000)]
  0x000001d744927a00 JavaThread "Start Level: Equinox Container: 68c12170-823a-4420-a5ce-b25beada0130" daemon [_thread_blocked, id=20304, stack(0x0000007eb4e00000,0x0000007eb4f00000)]
  0x000001d744c669c0 JavaThread "Bundle File Closer" daemon [_thread_blocked, id=6304, stack(0x0000007eb5200000,0x0000007eb5300000)]
  0x000001d744975d40 JavaThread "SCR Component Actor" daemon [_thread_blocked, id=10932, stack(0x0000007eb5300000,0x0000007eb5400000)]
  0x000001d744947f90 JavaThread "Worker-JM" [_thread_blocked, id=2700, stack(0x0000007eb5500000,0x0000007eb5600000)]
  0x000001d74494a810 JavaThread "Worker-1" [_thread_blocked, id=10224, stack(0x0000007eb5c00000,0x0000007eb5d00000)]
  0x000001d7449498e0 JavaThread "Java indexing" daemon [_thread_blocked, id=14620, stack(0x0000007eb5e00000,0x0000007eb5f00000)]
  0x000001d74494a300 JavaThread "Worker-3" [_thread_blocked, id=20180, stack(0x0000007eb6000000,0x0000007eb6100000)]
  0x000001d744947570 JavaThread "JNA Cleaner" daemon [_thread_blocked, id=10956, stack(0x0000007eb6200000,0x0000007eb6300000)]
  0x000001d744947a80 JavaThread "Thread-2" daemon [_thread_in_native, id=9724, stack(0x0000007eb6600000,0x0000007eb6700000)]
  0x000001d7449484a0 JavaThread "Thread-3" daemon [_thread_in_native, id=18800, stack(0x0000007eb6700000,0x0000007eb6800000)]
  0x000001d746be1020 JavaThread "Thread-4" daemon [_thread_in_native, id=17008, stack(0x0000007eb6800000,0x0000007eb6900000)]
  0x000001d746bdfbe0 JavaThread "Thread-5" daemon [_thread_in_native, id=14220, stack(0x0000007eb6900000,0x0000007eb6a00000)]
  0x000001d746bdce50 JavaThread "Thread-6" daemon [_thread_in_native, id=5880, stack(0x0000007eb6a00000,0x0000007eb6b00000)]
  0x000001d746be1f50 JavaThread "Thread-7" daemon [_thread_in_native, id=7388, stack(0x0000007eb6b00000,0x0000007eb6c00000)]
  0x000001d746be2460 JavaThread "Thread-8" daemon [_thread_in_native, id=14880, stack(0x0000007eb6c00000,0x0000007eb6d00000)]
  0x000001d746be2970 JavaThread "Thread-9" daemon [_thread_in_native, id=2340, stack(0x0000007eb6d00000,0x0000007eb6e00000)]
  0x000001d746be2e80 JavaThread "Thread-10" daemon [_thread_in_native, id=10452, stack(0x0000007eb6e00000,0x0000007eb6f00000)]
  0x000001d746bdd360 JavaThread "Thread-11" daemon [_thread_in_native, id=4580, stack(0x0000007eb6f00000,0x0000007eb7000000)]
  0x000001d746bdd870 JavaThread "Thread-12" daemon [_thread_in_native, id=7596, stack(0x0000007eb7000000,0x0000007eb7100000)]
  0x000001d746bdecb0 JavaThread "Thread-13" daemon [_thread_in_native, id=6020, stack(0x0000007eb7100000,0x0000007eb7200000)]
  0x000001d746bdbf20 JavaThread "Thread-14" daemon [_thread_in_native, id=19432, stack(0x0000007eb7200000,0x0000007eb7300000)]
  0x000001d746bde290 JavaThread "Thread-15" daemon [_thread_in_native, id=18020, stack(0x0000007eb7300000,0x0000007eb7400000)]
  0x000001d746be1a40 JavaThread "Thread-16" daemon [_thread_in_native, id=11244, stack(0x0000007eb7400000,0x0000007eb7500000)]
  0x000001d746be0600 JavaThread "Thread-17" daemon [_thread_in_native, id=10832, stack(0x0000007eb7500000,0x0000007eb7600000)]
  0x000001d746be3390 JavaThread "Thread-18" daemon [_thread_in_native, id=12036, stack(0x0000007eb7600000,0x0000007eb7700000)]
  0x000001d746bdc940 JavaThread "pool-2-thread-1" [_thread_blocked, id=3996, stack(0x0000007eb7700000,0x0000007eb7800000)]
  0x000001d746bdc430 JavaThread "WorkspaceEventsHandler" [_thread_blocked, id=13464, stack(0x0000007eb7800000,0x0000007eb7900000)]
  0x000001d746bddd80 JavaThread "pool-1-thread-1" [_thread_blocked, id=10924, stack(0x0000007eb7900000,0x0000007eb7a00000)]
  0x000001d746be38a0 JavaThread "Timer-0" [_thread_blocked, id=12532, stack(0x0000007eb4b00000,0x0000007eb4c00000)]
  0x000001d749e34300 JavaThread "Timer-1" [_thread_blocked, id=20276, stack(0x0000007eb6400000,0x0000007eb6500000)]
  0x000001d74bd352c0 JavaThread "C2 CompilerThread1" daemon [_thread_in_native, id=16912, stack(0x0000007eb3200000,0x0000007eb3300000)]

Other Threads:
  0x000001d73cb0ea30 VMThread "VM Thread" [stack: 0x0000007eb3600000,0x0000007eb3700000] [id=9648]
  0x000001d743e5d800 WatcherThread [stack: 0x0000007eb4500000,0x0000007eb4600000] [id=20044]
  0x000001d728c97ce0 GCTaskThread "GC Thread#0" [stack: 0x0000007eb3500000,0x0000007eb3600000] [id=12100]
  0x000001d743f57810 GCTaskThread "GC Thread#1" [stack: 0x0000007eb4600000,0x0000007eb4700000] [id=2744]
  0x000001d743f58050 GCTaskThread "GC Thread#2" [stack: 0x0000007eb4700000,0x0000007eb4800000] [id=14136]
  0x000001d743f58b50 GCTaskThread "GC Thread#3" [stack: 0x0000007eb4800000,0x0000007eb4900000] [id=17560]
  0x000001d743f57ad0 GCTaskThread "GC Thread#4" [stack: 0x0000007eb4900000,0x0000007eb4a00000] [id=20172]
  0x000001d743f57d90 GCTaskThread "GC Thread#5" [stack: 0x0000007eb4a00000,0x0000007eb4b00000] [id=20624]
  0x000001d743f58310 GCTaskThread "GC Thread#6" [stack: 0x0000007eb4f00000,0x0000007eb5000000] [id=18280]
  0x000001d743f57290 GCTaskThread "GC Thread#7" [stack: 0x0000007eb5000000,0x0000007eb5100000] [id=18556]
  0x000001d743f585d0 GCTaskThread "GC Thread#8" [stack: 0x0000007eb5100000,0x0000007eb5200000] [id=8480]
  0x000001d7450b9200 GCTaskThread "GC Thread#9" [stack: 0x0000007eb5600000,0x0000007eb5700000] [id=18120]
  0x000001d7450b6080 GCTaskThread "GC Thread#10" [stack: 0x0000007eb5700000,0x0000007eb5800000] [id=8776]
  0x000001d7450b9a40 GCTaskThread "GC Thread#11" [stack: 0x0000007eb5400000,0x0000007eb5500000] [id=13984]
  0x000001d7450b9780 GCTaskThread "GC Thread#12" [stack: 0x0000007eb5d00000,0x0000007eb5e00000] [id=11456]

Threads with active compile tasks:
C2 CompilerThread0   306343 9263       4       java.util.HashMap::putIfAbsent (13 bytes)
C2 CompilerThread1   306343 9266       4       org.eclipse.core.internal.dtree.AbstractDataTreeNode::storeStrings (42 bytes)

VM state: not at safepoint (normal execution)

VM Mutex/Monitor currently owned by a thread: None

Heap address: 0x00000000c0000000, size: 1024 MB, Compressed Oops mode: 32-bit

CDS archive(s) not mapped
Compressed class space mapped at: 0x0000000100000000-0x0000000140000000, reserved size: 1073741824
Narrow klass base: 0x0000000000000000, Narrow klass shift: 3, Narrow klass range: 0x140000000

GC Precious Log:
 CPUs: 16 total, 16 available
 Memory: 15790M
 Large Page Support: Disabled
 NUMA Support: Disabled
 Compressed Oops: Enabled (32-bit)
 Alignments: Space 512K, Generation 512K, Heap 2M
 Heap Min Capacity: 100M
 Heap Initial Capacity: 100M
 Heap Max Capacity: 1G
 Pre-touch: Disabled
 Parallel Workers: 13

Heap:
 PSYoungGen      total 19968K, used 1080K [0x00000000eab00000, 0x00000000ec400000, 0x0000000100000000)
  eden space 18944K, 1% used [0x00000000eab00000,0x00000000eab4fea8,0x00000000ebd80000)
  from space 1024K, 74% used [0x00000000ec300000,0x00000000ec3be208,0x00000000ec400000)
  to   space 1024K, 0% used [0x00000000ec200000,0x00000000ec200000,0x00000000ec300000)
 ParOldGen       total 68608K, used 57248K [0x00000000c0000000, 0x00000000c4300000, 0x00000000eab00000)
  object space 68608K, 83% used [0x00000000c0000000,0x00000000c37e8288,0x00000000c4300000)
 Metaspace       used 68080K, committed 69376K, reserved 1114112K
  class space    used 7795K, committed 8384K, reserved 1048576K

Card table byte_map: [0x000001d728640000,0x000001d728850000] _byte_map_base: 0x000001d728040000

Marking Bits: (ParMarkBitMap*) 0x00007ffe5622d7d0
 Begin Bits: [0x000001d73a910000, 0x000001d73b910000)
 End Bits:   [0x000001d73b910000, 0x000001d73c910000)

Polling page: 0x000001d728430000

Metaspace:

Usage:
  Non-class:     58.87 MB used.
      Class:      7.61 MB used.
       Both:     66.48 MB used.

Virtual space:
  Non-class space:       64.00 MB reserved,      59.56 MB ( 93%) committed,  1 nodes.
      Class space:        1.00 GB reserved,       8.19 MB ( <1%) committed,  1 nodes.
             Both:        1.06 GB reserved,      67.75 MB (  6%) committed. 

Chunk freelists:
   Non-Class:  4.30 MB
       Class:  7.73 MB
        Both:  12.03 MB

MaxMetaspaceSize: unlimited
CompressedClassSpaceSize: 1.00 GB
Initial GC threshold: 21.00 MB
Current GC threshold: 97.31 MB
CDS: off
MetaspaceReclaimPolicy: balanced
 - commit_granule_bytes: 65536.
 - commit_granule_words: 8192.
 - virtual_space_node_default_size: 8388608.
 - enlarge_chunks_in_place: 1.
 - new_chunks_are_fully_committed: 0.
 - uncommit_free_chunks: 1.
 - use_allocation_guard: 0.
 - handle_deallocations: 1.


Internal statistics:

num_allocs_failed_limit: 9.
num_arena_births: 726.
num_arena_deaths: 18.
num_vsnodes_births: 2.
num_vsnodes_deaths: 0.
num_space_committed: 1084.
num_space_uncommitted: 0.
num_chunks_returned_to_freelist: 27.
num_chunks_taken_from_freelist: 3371.
num_chunk_merges: 12.
num_chunk_splits: 2146.
num_chunks_enlarged: 1333.
num_inconsistent_stats: 0.

CodeHeap 'non-profiled nmethods': size=119168Kb used=5727Kb max_used=5727Kb free=113441Kb
 bounds [0x000001d7334b0000, 0x000001d733a50000, 0x000001d73a910000]
CodeHeap 'profiled nmethods': size=119104Kb used=15428Kb max_used=16281Kb free=103675Kb
 bounds [0x000001d72b910000, 0x000001d72c910000, 0x000001d732d60000]
CodeHeap 'non-nmethods': size=7488Kb used=1340Kb max_used=3154Kb free=6147Kb
 bounds [0x000001d732d60000, 0x000001d733080000, 0x000001d7334b0000]
 total_blobs=8436 nmethods=7755 adapters=595
 compilation: enabled
              stopped_count=0, restarted_count=0
 full_count=0

Compilation events (20 events):
Event: 61.879 Thread 0x000001d74bd377f0 nmethod 9249 0x000001d72ba20010 code [0x000001d72ba204c0, 0x000001d72ba229e8]
Event: 77.824 Thread 0x000001d741f4a790 9254       3       java.util.TaskQueue::rescheduleMin (16 bytes)
Event: 77.825 Thread 0x000001d741f4a790 nmethod 9254 0x000001d72bb46c90 code [0x000001d72bb46e40, 0x000001d72bb46fa8]
Event: 77.825 Thread 0x000001d741f4a790 9255       3       org.eclipse.buildship.core.internal.util.progress.RateLimitingProgressMonitor$1::run (55 bytes)
Event: 77.826 Thread 0x000001d741f4a790 nmethod 9255 0x000001d72c256f90 code [0x000001d72c257380, 0x000001d72c259038]
Event: 141.763 Thread 0x000001d741efca60 9256       4       java.util.TaskQueue::getMin (7 bytes)
Event: 141.764 Thread 0x000001d741efca60 nmethod 9256 0x000001d733a47310 code [0x000001d733a47480, 0x000001d733a47538]
Event: 306.311 Thread 0x000001d741f4a790 9257       1       org.eclipse.core.internal.jobs.InternalJob::setNext (6 bytes)
Event: 306.312 Thread 0x000001d741f4a790 nmethod 9257 0x000001d733a47610 code [0x000001d733a477a0, 0x000001d733a47878]
Event: 306.312 Thread 0x000001d741f4a790 9258       1       org.eclipse.core.internal.jobs.InternalJob::setPrevious (6 bytes)
Event: 306.312 Thread 0x000001d741f4a790 nmethod 9258 0x000001d733a47910 code [0x000001d733a47aa0, 0x000001d733a47b78]
Event: 306.317 Thread 0x000001d741f4a790 9259       3       org.eclipse.core.internal.utils.StringPool::add (50 bytes)
Event: 306.317 Thread 0x000001d741efca60 9263       4       java.util.HashMap::putIfAbsent (13 bytes)
Event: 306.317 Thread 0x000001d741f4a790 nmethod 9259 0x000001d72c83ff10 code [0x000001d72c8400e0, 0x000001d72c8405a8]
Event: 306.317 Thread 0x000001d741f4a790 9261       3       org.eclipse.core.internal.dtree.AbstractDataTreeNode::storeStrings (42 bytes)
Event: 306.318 Thread 0x000001d741f4a790 nmethod 9261 0x000001d72bf5c410 code [0x000001d72bf5c5e0, 0x000001d72bf5c958]
Event: 306.318 Thread 0x000001d741f4a790 9260       3       org.eclipse.core.internal.dtree.DataTreeNode::storeStrings (28 bytes)
Event: 306.318 Thread 0x000001d741f4a790 nmethod 9260 0x000001d72bf5bc90 code [0x000001d72bf5be60, 0x000001d72bf5c2b8]
Event: 306.318 Thread 0x000001d741f4a790 9262       3       org.eclipse.core.internal.resources.ResourceInfo::shareStrings (43 bytes)
Event: 306.318 Thread 0x000001d741f4a790 nmethod 9262 0x000001d72bf5b410 code [0x000001d72bf5b5e0, 0x000001d72bf5b8a8]

GC Heap History (20 events):
Event: 59.225 GC heap before
{Heap before GC invocations=48 (full 3):
 PSYoungGen      total 19456K, used 19168K [0x00000000eab00000, 0x00000000ec480000, 0x0000000100000000)
  eden space 18944K, 100% used [0x00000000eab00000,0x00000000ebd80000,0x00000000ebd80000)
  from space 512K, 43% used [0x00000000ec400000,0x00000000ec438000,0x00000000ec480000)
  to   space 512K, 0% used [0x00000000ec380000,0x00000000ec380000,0x00000000ec400000)
 ParOldGen       total 68608K, used 54879K [0x00000000c0000000, 0x00000000c4300000, 0x00000000eab00000)
  object space 68608K, 79% used [0x00000000c0000000,0x00000000c3597e88,0x00000000c4300000)
 Metaspace       used 63903K, committed 65088K, reserved 1114112K
  class space    used 7342K, committed 7872K, reserved 1048576K
}
Event: 59.226 GC heap after
{Heap after GC invocations=48 (full 3):
 PSYoungGen      total 19456K, used 224K [0x00000000eab00000, 0x00000000ec480000, 0x0000000100000000)
  eden space 18944K, 0% used [0x00000000eab00000,0x00000000eab00000,0x00000000ebd80000)
  from space 512K, 43% used [0x00000000ec380000,0x00000000ec3b8000,0x00000000ec400000)
  to   space 512K, 0% used [0x00000000ec400000,0x00000000ec400000,0x00000000ec480000)
 ParOldGen       total 68608K, used 54943K [0x00000000c0000000, 0x00000000c4300000, 0x00000000eab00000)
  object space 68608K, 80% used [0x00000000c0000000,0x00000000c35a7e88,0x00000000c4300000)
 Metaspace       used 63903K, committed 65088K, reserved 1114112K
  class space    used 7342K, committed 7872K, reserved 1048576K
}
Event: 59.319 GC heap before
{Heap before GC invocations=49 (full 3):
 PSYoungGen      total 19456K, used 19168K [0x00000000eab00000, 0x00000000ec480000, 0x0000000100000000)
  eden space 18944K, 100% used [0x00000000eab00000,0x00000000ebd80000,0x00000000ebd80000)
  from space 512K, 43% used [0x00000000ec380000,0x00000000ec3b8000,0x00000000ec400000)
  to   space 512K, 0% used [0x00000000ec400000,0x00000000ec400000,0x00000000ec480000)
 ParOldGen       total 68608K, used 54943K [0x00000000c0000000, 0x00000000c4300000, 0x00000000eab00000)
  object space 68608K, 80% used [0x00000000c0000000,0x00000000c35a7e88,0x00000000c4300000)
 Metaspace       used 63908K, committed 65088K, reserved 1114112K
  class space    used 7342K, committed 7872K, reserved 1048576K
}
Event: 59.319 GC heap after
{Heap after GC invocations=49 (full 3):
 PSYoungGen      total 19456K, used 352K [0x00000000eab00000, 0x00000000ec480000, 0x0000000100000000)
  eden space 18944K, 0% used [0x00000000eab00000,0x00000000eab00000,0x00000000ebd80000)
  from space 512K, 68% used [0x00000000ec400000,0x00000000ec458000,0x00000000ec480000)
  to   space 512K, 0% used [0x00000000ec380000,0x00000000ec380000,0x00000000ec400000)
 ParOldGen       total 68608K, used 54943K [0x00000000c0000000, 0x00000000c4300000, 0x00000000eab00000)
  object space 68608K, 80% used [0x00000000c0000000,0x00000000c35a7e88,0x00000000c4300000)
 Metaspace       used 63908K, committed 65088K, reserved 1114112K
  class space    used 7342K, committed 7872K, reserved 1048576K
}
Event: 59.771 GC heap before
{Heap before GC invocations=50 (full 3):
 PSYoungGen      total 19456K, used 19296K [0x00000000eab00000, 0x00000000ec480000, 0x0000000100000000)
  eden space 18944K, 100% used [0x00000000eab00000,0x00000000ebd80000,0x00000000ebd80000)
  from space 512K, 68% used [0x00000000ec400000,0x00000000ec458000,0x00000000ec480000)
  to   space 512K, 0% used [0x00000000ec380000,0x00000000ec380000,0x00000000ec400000)
 ParOldGen       total 68608K, used 54943K [0x00000000c0000000, 0x00000000c4300000, 0x00000000eab00000)
  object space 68608K, 80% used [0x00000000c0000000,0x00000000c35a7e88,0x00000000c4300000)
 Metaspace       used 63911K, committed 65088K, reserved 1114112K
  class space    used 7342K, committed 7872K, reserved 1048576K
}
Event: 59.771 GC heap after
{Heap after GC invocations=50 (full 3):
 PSYoungGen      total 19456K, used 160K [0x00000000eab00000, 0x00000000ec480000, 0x0000000100000000)
  eden space 18944K, 0% used [0x00000000eab00000,0x00000000eab00000,0x00000000ebd80000)
  from space 512K, 31% used [0x00000000ec380000,0x00000000ec3a8000,0x00000000ec400000)
  to   space 512K, 0% used [0x00000000ec400000,0x00000000ec400000,0x00000000ec480000)
 ParOldGen       total 68608K, used 54991K [0x00000000c0000000, 0x00000000c4300000, 0x00000000eab00000)
  object space 68608K, 80% used [0x00000000c0000000,0x00000000c35b3e88,0x00000000c4300000)
 Metaspace       used 63911K, committed 65088K, reserved 1114112K
  class space    used 7342K, committed 7872K, reserved 1048576K
}
Event: 60.150 GC heap before
{Heap before GC invocations=51 (full 3):
 PSYoungGen      total 19456K, used 19104K [0x00000000eab00000, 0x00000000ec480000, 0x0000000100000000)
  eden space 18944K, 100% used [0x00000000eab00000,0x00000000ebd80000,0x00000000ebd80000)
  from space 512K, 31% used [0x00000000ec380000,0x00000000ec3a8000,0x00000000ec400000)
  to   space 512K, 0% used [0x00000000ec400000,0x00000000ec400000,0x00000000ec480000)
 ParOldGen       total 68608K, used 54991K [0x00000000c0000000, 0x00000000c4300000, 0x00000000eab00000)
  object space 68608K, 80% used [0x00000000c0000000,0x00000000c35b3e88,0x00000000c4300000)
 Metaspace       used 63913K, committed 65088K, reserved 1114112K
  class space    used 7342K, committed 7872K, reserved 1048576K
}
Event: 60.150 GC heap after
{Heap after GC invocations=51 (full 3):
 PSYoungGen      total 19456K, used 320K [0x00000000eab00000, 0x00000000ec480000, 0x0000000100000000)
  eden space 18944K, 0% used [0x00000000eab00000,0x00000000eab00000,0x00000000ebd80000)
  from space 512K, 62% used [0x00000000ec400000,0x00000000ec450000,0x00000000ec480000)
  to   space 512K, 0% used [0x00000000ec380000,0x00000000ec380000,0x00000000ec400000)
 ParOldGen       total 68608K, used 54991K [0x00000000c0000000, 0x00000000c4300000, 0x00000000eab00000)
  object space 68608K, 80% used [0x00000000c0000000,0x00000000c35b3e88,0x00000000c4300000)
 Metaspace       used 63913K, committed 65088K, reserved 1114112K
  class space    used 7342K, committed 7872K, reserved 1048576K
}
Event: 60.983 GC heap before
{Heap before GC invocations=52 (full 3):
 PSYoungGen      total 19456K, used 19264K [0x00000000eab00000, 0x00000000ec480000, 0x0000000100000000)
  eden space 18944K, 100% used [0x00000000eab00000,0x00000000ebd80000,0x00000000ebd80000)
  from space 512K, 62% used [0x00000000ec400000,0x00000000ec450000,0x00000000ec480000)
  to   space 512K, 0% used [0x00000000ec380000,0x00000000ec380000,0x00000000ec400000)
 ParOldGen       total 68608K, used 54991K [0x00000000c0000000, 0x00000000c4300000, 0x00000000eab00000)
  object space 68608K, 80% used [0x00000000c0000000,0x00000000c35b3e88,0x00000000c4300000)
 Metaspace       used 63979K, committed 65152K, reserved 1114112K
  class space    used 7351K, committed 7872K, reserved 1048576K
}
Event: 60.983 GC heap after
{Heap after GC invocations=52 (full 3):
 PSYoungGen      total 19456K, used 352K [0x00000000eab00000, 0x00000000ec480000, 0x0000000100000000)
  eden space 18944K, 0% used [0x00000000eab00000,0x00000000eab00000,0x00000000ebd80000)
  from space 512K, 68% used [0x00000000ec380000,0x00000000ec3d8000,0x00000000ec400000)
  to   space 512K, 0% used [0x00000000ec400000,0x00000000ec400000,0x00000000ec480000)
 ParOldGen       total 68608K, used 54991K [0x00000000c0000000, 0x00000000c4300000, 0x00000000eab00000)
  object space 68608K, 80% used [0x00000000c0000000,0x00000000c35b3e88,0x00000000c4300000)
 Metaspace       used 63979K, committed 65152K, reserved 1114112K
  class space    used 7351K, committed 7872K, reserved 1048576K
}
Event: 61.123 GC heap before
{Heap before GC invocations=53 (full 3):
 PSYoungGen      total 19456K, used 19296K [0x00000000eab00000, 0x00000000ec480000, 0x0000000100000000)
  eden space 18944K, 100% used [0x00000000eab00000,0x00000000ebd80000,0x00000000ebd80000)
  from space 512K, 68% used [0x00000000ec380000,0x00000000ec3d8000,0x00000000ec400000)
  to   space 512K, 0% used [0x00000000ec400000,0x00000000ec400000,0x00000000ec480000)
 ParOldGen       total 68608K, used 54991K [0x00000000c0000000, 0x00000000c4300000, 0x00000000eab00000)
  object space 68608K, 80% used [0x00000000c0000000,0x00000000c35b3e88,0x00000000c4300000)
 Metaspace       used 63981K, committed 65152K, reserved 1114112K
  class space    used 7352K, committed 7872K, reserved 1048576K
}
Event: 61.123 GC heap after
{Heap after GC invocations=53 (full 3):
 PSYoungGen      total 19456K, used 384K [0x00000000eab00000, 0x00000000ec480000, 0x0000000100000000)
  eden space 18944K, 0% used [0x00000000eab00000,0x00000000eab00000,0x00000000ebd80000)
  from space 512K, 75% used [0x00000000ec400000,0x00000000ec460000,0x00000000ec480000)
  to   space 512K, 0% used [0x00000000ec380000,0x00000000ec380000,0x00000000ec400000)
 ParOldGen       total 68608K, used 55087K [0x00000000c0000000, 0x00000000c4300000, 0x00000000eab00000)
  object space 68608K, 80% used [0x00000000c0000000,0x00000000c35cbe88,0x00000000c4300000)
 Metaspace       used 63981K, committed 65152K, reserved 1114112K
  class space    used 7352K, committed 7872K, reserved 1048576K
}
Event: 61.266 GC heap before
{Heap before GC invocations=54 (full 3):
 PSYoungGen      total 19456K, used 19328K [0x00000000eab00000, 0x00000000ec480000, 0x0000000100000000)
  eden space 18944K, 100% used [0x00000000eab00000,0x00000000ebd80000,0x00000000ebd80000)
  from space 512K, 75% used [0x00000000ec400000,0x00000000ec460000,0x00000000ec480000)
  to   space 512K, 0% used [0x00000000ec380000,0x00000000ec380000,0x00000000ec400000)
 ParOldGen       total 68608K, used 55087K [0x00000000c0000000, 0x00000000c4300000, 0x00000000eab00000)
  object space 68608K, 80% used [0x00000000c0000000,0x00000000c35cbe88,0x00000000c4300000)
 Metaspace       used 63981K, committed 65152K, reserved 1114112K
  class space    used 7352K, committed 7872K, reserved 1048576K
}
Event: 61.266 GC heap after
{Heap after GC invocations=54 (full 3):
 PSYoungGen      total 19456K, used 128K [0x00000000eab00000, 0x00000000ec480000, 0x0000000100000000)
  eden space 18944K, 0% used [0x00000000eab00000,0x00000000eab00000,0x00000000ebd80000)
  from space 512K, 25% used [0x00000000ec380000,0x00000000ec3a0000,0x00000000ec400000)
  to   space 512K, 0% used [0x00000000ec400000,0x00000000ec400000,0x00000000ec480000)
 ParOldGen       total 68608K, used 55175K [0x00000000c0000000, 0x00000000c4300000, 0x00000000eab00000)
  object space 68608K, 80% used [0x00000000c0000000,0x00000000c35e1e88,0x00000000c4300000)
 Metaspace       used 63981K, committed 65152K, reserved 1114112K
  class space    used 7352K, committed 7872K, reserved 1048576K
}
Event: 61.484 GC heap before
{Heap before GC invocations=55 (full 3):
 PSYoungGen      total 19456K, used 19072K [0x00000000eab00000, 0x00000000ec480000, 0x0000000100000000)
  eden space 18944K, 100% used [0x00000000eab00000,0x00000000ebd80000,0x00000000ebd80000)
  from space 512K, 25% used [0x00000000ec380000,0x00000000ec3a0000,0x00000000ec400000)
  to   space 512K, 0% used [0x00000000ec400000,0x00000000ec400000,0x00000000ec480000)
 ParOldGen       total 68608K, used 55175K [0x00000000c0000000, 0x00000000c4300000, 0x00000000eab00000)
  object space 68608K, 80% used [0x00000000c0000000,0x00000000c35e1e88,0x00000000c4300000)
 Metaspace       used 65262K, committed 66496K, reserved 1114112K
  class space    used 7492K, committed 8064K, reserved 1048576K
}
Event: 61.488 GC heap after
{Heap after GC invocations=55 (full 3):
 PSYoungGen      total 19456K, used 497K [0x00000000eab00000, 0x00000000ec480000, 0x0000000100000000)
  eden space 18944K, 0% used [0x00000000eab00000,0x00000000eab00000,0x00000000ebd80000)
  from space 512K, 97% used [0x00000000ec400000,0x00000000ec47c438,0x00000000ec480000)
  to   space 2048K, 0% used [0x00000000ec080000,0x00000000ec080000,0x00000000ec280000)
 ParOldGen       total 68608K, used 56268K [0x00000000c0000000, 0x00000000c4300000, 0x00000000eab00000)
  object space 68608K, 82% used [0x00000000c0000000,0x00000000c36f33b8,0x00000000c4300000)
 Metaspace       used 65262K, committed 66496K, reserved 1114112K
  class space    used 7492K, committed 8064K, reserved 1048576K
}
Event: 61.627 GC heap before
{Heap before GC invocations=56 (full 3):
 PSYoungGen      total 19456K, used 19441K [0x00000000eab00000, 0x00000000ec480000, 0x0000000100000000)
  eden space 18944K, 100% used [0x00000000eab00000,0x00000000ebd80000,0x00000000ebd80000)
  from space 512K, 97% used [0x00000000ec400000,0x00000000ec47c438,0x00000000ec480000)
  to   space 2048K, 0% used [0x00000000ec080000,0x00000000ec080000,0x00000000ec280000)
 ParOldGen       total 68608K, used 56268K [0x00000000c0000000, 0x00000000c4300000, 0x00000000eab00000)
  object space 68608K, 82% used [0x00000000c0000000,0x00000000c36f33b8,0x00000000c4300000)
 Metaspace       used 65904K, committed 67136K, reserved 1114112K
  class space    used 7543K, committed 8128K, reserved 1048576K
}
Event: 61.628 GC heap after
{Heap after GC invocations=56 (full 3):
 PSYoungGen      total 20992K, used 800K [0x00000000eab00000, 0x00000000ec480000, 0x0000000100000000)
  eden space 18944K, 0% used [0x00000000eab00000,0x00000000eab00000,0x00000000ebd80000)
  from space 2048K, 39% used [0x00000000ec080000,0x00000000ec148000,0x00000000ec280000)
  to   space 1536K, 0% used [0x00000000ec300000,0x00000000ec300000,0x00000000ec480000)
 ParOldGen       total 68608K, used 56719K [0x00000000c0000000, 0x00000000c4300000, 0x00000000eab00000)
  object space 68608K, 82% used [0x00000000c0000000,0x00000000c3763f08,0x00000000c4300000)
 Metaspace       used 65904K, committed 67136K, reserved 1114112K
  class space    used 7543K, committed 8128K, reserved 1048576K
}
Event: 306.314 GC heap before
{Heap before GC invocations=57 (full 3):
 PSYoungGen      total 20992K, used 19744K [0x00000000eab00000, 0x00000000ec480000, 0x0000000100000000)
  eden space 18944K, 100% used [0x00000000eab00000,0x00000000ebd80000,0x00000000ebd80000)
  from space 2048K, 39% used [0x00000000ec080000,0x00000000ec148000,0x00000000ec280000)
  to   space 1536K, 0% used [0x00000000ec300000,0x00000000ec300000,0x00000000ec480000)
 ParOldGen       total 68608K, used 56719K [0x00000000c0000000, 0x00000000c4300000, 0x00000000eab00000)
  object space 68608K, 82% used [0x00000000c0000000,0x00000000c3763f08,0x00000000c4300000)
 Metaspace       used 68071K, committed 69312K, reserved 1114112K
  class space    used 7794K, committed 8384K, reserved 1048576K
}
Event: 306.316 GC heap after
{Heap after GC invocations=57 (full 3):
 PSYoungGen      total 19968K, used 760K [0x00000000eab00000, 0x00000000ec400000, 0x0000000100000000)
  eden space 18944K, 0% used [0x00000000eab00000,0x00000000eab00000,0x00000000ebd80000)
  from space 1024K, 74% used [0x00000000ec300000,0x00000000ec3be208,0x00000000ec400000)
  to   space 1024K, 0% used [0x00000000ec200000,0x00000000ec200000,0x00000000ec300000)
 ParOldGen       total 68608K, used 57248K [0x00000000c0000000, 0x00000000c4300000, 0x00000000eab00000)
  object space 68608K, 83% used [0x00000000c0000000,0x00000000c37e8288,0x00000000c4300000)
 Metaspace       used 68071K, committed 69312K, reserved 1114112K
  class space    used 7794K, committed 8384K, reserved 1048576K
}

Dll operation events (15 events):
Event: 0.014 Loaded shared library c:\Users\devan\.vscode\extensions\redhat.java-1.30.0-win32-x64\jre\17.0.10-win32-x86_64\bin\java.dll
Event: 0.335 Loaded shared library c:\Users\devan\.vscode\extensions\redhat.java-1.30.0-win32-x64\jre\17.0.10-win32-x86_64\bin\zip.dll
Event: 0.339 Loaded shared library C:\Users\devan\.vscode\extensions\redhat.java-1.30.0-win32-x64\jre\17.0.10-win32-x86_64\bin\instrument.dll
Event: 0.386 Loaded shared library C:\Users\devan\.vscode\extensions\redhat.java-1.30.0-win32-x64\jre\17.0.10-win32-x86_64\bin\net.dll
Event: 0.391 Loaded shared library C:\Users\devan\.vscode\extensions\redhat.java-1.30.0-win32-x64\jre\17.0.10-win32-x86_64\bin\nio.dll
Event: 0.401 Loaded shared library C:\Users\devan\.vscode\extensions\redhat.java-1.30.0-win32-x64\jre\17.0.10-win32-x86_64\bin\zip.dll
Event: 0.474 Loaded shared library C:\Users\devan\.vscode\extensions\redhat.java-1.30.0-win32-x64\jre\17.0.10-win32-x86_64\bin\jimage.dll
Event: 0.684 Loaded shared library c:\Users\devan\.vscode\extensions\redhat.java-1.30.0-win32-x64\jre\17.0.10-win32-x86_64\bin\verify.dll
Event: 3.796 Loaded shared library C:\Users\devan\AppData\Roaming\Code\User\globalStorage\redhat.java\1.30.0\config_win\org.eclipse.equinox.launcher\org.eclipse.equinox.launcher.win32.win32.x86_64_1.2.900.v20240213-1244\eclipse_11900.dll
Event: 8.356 Loaded shared library C:\Users\devan\AppData\Local\Temp\jna--1335164507\jna16002697884880909136.dll
Event: 13.869 Loaded shared library C:\Users\devan\.gradle\native\68d5fa5c4cc2d200863cafc0d521ce42e7d3e7ee720ec0a83991735586a16f82\windows-amd64\native-platform.dll
Event: 14.935 Loaded shared library C:\Users\devan\.vscode\extensions\redhat.java-1.30.0-win32-x64\jre\17.0.10-win32-x86_64\bin\management.dll
Event: 14.939 Loaded shared library C:\Users\devan\.vscode\extensions\redhat.java-1.30.0-win32-x64\jre\17.0.10-win32-x86_64\bin\management_ext.dll
Event: 15.466 Loaded shared library C:\Users\devan\.vscode\extensions\redhat.java-1.30.0-win32-x64\jre\17.0.10-win32-x86_64\bin\extnet.dll
Event: 17.647 Loaded shared library C:\Users\devan\.vscode\extensions\redhat.java-1.30.0-win32-x64\jre\17.0.10-win32-x86_64\bin\sunmscapi.dll

Deoptimization events (20 events):
Event: 61.804 Thread 0x000001d74494a810 Uncommon trap: trap_request=0xffffff45 fr.pc=0x000001d7338399b4 relative=0x0000000000000d14
Event: 61.804 Thread 0x000001d74494a810 Uncommon trap: reason=unstable_if action=reinterpret pc=0x000001d7338399b4 method=org.eclipse.jdt.internal.core.util.Util.splitOn(CLjava/lang/String;II)[Ljava/lang/String; @ 16 c2
Event: 61.804 Thread 0x000001d74494a810 DEOPT PACKING pc=0x000001d7338399b4 sp=0x0000007eb5cfead0
Event: 61.804 Thread 0x000001d74494a810 DEOPT UNPACKING pc=0x000001d732db66a3 sp=0x0000007eb5cfeab0 mode 2
Event: 61.840 Thread 0x000001d74494a810 Uncommon trap: trap_request=0xffffffbe fr.pc=0x000001d7336c6b60 relative=0x00000000000007e0
Event: 61.840 Thread 0x000001d74494a810 Uncommon trap: reason=profile_predicate action=maybe_recompile pc=0x000001d7336c6b60 method=java.util.regex.Pattern$BnM.optimize(Ljava/util/regex/Pattern$Node;)Ljava/util/regex/Pattern$Node; @ 67 c2
Event: 61.840 Thread 0x000001d74494a810 DEOPT PACKING pc=0x000001d7336c6b60 sp=0x0000007eb5cff0e0
Event: 61.840 Thread 0x000001d74494a810 DEOPT UNPACKING pc=0x000001d732db66a3 sp=0x0000007eb5cff010 mode 2
Event: 61.859 Thread 0x000001d74494a810 Uncommon trap: trap_request=0xffffffc6 fr.pc=0x000001d733622200 relative=0x00000000000001e0
Event: 61.859 Thread 0x000001d74494a810 Uncommon trap: reason=bimorphic_or_optimized_type_check action=maybe_recompile pc=0x000001d733622200 method=java.util.Collections.eq(Ljava/lang/Object;Ljava/lang/Object;)Z @ 18 c2
Event: 61.859 Thread 0x000001d74494a810 DEOPT PACKING pc=0x000001d733622200 sp=0x0000007eb5cfecb0
Event: 61.859 Thread 0x000001d74494a810 DEOPT UNPACKING pc=0x000001d732db66a3 sp=0x0000007eb5cfebf0 mode 2
Event: 61.860 Thread 0x000001d74494a810 Uncommon trap: trap_request=0xffffffc6 fr.pc=0x000001d733622200 relative=0x00000000000001e0
Event: 61.860 Thread 0x000001d74494a810 Uncommon trap: reason=bimorphic_or_optimized_type_check action=maybe_recompile pc=0x000001d733622200 method=java.util.Collections.eq(Ljava/lang/Object;Ljava/lang/Object;)Z @ 18 c2
Event: 61.860 Thread 0x000001d74494a810 DEOPT PACKING pc=0x000001d733622200 sp=0x0000007eb5cfee10
Event: 61.860 Thread 0x000001d74494a810 DEOPT UNPACKING pc=0x000001d732db66a3 sp=0x0000007eb5cfed50 mode 2
Event: 61.873 Thread 0x000001d74494a810 Uncommon trap: trap_request=0xffffffbe fr.pc=0x000001d7336c6b60 relative=0x00000000000007e0
Event: 61.873 Thread 0x000001d74494a810 Uncommon trap: reason=profile_predicate action=maybe_recompile pc=0x000001d7336c6b60 method=java.util.regex.Pattern$BnM.optimize(Ljava/util/regex/Pattern$Node;)Ljava/util/regex/Pattern$Node; @ 67 c2
Event: 61.873 Thread 0x000001d74494a810 DEOPT PACKING pc=0x000001d7336c6b60 sp=0x0000007eb5cff0e0
Event: 61.873 Thread 0x000001d74494a810 DEOPT UNPACKING pc=0x000001d732db66a3 sp=0x0000007eb5cff010 mode 2

Classes unloaded (9 events):
Event: 5.724 Thread 0x000001d73cb0ea30 Unloading class 0x000000010024c400 'java/lang/invoke/LambdaForm$MH+0x000000010024c400'
Event: 5.724 Thread 0x000001d73cb0ea30 Unloading class 0x000000010024c000 'java/lang/invoke/LambdaForm$MH+0x000000010024c000'
Event: 5.724 Thread 0x000001d73cb0ea30 Unloading class 0x000000010024bc00 'java/lang/invoke/LambdaForm$MH+0x000000010024bc00'
Event: 5.724 Thread 0x000001d73cb0ea30 Unloading class 0x000000010024b800 'java/lang/invoke/LambdaForm$MH+0x000000010024b800'
Event: 5.724 Thread 0x000001d73cb0ea30 Unloading class 0x000000010024b400 'java/lang/invoke/LambdaForm$BMH+0x000000010024b400'
Event: 5.724 Thread 0x000001d73cb0ea30 Unloading class 0x000000010024b000 'java/lang/invoke/LambdaForm$DMH+0x000000010024b000'
Event: 5.724 Thread 0x000001d73cb0ea30 Unloading class 0x0000000100248400 'java/lang/invoke/LambdaForm$DMH+0x0000000100248400'
Event: 8.164 Thread 0x000001d73cb0ea30 Unloading class 0x000000010038d000 'java/lang/invoke/LambdaForm$MH+0x000000010038d000'
Event: 8.164 Thread 0x000001d73cb0ea30 Unloading class 0x000000010038b400 'java/lang/invoke/LambdaForm$MH+0x000000010038b400'

Classes redefined (0 events):
No events

Internal exceptions (20 events):
Event: 61.368 Thread 0x000001d746bddd80 Implicit null exception at 0x000001d7339556ef to 0x000001d733955b6c
Event: 61.378 Thread 0x000001d746bddd80 Exception <a 'sun/nio/fs/WindowsException'{0x00000000eb4ed440}> (0x00000000eb4ed440) 
thrown [s\src\hotspot\share\prims\jni.cpp, line 516]
Event: 61.383 Thread 0x000001d746bddd80 Exception <a 'java/lang/NoSuchMethodError'{0x00000000eb536080}: 'java.lang.Object java.lang.invoke.DirectMethodHandle$Holder.invokeStatic(java.lang.Object, java.lang.Object, int, java.lang.Object)'> (0x00000000eb536080) 
thrown [s\src\hotspot\share\interpreter\linkResolver.cpp, line 759]
Event: 61.391 Thread 0x000001d744949df0 Exception <a 'java/io/FileNotFoundException'{0x00000000eb6f8a70}> (0x00000000eb6f8a70) 
thrown [s\src\hotspot\share\prims\jni.cpp, line 516]
Event: 61.392 Thread 0x000001d744949df0 Exception <a 'java/io/FileNotFoundException'{0x00000000eb6f9a68}> (0x00000000eb6f9a68) 
thrown [s\src\hotspot\share\prims\jni.cpp, line 516]
Event: 61.392 Thread 0x000001d744949df0 Exception <a 'java/io/FileNotFoundException'{0x00000000eb6fa7b8}> (0x00000000eb6fa7b8) 
thrown [s\src\hotspot\share\prims\jni.cpp, line 516]
Event: 61.420 Thread 0x000001d749e31570 Exception <a 'java/lang/NoSuchMethodError'{0x00000000eb8f6e88}: 'java.lang.Object java.lang.invoke.DirectMethodHandle$Holder.newInvokeSpecial(java.lang.Object, java.lang.Object, java.lang.Object, java.lang.Object, java.lang.Object, java.lang.Object)'> (0x00000000eb8f6e88) 
thrown [s\src\hotspot\share\interpreter\linkResolver.cpp, line 759]
Event: 61.425 Thread 0x000001d749e31570 Exception <a 'java/lang/NoSuchMethodError'{0x00000000eb923428}: 'int java.lang.invoke.DirectMethodHandle$Holder.invokeStatic(java.lang.Object)'> (0x00000000eb923428) 
thrown [s\src\hotspot\share\interpreter\linkResolver.cpp, line 759]
Event: 61.448 Thread 0x000001d749e31570 Exception <a 'java/io/FileNotFoundException'{0x00000000eba211c8}> (0x00000000eba211c8) 
thrown [s\src\hotspot\share\prims\jni.cpp, line 516]
Event: 61.449 Thread 0x000001d749e31570 Exception <a 'java/io/FileNotFoundException'{0x00000000eba221b0}> (0x00000000eba221b0) 
thrown [s\src\hotspot\share\prims\jni.cpp, line 516]
Event: 61.449 Thread 0x000001d749e31570 Exception <a 'java/io/FileNotFoundException'{0x00000000eba23988}> (0x00000000eba23988) 
thrown [s\src\hotspot\share\prims\jni.cpp, line 516]
Event: 61.449 Thread 0x000001d749e31570 Exception <a 'java/io/FileNotFoundException'{0x00000000eba24c40}> (0x00000000eba24c40) 
thrown [s\src\hotspot\share\prims\jni.cpp, line 516]
Event: 61.449 Thread 0x000001d749e31570 Exception <a 'java/io/FileNotFoundException'{0x00000000eba25c48}> (0x00000000eba25c48) 
thrown [s\src\hotspot\share\prims\jni.cpp, line 516]
Event: 61.489 Thread 0x000001d749e329b0 Implicit null exception at 0x000001d73379ee82 to 0x000001d73379eff0
Event: 61.519 Thread 0x000001d749e329b0 Exception <a 'java/lang/NoSuchMethodError'{0x00000000eb052c98}: 'java.lang.Object java.lang.invoke.DirectMethodHandle$Holder.invokeInterface(java.lang.Object, java.lang.Object, java.lang.Object)'> (0x00000000eb052c98) 
thrown [s\src\hotspot\share\interpreter\linkResolver.cpp, line 759]
Event: 61.554 Thread 0x000001d749e31570 Exception <a 'java/lang/NoSuchMethodError'{0x00000000eb9aef70}: 'java.lang.Object java.lang.invoke.DirectMethodHandle$Holder.invokeVirtual(java.lang.Object, java.lang.Object, java.lang.Object)'> (0x00000000eb9aef70) 
thrown [s\src\hotspot\share\interpreter\linkResolver.cpp, line 759]
Event: 61.782 Thread 0x000001d74494a810 Exception <a 'java/io/FileNotFoundException'{0x00000000eb5e96a0}> (0x00000000eb5e96a0) 
thrown [s\src\hotspot\share\prims\jni.cpp, line 516]
Event: 61.783 Thread 0x000001d74494a810 Exception <a 'java/io/FileNotFoundException'{0x00000000eb5ea418}> (0x00000000eb5ea418) 
thrown [s\src\hotspot\share\prims\jni.cpp, line 516]
Event: 61.866 Thread 0x000001d74494a810 Exception <a 'java/io/FileNotFoundException'{0x00000000ebd0eb40}> (0x00000000ebd0eb40) 
thrown [s\src\hotspot\share\prims\jni.cpp, line 516]
Event: 61.866 Thread 0x000001d74494a810 Exception <a 'java/io/FileNotFoundException'{0x00000000ebd0f8a0}> (0x00000000ebd0f8a0) 
thrown [s\src\hotspot\share\prims\jni.cpp, line 516]

VM Operations (20 events):
Event: 61.403 Executing VM operation: HandshakeAllThreads
Event: 61.403 Executing VM operation: HandshakeAllThreads done
Event: 61.484 Executing VM operation: ParallelGCFailedAllocation
Event: 61.491 Executing VM operation: ParallelGCFailedAllocation done
Event: 61.560 Executing VM operation: HandshakeAllThreads
Event: 61.560 Executing VM operation: HandshakeAllThreads done
Event: 61.627 Executing VM operation: ParallelGCFailedAllocation
Event: 61.628 Executing VM operation: ParallelGCFailedAllocation done
Event: 61.765 Executing VM operation: HandshakeAllThreads
Event: 61.765 Executing VM operation: HandshakeAllThreads done
Event: 61.799 Executing VM operation: HandshakeAllThreads
Event: 61.799 Executing VM operation: HandshakeAllThreads done
Event: 61.802 Executing VM operation: HandshakeAllThreads
Event: 61.802 Executing VM operation: HandshakeAllThreads done
Event: 62.802 Executing VM operation: Cleanup
Event: 62.802 Executing VM operation: Cleanup done
Event: 120.366 Executing VM operation: HandshakeAllThreads
Event: 120.366 Executing VM operation: HandshakeAllThreads done
Event: 306.314 Executing VM operation: ParallelGCFailedAllocation
Event: 306.316 Executing VM operation: ParallelGCFailedAllocation done

Events (20 events):
Event: 61.790 loading class java/util/stream/DistinctOps done
Event: 61.790 loading class java/util/stream/DistinctOps$1
Event: 61.791 loading class java/util/stream/DistinctOps$1 done
Event: 61.791 loading class java/util/stream/DistinctOps$1$2
Event: 61.791 loading class java/util/stream/DistinctOps$1$2 done
Event: 61.819 Thread 0x000001d74bd342d0 Thread added: 0x000001d74bd342d0
Event: 61.854 loading class java/io/SequenceInputStream
Event: 61.854 loading class java/io/SequenceInputStream done
Event: 66.877 Thread 0x000001d74bd39280 Thread exited: 0x000001d74bd39280
Event: 66.878 Thread 0x000001d74bd342d0 Thread exited: 0x000001d74bd342d0
Event: 66.879 Thread 0x000001d74bd377f0 Thread exited: 0x000001d74bd377f0
Event: 71.878 Thread 0x000001d745944750 Thread exited: 0x000001d745944750
Event: 75.260 Thread 0x000001d744947060 Thread exited: 0x000001d744947060
Event: 75.261 Thread 0x000001d749e33df0 Thread exited: 0x000001d749e33df0
Event: 75.269 Thread 0x000001d746be1530 Thread exited: 0x000001d746be1530
Event: 121.799 Thread 0x000001d749e329b0 Thread exited: 0x000001d749e329b0
Event: 121.824 Thread 0x000001d744949df0 Thread exited: 0x000001d744949df0
Event: 121.833 Thread 0x000001d7449493d0 Thread exited: 0x000001d7449493d0
Event: 181.799 Thread 0x000001d749e31570 Thread exited: 0x000001d749e31570
Event: 241.813 Thread 0x000001d749e31060 Thread exited: 0x000001d749e31060


Dynamic libraries:
0x00007ff794780000 - 0x00007ff79478e000 	c:\Users\devan\.vscode\extensions\redhat.java-1.30.0-win32-x64\jre\17.0.10-win32-x86_64\bin\java.exe
0x00007ffed8930000 - 0x00007ffed8b47000 	C:\WINDOWS\SYSTEM32\ntdll.dll
0x00007ffed7c10000 - 0x00007ffed7cd4000 	C:\WINDOWS\System32\KERNEL32.DLL
0x00007ffed6010000 - 0x00007ffed63b6000 	C:\WINDOWS\System32\KERNELBASE.dll
0x00007ffed5ca0000 - 0x00007ffed5db1000 	C:\WINDOWS\System32\ucrtbase.dll
0x00007ffea2560000 - 0x00007ffea2577000 	c:\Users\devan\.vscode\extensions\redhat.java-1.30.0-win32-x64\jre\17.0.10-win32-x86_64\bin\jli.dll
0x00007ffea1ee0000 - 0x00007ffea1efb000 	c:\Users\devan\.vscode\extensions\redhat.java-1.30.0-win32-x64\jre\17.0.10-win32-x86_64\bin\VCRUNTIME140.dll
0x00007ffed7e50000 - 0x00007ffed7ffe000 	C:\WINDOWS\System32\USER32.dll
0x00007ffed64e0000 - 0x00007ffed6506000 	C:\WINDOWS\System32\win32u.dll
0x00007ffecf000000 - 0x00007ffecf293000 	C:\WINDOWS\WinSxS\amd64_microsoft.windows.common-controls_6595b64144ccf1df_6.0.22621.2506_none_270c5ae97388e100\COMCTL32.dll
0x00007ffed7e20000 - 0x00007ffed7e49000 	C:\WINDOWS\System32\GDI32.dll
0x00007ffed63c0000 - 0x00007ffed64d8000 	C:\WINDOWS\System32\gdi32full.dll
0x00007ffed7cf0000 - 0x00007ffed7d97000 	C:\WINDOWS\System32\msvcrt.dll
0x00007ffed5e40000 - 0x00007ffed5eda000 	C:\WINDOWS\System32\msvcp_win.dll
0x00007ffed6760000 - 0x00007ffed6791000 	C:\WINDOWS\System32\IMM32.DLL
0x00007ffeca880000 - 0x00007ffeca88c000 	c:\Users\devan\.vscode\extensions\redhat.java-1.30.0-win32-x64\jre\17.0.10-win32-x86_64\bin\vcruntime140_1.dll
0x00007ffe7c680000 - 0x00007ffe7c70d000 	c:\Users\devan\.vscode\extensions\redhat.java-1.30.0-win32-x64\jre\17.0.10-win32-x86_64\bin\msvcp140.dll
0x00007ffe55690000 - 0x00007ffe562f2000 	c:\Users\devan\.vscode\extensions\redhat.java-1.30.0-win32-x64\jre\17.0.10-win32-x86_64\bin\server\jvm.dll
0x00007ffed8830000 - 0x00007ffed88e3000 	C:\WINDOWS\System32\ADVAPI32.dll
0x00007ffed6da0000 - 0x00007ffed6e48000 	C:\WINDOWS\System32\sechost.dll
0x00007ffed5c70000 - 0x00007ffed5c98000 	C:\WINDOWS\System32\bcrypt.dll
0x00007ffed6c80000 - 0x00007ffed6d97000 	C:\WINDOWS\System32\RPCRT4.dll
0x00007ffed58c0000 - 0x00007ffed590d000 	C:\WINDOWS\SYSTEM32\POWRPROF.dll
0x00007ffeb9ed0000 - 0x00007ffeb9ed9000 	C:\WINDOWS\SYSTEM32\WSOCK32.dll
0x00007ffecea80000 - 0x00007ffeceab4000 	C:\WINDOWS\SYSTEM32\WINMM.dll
0x00007ffed7da0000 - 0x00007ffed7e11000 	C:\WINDOWS\System32\WS2_32.dll
0x00007ffecda20000 - 0x00007ffecda2a000 	C:\WINDOWS\SYSTEM32\VERSION.dll
0x00007ffed58a0000 - 0x00007ffed58b3000 	C:\WINDOWS\SYSTEM32\UMPDC.dll
0x00007ffed4c80000 - 0x00007ffed4c98000 	C:\WINDOWS\SYSTEM32\kernel.appcore.dll
0x00007ffec4050000 - 0x00007ffec405a000 	c:\Users\devan\.vscode\extensions\redhat.java-1.30.0-win32-x64\jre\17.0.10-win32-x86_64\bin\jimage.dll
0x00007ffecc460000 - 0x00007ffecc693000 	C:\WINDOWS\SYSTEM32\DBGHELP.DLL
0x00007ffed67a0000 - 0x00007ffed6b29000 	C:\WINDOWS\System32\combase.dll
0x00007ffed6680000 - 0x00007ffed6757000 	C:\WINDOWS\System32\OLEAUT32.dll
0x00007ffecc150000 - 0x00007ffecc182000 	C:\WINDOWS\SYSTEM32\dbgcore.DLL
0x00007ffed5dc0000 - 0x00007ffed5e3a000 	C:\WINDOWS\System32\bcryptPrimitives.dll
0x00007ffec3120000 - 0x00007ffec312e000 	c:\Users\devan\.vscode\extensions\redhat.java-1.30.0-win32-x64\jre\17.0.10-win32-x86_64\bin\instrument.dll
0x00007ffe93530000 - 0x00007ffe93555000 	c:\Users\devan\.vscode\extensions\redhat.java-1.30.0-win32-x64\jre\17.0.10-win32-x86_64\bin\java.dll
0x00007ffe9f480000 - 0x00007ffe9f498000 	c:\Users\devan\.vscode\extensions\redhat.java-1.30.0-win32-x64\jre\17.0.10-win32-x86_64\bin\zip.dll
0x00007ffed6ee0000 - 0x00007ffed773a000 	C:\WINDOWS\System32\SHELL32.dll
0x00007ffed3b70000 - 0x00007ffed4466000 	C:\WINDOWS\SYSTEM32\windows.storage.dll
0x00007ffed3a30000 - 0x00007ffed3b6e000 	C:\WINDOWS\SYSTEM32\wintypes.dll
0x00007ffed8000000 - 0x00007ffed80f3000 	C:\WINDOWS\System32\SHCORE.dll
0x00007ffed6b30000 - 0x00007ffed6b8e000 	C:\WINDOWS\System32\shlwapi.dll
0x00007ffed5ba0000 - 0x00007ffed5bc6000 	C:\WINDOWS\SYSTEM32\profapi.dll
0x00007ffe9cff0000 - 0x00007ffe9d009000 	C:\Users\devan\.vscode\extensions\redhat.java-1.30.0-win32-x64\jre\17.0.10-win32-x86_64\bin\net.dll
0x00007ffed0700000 - 0x00007ffed0837000 	C:\WINDOWS\SYSTEM32\WINHTTP.dll
0x00007ffed5120000 - 0x00007ffed5189000 	C:\WINDOWS\system32\mswsock.dll
0x00007ffe9a820000 - 0x00007ffe9a836000 	C:\Users\devan\.vscode\extensions\redhat.java-1.30.0-win32-x64\jre\17.0.10-win32-x86_64\bin\nio.dll
0x00007ffecb160000 - 0x00007ffecb170000 	c:\Users\devan\.vscode\extensions\redhat.java-1.30.0-win32-x64\jre\17.0.10-win32-x86_64\bin\verify.dll
0x00007ffec2ea0000 - 0x00007ffec2ede000 	C:\Users\devan\AppData\Roaming\Code\User\globalStorage\redhat.java\1.30.0\config_win\org.eclipse.equinox.launcher\org.eclipse.equinox.launcher.win32.win32.x86_64_1.2.900.v20240213-1244\eclipse_11900.dll
0x00007ffed7920000 - 0x00007ffed7ac0000 	C:\WINDOWS\System32\ole32.dll
0x00007ffed53e0000 - 0x00007ffed53fb000 	C:\WINDOWS\SYSTEM32\CRYPTSP.dll
0x00007ffed4be0000 - 0x00007ffed4c15000 	C:\WINDOWS\system32\rsaenh.dll
0x00007ffed5280000 - 0x00007ffed52ac000 	C:\WINDOWS\SYSTEM32\USERENV.dll
0x00007ffed5400000 - 0x00007ffed540c000 	C:\WINDOWS\SYSTEM32\CRYPTBASE.dll
0x00007ffed46d0000 - 0x00007ffed46fd000 	C:\WINDOWS\SYSTEM32\IPHLPAPI.DLL
0x00007ffed78f0000 - 0x00007ffed78f9000 	C:\WINDOWS\System32\NSI.dll
0x00007ffed05a0000 - 0x00007ffed05b9000 	C:\WINDOWS\SYSTEM32\dhcpcsvc6.DLL
0x00007ffed0580000 - 0x00007ffed059f000 	C:\WINDOWS\SYSTEM32\dhcpcsvc.DLL
0x00007ffed4750000 - 0x00007ffed4849000 	C:\WINDOWS\SYSTEM32\DNSAPI.dll
0x00007ffe9bd50000 - 0x00007ffe9bd95000 	C:\Users\devan\AppData\Local\Temp\jna--1335164507\jna16002697884880909136.dll
0x00007ffed82e0000 - 0x00007ffed82e8000 	C:\WINDOWS\System32\PSAPI.DLL
0x00007ffe9bd20000 - 0x00007ffe9bd47000 	C:\Users\devan\.gradle\native\68d5fa5c4cc2d200863cafc0d521ce42e7d3e7ee720ec0a83991735586a16f82\windows-amd64\native-platform.dll
0x00007ffed2840000 - 0x00007ffed2849000 	C:\Users\devan\.vscode\extensions\redhat.java-1.30.0-win32-x64\jre\17.0.10-win32-x86_64\bin\management.dll
0x00007ffed0f30000 - 0x00007ffed0f3b000 	C:\Users\devan\.vscode\extensions\redhat.java-1.30.0-win32-x64\jre\17.0.10-win32-x86_64\bin\management_ext.dll
0x00007ffed0e70000 - 0x00007ffed0e79000 	C:\Users\devan\.vscode\extensions\redhat.java-1.30.0-win32-x64\jre\17.0.10-win32-x86_64\bin\extnet.dll
0x00007ffea60a0000 - 0x00007ffea60ae000 	C:\Users\devan\.vscode\extensions\redhat.java-1.30.0-win32-x64\jre\17.0.10-win32-x86_64\bin\sunmscapi.dll
0x00007ffed6510000 - 0x00007ffed6676000 	C:\WINDOWS\System32\CRYPT32.dll
0x00007ffed5580000 - 0x00007ffed55ae000 	C:\WINDOWS\SYSTEM32\ncrypt.dll
0x00007ffed5540000 - 0x00007ffed5577000 	C:\WINDOWS\SYSTEM32\NTASN1.dll
0x00007ffecf2c0000 - 0x00007ffecf2c8000 	C:\WINDOWS\system32\wshunix.dll

dbghelp: loaded successfully - version: 4.0.5 - missing functions: none
symbol engine: initialized successfully - sym options: 0x614 - pdb path: .;c:\Users\devan\.vscode\extensions\redhat.java-1.30.0-win32-x64\jre\17.0.10-win32-x86_64\bin;C:\WINDOWS\SYSTEM32;C:\WINDOWS\WinSxS\amd64_microsoft.windows.common-controls_6595b64144ccf1df_6.0.22621.2506_none_270c5ae97388e100;c:\Users\devan\.vscode\extensions\redhat.java-1.30.0-win32-x64\jre\17.0.10-win32-x86_64\bin\server;C:\Users\devan\AppData\Roaming\Code\User\globalStorage\redhat.java\1.30.0\config_win\org.eclipse.equinox.launcher\org.eclipse.equinox.launcher.win32.win32.x86_64_1.2.900.v20240213-1244;C:\Users\devan\AppData\Local\Temp\jna--1335164507;C:\Users\devan\.gradle\native\68d5fa5c4cc2d200863cafc0d521ce42e7d3e7ee720ec0a83991735586a16f82\windows-amd64

VM Arguments:
jvm_args: --add-modules=ALL-SYSTEM --add-opens=java.base/java.util=ALL-UNNAMED --add-opens=java.base/java.lang=ALL-UNNAMED --add-opens=java.base/sun.nio.fs=ALL-UNNAMED -Declipse.application=org.eclipse.jdt.ls.core.id1 -Dosgi.bundles.defaultStartLevel=4 -Declipse.product=org.eclipse.jdt.ls.core.product -Djava.import.generatesMetadataFilesAtProjectRoot=false -DDetectVMInstallationsJob.disabled=true -Dfile.encoding=utf8 -XX:+UseParallelGC -XX:GCTimeRatio=4 -XX:AdaptiveSizePolicyWeight=90 -Dsun.zip.disableMemoryMapping=true -Xmx1G -Xms100m -Xlog:disable -javaagent:c:\Users\devan\.vscode\extensions\redhat.java-1.30.0-win32-x64\lombok\lombok-1.18.32.jar -XX:+HeapDumpOnOutOfMemoryError -XX:HeapDumpPath=c:\Users\devan\AppData\Roaming\Code\User\workspaceStorage\4d92966fc4af52e91468190edff9a261\redhat.java -Daether.dependencyCollector.impl=bf 
java_command: c:\Users\devan\.vscode\extensions\redhat.java-1.30.0-win32-x64\server\plugins\org.eclipse.equinox.launcher_1.6.800.v20240330-1250.jar -configuration c:\Users\devan\AppData\Roaming\Code\User\globalStorage\redhat.java\1.30.0\config_win -data c:\Users\devan\AppData\Roaming\Code\User\workspaceStorage\4d92966fc4af52e91468190edff9a261\redhat.java\jdt_ws --pipe=\\.\pipe\lsp-799babd01404bb984e9c54e2a1ff754a-sock
java_class_path (initial): c:\Users\devan\.vscode\extensions\redhat.java-1.30.0-win32-x64\server\plugins\org.eclipse.equinox.launcher_1.6.800.v20240330-1250.jar
Launcher Type: SUN_STANDARD

[Global flags]
    uintx AdaptiveSizePolicyWeight                 = 90                                        {product} {command line}
     intx CICompilerCount                          = 12                                        {product} {ergonomic}
    uintx GCTimeRatio                              = 4                                         {product} {command line}
     bool HeapDumpOnOutOfMemoryError               = true                                   {manageable} {command line}
    ccstr HeapDumpPath                             = c:\Users\devan\AppData\Roaming\Code\User\workspaceStorage\4d92966fc4af52e91468190edff9a261\redhat.java         {manageable} {command line}
   size_t InitialHeapSize                          = 104857600                                 {product} {command line}
   size_t MaxHeapSize                              = 1073741824                                {product} {command line}
   size_t MaxNewSize                               = 357564416                                 {product} {ergonomic}
   size_t MinHeapDeltaBytes                        = 524288                                    {product} {ergonomic}
   size_t MinHeapSize                              = 104857600                                 {product} {command line}
   size_t NewSize                                  = 34603008                                  {product} {ergonomic}
    uintx NonNMethodCodeHeapSize                   = 7602480                                {pd product} {ergonomic}
    uintx NonProfiledCodeHeapSize                  = 122027880                              {pd product} {ergonomic}
   size_t OldSize                                  = 70254592                                  {product} {ergonomic}
    uintx ProfiledCodeHeapSize                     = 122027880                              {pd product} {ergonomic}
    uintx ReservedCodeCacheSize                    = 251658240                              {pd product} {ergonomic}
     bool SegmentedCodeCache                       = true                                      {product} {ergonomic}
   size_t SoftMaxHeapSize                          = 1073741824                             {manageable} {ergonomic}
     bool UseCompressedClassPointers               = true                           {product lp64_product} {ergonomic}
     bool UseCompressedOops                        = true                           {product lp64_product} {ergonomic}
     bool UseLargePagesIndividualAllocation        = false                                  {pd product} {ergonomic}
     bool UseParallelGC                            = true                                      {product} {command line}

Logging:
Log output configuration:
 #0: stdout all=off uptime,level,tags
 #1: stderr all=off uptime,level,tags

Environment Variables:
JAVA_HOME=C:\Program Files\Microsoft\jdk-17.0.10.7-hotspot\
PATH=C:\Users\devan\AppData\Roaming\.dotnet;C:\Program Files\Microsoft\jdk-17.0.10.7-hotspot\bin;C:\Program Files\NVIDIA GPU Computing Toolkit\CUDA\v8.0\bin;C:\Program Files\NVIDIA GPU Computing Toolkit\CUDA\v8.0\libnvvp;C:\Program Files (x86)\Qualcomm\QDART\\bin;C:\Program Files (x86)\Common Files\Oracle\Java\javapath;C:\Program Files\Common Files\Oracle\Java\javapath;C:\Windows\system32;C:\Windows;C:\Windows\System32\Wbem;C:\Windows\System32\WindowsPowerShell\v1.0\;C:\Windows\System32\OpenSSH\;C:\Program Files (x86)\NVIDIA Corporation\PhysX\Common;C:\Program Files\NVIDIA Corporation\NVIDIA NvDLISR;C:\WINDOWS\system32;C:\WINDOWS;C:\WINDOWS\System32\Wbem;C:\WINDOWS\System32\WindowsPowerShell\v1.0\;C:\WINDOWS\System32\OpenSSH\;C:\Users\devan\AppData\Local\Microsoft\WindowsApps;C:\Users\devan\AppData\Local\Programs\Microsoft VS Code\bin;C:\adb;C:\Program Files\dotnet\;C:\Program Files\Java\jdk-17.0.1\bin;C:\Program Files\PuTTY\;C:\Xilinx\Vivado\2021.1\bin;C:\mingw32\bin;C:\Program Files\NVIDIA Corporation\Nsight Compute 2023.3.1\;C:\WINDOWS\system32;C:\WINDOWS;C:\WINDOWS\System32\Wbem;C:\WINDOWS\System32\WindowsPowerShell\v1.0\;C:\WINDOWS\System32\OpenSSH\;C:\Program Files\nodejs\;C:\ProgramData\chocolatey\bin;C:\Program Files\Docker\Docker\resources\bin;C:\Program Files\Microsoft SQL Server\150\Tools\Binn\;C:\Program Files\Microsoft SQL Server\Client SDK\ODBC\170\Tools\Binn\;C:\Program Files (x86)\Microsoft SQL Server\160\DTS\Binn\;C:\Program Files (x86)\Microsoft SQL Server\160\Tools\Binn\;C:\Program Files\Microsoft SQL Server\160\Tools\Binn\;C:\Program Files\Microsoft SQL Server\160\DTS\Binn\;C:\Program Files\Git\cmd;C:\Users\devan\AppData\Roaming\.dotnet;C:\Users\devan\AppData\Local\Android\Sdk\platform-tools;C:\Users\devan\AppData\Local\Android\Sdk\tools;C:\Program Files\MySQL\MySQL Shell 8.0\bin\;C:\Users\devan\AppData\Local\Programs\Python\Python310\Scripts\;C:\Users\devan\AppData\Local\Programs\Python\Python310\;%USERPROFILE%\AppData\Local\Microsoft\WindowsApps;C
USERNAME=devang
OS=Windows_NT
PROCESSOR_IDENTIFIER=AMD64 Family 23 Model 96 Stepping 1, AuthenticAMD
TMP=C:\Users\devan\AppData\Local\Temp
TEMP=C:\Users\devan\AppData\Local\Temp



Periodic native trim disabled


---------------  S Y S T E M  ---------------

OS:
 Windows 11 , 64 bit Build 22621 (10.0.22621.2506)
OS uptime: 0 days 3:15 hours
Hyper-V role detected

CPU: total 16 (initial active 16) (16 cores per cpu, 2 threads per core) family 23 model 96 stepping 1 microcode 0x0, cx8, cmov, fxsr, ht, mmx, 3dnowpref, sse, sse2, sse3, ssse3, sse4a, sse4.1, sse4.2, popcnt, lzcnt, tsc, tscinvbit, avx, avx2, aes, clmul, bmi1, bmi2, adx, sha, fma, vzeroupper, clflush, clflushopt, hv
Processor Information for all 16 processors :
  Max Mhz: 2901, Current Mhz: 2901, Mhz Limit: 2901

Memory: 4k page, system-wide physical 15790M (4102M free)
TotalPageFile size 15790M (AvailPageFile size 0M)
current process WorkingSet (physical memory assigned to process): 253M, peak: 295M
current process commit charge ("private bytes"): 325M, peak: 393M

vm_info: OpenJDK 64-Bit Server VM (17.0.10+7) for windows-amd64 JRE (17.0.10+7), built on Jan 16 2024 23:25:11 by "admin" with MS VC++ 16.10 / 16.11 (VS2019)

END.
