#
# There is insufficient memory for the Java Runtime Environment to continue.
# Native memory allocation (malloc) failed to allocate 459696 bytes for Chunk::new
# Possible reasons:
#   The system is out of physical RAM or swap space
#   The process is running with CompressedOops enabled, and the Java Heap may be blocking the growth of the native heap
# Possible solutions:
#   Reduce memory load on the system
#   Increase physical memory or swap space
#   Check if swap backing store is full
#   Decrease Java heap size (-Xmx/-Xms)
#   Decrease number of Java threads
#   Decrease Java thread stack sizes (-Xss)
#   Set larger code cache with -XX:ReservedCodeCacheSize=
#   JVM is running with Unscaled Compressed Oops mode in which the Java heap is
#     placed in the first 4GB address space. The Java Heap base address is the
#     maximum limit for the native heap growth. Please use -XX:HeapBaseMinAddress
#     to set the Java Heap base and to place the Java Heap above 4GB virtual address.
# This output file may be truncated or incomplete.
#
#  Out of Memory Error (arena.cpp:191), pid=3268, tid=18348
#
# JRE version: OpenJDK Runtime Environment Temurin-17.0.10+7 (17.0.10+7) (build 17.0.10+7)
# Java VM: OpenJDK 64-Bit Server VM Temurin-17.0.10+7 (17.0.10+7, mixed mode, tiered, compressed oops, compressed class ptrs, parallel gc, windows-amd64)
# No core dump will be written. Minidumps are not enabled by default on client versions of Windows
#

---------------  S U M M A R Y ------------

Command Line: --add-modules=ALL-SYSTEM --add-opens=java.base/java.util=ALL-UNNAMED --add-opens=java.base/java.lang=ALL-UNNAMED --add-opens=java.base/sun.nio.fs=ALL-UNNAMED -Declipse.application=org.eclipse.jdt.ls.core.id1 -Dosgi.bundles.defaultStartLevel=4 -Declipse.product=org.eclipse.jdt.ls.core.product -Djava.import.generatesMetadataFilesAtProjectRoot=false -DDetectVMInstallationsJob.disabled=true -Dfile.encoding=utf8 -XX:+UseParallelGC -XX:GCTimeRatio=4 -XX:AdaptiveSizePolicyWeight=90 -Dsun.zip.disableMemoryMapping=true -Xmx1G -Xms100m -Xlog:disable -javaagent:c:\Users\devan\.vscode\extensions\redhat.java-1.30.0-win32-x64\lombok\lombok-1.18.32.jar -XX:+HeapDumpOnOutOfMemoryError -XX:HeapDumpPath=c:\Users\devan\AppData\Roaming\Code\User\workspaceStorage\4d92966fc4af52e91468190edff9a261\redhat.java -Daether.dependencyCollector.impl=bf c:\Users\devan\.vscode\extensions\redhat.java-1.30.0-win32-x64\server\plugins\org.eclipse.equinox.launcher_1.6.800.v20240330-1250.jar -configuration c:\Users\devan\AppData\Roaming\Code\User\globalStorage\redhat.java\1.30.0\config_win -data c:\Users\devan\AppData\Roaming\Code\User\workspaceStorage\4d92966fc4af52e91468190edff9a261\redhat.java\jdt_ws --pipe=\\.\pipe\lsp-a00c304149d746ceb5790764945b5d10-sock

Host: AMD Ryzen 7 4800H with Radeon Graphics         , 16 cores, 15G,  Windows 11 , 64 bit Build 22621 (10.0.22621.2506)
Time: Mon Apr 29 11:17:39 2024 India Standard Time elapsed time: 8.047336 seconds (0d 0h 0m 8s)

---------------  T H R E A D  ---------------

Current thread (0x0000014fad2dd130):  JavaThread "C2 CompilerThread7" daemon [_thread_in_native, id=18348, stack(0x0000002faab00000,0x0000002faac00000)]


Current CompileTask:
C2:   8047 6727   !   4       org.eclipse.osgi.internal.loader.BundleLoader::findLocalClass (152 bytes)

Stack: [0x0000002faab00000,0x0000002faac00000]
Native frames: (J=compiled Java code, j=interpreted, Vv=VM code, C=native code)
V  [jvm.dll+0x67d2c9]
V  [jvm.dll+0x834afa]
V  [jvm.dll+0x8365be]
V  [jvm.dll+0x836c23]
V  [jvm.dll+0x2477ff]
V  [jvm.dll+0xac514]
V  [jvm.dll+0xacb5c]
V  [jvm.dll+0x2aed1f]
V  [jvm.dll+0x584b67]
V  [jvm.dll+0x2228a2]
V  [jvm.dll+0x222c8f]
V  [jvm.dll+0x21bdb6]
V  [jvm.dll+0x219201]
V  [jvm.dll+0x1a502d]
V  [jvm.dll+0x2290de]
V  [jvm.dll+0x2272ac]
V  [jvm.dll+0x7e9bb7]
V  [jvm.dll+0x7e3fba]
V  [jvm.dll+0x67c1b5]
C  [ucrtbase.dll+0x29363]
C  [KERNEL32.DLL+0x1257d]
C  [ntdll.dll+0x5aa58]


---------------  P R O C E S S  ---------------

Threads class SMR info:
_java_thread_list=0x0000014fac6a4330, length=58, elements={
0x0000014f8ef21cf0, 0x0000014fa2da5260, 0x0000014fa2da6790, 0x0000014fa7ed8270,
0x0000014fa7ed9000, 0x0000014fa7ed9d90, 0x0000014fa7edc570, 0x0000014fa7ee8010,
0x0000014fa7ee8d20, 0x0000014fa7ef3e10, 0x0000014fa8050ff0, 0x0000014fa8073a90,
0x0000014fa81b5f90, 0x0000014fa81b68b0, 0x0000014faa073b20, 0x0000014faa810fb0,
0x0000014faa95afa0, 0x0000014faaa8f030, 0x0000014faaf06e10, 0x0000014fab004a60,
0x0000014faaeb4e70, 0x0000014faae58440, 0x0000014fab001890, 0x0000014fab0c9ef0,
0x0000014faae57510, 0x0000014faae59d90, 0x0000014faae59370, 0x0000014faae57a20,
0x0000014faae58950, 0x0000014facaa5d30, 0x0000014faae59880, 0x0000014fabe69820,
0x0000014fae518350, 0x0000014fac1d9eb0, 0x0000014fac23f050, 0x0000014fad2dd130,
0x0000014fae877040, 0x0000014fae875c00, 0x0000014fae876110, 0x0000014fae876b30,
0x0000014fae876620, 0x0000014fae877550, 0x0000014fae9fbb50, 0x0000014fae9fdec0,
0x0000014fae9fca80, 0x0000014fae9fc570, 0x0000014fae9fcf90, 0x0000014fae9fd4a0,
0x0000014fae9fd9b0, 0x0000014fae9fa710, 0x0000014fae9fb130, 0x0000014fae9fc060,
0x0000014fae9fac20, 0x0000014fae9fb640, 0x0000014faf41e4b0, 0x0000014faec2e170,
0x0000014faf1a2be0, 0x0000014fabe67f80
}

Java Threads: ( => current thread )
  0x0000014f8ef21cf0 JavaThread "main" [_thread_blocked, id=15572, stack(0x0000002fa7900000,0x0000002fa7a00000)]
  0x0000014fa2da5260 JavaThread "Reference Handler" daemon [_thread_blocked, id=6248, stack(0x0000002fa7c00000,0x0000002fa7d00000)]
  0x0000014fa2da6790 JavaThread "Finalizer" daemon [_thread_blocked, id=1404, stack(0x0000002fa7d00000,0x0000002fa7e00000)]
  0x0000014fa7ed8270 JavaThread "Signal Dispatcher" daemon [_thread_blocked, id=14452, stack(0x0000002fa7e00000,0x0000002fa7f00000)]
  0x0000014fa7ed9000 JavaThread "Attach Listener" daemon [_thread_blocked, id=20820, stack(0x0000002fa7f00000,0x0000002fa8000000)]
  0x0000014fa7ed9d90 JavaThread "Service Thread" daemon [_thread_blocked, id=12432, stack(0x0000002fa8000000,0x0000002fa8100000)]
  0x0000014fa7edc570 JavaThread "Monitor Deflation Thread" daemon [_thread_blocked, id=3532, stack(0x0000002fa8100000,0x0000002fa8200000)]
  0x0000014fa7ee8010 JavaThread "C2 CompilerThread0" daemon [_thread_blocked, id=20260, stack(0x0000002fa8200000,0x0000002fa8300000)]
  0x0000014fa7ee8d20 JavaThread "C1 CompilerThread0" daemon [_thread_blocked, id=6616, stack(0x0000002fa8300000,0x0000002fa8400000)]
  0x0000014fa7ef3e10 JavaThread "Sweeper thread" daemon [_thread_blocked, id=16380, stack(0x0000002fa8400000,0x0000002fa8500000)]
  0x0000014fa8050ff0 JavaThread "Common-Cleaner" daemon [_thread_blocked, id=20172, stack(0x0000002fa8500000,0x0000002fa8600000)]
  0x0000014fa8073a90 JavaThread "C1 CompilerThread1" daemon [_thread_blocked, id=22048, stack(0x0000002fa8600000,0x0000002fa8700000)]
  0x0000014fa81b5f90 JavaThread "C1 CompilerThread2" daemon [_thread_blocked, id=5500, stack(0x0000002fa8800000,0x0000002fa8900000)]
  0x0000014fa81b68b0 JavaThread "C1 CompilerThread3" daemon [_thread_blocked, id=4148, stack(0x0000002fa8900000,0x0000002fa8a00000)]
  0x0000014faa073b20 JavaThread "Notification Thread" daemon [_thread_blocked, id=5668, stack(0x0000002fa8a00000,0x0000002fa8b00000)]
  0x0000014faa810fb0 JavaThread "Active Thread: Equinox Container: b0475ba3-5181-47d6-ba49-e373955330d0" [_thread_blocked, id=21824, stack(0x0000002fa9200000,0x0000002fa9300000)]
  0x0000014faa95afa0 JavaThread "Framework Event Dispatcher: Equinox Container: b0475ba3-5181-47d6-ba49-e373955330d0" daemon [_thread_blocked, id=15308, stack(0x0000002fa9300000,0x0000002fa9400000)]
  0x0000014faaa8f030 JavaThread "Start Level: Equinox Container: b0475ba3-5181-47d6-ba49-e373955330d0" daemon [_thread_blocked, id=12508, stack(0x0000002fa9400000,0x0000002fa9500000)]
  0x0000014faaf06e10 JavaThread "Bundle File Closer" daemon [_thread_blocked, id=5488, stack(0x0000002fa9700000,0x0000002fa9800000)]
  0x0000014fab004a60 JavaThread "SCR Component Actor" daemon [_thread_blocked, id=1988, stack(0x0000002fa9900000,0x0000002fa9a00000)]
  0x0000014faaeb4e70 JavaThread "SCR Component Registry" daemon [_thread_blocked, id=20020, stack(0x0000002fa9100000,0x0000002fa9200000)]
  0x0000014faae58440 JavaThread "Worker-JM" [_thread_blocked, id=20804, stack(0x0000002fa9c00000,0x0000002fa9d00000)]
  0x0000014fab001890 JavaThread "C2 CompilerThread1" daemon [_thread_in_native, id=7948, stack(0x0000002fa9e00000,0x0000002fa9f00000)]
  0x0000014fab0c9ef0 JavaThread "C2 CompilerThread2" daemon [_thread_in_native, id=9488, stack(0x0000002fa9f00000,0x0000002faa000000)]
  0x0000014faae57510 JavaThread "Worker-0: Updating Maven Dependencies" [_thread_in_Java, id=16600, stack(0x0000002faa200000,0x0000002faa300000)]
  0x0000014faae59d90 JavaThread "Worker-1: Refreshing workspace" [_thread_in_Java, id=18572, stack(0x0000002faa300000,0x0000002faa400000)]
  0x0000014faae59370 JavaThread "Worker-2: Repository registry initialization" [_thread_blocked, id=16468, stack(0x0000002faa400000,0x0000002faa500000)]
  0x0000014faae57a20 JavaThread "Java indexing" daemon [_thread_blocked, id=17472, stack(0x0000002faa100000,0x0000002faa200000)]
  0x0000014faae58950 JavaThread "Worker-3" [_thread_blocked, id=8712, stack(0x0000002faa000000,0x0000002faa100000)]
  0x0000014facaa5d30 JavaThread "JNA Cleaner" daemon [_thread_blocked, id=12964, stack(0x0000002faa500000,0x0000002faa600000)]
  0x0000014faae59880 JavaThread "Worker-4" [_thread_blocked, id=2608, stack(0x0000002faa600000,0x0000002faa700000)]
  0x0000014fabe69820 JavaThread "C2 CompilerThread3" daemon [_thread_blocked, id=5956, stack(0x0000002faa700000,0x0000002faa800000)]
  0x0000014fae518350 JavaThread "C2 CompilerThread4" daemon [_thread_blocked, id=21172, stack(0x0000002faa800000,0x0000002faa900000)]
  0x0000014fac1d9eb0 JavaThread "C2 CompilerThread5" daemon [_thread_blocked, id=1520, stack(0x0000002faa900000,0x0000002faaa00000)]
  0x0000014fac23f050 JavaThread "C2 CompilerThread6" daemon [_thread_blocked, id=4344, stack(0x0000002faaa00000,0x0000002faab00000)]
=>0x0000014fad2dd130 JavaThread "C2 CompilerThread7" daemon [_thread_in_native, id=18348, stack(0x0000002faab00000,0x0000002faac00000)]
  0x0000014fae877040 JavaThread "Thread-2" daemon [_thread_in_native, id=4960, stack(0x0000002faac00000,0x0000002faad00000)]
  0x0000014fae875c00 JavaThread "Thread-3" daemon [_thread_in_native, id=6012, stack(0x0000002faad00000,0x0000002faae00000)]
  0x0000014fae876110 JavaThread "Thread-4" daemon [_thread_in_native, id=8748, stack(0x0000002faae00000,0x0000002faaf00000)]
  0x0000014fae876b30 JavaThread "Thread-5" daemon [_thread_in_native, id=22008, stack(0x0000002faaf00000,0x0000002fab000000)]
  0x0000014fae876620 JavaThread "Thread-6" daemon [_thread_in_native, id=11288, stack(0x0000002fab000000,0x0000002fab100000)]
  0x0000014fae877550 JavaThread "Thread-7" daemon [_thread_in_native, id=18308, stack(0x0000002fab100000,0x0000002fab200000)]
  0x0000014fae9fbb50 JavaThread "Thread-8" daemon [_thread_in_native, id=11372, stack(0x0000002fab200000,0x0000002fab300000)]
  0x0000014fae9fdec0 JavaThread "Thread-9" daemon [_thread_in_native, id=3584, stack(0x0000002fab300000,0x0000002fab400000)]
  0x0000014fae9fca80 JavaThread "Thread-10" daemon [_thread_in_native, id=12680, stack(0x0000002fab400000,0x0000002fab500000)]
  0x0000014fae9fc570 JavaThread "Thread-11" daemon [_thread_in_native, id=10660, stack(0x0000002fab500000,0x0000002fab600000)]
  0x0000014fae9fcf90 JavaThread "Thread-12" daemon [_thread_in_native, id=11796, stack(0x0000002fab600000,0x0000002fab700000)]
  0x0000014fae9fd4a0 JavaThread "Thread-13" daemon [_thread_in_native, id=12720, stack(0x0000002fab700000,0x0000002fab800000)]
  0x0000014fae9fd9b0 JavaThread "Thread-14" daemon [_thread_in_native, id=11032, stack(0x0000002fab800000,0x0000002fab900000)]
  0x0000014fae9fa710 JavaThread "Thread-15" daemon [_thread_in_native, id=6648, stack(0x0000002fab900000,0x0000002faba00000)]
  0x0000014fae9fb130 JavaThread "Thread-16" daemon [_thread_in_native, id=832, stack(0x0000002faba00000,0x0000002fabb00000)]
  0x0000014fae9fc060 JavaThread "Thread-17" daemon [_thread_in_native, id=5320, stack(0x0000002fabb00000,0x0000002fabc00000)]
  0x0000014fae9fac20 JavaThread "Thread-18" daemon [_thread_in_native, id=11548, stack(0x0000002fabc00000,0x0000002fabd00000)]
  0x0000014fae9fb640 JavaThread "pool-2-thread-1" [_thread_blocked, id=15104, stack(0x0000002fabd00000,0x0000002fabe00000)]
  0x0000014faf41e4b0 JavaThread "Worker-5" [_thread_blocked, id=22364, stack(0x0000002fabe00000,0x0000002fabf00000)]
  0x0000014faec2e170 JavaThread "Worker-6" [_thread_blocked, id=9548, stack(0x0000002fabf00000,0x0000002fac000000)]
  0x0000014faf1a2be0 JavaThread "WorkspaceEventsHandler" [_thread_blocked, id=10656, stack(0x0000002fac000000,0x0000002fac100000)]
  0x0000014fabe67f80 JavaThread "pool-1-thread-1" [_thread_blocked, id=16472, stack(0x0000002fac100000,0x0000002fac200000)]

Other Threads:
  0x0000014fa2d921c0 VMThread "VM Thread" [stack: 0x0000002fa7b00000,0x0000002fa7c00000] [id=20072]
  0x0000014faa074000 WatcherThread [stack: 0x0000002fa8b00000,0x0000002fa8c00000] [id=10800]
  0x0000014f8ef39660 GCTaskThread "GC Thread#0" [stack: 0x0000002fa7a00000,0x0000002fa7b00000] [id=20892]
  0x0000014faa5acf20 GCTaskThread "GC Thread#1" [stack: 0x0000002fa8c00000,0x0000002fa8d00000] [id=17844]
  0x0000014faa77d710 GCTaskThread "GC Thread#2" [stack: 0x0000002fa8d00000,0x0000002fa8e00000] [id=10312]
  0x0000014faa77d9d0 GCTaskThread "GC Thread#3" [stack: 0x0000002fa8e00000,0x0000002fa8f00000] [id=8264]
  0x0000014faa77dc90 GCTaskThread "GC Thread#4" [stack: 0x0000002fa8f00000,0x0000002fa9000000] [id=12348]
  0x0000014faa77e760 GCTaskThread "GC Thread#5" [stack: 0x0000002fa9000000,0x0000002fa9100000] [id=17056]
  0x0000014faaa900e0 GCTaskThread "GC Thread#6" [stack: 0x0000002fa9500000,0x0000002fa9600000] [id=17148]
  0x0000014faab1a840 GCTaskThread "GC Thread#7" [stack: 0x0000002fa9600000,0x0000002fa9700000] [id=21176]
  0x0000014faa12fec0 GCTaskThread "GC Thread#8" [stack: 0x0000002fa9800000,0x0000002fa9900000] [id=5236]
  0x0000014fab09b500 GCTaskThread "GC Thread#9" [stack: 0x0000002fa8700000,0x0000002fa8800000] [id=11208]
  0x0000014faafe2230 GCTaskThread "GC Thread#10" [stack: 0x0000002fa9a00000,0x0000002fa9b00000] [id=14948]
  0x0000014faae21820 GCTaskThread "GC Thread#11" [stack: 0x0000002fa9b00000,0x0000002fa9c00000] [id=3180]
  0x0000014faaecab10 GCTaskThread "GC Thread#12" [stack: 0x0000002fa9d00000,0x0000002fa9e00000] [id=4988]

Threads with active compile tasks:
C2 CompilerThread2     8064 5521   !   4       org.eclipse.osgi.internal.loader.BundleLoader::findClass0 (470 bytes)
C2 CompilerThread7     8064 6727   !   4       org.eclipse.osgi.internal.loader.BundleLoader::findLocalClass (152 bytes)

VM state: not at safepoint (normal execution)

VM Mutex/Monitor currently owned by a thread: None

Heap address: 0x00000000c0000000, size: 1024 MB, Compressed Oops mode: 32-bit

CDS archive(s) not mapped
Compressed class space mapped at: 0x0000000100000000-0x0000000140000000, reserved size: 1073741824
Narrow klass base: 0x0000000000000000, Narrow klass shift: 3, Narrow klass range: 0x140000000

GC Precious Log:
 CPUs: 16 total, 16 available
 Memory: 15790M
 Large Page Support: Disabled
 NUMA Support: Disabled
 Compressed Oops: Enabled (32-bit)
 Alignments: Space 512K, Generation 512K, Heap 2M
 Heap Min Capacity: 100M
 Heap Initial Capacity: 100M
 Heap Max Capacity: 1G
 Pre-touch: Disabled
 Parallel Workers: 13

Heap:
 PSYoungGen      total 24064K, used 11766K [0x00000000eab00000, 0x00000000ec500000, 0x0000000100000000)
  eden space 21504K, 44% used [0x00000000eab00000,0x00000000eb4724b0,0x00000000ec000000)
  from space 2560K, 81% used [0x00000000ec280000,0x00000000ec48b520,0x00000000ec500000)
  to   space 2560K, 0% used [0x00000000ec000000,0x00000000ec000000,0x00000000ec280000)
 ParOldGen       total 68608K, used 27063K [0x00000000c0000000, 0x00000000c4300000, 0x00000000eab00000)
  object space 68608K, 39% used [0x00000000c0000000,0x00000000c1a6df90,0x00000000c4300000)
 Metaspace       used 50075K, committed 51008K, reserved 1114112K
  class space    used 5219K, committed 5632K, reserved 1048576K

Card table byte_map: [0x0000014f8e8b0000,0x0000014f8eac0000] _byte_map_base: 0x0000014f8e2b0000

Marking Bits: (ParMarkBitMap*) 0x00007ffb3adcd7d0
 Begin Bits: [0x0000014fa0bb0000, 0x0000014fa1bb0000)
 End Bits:   [0x0000014fa1bb0000, 0x0000014fa2bb0000)

Polling page: 0x0000014f8ce80000

Metaspace:

Usage:
  Non-class:     43.80 MB used.
      Class:      5.10 MB used.
       Both:     48.90 MB used.

Virtual space:
  Non-class space:       64.00 MB reserved,      44.31 MB ( 69%) committed,  1 nodes.
      Class space:        1.00 GB reserved,       5.50 MB ( <1%) committed,  1 nodes.
             Both:        1.06 GB reserved,      49.81 MB (  5%) committed. 

Chunk freelists:
   Non-Class:  3.28 MB
       Class:  10.44 MB
        Both:  13.73 MB

MaxMetaspaceSize: unlimited
CompressedClassSpaceSize: 1.00 GB
Initial GC threshold: 21.00 MB
Current GC threshold: 58.38 MB
CDS: off
MetaspaceReclaimPolicy: balanced
 - commit_granule_bytes: 65536.
 - commit_granule_words: 8192.
 - virtual_space_node_default_size: 8388608.
 - enlarge_chunks_in_place: 1.
 - new_chunks_are_fully_committed: 0.
 - uncommit_free_chunks: 1.
 - use_allocation_guard: 0.
 - handle_deallocations: 1.


Internal statistics:

num_allocs_failed_limit: 6.
num_arena_births: 568.
num_arena_deaths: 14.
num_vsnodes_births: 2.
num_vsnodes_deaths: 0.
num_space_committed: 797.
num_space_uncommitted: 0.
num_chunks_returned_to_freelist: 20.
num_chunks_taken_from_freelist: 2477.
num_chunk_merges: 8.
num_chunk_splits: 1502.
num_chunks_enlarged: 838.
num_inconsistent_stats: 0.

CodeHeap 'non-profiled nmethods': size=119168Kb used=3362Kb max_used=3362Kb free=115805Kb
 bounds [0x0000014f99750000, 0x0000014f99aa0000, 0x0000014fa0bb0000]
CodeHeap 'profiled nmethods': size=119104Kb used=12722Kb max_used=12722Kb free=106381Kb
 bounds [0x0000014f91bb0000, 0x0000014f92820000, 0x0000014f99000000]
CodeHeap 'non-nmethods': size=7488Kb used=2993Kb max_used=3101Kb free=4494Kb
 bounds [0x0000014f99000000, 0x0000014f99320000, 0x0000014f99750000]
 total_blobs=6599 nmethods=5962 adapters=547
 compilation: enabled
              stopped_count=0, restarted_count=0
 full_count=0

Compilation events (20 events):
Event: 8.036 Thread 0x0000014fa8073a90 nmethod 6777 0x0000014f9280f510 code [0x0000014f9280f6e0, 0x0000014f9280fb18]
Event: 8.036 Thread 0x0000014fa81b68b0 6779       3       com.google.common.collect.ImmutableList::of (4 bytes)
Event: 8.036 Thread 0x0000014fa81b68b0 nmethod 6779 0x0000014f91f3bc90 code [0x0000014f91f3be20, 0x0000014f91f3bf18]
Event: 8.037 Thread 0x0000014fa81b5f90 6780       3       sun.reflect.annotation.TypeAnnotationParser::buildAnnotatedType (114 bytes)
Event: 8.038 Thread 0x0000014fac23f050 nmethod 6729 0x0000014f99a93e10 code [0x0000014f99a940c0, 0x0000014f99a95620]
Event: 8.039 Thread 0x0000014fa81b5f90 nmethod 6780 0x0000014f9280fd10 code [0x0000014f9280ff60, 0x0000014f92810938]
Event: 8.039 Thread 0x0000014fa7ee8d20 6781       3       com.google.inject.internal.Annotations::getKey (39 bytes)
Event: 8.039 Thread 0x0000014fa81b68b0 6782       3       com.google.inject.internal.Errors::throwIfNewErrors (14 bytes)
Event: 8.039 Thread 0x0000014fa8073a90 6783       3       com.google.inject.spi.InjectionPoint::newDependency (12 bytes)
Event: 8.039 Thread 0x0000014fa81b5f90 6784       3       com.google.inject.spi.Dependency::<init> (34 bytes)
Event: 8.039 Thread 0x0000014fa81b68b0 nmethod 6782 0x0000014f92810e10 code [0x0000014f92810fe0, 0x0000014f928113f8]
Event: 8.040 Thread 0x0000014fa8073a90 nmethod 6783 0x0000014f92811590 code [0x0000014f92811760, 0x0000014f92811c08]
Event: 8.040 Thread 0x0000014fa81b5f90 nmethod 6784 0x0000014f92811e90 code [0x0000014f92812060, 0x0000014f92812468]
Event: 8.040 Thread 0x0000014fa81b68b0 6785       3       com.google.inject.Key::get (12 bytes)
Event: 8.040 Thread 0x0000014fa81b68b0 nmethod 6785 0x0000014f92812690 code [0x0000014f92812860, 0x0000014f92812c38]
Event: 8.040 Thread 0x0000014fa7ee8d20 nmethod 6781 0x0000014f92812e10 code [0x0000014f928130c0, 0x0000014f92813e88]
Event: 8.042 Thread 0x0000014fa81b68b0 6786       3       com.google.inject.spi.InjectionPoint$InjectableMember::<init> (50 bytes)
Event: 8.042 Thread 0x0000014fa81b5f90 6787       3       com.google.inject.spi.InjectionPoint$InjectableMembers::add (42 bytes)
Event: 8.042 Thread 0x0000014fa81b5f90 nmethod 6787 0x0000014f92814490 code [0x0000014f92814640, 0x0000014f92814838]
Event: 8.042 Thread 0x0000014fa81b68b0 nmethod 6786 0x0000014f92814910 code [0x0000014f92814ae0, 0x0000014f92814f38]

GC Heap History (20 events):
Event: 5.805 GC heap before
{Heap before GC invocations=13 (full 2):
 PSYoungGen      total 24064K, used 1011K [0x00000000eab00000, 0x00000000ec780000, 0x0000000100000000)
  eden space 23040K, 0% used [0x00000000eab00000,0x00000000eab00000,0x00000000ec180000)
  from space 1024K, 98% used [0x00000000ec300000,0x00000000ec3fcc40,0x00000000ec400000)
  to   space 2048K, 0% used [0x00000000ec580000,0x00000000ec580000,0x00000000ec780000)
 ParOldGen       total 68608K, used 17707K [0x00000000c0000000, 0x00000000c4300000, 0x00000000eab00000)
  object space 68608K, 25% used [0x00000000c0000000,0x00000000c114afa0,0x00000000c4300000)
 Metaspace       used 35149K, committed 35840K, reserved 1114112K
  class space    used 3369K, committed 3712K, reserved 1048576K
}
Event: 5.846 GC heap after
{Heap after GC invocations=13 (full 2):
 PSYoungGen      total 24064K, used 0K [0x00000000eab00000, 0x00000000ec780000, 0x0000000100000000)
  eden space 23040K, 0% used [0x00000000eab00000,0x00000000eab00000,0x00000000ec180000)
  from space 1024K, 0% used [0x00000000ec300000,0x00000000ec300000,0x00000000ec400000)
  to   space 2048K, 0% used [0x00000000ec580000,0x00000000ec580000,0x00000000ec780000)
 ParOldGen       total 68608K, used 16880K [0x00000000c0000000, 0x00000000c4300000, 0x00000000eab00000)
  object space 68608K, 24% used [0x00000000c0000000,0x00000000c107c080,0x00000000c4300000)
 Metaspace       used 35136K, committed 35840K, reserved 1114112K
  class space    used 3365K, committed 3712K, reserved 1048576K
}
Event: 6.314 GC heap before
{Heap before GC invocations=14 (full 2):
 PSYoungGen      total 24064K, used 23040K [0x00000000eab00000, 0x00000000ec780000, 0x0000000100000000)
  eden space 23040K, 100% used [0x00000000eab00000,0x00000000ec180000,0x00000000ec180000)
  from space 1024K, 0% used [0x00000000ec300000,0x00000000ec300000,0x00000000ec400000)
  to   space 2048K, 0% used [0x00000000ec580000,0x00000000ec580000,0x00000000ec780000)
 ParOldGen       total 68608K, used 16880K [0x00000000c0000000, 0x00000000c4300000, 0x00000000eab00000)
  object space 68608K, 24% used [0x00000000c0000000,0x00000000c107c080,0x00000000c4300000)
 Metaspace       used 37930K, committed 38848K, reserved 1114112K
  class space    used 3722K, committed 4096K, reserved 1048576K
}
Event: 6.316 GC heap after
{Heap after GC invocations=14 (full 2):
 PSYoungGen      total 24064K, used 1091K [0x00000000eab00000, 0x00000000ec700000, 0x0000000100000000)
  eden space 22528K, 0% used [0x00000000eab00000,0x00000000eab00000,0x00000000ec100000)
  from space 1536K, 71% used [0x00000000ec580000,0x00000000ec690ec8,0x00000000ec700000)
  to   space 1536K, 0% used [0x00000000ec400000,0x00000000ec400000,0x00000000ec580000)
 ParOldGen       total 68608K, used 16888K [0x00000000c0000000, 0x00000000c4300000, 0x00000000eab00000)
  object space 68608K, 24% used [0x00000000c0000000,0x00000000c107e080,0x00000000c4300000)
 Metaspace       used 37930K, committed 38848K, reserved 1114112K
  class space    used 3722K, committed 4096K, reserved 1048576K
}
Event: 6.545 GC heap before
{Heap before GC invocations=15 (full 2):
 PSYoungGen      total 24064K, used 23619K [0x00000000eab00000, 0x00000000ec700000, 0x0000000100000000)
  eden space 22528K, 100% used [0x00000000eab00000,0x00000000ec100000,0x00000000ec100000)
  from space 1536K, 71% used [0x00000000ec580000,0x00000000ec690ec8,0x00000000ec700000)
  to   space 1536K, 0% used [0x00000000ec400000,0x00000000ec400000,0x00000000ec580000)
 ParOldGen       total 68608K, used 16888K [0x00000000c0000000, 0x00000000c4300000, 0x00000000eab00000)
  object space 68608K, 24% used [0x00000000c0000000,0x00000000c107e080,0x00000000c4300000)
 Metaspace       used 40337K, committed 41280K, reserved 1114112K
  class space    used 4019K, committed 4416K, reserved 1048576K
}
Event: 6.548 GC heap after
{Heap after GC invocations=15 (full 2):
 PSYoungGen      total 23552K, used 1199K [0x00000000eab00000, 0x00000000ec600000, 0x0000000100000000)
  eden space 22016K, 0% used [0x00000000eab00000,0x00000000eab00000,0x00000000ec080000)
  from space 1536K, 78% used [0x00000000ec400000,0x00000000ec52bd80,0x00000000ec580000)
  to   space 512K, 0% used [0x00000000ec580000,0x00000000ec580000,0x00000000ec600000)
 ParOldGen       total 68608K, used 17747K [0x00000000c0000000, 0x00000000c4300000, 0x00000000eab00000)
  object space 68608K, 25% used [0x00000000c0000000,0x00000000c1154f90,0x00000000c4300000)
 Metaspace       used 40337K, committed 41280K, reserved 1114112K
  class space    used 4019K, committed 4416K, reserved 1048576K
}
Event: 6.766 GC heap before
{Heap before GC invocations=16 (full 2):
 PSYoungGen      total 23552K, used 23215K [0x00000000eab00000, 0x00000000ec600000, 0x0000000100000000)
  eden space 22016K, 100% used [0x00000000eab00000,0x00000000ec080000,0x00000000ec080000)
  from space 1536K, 78% used [0x00000000ec400000,0x00000000ec52bd80,0x00000000ec580000)
  to   space 512K, 0% used [0x00000000ec580000,0x00000000ec580000,0x00000000ec600000)
 ParOldGen       total 68608K, used 17747K [0x00000000c0000000, 0x00000000c4300000, 0x00000000eab00000)
  object space 68608K, 25% used [0x00000000c0000000,0x00000000c1154f90,0x00000000c4300000)
 Metaspace       used 42325K, committed 43200K, reserved 1114112K
  class space    used 4301K, committed 4672K, reserved 1048576K
}
Event: 6.769 GC heap after
{Heap after GC invocations=16 (full 2):
 PSYoungGen      total 22528K, used 492K [0x00000000eab00000, 0x00000000ec600000, 0x0000000100000000)
  eden space 22016K, 0% used [0x00000000eab00000,0x00000000eab00000,0x00000000ec080000)
  from space 512K, 96% used [0x00000000ec580000,0x00000000ec5fb260,0x00000000ec600000)
  to   space 2048K, 0% used [0x00000000ec200000,0x00000000ec200000,0x00000000ec400000)
 ParOldGen       total 68608K, used 19076K [0x00000000c0000000, 0x00000000c4300000, 0x00000000eab00000)
  object space 68608K, 27% used [0x00000000c0000000,0x00000000c12a1198,0x00000000c4300000)
 Metaspace       used 42325K, committed 43200K, reserved 1114112K
  class space    used 4301K, committed 4672K, reserved 1048576K
}
Event: 6.959 GC heap before
{Heap before GC invocations=17 (full 2):
 PSYoungGen      total 22528K, used 22508K [0x00000000eab00000, 0x00000000ec600000, 0x0000000100000000)
  eden space 22016K, 100% used [0x00000000eab00000,0x00000000ec080000,0x00000000ec080000)
  from space 512K, 96% used [0x00000000ec580000,0x00000000ec5fb260,0x00000000ec600000)
  to   space 2048K, 0% used [0x00000000ec200000,0x00000000ec200000,0x00000000ec400000)
 ParOldGen       total 68608K, used 19076K [0x00000000c0000000, 0x00000000c4300000, 0x00000000eab00000)
  object space 68608K, 27% used [0x00000000c0000000,0x00000000c12a1198,0x00000000c4300000)
 Metaspace       used 44050K, committed 44992K, reserved 1114112K
  class space    used 4508K, committed 4928K, reserved 1048576K
}
Event: 6.961 GC heap after
{Heap after GC invocations=17 (full 2):
 PSYoungGen      total 24064K, used 1702K [0x00000000eab00000, 0x00000000ec600000, 0x0000000100000000)
  eden space 22016K, 0% used [0x00000000eab00000,0x00000000eab00000,0x00000000ec080000)
  from space 2048K, 83% used [0x00000000ec200000,0x00000000ec3a9880,0x00000000ec400000)
  to   space 2048K, 0% used [0x00000000ec400000,0x00000000ec400000,0x00000000ec600000)
 ParOldGen       total 68608K, used 19501K [0x00000000c0000000, 0x00000000c4300000, 0x00000000eab00000)
  object space 68608K, 28% used [0x00000000c0000000,0x00000000c130b638,0x00000000c4300000)
 Metaspace       used 44050K, committed 44992K, reserved 1114112K
  class space    used 4508K, committed 4928K, reserved 1048576K
}
Event: 7.111 GC heap before
{Heap before GC invocations=18 (full 2):
 PSYoungGen      total 24064K, used 23718K [0x00000000eab00000, 0x00000000ec600000, 0x0000000100000000)
  eden space 22016K, 100% used [0x00000000eab00000,0x00000000ec080000,0x00000000ec080000)
  from space 2048K, 83% used [0x00000000ec200000,0x00000000ec3a9880,0x00000000ec400000)
  to   space 2048K, 0% used [0x00000000ec400000,0x00000000ec400000,0x00000000ec600000)
 ParOldGen       total 68608K, used 19501K [0x00000000c0000000, 0x00000000c4300000, 0x00000000eab00000)
  object space 68608K, 28% used [0x00000000c0000000,0x00000000c130b638,0x00000000c4300000)
 Metaspace       used 45170K, committed 46208K, reserved 1114112K
  class space    used 4646K, committed 5120K, reserved 1048576K
}
Event: 7.113 GC heap after
{Heap after GC invocations=18 (full 2):
 PSYoungGen      total 24064K, used 1856K [0x00000000eab00000, 0x00000000ec600000, 0x0000000100000000)
  eden space 22016K, 0% used [0x00000000eab00000,0x00000000eab00000,0x00000000ec080000)
  from space 2048K, 90% used [0x00000000ec400000,0x00000000ec5d0000,0x00000000ec600000)
  to   space 2048K, 0% used [0x00000000ec200000,0x00000000ec200000,0x00000000ec400000)
 ParOldGen       total 68608K, used 20677K [0x00000000c0000000, 0x00000000c4300000, 0x00000000eab00000)
  object space 68608K, 30% used [0x00000000c0000000,0x00000000c14315f8,0x00000000c4300000)
 Metaspace       used 45170K, committed 46208K, reserved 1114112K
  class space    used 4646K, committed 5120K, reserved 1048576K
}
Event: 7.301 GC heap before
{Heap before GC invocations=19 (full 2):
 PSYoungGen      total 24064K, used 23872K [0x00000000eab00000, 0x00000000ec600000, 0x0000000100000000)
  eden space 22016K, 100% used [0x00000000eab00000,0x00000000ec080000,0x00000000ec080000)
  from space 2048K, 90% used [0x00000000ec400000,0x00000000ec5d0000,0x00000000ec600000)
  to   space 2048K, 0% used [0x00000000ec200000,0x00000000ec200000,0x00000000ec400000)
 ParOldGen       total 68608K, used 20677K [0x00000000c0000000, 0x00000000c4300000, 0x00000000eab00000)
  object space 68608K, 30% used [0x00000000c0000000,0x00000000c14315f8,0x00000000c4300000)
 Metaspace       used 46812K, committed 47808K, reserved 1114112K
  class space    used 4816K, committed 5248K, reserved 1048576K
}
Event: 7.304 GC heap after
{Heap after GC invocations=19 (full 2):
 PSYoungGen      total 23552K, used 1184K [0x00000000eab00000, 0x00000000ec480000, 0x0000000100000000)
  eden space 22016K, 0% used [0x00000000eab00000,0x00000000eab00000,0x00000000ec080000)
  from space 1536K, 77% used [0x00000000ec200000,0x00000000ec328040,0x00000000ec380000)
  to   space 1024K, 0% used [0x00000000ec380000,0x00000000ec380000,0x00000000ec480000)
 ParOldGen       total 68608K, used 22341K [0x00000000c0000000, 0x00000000c4300000, 0x00000000eab00000)
  object space 68608K, 32% used [0x00000000c0000000,0x00000000c15d1608,0x00000000c4300000)
 Metaspace       used 46812K, committed 47808K, reserved 1114112K
  class space    used 4816K, committed 5248K, reserved 1048576K
}
Event: 7.434 GC heap before
{Heap before GC invocations=20 (full 2):
 PSYoungGen      total 23552K, used 23200K [0x00000000eab00000, 0x00000000ec480000, 0x0000000100000000)
  eden space 22016K, 100% used [0x00000000eab00000,0x00000000ec080000,0x00000000ec080000)
  from space 1536K, 77% used [0x00000000ec200000,0x00000000ec328040,0x00000000ec380000)
  to   space 1024K, 0% used [0x00000000ec380000,0x00000000ec380000,0x00000000ec480000)
 ParOldGen       total 68608K, used 22341K [0x00000000c0000000, 0x00000000c4300000, 0x00000000eab00000)
  object space 68608K, 32% used [0x00000000c0000000,0x00000000c15d1608,0x00000000c4300000)
 Metaspace       used 47597K, committed 48576K, reserved 1114112K
  class space    used 4917K, committed 5376K, reserved 1048576K
}
Event: 7.436 GC heap after
{Heap after GC invocations=20 (full 2):
 PSYoungGen      total 22528K, used 1024K [0x00000000eab00000, 0x00000000ec780000, 0x0000000100000000)
  eden space 21504K, 0% used [0x00000000eab00000,0x00000000eab00000,0x00000000ec000000)
  from space 1024K, 100% used [0x00000000ec380000,0x00000000ec480000,0x00000000ec480000)
  to   space 3584K, 0% used [0x00000000ec000000,0x00000000ec000000,0x00000000ec380000)
 ParOldGen       total 68608K, used 24163K [0x00000000c0000000, 0x00000000c4300000, 0x00000000eab00000)
  object space 68608K, 35% used [0x00000000c0000000,0x00000000c1798c38,0x00000000c4300000)
 Metaspace       used 47597K, committed 48576K, reserved 1114112K
  class space    used 4917K, committed 5376K, reserved 1048576K
}
Event: 7.566 GC heap before
{Heap before GC invocations=21 (full 2):
 PSYoungGen      total 22528K, used 22528K [0x00000000eab00000, 0x00000000ec780000, 0x0000000100000000)
  eden space 21504K, 100% used [0x00000000eab00000,0x00000000ec000000,0x00000000ec000000)
  from space 1024K, 100% used [0x00000000ec380000,0x00000000ec480000,0x00000000ec480000)
  to   space 3584K, 0% used [0x00000000ec000000,0x00000000ec000000,0x00000000ec380000)
 ParOldGen       total 68608K, used 24163K [0x00000000c0000000, 0x00000000c4300000, 0x00000000eab00000)
  object space 68608K, 35% used [0x00000000c0000000,0x00000000c1798c38,0x00000000c4300000)
 Metaspace       used 47977K, committed 48960K, reserved 1114112K
  class space    used 4968K, committed 5440K, reserved 1048576K
}
Event: 7.569 GC heap after
{Heap after GC invocations=21 (full 2):
 PSYoungGen      total 23552K, used 1984K [0x00000000eab00000, 0x00000000ec500000, 0x0000000100000000)
  eden space 21504K, 0% used [0x00000000eab00000,0x00000000eab00000,0x00000000ec000000)
  from space 2048K, 96% used [0x00000000ec000000,0x00000000ec1f0000,0x00000000ec200000)
  to   space 2560K, 0% used [0x00000000ec280000,0x00000000ec280000,0x00000000ec500000)
 ParOldGen       total 68608K, used 25239K [0x00000000c0000000, 0x00000000c4300000, 0x00000000eab00000)
  object space 68608K, 36% used [0x00000000c0000000,0x00000000c18a5f90,0x00000000c4300000)
 Metaspace       used 47977K, committed 48960K, reserved 1114112K
  class space    used 4968K, committed 5440K, reserved 1048576K
}
Event: 7.880 GC heap before
{Heap before GC invocations=22 (full 2):
 PSYoungGen      total 23552K, used 23488K [0x00000000eab00000, 0x00000000ec500000, 0x0000000100000000)
  eden space 21504K, 100% used [0x00000000eab00000,0x00000000ec000000,0x00000000ec000000)
  from space 2048K, 96% used [0x00000000ec000000,0x00000000ec1f0000,0x00000000ec200000)
  to   space 2560K, 0% used [0x00000000ec280000,0x00000000ec280000,0x00000000ec500000)
 ParOldGen       total 68608K, used 25239K [0x00000000c0000000, 0x00000000c4300000, 0x00000000eab00000)
  object space 68608K, 36% used [0x00000000c0000000,0x00000000c18a5f90,0x00000000c4300000)
 Metaspace       used 49262K, committed 50240K, reserved 1114112K
  class space    used 5109K, committed 5568K, reserved 1048576K
}
Event: 7.882 GC heap after
{Heap after GC invocations=22 (full 2):
 PSYoungGen      total 24064K, used 2093K [0x00000000eab00000, 0x00000000ec500000, 0x0000000100000000)
  eden space 21504K, 0% used [0x00000000eab00000,0x00000000eab00000,0x00000000ec000000)
  from space 2560K, 81% used [0x00000000ec280000,0x00000000ec48b520,0x00000000ec500000)
  to   space 2560K, 0% used [0x00000000ec000000,0x00000000ec000000,0x00000000ec280000)
 ParOldGen       total 68608K, used 27063K [0x00000000c0000000, 0x00000000c4300000, 0x00000000eab00000)
  object space 68608K, 39% used [0x00000000c0000000,0x00000000c1a6df90,0x00000000c4300000)
 Metaspace       used 49262K, committed 50240K, reserved 1114112K
  class space    used 5109K, committed 5568K, reserved 1048576K
}

Dll operation events (10 events):
Event: 0.010 Loaded shared library c:\Users\devan\.vscode\extensions\redhat.java-1.30.0-win32-x64\jre\17.0.10-win32-x86_64\bin\java.dll
Event: 0.206 Loaded shared library c:\Users\devan\.vscode\extensions\redhat.java-1.30.0-win32-x64\jre\17.0.10-win32-x86_64\bin\zip.dll
Event: 0.212 Loaded shared library C:\Users\devan\.vscode\extensions\redhat.java-1.30.0-win32-x64\jre\17.0.10-win32-x86_64\bin\instrument.dll
Event: 0.236 Loaded shared library C:\Users\devan\.vscode\extensions\redhat.java-1.30.0-win32-x64\jre\17.0.10-win32-x86_64\bin\net.dll
Event: 0.239 Loaded shared library C:\Users\devan\.vscode\extensions\redhat.java-1.30.0-win32-x64\jre\17.0.10-win32-x86_64\bin\nio.dll
Event: 0.249 Loaded shared library C:\Users\devan\.vscode\extensions\redhat.java-1.30.0-win32-x64\jre\17.0.10-win32-x86_64\bin\zip.dll
Event: 0.279 Loaded shared library C:\Users\devan\.vscode\extensions\redhat.java-1.30.0-win32-x64\jre\17.0.10-win32-x86_64\bin\jimage.dll
Event: 0.364 Loaded shared library c:\Users\devan\.vscode\extensions\redhat.java-1.30.0-win32-x64\jre\17.0.10-win32-x86_64\bin\verify.dll
Event: 2.018 Loaded shared library C:\Users\devan\AppData\Roaming\Code\User\globalStorage\redhat.java\1.30.0\config_win\org.eclipse.equinox.launcher\org.eclipse.equinox.launcher.win32.win32.x86_64_1.2.900.v20240213-1244\eclipse_11900.dll
Event: 6.186 Loaded shared library C:\Users\devan\AppData\Local\Temp\jna--1335164507\jna17328011856100840387.dll

Deoptimization events (20 events):
Event: 7.612 Thread 0x0000014faae59d90 Uncommon trap: trap_request=0xffffff45 fr.pc=0x0000014f9991e384 relative=0x0000000000000084
Event: 7.612 Thread 0x0000014faae59d90 Uncommon trap: reason=unstable_if action=reinterpret pc=0x0000014f9991e384 method=org.eclipse.core.runtime.Path.segment(I)Ljava/lang/String; @ 8 c2
Event: 7.612 Thread 0x0000014faae59d90 DEOPT PACKING pc=0x0000014f9991e384 sp=0x0000002faa3fe510
Event: 7.612 Thread 0x0000014faae59d90 DEOPT UNPACKING pc=0x0000014f990566a3 sp=0x0000002faa3fe4a0 mode 2
Event: 8.005 Thread 0x0000014faae57510 Uncommon trap: trap_request=0xffffffd6 fr.pc=0x0000014f99a8d0d0 relative=0x00000000000000b0
Event: 8.005 Thread 0x0000014faae57510 Uncommon trap: reason=array_check action=maybe_recompile pc=0x0000014f99a8d0d0 method=java.util.stream.Nodes$FixedNodeBuilder.accept(Ljava/lang/Object;)V @ 28 c2
Event: 8.005 Thread 0x0000014faae57510 DEOPT PACKING pc=0x0000014f99a8d0d0 sp=0x0000002faa2fe240
Event: 8.005 Thread 0x0000014faae57510 DEOPT UNPACKING pc=0x0000014f990566a3 sp=0x0000002faa2fe1d0 mode 2
Event: 8.006 Thread 0x0000014faae57510 Uncommon trap: trap_request=0xffffffd6 fr.pc=0x0000014f99a8d0d0 relative=0x00000000000000b0
Event: 8.006 Thread 0x0000014faae57510 Uncommon trap: reason=array_check action=maybe_recompile pc=0x0000014f99a8d0d0 method=java.util.stream.Nodes$FixedNodeBuilder.accept(Ljava/lang/Object;)V @ 28 c2
Event: 8.006 Thread 0x0000014faae57510 DEOPT PACKING pc=0x0000014f99a8d0d0 sp=0x0000002faa2fe220
Event: 8.006 Thread 0x0000014faae57510 DEOPT UNPACKING pc=0x0000014f990566a3 sp=0x0000002faa2fe1b0 mode 2
Event: 8.006 Thread 0x0000014faae57510 Uncommon trap: trap_request=0xffffffd6 fr.pc=0x0000014f99a8d0d0 relative=0x00000000000000b0
Event: 8.006 Thread 0x0000014faae57510 Uncommon trap: reason=array_check action=maybe_recompile pc=0x0000014f99a8d0d0 method=java.util.stream.Nodes$FixedNodeBuilder.accept(Ljava/lang/Object;)V @ 28 c2
Event: 8.006 Thread 0x0000014faae57510 DEOPT PACKING pc=0x0000014f99a8d0d0 sp=0x0000002faa2fe220
Event: 8.006 Thread 0x0000014faae57510 DEOPT UNPACKING pc=0x0000014f990566a3 sp=0x0000002faa2fe1b0 mode 2
Event: 8.009 Thread 0x0000014faae57510 Uncommon trap: trap_request=0xffffffd6 fr.pc=0x0000014f99a8d0d0 relative=0x00000000000000b0
Event: 8.009 Thread 0x0000014faae57510 Uncommon trap: reason=array_check action=maybe_recompile pc=0x0000014f99a8d0d0 method=java.util.stream.Nodes$FixedNodeBuilder.accept(Ljava/lang/Object;)V @ 28 c2
Event: 8.009 Thread 0x0000014faae57510 DEOPT PACKING pc=0x0000014f99a8d0d0 sp=0x0000002faa2fe240
Event: 8.009 Thread 0x0000014faae57510 DEOPT UNPACKING pc=0x0000014f990566a3 sp=0x0000002faa2fe1d0 mode 2

Classes unloaded (7 events):
Event: 5.809 Thread 0x0000014fa2d921c0 Unloading class 0x000000010024a400 'java/lang/invoke/LambdaForm$MH+0x000000010024a400'
Event: 5.809 Thread 0x0000014fa2d921c0 Unloading class 0x000000010024a000 'java/lang/invoke/LambdaForm$MH+0x000000010024a000'
Event: 5.809 Thread 0x0000014fa2d921c0 Unloading class 0x0000000100249c00 'java/lang/invoke/LambdaForm$MH+0x0000000100249c00'
Event: 5.809 Thread 0x0000014fa2d921c0 Unloading class 0x0000000100249800 'java/lang/invoke/LambdaForm$MH+0x0000000100249800'
Event: 5.809 Thread 0x0000014fa2d921c0 Unloading class 0x0000000100249400 'java/lang/invoke/LambdaForm$BMH+0x0000000100249400'
Event: 5.809 Thread 0x0000014fa2d921c0 Unloading class 0x0000000100249000 'java/lang/invoke/LambdaForm$DMH+0x0000000100249000'
Event: 5.809 Thread 0x0000014fa2d921c0 Unloading class 0x0000000100244400 'java/lang/invoke/LambdaForm$DMH+0x0000000100244400'

Classes redefined (0 events):
No events

Internal exceptions (20 events):
Event: 6.079 Thread 0x0000014faae57510 Exception <a 'java/lang/NoSuchMethodError'{0x00000000eb49a400}: 'java.lang.Object java.lang.invoke.DirectMethodHandle$Holder.invokeSpecialIFC(java.lang.Object, java.lang.Object, java.lang.Object, java.lang.Object)'> (0x00000000eb49a400) 
thrown [s\src\hotspot\share\interpreter\linkResolver.cpp, line 759]
Event: 6.086 Thread 0x0000014faaa8f030 Exception <a 'java/io/FileNotFoundException'{0x00000000eb43ec88}> (0x00000000eb43ec88) 
thrown [s\src\hotspot\share\prims\jni.cpp, line 516]
Event: 6.263 Thread 0x0000014faaa8f030 Exception <a 'java/lang/UnsatisfiedLinkError'{0x00000000ebcd0d40}: The specified procedure could not be found.
> (0x00000000ebcd0d40) 
thrown [s\src\hotspot\share\prims\jni.cpp, line 535]
Event: 6.273 Thread 0x0000014faaa8f030 Exception <a 'java/io/FileNotFoundException'{0x00000000ebcf94a8}> (0x00000000ebcf94a8) 
thrown [s\src\hotspot\share\prims\jni.cpp, line 516]
Event: 6.299 Thread 0x0000014faaa8f030 Exception <a 'java/io/FileNotFoundException'{0x00000000ebf6b558}> (0x00000000ebf6b558) 
thrown [s\src\hotspot\share\prims\jni.cpp, line 516]
Event: 6.319 Thread 0x0000014faaa8f030 Exception <a 'java/lang/UnsatisfiedLinkError'{0x00000000eab35f78}: The specified procedure could not be found.
> (0x00000000eab35f78) 
thrown [s\src\hotspot\share\prims\jni.cpp, line 535]
Event: 6.370 Thread 0x0000014f8ef21cf0 Exception <a 'sun/nio/fs/WindowsException'{0x00000000eae86990}> (0x00000000eae86990) 
thrown [s\src\hotspot\share\prims\jni.cpp, line 516]
Event: 6.438 Thread 0x0000014faae57510 Exception <a 'java/lang/NoSuchMethodError'{0x00000000eb30afe8}: 'int java.lang.invoke.DirectMethodHandle$Holder.invokeSpecialIFC(java.lang.Object, java.lang.Object, java.lang.Object, java.lang.Object, java.lang.Object)'> (0x00000000eb30afe8) 
thrown [s\src\hotspot\share\interpreter\linkResolver.cpp, line 759]
Event: 6.536 Thread 0x0000014f8ef21cf0 Exception <a 'java/lang/NoSuchMethodError'{0x00000000ec089240}: 'java.lang.Object java.lang.invoke.DirectMethodHandle$Holder.invokeStatic(java.lang.Object, java.lang.Object, long, java.lang.Object)'> (0x00000000ec089240) 
thrown [s\src\hotspot\share\interpreter\linkResolver.cpp, line 759]
Event: 6.537 Thread 0x0000014f8ef21cf0 Exception <a 'java/lang/NoSuchMethodError'{0x00000000ec0a16a8}: 'java.lang.Object java.lang.invoke.DirectMethodHandle$Holder.invokeStaticInit(java.lang.Object, java.lang.Object, long, java.lang.Object)'> (0x00000000ec0a16a8) 
thrown [s\src\hotspot\share\interpreter\linkResolver.cpp, line 759]
Event: 6.539 Thread 0x0000014f8ef21cf0 Exception <a 'java/lang/NoSuchMethodError'{0x00000000ec0a8428}: 'java.lang.Object java.lang.invoke.DirectMethodHandle$Holder.newInvokeSpecial(java.lang.Object, java.lang.Object, long)'> (0x00000000ec0a8428) 
thrown [s\src\hotspot\share\interpreter\linkResolver.cpp, line 759]
Event: 6.660 Thread 0x0000014faae57510 Exception <a 'java/lang/NoClassDefFoundError'{0x00000000eb2b0f48}: javax/enterprise/inject/Typed> (0x00000000eb2b0f48) 
thrown [s\src\hotspot\share\classfile\systemDictionary.cpp, line 245]
Event: 6.753 Thread 0x0000014faae59d90 Exception <a 'java/io/FileNotFoundException'{0x00000000ebeb43c8}> (0x00000000ebeb43c8) 
thrown [s\src\hotspot\share\prims\jni.cpp, line 516]
Event: 6.965 Thread 0x0000014faae59d90 Exception <a 'java/lang/NoSuchMethodError'{0x00000000eab405f0}: 'java.lang.Object java.lang.invoke.Invokers$Holder.invoke_MT(java.lang.Object, java.lang.Object, java.lang.Object)'> (0x00000000eab405f0) 
thrown [s\src\hotspot\share\interpreter\linkResolver.cpp, line 759]
Event: 7.089 Thread 0x0000014f8ef21cf0 Exception <a 'java/lang/NoSuchMethodError'{0x00000000ebd04700}: 'void java.lang.invoke.DirectMethodHandle$Holder.invokeSpecial(java.lang.Object, java.lang.Object, java.lang.Object, java.lang.Object, java.lang.Object, java.lang.Object)'> (0x00000000ebd04700) 
thrown [s\src\hotspot\share\interpreter\linkResolver.cpp, line 759]
Event: 7.093 Thread 0x0000014f8ef21cf0 Exception <a 'java/lang/IncompatibleClassChangeError'{0x00000000ebd75468}: Found class java.lang.Object, but interface was expected> (0x00000000ebd75468) 
thrown [s\src\hotspot\share\interpreter\linkResolver.cpp, line 826]
Event: 7.253 Thread 0x0000014f8ef21cf0 Implicit null exception at 0x0000014f997bcf0c to 0x0000014f997bcf3c
Event: 7.383 Thread 0x0000014faae59d90 Exception <a 'java/io/FileNotFoundException'{0x00000000eb9bdbc0}> (0x00000000eb9bdbc0) 
thrown [s\src\hotspot\share\prims\jni.cpp, line 516]
Event: 7.384 Thread 0x0000014faae59d90 Exception <a 'java/io/FileNotFoundException'{0x00000000eb9bf378}> (0x00000000eb9bf378) 
thrown [s\src\hotspot\share\prims\jni.cpp, line 516]
Event: 7.389 Thread 0x0000014faae59d90 Exception <a 'java/lang/NoSuchMethodError'{0x00000000eba42f58}: 'void java.lang.invoke.DirectMethodHandle$Holder.invokeStaticInit(java.lang.Object, java.lang.Object, java.lang.Object)'> (0x00000000eba42f58) 
thrown [s\src\hotspot\share\interpreter\linkResolver.cpp, line 759]

VM Operations (20 events):
Event: 7.010 Executing VM operation: HandshakeAllThreads
Event: 7.010 Executing VM operation: HandshakeAllThreads done
Event: 7.051 Executing VM operation: HandshakeAllThreads
Event: 7.051 Executing VM operation: HandshakeAllThreads done
Event: 7.109 Executing VM operation: ParallelGCFailedAllocation
Event: 7.113 Executing VM operation: ParallelGCFailedAllocation done
Event: 7.235 Executing VM operation: HandshakeAllThreads
Event: 7.235 Executing VM operation: HandshakeAllThreads done
Event: 7.300 Executing VM operation: ParallelGCFailedAllocation
Event: 7.304 Executing VM operation: ParallelGCFailedAllocation done
Event: 7.433 Executing VM operation: ParallelGCFailedAllocation
Event: 7.436 Executing VM operation: ParallelGCFailedAllocation done
Event: 7.537 Executing VM operation: HandshakeAllThreads
Event: 7.537 Executing VM operation: HandshakeAllThreads done
Event: 7.566 Executing VM operation: ParallelGCFailedAllocation
Event: 7.569 Executing VM operation: ParallelGCFailedAllocation done
Event: 7.600 Executing VM operation: HandshakeAllThreads
Event: 7.600 Executing VM operation: HandshakeAllThreads done
Event: 7.880 Executing VM operation: ParallelGCFailedAllocation
Event: 7.883 Executing VM operation: ParallelGCFailedAllocation done

Events (20 events):
Event: 7.410 loading class sun/reflect/annotation/AnnotatedTypeFactory$AnnotatedParameterizedTypeImpl
Event: 7.410 loading class java/lang/reflect/AnnotatedParameterizedType
Event: 7.411 loading class java/lang/reflect/AnnotatedParameterizedType done
Event: 7.411 loading class sun/reflect/annotation/AnnotatedTypeFactory$AnnotatedParameterizedTypeImpl done
Event: 7.624 loading class java/util/WeakHashMap$KeyIterator
Event: 7.625 loading class java/util/WeakHashMap$KeyIterator done
Event: 7.757 loading class java/util/concurrent/CompletionService
Event: 7.758 loading class java/util/concurrent/CompletionService done
Event: 7.872 loading class sun/reflect/generics/scope/ConstructorScope
Event: 7.872 loading class sun/reflect/generics/scope/ConstructorScope done
Event: 7.872 loading class sun/reflect/generics/tree/VoidDescriptor
Event: 7.873 loading class sun/reflect/generics/tree/VoidDescriptor done
Event: 7.993 loading class java/nio/channels/SocketChannel
Event: 7.993 loading class java/nio/channels/NetworkChannel
Event: 7.993 loading class java/nio/channels/NetworkChannel done
Event: 7.993 loading class java/nio/channels/spi/AbstractSelectableChannel
Event: 7.994 loading class java/nio/channels/spi/AbstractSelectableChannel done
Event: 7.994 loading class java/nio/channels/SocketChannel done
Event: 7.995 loading class java/nio/channels/ServerSocketChannel
Event: 7.995 loading class java/nio/channels/ServerSocketChannel done


Dynamic libraries:
0x00007ff65c8e0000 - 0x00007ff65c8ee000 	c:\Users\devan\.vscode\extensions\redhat.java-1.30.0-win32-x64\jre\17.0.10-win32-x86_64\bin\java.exe
0x00007ffbb2af0000 - 0x00007ffbb2d07000 	C:\WINDOWS\SYSTEM32\ntdll.dll
0x00007ffbb1c60000 - 0x00007ffbb1d24000 	C:\WINDOWS\System32\KERNEL32.DLL
0x00007ffbb00c0000 - 0x00007ffbb0466000 	C:\WINDOWS\System32\KERNELBASE.dll
0x00007ffbb0670000 - 0x00007ffbb0781000 	C:\WINDOWS\System32\ucrtbase.dll
0x00007ffb8acf0000 - 0x00007ffb8ad07000 	c:\Users\devan\.vscode\extensions\redhat.java-1.30.0-win32-x64\jre\17.0.10-win32-x86_64\bin\jli.dll
0x00007ffb85370000 - 0x00007ffb8538b000 	c:\Users\devan\.vscode\extensions\redhat.java-1.30.0-win32-x64\jre\17.0.10-win32-x86_64\bin\VCRUNTIME140.dll
0x00007ffbb1d30000 - 0x00007ffbb1ede000 	C:\WINDOWS\System32\USER32.dll
0x00007ffbb0810000 - 0x00007ffbb0836000 	C:\WINDOWS\System32\win32u.dll
0x00007ffba7c10000 - 0x00007ffba7ea3000 	C:\WINDOWS\WinSxS\amd64_microsoft.windows.common-controls_6595b64144ccf1df_6.0.22621.2506_none_270c5ae97388e100\COMCTL32.dll
0x00007ffbb15c0000 - 0x00007ffbb15e9000 	C:\WINDOWS\System32\GDI32.dll
0x00007ffbb12a0000 - 0x00007ffbb1347000 	C:\WINDOWS\System32\msvcrt.dll
0x00007ffbafe30000 - 0x00007ffbaff48000 	C:\WINDOWS\System32\gdi32full.dll
0x00007ffbb0470000 - 0x00007ffbb050a000 	C:\WINDOWS\System32\msvcp_win.dll
0x00007ffbb11b0000 - 0x00007ffbb11e1000 	C:\WINDOWS\System32\IMM32.DLL
0x00007ffba2d70000 - 0x00007ffba2d7c000 	c:\Users\devan\.vscode\extensions\redhat.java-1.30.0-win32-x64\jre\17.0.10-win32-x86_64\bin\vcruntime140_1.dll
0x00007ffb74010000 - 0x00007ffb7409d000 	c:\Users\devan\.vscode\extensions\redhat.java-1.30.0-win32-x64\jre\17.0.10-win32-x86_64\bin\msvcp140.dll
0x00007ffb3a230000 - 0x00007ffb3ae92000 	c:\Users\devan\.vscode\extensions\redhat.java-1.30.0-win32-x64\jre\17.0.10-win32-x86_64\bin\server\jvm.dll
0x00007ffbb0c00000 - 0x00007ffbb0cb3000 	C:\WINDOWS\System32\ADVAPI32.dll
0x00007ffbb11f0000 - 0x00007ffbb1298000 	C:\WINDOWS\System32\sechost.dll
0x00007ffbb0640000 - 0x00007ffbb0668000 	C:\WINDOWS\System32\bcrypt.dll
0x00007ffbb2930000 - 0x00007ffbb2a47000 	C:\WINDOWS\System32\RPCRT4.dll
0x00007ffbafb50000 - 0x00007ffbafb9d000 	C:\WINDOWS\SYSTEM32\POWRPROF.dll
0x00007ffb8d360000 - 0x00007ffb8d369000 	C:\WINDOWS\SYSTEM32\WSOCK32.dll
0x00007ffbb0da0000 - 0x00007ffbb0e11000 	C:\WINDOWS\System32\WS2_32.dll
0x00007ffba7930000 - 0x00007ffba793a000 	C:\WINDOWS\SYSTEM32\VERSION.dll
0x00007ffba88f0000 - 0x00007ffba8924000 	C:\WINDOWS\SYSTEM32\WINMM.dll
0x00007ffbafa60000 - 0x00007ffbafa73000 	C:\WINDOWS\SYSTEM32\UMPDC.dll
0x00007ffbaee60000 - 0x00007ffbaee78000 	C:\WINDOWS\SYSTEM32\kernel.appcore.dll
0x00007ffba2c70000 - 0x00007ffba2c7a000 	c:\Users\devan\.vscode\extensions\redhat.java-1.30.0-win32-x64\jre\17.0.10-win32-x86_64\bin\jimage.dll
0x00007ffba6bd0000 - 0x00007ffba6e03000 	C:\WINDOWS\SYSTEM32\DBGHELP.DLL
0x00007ffbb0e20000 - 0x00007ffbb11a9000 	C:\WINDOWS\System32\combase.dll
0x00007ffbb0840000 - 0x00007ffbb0917000 	C:\WINDOWS\System32\OLEAUT32.dll
0x00007ffba4650000 - 0x00007ffba4682000 	C:\WINDOWS\SYSTEM32\dbgcore.DLL
0x00007ffbb0790000 - 0x00007ffbb080a000 	C:\WINDOWS\System32\bcryptPrimitives.dll
0x00007ffba2a50000 - 0x00007ffba2a5e000 	c:\Users\devan\.vscode\extensions\redhat.java-1.30.0-win32-x64\jre\17.0.10-win32-x86_64\bin\instrument.dll
0x00007ffb83000000 - 0x00007ffb83025000 	c:\Users\devan\.vscode\extensions\redhat.java-1.30.0-win32-x64\jre\17.0.10-win32-x86_64\bin\java.dll
0x00007ffb805f0000 - 0x00007ffb80608000 	c:\Users\devan\.vscode\extensions\redhat.java-1.30.0-win32-x64\jre\17.0.10-win32-x86_64\bin\zip.dll
0x00007ffbb1fb0000 - 0x00007ffbb280a000 	C:\WINDOWS\System32\SHELL32.dll
0x00007ffbadd30000 - 0x00007ffbae626000 	C:\WINDOWS\SYSTEM32\windows.storage.dll
0x00007ffbadbf0000 - 0x00007ffbadd2e000 	C:\WINDOWS\SYSTEM32\wintypes.dll
0x00007ffbb14c0000 - 0x00007ffbb15b3000 	C:\WINDOWS\System32\SHCORE.dll
0x00007ffbb0cc0000 - 0x00007ffbb0d1e000 	C:\WINDOWS\System32\shlwapi.dll
0x00007ffbafd60000 - 0x00007ffbafd86000 	C:\WINDOWS\SYSTEM32\profapi.dll
0x00007ffb7f9e0000 - 0x00007ffb7f9f9000 	C:\Users\devan\.vscode\extensions\redhat.java-1.30.0-win32-x64\jre\17.0.10-win32-x86_64\bin\net.dll
0x00007ffba9d60000 - 0x00007ffba9e97000 	C:\WINDOWS\SYSTEM32\WINHTTP.dll
0x00007ffbaf2e0000 - 0x00007ffbaf349000 	C:\WINDOWS\system32\mswsock.dll
0x00007ffb7d770000 - 0x00007ffb7d786000 	C:\Users\devan\.vscode\extensions\redhat.java-1.30.0-win32-x64\jre\17.0.10-win32-x86_64\bin\nio.dll
0x00007ffb9cbd0000 - 0x00007ffb9cbe0000 	c:\Users\devan\.vscode\extensions\redhat.java-1.30.0-win32-x64\jre\17.0.10-win32-x86_64\bin\verify.dll
0x00007ffb74a50000 - 0x00007ffb74a8e000 	C:\Users\devan\AppData\Roaming\Code\User\globalStorage\redhat.java\1.30.0\config_win\org.eclipse.equinox.launcher\org.eclipse.equinox.launcher.win32.win32.x86_64_1.2.900.v20240213-1244\eclipse_11900.dll
0x00007ffbb1a70000 - 0x00007ffbb1c10000 	C:\WINDOWS\System32\ole32.dll
0x00007ffbaf5b0000 - 0x00007ffbaf5cb000 	C:\WINDOWS\SYSTEM32\CRYPTSP.dll
0x00007ffbaedc0000 - 0x00007ffbaedf5000 	C:\WINDOWS\system32\rsaenh.dll
0x00007ffbaf440000 - 0x00007ffbaf46c000 	C:\WINDOWS\SYSTEM32\USERENV.dll
0x00007ffbaf5a0000 - 0x00007ffbaf5ac000 	C:\WINDOWS\SYSTEM32\CRYPTBASE.dll
0x00007ffbae890000 - 0x00007ffbae8bd000 	C:\WINDOWS\SYSTEM32\IPHLPAPI.DLL
0x00007ffbb14b0000 - 0x00007ffbb14b9000 	C:\WINDOWS\System32\NSI.dll
0x00007ffba98b0000 - 0x00007ffba98c9000 	C:\WINDOWS\SYSTEM32\dhcpcsvc6.DLL
0x00007ffba91e0000 - 0x00007ffba91ff000 	C:\WINDOWS\SYSTEM32\dhcpcsvc.DLL
0x00007ffbae900000 - 0x00007ffbae9f9000 	C:\WINDOWS\SYSTEM32\DNSAPI.dll
0x00007ffb64e80000 - 0x00007ffb64ec5000 	C:\Users\devan\AppData\Local\Temp\jna--1335164507\jna17328011856100840387.dll
0x00007ffbb0920000 - 0x00007ffbb0928000 	C:\WINDOWS\System32\PSAPI.DLL

dbghelp: loaded successfully - version: 4.0.5 - missing functions: none
symbol engine: initialized successfully - sym options: 0x614 - pdb path: .;c:\Users\devan\.vscode\extensions\redhat.java-1.30.0-win32-x64\jre\17.0.10-win32-x86_64\bin;C:\WINDOWS\SYSTEM32;C:\WINDOWS\WinSxS\amd64_microsoft.windows.common-controls_6595b64144ccf1df_6.0.22621.2506_none_270c5ae97388e100;c:\Users\devan\.vscode\extensions\redhat.java-1.30.0-win32-x64\jre\17.0.10-win32-x86_64\bin\server;C:\Users\devan\AppData\Roaming\Code\User\globalStorage\redhat.java\1.30.0\config_win\org.eclipse.equinox.launcher\org.eclipse.equinox.launcher.win32.win32.x86_64_1.2.900.v20240213-1244;C:\Users\devan\AppData\Local\Temp\jna--1335164507

VM Arguments:
jvm_args: --add-modules=ALL-SYSTEM --add-opens=java.base/java.util=ALL-UNNAMED --add-opens=java.base/java.lang=ALL-UNNAMED --add-opens=java.base/sun.nio.fs=ALL-UNNAMED -Declipse.application=org.eclipse.jdt.ls.core.id1 -Dosgi.bundles.defaultStartLevel=4 -Declipse.product=org.eclipse.jdt.ls.core.product -Djava.import.generatesMetadataFilesAtProjectRoot=false -DDetectVMInstallationsJob.disabled=true -Dfile.encoding=utf8 -XX:+UseParallelGC -XX:GCTimeRatio=4 -XX:AdaptiveSizePolicyWeight=90 -Dsun.zip.disableMemoryMapping=true -Xmx1G -Xms100m -Xlog:disable -javaagent:c:\Users\devan\.vscode\extensions\redhat.java-1.30.0-win32-x64\lombok\lombok-1.18.32.jar -XX:+HeapDumpOnOutOfMemoryError -XX:HeapDumpPath=c:\Users\devan\AppData\Roaming\Code\User\workspaceStorage\4d92966fc4af52e91468190edff9a261\redhat.java -Daether.dependencyCollector.impl=bf 
java_command: c:\Users\devan\.vscode\extensions\redhat.java-1.30.0-win32-x64\server\plugins\org.eclipse.equinox.launcher_1.6.800.v20240330-1250.jar -configuration c:\Users\devan\AppData\Roaming\Code\User\globalStorage\redhat.java\1.30.0\config_win -data c:\Users\devan\AppData\Roaming\Code\User\workspaceStorage\4d92966fc4af52e91468190edff9a261\redhat.java\jdt_ws --pipe=\\.\pipe\lsp-a00c304149d746ceb5790764945b5d10-sock
java_class_path (initial): c:\Users\devan\.vscode\extensions\redhat.java-1.30.0-win32-x64\server\plugins\org.eclipse.equinox.launcher_1.6.800.v20240330-1250.jar
Launcher Type: SUN_STANDARD

[Global flags]
    uintx AdaptiveSizePolicyWeight                 = 90                                        {product} {command line}
     intx CICompilerCount                          = 12                                        {product} {ergonomic}
    uintx GCTimeRatio                              = 4                                         {product} {command line}
     bool HeapDumpOnOutOfMemoryError               = true                                   {manageable} {command line}
    ccstr HeapDumpPath                             = c:\Users\devan\AppData\Roaming\Code\User\workspaceStorage\4d92966fc4af52e91468190edff9a261\redhat.java         {manageable} {command line}
   size_t InitialHeapSize                          = 104857600                                 {product} {command line}
   size_t MaxHeapSize                              = 1073741824                                {product} {command line}
   size_t MaxNewSize                               = 357564416                                 {product} {ergonomic}
   size_t MinHeapDeltaBytes                        = 524288                                    {product} {ergonomic}
   size_t MinHeapSize                              = 104857600                                 {product} {command line}
   size_t NewSize                                  = 34603008                                  {product} {ergonomic}
    uintx NonNMethodCodeHeapSize                   = 7602480                                {pd product} {ergonomic}
    uintx NonProfiledCodeHeapSize                  = 122027880                              {pd product} {ergonomic}
   size_t OldSize                                  = 70254592                                  {product} {ergonomic}
    uintx ProfiledCodeHeapSize                     = 122027880                              {pd product} {ergonomic}
    uintx ReservedCodeCacheSize                    = 251658240                              {pd product} {ergonomic}
     bool SegmentedCodeCache                       = true                                      {product} {ergonomic}
   size_t SoftMaxHeapSize                          = 1073741824                             {manageable} {ergonomic}
     bool UseCompressedClassPointers               = true                           {product lp64_product} {ergonomic}
     bool UseCompressedOops                        = true                           {product lp64_product} {ergonomic}
     bool UseLargePagesIndividualAllocation        = false                                  {pd product} {ergonomic}
     bool UseParallelGC                            = true                                      {product} {command line}

Logging:
Log output configuration:
 #0: stdout all=off uptime,level,tags
 #1: stderr all=off uptime,level,tags

Environment Variables:
JAVA_HOME=C:\Program Files\Microsoft\jdk-17.0.10.7-hotspot\
PATH=C:\Users\devan\AppData\Roaming\.dotnet;C:\Program Files\Microsoft\jdk-17.0.10.7-hotspot\bin;C:\Program Files\NVIDIA GPU Computing Toolkit\CUDA\v8.0\bin;C:\Program Files\NVIDIA GPU Computing Toolkit\CUDA\v8.0\libnvvp;C:\Program Files (x86)\Qualcomm\QDART\\bin;C:\Program Files (x86)\Common Files\Oracle\Java\javapath;C:\Program Files\Common Files\Oracle\Java\javapath;C:\Windows\system32;C:\Windows;C:\Windows\System32\Wbem;C:\Windows\System32\WindowsPowerShell\v1.0\;C:\Windows\System32\OpenSSH\;C:\Program Files (x86)\NVIDIA Corporation\PhysX\Common;C:\Program Files\NVIDIA Corporation\NVIDIA NvDLISR;C:\WINDOWS\system32;C:\WINDOWS;C:\WINDOWS\System32\Wbem;C:\WINDOWS\System32\WindowsPowerShell\v1.0\;C:\WINDOWS\System32\OpenSSH\;C:\Users\devan\AppData\Local\Microsoft\WindowsApps;C:\Users\devan\AppData\Local\Programs\Microsoft VS Code\bin;C:\adb;C:\Program Files\dotnet\;C:\Program Files\Java\jdk-17.0.1\bin;C:\Program Files\PuTTY\;C:\Xilinx\Vivado\2021.1\bin;C:\mingw32\bin;C:\Program Files\NVIDIA Corporation\Nsight Compute 2023.3.1\;C:\WINDOWS\system32;C:\WINDOWS;C:\WINDOWS\System32\Wbem;C:\WINDOWS\System32\WindowsPowerShell\v1.0\;C:\WINDOWS\System32\OpenSSH\;C:\Program Files\nodejs\;C:\ProgramData\chocolatey\bin;C:\Program Files\Docker\Docker\resources\bin;C:\Program Files\Microsoft SQL Server\150\Tools\Binn\;C:\Program Files\Microsoft SQL Server\Client SDK\ODBC\170\Tools\Binn\;C:\Program Files (x86)\Microsoft SQL Server\160\DTS\Binn\;C:\Program Files (x86)\Microsoft SQL Server\160\Tools\Binn\;C:\Program Files\Microsoft SQL Server\160\Tools\Binn\;C:\Program Files\Microsoft SQL Server\160\DTS\Binn\;C:\Program Files\Git\cmd;C:\Users\devan\AppData\Roaming\.dotnet;C:\Users\devan\AppData\Local\Android\Sdk\platform-tools;C:\Users\devan\AppData\Local\Android\Sdk\tools;C:\Program Files\MySQL\MySQL Shell 8.0\bin\;C:\Users\devan\AppData\Local\Programs\Python\Python310\Scripts\;C:\Users\devan\AppData\Local\Programs\Python\Python310\;%USERPROFILE%\AppData\Local\Microsoft\WindowsApps;C
USERNAME=devang
OS=Windows_NT
PROCESSOR_IDENTIFIER=AMD64 Family 23 Model 96 Stepping 1, AuthenticAMD
TMP=C:\Users\devan\AppData\Local\Temp
TEMP=C:\Users\devan\AppData\Local\Temp



Periodic native trim disabled


---------------  S Y S T E M  ---------------

OS:
 Windows 11 , 64 bit Build 22621 (10.0.22621.2506)
OS uptime: 0 days 6:31 hours
Hyper-V role detected

CPU: total 16 (initial active 16) (16 cores per cpu, 2 threads per core) family 23 model 96 stepping 1 microcode 0x0, cx8, cmov, fxsr, ht, mmx, 3dnowpref, sse, sse2, sse3, ssse3, sse4a, sse4.1, sse4.2, popcnt, lzcnt, tsc, tscinvbit, avx, avx2, aes, clmul, bmi1, bmi2, adx, sha, fma, vzeroupper, clflush, clflushopt, hv
Processor Information for all 16 processors :
  Max Mhz: 2901, Current Mhz: 2901, Mhz Limit: 2901

Memory: 4k page, system-wide physical 15790M (4096M free)
TotalPageFile size 15790M (AvailPageFile size 5M)
current process WorkingSet (physical memory assigned to process): 259M, peak: 275M
current process commit charge ("private bytes"): 361M, peak: 376M

vm_info: OpenJDK 64-Bit Server VM (17.0.10+7) for windows-amd64 JRE (17.0.10+7), built on Jan 16 2024 23:25:11 by "admin" with MS VC++ 16.10 / 16.11 (VS2019)

END.
