#
# There is insufficient memory for the Java Runtime Environment to continue.
# Native memory allocation (malloc) failed to allocate 385456 bytes for Chunk::new
# Possible reasons:
#   The system is out of physical RAM or swap space
#   The process is running with CompressedOops enabled, and the Java Heap may be blocking the growth of the native heap
# Possible solutions:
#   Reduce memory load on the system
#   Increase physical memory or swap space
#   Check if swap backing store is full
#   Decrease Java heap size (-Xmx/-Xms)
#   Decrease number of Java threads
#   Decrease Java thread stack sizes (-Xss)
#   Set larger code cache with -XX:ReservedCodeCacheSize=
#   JVM is running with Unscaled Compressed Oops mode in which the Java heap is
#     placed in the first 4GB address space. The Java Heap base address is the
#     maximum limit for the native heap growth. Please use -XX:HeapBaseMinAddress
#     to set the Java Heap base and to place the Java Heap above 4GB virtual address.
# This output file may be truncated or incomplete.
#
#  Out of Memory Error (arena.cpp:191), pid=3020, tid=8984
#
# JRE version: OpenJDK Runtime Environment Temurin-17.0.10+7 (17.0.10+7) (build 17.0.10+7)
# Java VM: OpenJDK 64-Bit Server VM Temurin-17.0.10+7 (17.0.10+7, mixed mode, tiered, compressed oops, compressed class ptrs, parallel gc, windows-amd64)
# No core dump will be written. Minidumps are not enabled by default on client versions of Windows
#

---------------  S U M M A R Y ------------

Command Line: --add-modules=ALL-SYSTEM --add-opens=java.base/java.util=ALL-UNNAMED --add-opens=java.base/java.lang=ALL-UNNAMED --add-opens=java.base/sun.nio.fs=ALL-UNNAMED -Declipse.application=org.eclipse.jdt.ls.core.id1 -Dosgi.bundles.defaultStartLevel=4 -Declipse.product=org.eclipse.jdt.ls.core.product -Djava.import.generatesMetadataFilesAtProjectRoot=false -DDetectVMInstallationsJob.disabled=true -Dfile.encoding=utf8 -XX:+UseParallelGC -XX:GCTimeRatio=4 -XX:AdaptiveSizePolicyWeight=90 -Dsun.zip.disableMemoryMapping=true -Xmx1G -Xms100m -Xlog:disable -javaagent:c:\Users\devan\.vscode\extensions\redhat.java-1.29.0-win32-x64\lombok\lombok-1.18.32.jar c:\Users\devan\.vscode\extensions\redhat.java-1.29.0-win32-x64\server\plugins\org.eclipse.equinox.launcher_1.6.800.v20240304-1850.jar -configuration c:\Users\devan\AppData\Roaming\Code\User\globalStorage\redhat.java\1.29.0\config_ss_win -data c:\Users\devan\AppData\Roaming\Code\User\workspaceStorage\5777b845f8ef420473e6a91478c2b9a2\redhat.java\ss_ws --stdio

Host: AMD Ryzen 7 4800H with Radeon Graphics         , 16 cores, 15G,  Windows 11 , 64 bit Build 22621 (10.0.22621.2506)
Time: Sat Apr 13 10:27:22 2024 India Standard Time elapsed time: 1.887919 seconds (0d 0h 0m 1s)

---------------  T H R E A D  ---------------

Current thread (0x0000017a63aadb30):  JavaThread "C2 CompilerThread0" daemon [_thread_in_native, id=8984, stack(0x0000000ecfa00000,0x0000000ecfb00000)]


Current CompileTask:
C2:   1887 1077       4       jdk.internal.jimage.ImageLocation::verify (218 bytes)

Stack: [0x0000000ecfa00000,0x0000000ecfb00000]
Native frames: (J=compiled Java code, j=interpreted, Vv=VM code, C=native code)
V  [jvm.dll+0x67d2c9]
V  [jvm.dll+0x834afa]
V  [jvm.dll+0x8365be]
V  [jvm.dll+0x836c23]
V  [jvm.dll+0x2477ff]
V  [jvm.dll+0xac514]
V  [jvm.dll+0xacb5c]
V  [jvm.dll+0x366782]
V  [jvm.dll+0x330bfa]
V  [jvm.dll+0x33009a]
V  [jvm.dll+0x219ef1]
V  [jvm.dll+0x219311]
V  [jvm.dll+0x1a502d]
V  [jvm.dll+0x2290de]
V  [jvm.dll+0x2272ac]
V  [jvm.dll+0x7e9bb7]
V  [jvm.dll+0x7e3fba]
V  [jvm.dll+0x67c1b5]
C  [ucrtbase.dll+0x29363]
C  [KERNEL32.DLL+0x1257d]
C  [ntdll.dll+0x5aa58]


---------------  P R O C E S S  ---------------

Threads class SMR info:
_java_thread_list=0x0000017a6643e430, length=15, elements={
0x0000017a4aa53b60, 0x0000017a5e8d7020, 0x0000017a5e8d8290, 0x0000017a63aa52b0,
0x0000017a63aa5b80, 0x0000017a63aa6550, 0x0000017a63aa6e20, 0x0000017a63aadb30,
0x0000017a63b0af60, 0x0000017a5e8daf10, 0x0000017a4aab6cb0, 0x0000017a63c28be0,
0x0000017a63d25df0, 0x0000017a63d26710, 0x0000017a65bc7080
}

Java Threads: ( => current thread )
  0x0000017a4aa53b60 JavaThread "main" [_thread_in_vm, id=12436, stack(0x0000000ecf100000,0x0000000ecf200000)]
  0x0000017a5e8d7020 JavaThread "Reference Handler" daemon [_thread_blocked, id=6160, stack(0x0000000ecf400000,0x0000000ecf500000)]
  0x0000017a5e8d8290 JavaThread "Finalizer" daemon [_thread_blocked, id=11952, stack(0x0000000ecf500000,0x0000000ecf600000)]
  0x0000017a63aa52b0 JavaThread "Signal Dispatcher" daemon [_thread_blocked, id=10916, stack(0x0000000ecf600000,0x0000000ecf700000)]
  0x0000017a63aa5b80 JavaThread "Attach Listener" daemon [_thread_blocked, id=14292, stack(0x0000000ecf700000,0x0000000ecf800000)]
  0x0000017a63aa6550 JavaThread "Service Thread" daemon [_thread_blocked, id=7488, stack(0x0000000ecf800000,0x0000000ecf900000)]
  0x0000017a63aa6e20 JavaThread "Monitor Deflation Thread" daemon [_thread_blocked, id=11912, stack(0x0000000ecf900000,0x0000000ecfa00000)]
=>0x0000017a63aadb30 JavaThread "C2 CompilerThread0" daemon [_thread_in_native, id=8984, stack(0x0000000ecfa00000,0x0000000ecfb00000)]
  0x0000017a63b0af60 JavaThread "C1 CompilerThread0" daemon [_thread_blocked, id=7124, stack(0x0000000ecfb00000,0x0000000ecfc00000)]
  0x0000017a5e8daf10 JavaThread "Sweeper thread" daemon [_thread_blocked, id=17356, stack(0x0000000ecfc00000,0x0000000ecfd00000)]
  0x0000017a4aab6cb0 JavaThread "Common-Cleaner" daemon [_thread_blocked, id=13596, stack(0x0000000ecfd00000,0x0000000ecfe00000)]
  0x0000017a63c28be0 JavaThread "C1 CompilerThread1" daemon [_thread_blocked, id=19636, stack(0x0000000ecfe00000,0x0000000ecff00000)]
  0x0000017a63d25df0 JavaThread "C1 CompilerThread2" daemon [_thread_blocked, id=10288, stack(0x0000000ed0100000,0x0000000ed0200000)]
  0x0000017a63d26710 JavaThread "C1 CompilerThread3" daemon [_thread_blocked, id=19016, stack(0x0000000ed0200000,0x0000000ed0300000)]
  0x0000017a65bc7080 JavaThread "Notification Thread" daemon [_thread_blocked, id=20384, stack(0x0000000ed0300000,0x0000000ed0400000)]

Other Threads:
  0x0000017a4aafec70 VMThread "VM Thread" [stack: 0x0000000ecf300000,0x0000000ecf400000] [id=13180]
  0x0000017a65c143a0 WatcherThread [stack: 0x0000000ed0400000,0x0000000ed0500000] [id=19084]
  0x0000017a4aa6adf0 GCTaskThread "GC Thread#0" [stack: 0x0000000ecf200000,0x0000000ecf300000] [id=8000]
  0x0000017a63c89220 GCTaskThread "GC Thread#1" [stack: 0x0000000ecff00000,0x0000000ed0000000] [id=1224]
  0x0000017a6606bf90 GCTaskThread "GC Thread#2" [stack: 0x0000000ed0000000,0x0000000ed0100000] [id=8684]
  0x0000017a6606ca60 GCTaskThread "GC Thread#3" [stack: 0x0000000ed0500000,0x0000000ed0600000] [id=14432]
  0x0000017a6606cd20 GCTaskThread "GC Thread#4" [stack: 0x0000000ed0600000,0x0000000ed0700000] [id=7272]
  0x0000017a6606cfe0 GCTaskThread "GC Thread#5" [stack: 0x0000000ed0700000,0x0000000ed0800000] [id=2036]

Threads with active compile tasks:
C2 CompilerThread0     1910 1077       4       jdk.internal.jimage.ImageLocation::verify (218 bytes)

VM state: not at safepoint (normal execution)

VM Mutex/Monitor currently owned by a thread: None

Heap address: 0x00000000c0000000, size: 1024 MB, Compressed Oops mode: 32-bit

CDS archive(s) not mapped
Compressed class space mapped at: 0x0000000100000000-0x0000000140000000, reserved size: 1073741824
Narrow klass base: 0x0000000000000000, Narrow klass shift: 3, Narrow klass range: 0x140000000

GC Precious Log:
 CPUs: 16 total, 16 available
 Memory: 15790M
 Large Page Support: Disabled
 NUMA Support: Disabled
 Compressed Oops: Enabled (32-bit)
 Alignments: Space 512K, Generation 512K, Heap 2M
 Heap Min Capacity: 100M
 Heap Initial Capacity: 100M
 Heap Max Capacity: 1G
 Pre-touch: Disabled
 Parallel Workers: 13

Heap:
 PSYoungGen      total 29696K, used 9013K [0x00000000eab00000, 0x00000000ecc00000, 0x0000000100000000)
  eden space 25600K, 23% used [0x00000000eab00000,0x00000000eb0cc278,0x00000000ec400000)
  from space 4096K, 75% used [0x00000000ec400000,0x00000000ec701288,0x00000000ec800000)
  to   space 4096K, 0% used [0x00000000ec800000,0x00000000ec800000,0x00000000ecc00000)
 ParOldGen       total 68608K, used 16K [0x00000000c0000000, 0x00000000c4300000, 0x00000000eab00000)
  object space 68608K, 0% used [0x00000000c0000000,0x00000000c0004000,0x00000000c4300000)
 Metaspace       used 11753K, committed 11904K, reserved 1114112K
  class space    used 1166K, committed 1216K, reserved 1048576K

Card table byte_map: [0x0000017a4a410000,0x0000017a4a620000] _byte_map_base: 0x0000017a49e10000

Marking Bits: (ParMarkBitMap*) 0x00007fff9db9d7d0
 Begin Bits: [0x0000017a5c6e0000, 0x0000017a5d6e0000)
 End Bits:   [0x0000017a5d6e0000, 0x0000017a5e6e0000)

Polling page: 0x0000017a4a200000

Metaspace:

Usage:
  Non-class:     10.34 MB used.
      Class:      1.14 MB used.
       Both:     11.48 MB used.

Virtual space:
  Non-class space:       64.00 MB reserved,      10.44 MB ( 16%) committed,  1 nodes.
      Class space:        1.00 GB reserved,       1.19 MB ( <1%) committed,  1 nodes.
             Both:        1.06 GB reserved,      11.62 MB (  1%) committed. 

Chunk freelists:
   Non-Class:  4.70 MB
       Class:  14.64 MB
        Both:  19.34 MB

MaxMetaspaceSize: unlimited
CompressedClassSpaceSize: 1.00 GB
Initial GC threshold: 21.00 MB
Current GC threshold: 21.00 MB
CDS: off
MetaspaceReclaimPolicy: balanced
 - commit_granule_bytes: 65536.
 - commit_granule_words: 8192.
 - virtual_space_node_default_size: 8388608.
 - enlarge_chunks_in_place: 1.
 - new_chunks_are_fully_committed: 0.
 - uncommit_free_chunks: 1.
 - use_allocation_guard: 0.
 - handle_deallocations: 1.


Internal statistics:

num_allocs_failed_limit: 0.
num_arena_births: 30.
num_arena_deaths: 0.
num_vsnodes_births: 2.
num_vsnodes_deaths: 0.
num_space_committed: 186.
num_space_uncommitted: 0.
num_chunks_returned_to_freelist: 0.
num_chunks_taken_from_freelist: 126.
num_chunk_merges: 0.
num_chunk_splits: 83.
num_chunks_enlarged: 71.
num_inconsistent_stats: 0.

CodeHeap 'non-profiled nmethods': size=119168Kb used=416Kb max_used=416Kb free=118751Kb
 bounds [0x0000017a55280000, 0x0000017a554f0000, 0x0000017a5c6e0000]
CodeHeap 'profiled nmethods': size=119104Kb used=1951Kb max_used=1951Kb free=117153Kb
 bounds [0x0000017a4d6e0000, 0x0000017a4d950000, 0x0000017a54b30000]
CodeHeap 'non-nmethods': size=7488Kb used=2837Kb max_used=2865Kb free=4650Kb
 bounds [0x0000017a54b30000, 0x0000017a54e00000, 0x0000017a55280000]
 total_blobs=1544 nmethods=1103 adapters=353
 compilation: enabled
              stopped_count=0, restarted_count=0
 full_count=0

Compilation events (20 events):
Event: 1.850 Thread 0x0000017a63aadb30 1077       4       jdk.internal.jimage.ImageLocation::verify (218 bytes)
Event: 1.851 Thread 0x0000017a63d26710 1078   !   3       java.io.BufferedReader::readLine (327 bytes)
Event: 1.854 Thread 0x0000017a63d26710 nmethod 1078 0x0000017a4d8b6210 code [0x0000017a4d8b6520, 0x0000017a4d8b7838]
Event: 1.863 Thread 0x0000017a63c28be0 1080       3       java.lang.reflect.AccessibleObject::verifyAccess (55 bytes)
Event: 1.863 Thread 0x0000017a63b0af60 1081       3       java.lang.reflect.AccessibleObject::isAccessChecked (25 bytes)
Event: 1.863 Thread 0x0000017a63b0af60 nmethod 1081 0x0000017a4d8b8310 code [0x0000017a4d8b84e0, 0x0000017a4d8b89a8]
Event: 1.864 Thread 0x0000017a63c28be0 nmethod 1080 0x0000017a4d8b8b10 code [0x0000017a4d8b8d60, 0x0000017a4d8b9908]
Event: 1.871 Thread 0x0000017a63d26710 1082       3       java.util.concurrent.ConcurrentHashMap::isEmpty (15 bytes)
Event: 1.871 Thread 0x0000017a63d25df0 1083       3       java.util.ArrayList::toArray (12 bytes)
Event: 1.871 Thread 0x0000017a63d26710 nmethod 1082 0x0000017a4d8b9c10 code [0x0000017a4d8b9dc0, 0x0000017a4d8b9f68]
Event: 1.872 Thread 0x0000017a63d25df0 nmethod 1083 0x0000017a4d8ba010 code [0x0000017a4d8ba1c0, 0x0000017a4d8ba388]
Event: 1.873 Thread 0x0000017a63d25df0 1084   !   3       java.util.concurrent.ConcurrentHashMap::computeIfAbsent (578 bytes)
Event: 1.876 Thread 0x0000017a63d26710 1085       3       java.util.zip.ZipCoder$UTF8ZipCoder::hasTrailingSlash (20 bytes)
Event: 1.876 Thread 0x0000017a63d26710 nmethod 1085 0x0000017a4d8ba490 code [0x0000017a4d8ba620, 0x0000017a4d8ba7f8]
Event: 1.877 Thread 0x0000017a63d25df0 nmethod 1084 0x0000017a4d8ba910 code [0x0000017a4d8bad20, 0x0000017a4d8bcef8]
Event: 1.878 Thread 0x0000017a63d26710 1086       3       java.util.Collections$SetFromMap::add (22 bytes)
Event: 1.879 Thread 0x0000017a63d26710 nmethod 1086 0x0000017a4d8bdf90 code [0x0000017a4d8be140, 0x0000017a4d8be368]
Event: 1.881 Thread 0x0000017a63b0af60 1087       1       java.lang.invoke.MethodHandles$Lookup::previousLookupClass (5 bytes)
Event: 1.881 Thread 0x0000017a63b0af60 nmethod 1087 0x0000017a552e7c10 code [0x0000017a552e7da0, 0x0000017a552e7e78]
Event: 1.886 Thread 0x0000017a63b0af60 1088       3       java.util.ArrayDeque::addLast (51 bytes)

GC Heap History (2 events):
Event: 1.674 GC heap before
{Heap before GC invocations=1 (full 0):
 PSYoungGen      total 29696K, used 25600K [0x00000000eab00000, 0x00000000ecc00000, 0x0000000100000000)
  eden space 25600K, 100% used [0x00000000eab00000,0x00000000ec400000,0x00000000ec400000)
  from space 4096K, 0% used [0x00000000ec800000,0x00000000ec800000,0x00000000ecc00000)
  to   space 4096K, 0% used [0x00000000ec400000,0x00000000ec400000,0x00000000ec800000)
 ParOldGen       total 68608K, used 0K [0x00000000c0000000, 0x00000000c4300000, 0x00000000eab00000)
  object space 68608K, 0% used [0x00000000c0000000,0x00000000c0000000,0x00000000c4300000)
 Metaspace       used 10643K, committed 10816K, reserved 1114112K
  class space    used 1061K, committed 1152K, reserved 1048576K
}
Event: 1.683 GC heap after
{Heap after GC invocations=1 (full 0):
 PSYoungGen      total 29696K, used 3076K [0x00000000eab00000, 0x00000000ecc00000, 0x0000000100000000)
  eden space 25600K, 0% used [0x00000000eab00000,0x00000000eab00000,0x00000000ec400000)
  from space 4096K, 75% used [0x00000000ec400000,0x00000000ec701288,0x00000000ec800000)
  to   space 4096K, 0% used [0x00000000ec800000,0x00000000ec800000,0x00000000ecc00000)
 ParOldGen       total 68608K, used 16K [0x00000000c0000000, 0x00000000c4300000, 0x00000000eab00000)
  object space 68608K, 0% used [0x00000000c0000000,0x00000000c0004000,0x00000000c4300000)
 Metaspace       used 10643K, committed 10816K, reserved 1114112K
  class space    used 1061K, committed 1152K, reserved 1048576K
}

Dll operation events (8 events):
Event: 0.019 Loaded shared library c:\Users\devan\.vscode\extensions\redhat.java-1.29.0-win32-x64\jre\17.0.10-win32-x86_64\bin\java.dll
Event: 0.278 Loaded shared library c:\Users\devan\.vscode\extensions\redhat.java-1.29.0-win32-x64\jre\17.0.10-win32-x86_64\bin\zip.dll
Event: 0.287 Loaded shared library C:\Users\devan\.vscode\extensions\redhat.java-1.29.0-win32-x64\jre\17.0.10-win32-x86_64\bin\instrument.dll
Event: 0.310 Loaded shared library C:\Users\devan\.vscode\extensions\redhat.java-1.29.0-win32-x64\jre\17.0.10-win32-x86_64\bin\net.dll
Event: 0.313 Loaded shared library C:\Users\devan\.vscode\extensions\redhat.java-1.29.0-win32-x64\jre\17.0.10-win32-x86_64\bin\nio.dll
Event: 0.331 Loaded shared library C:\Users\devan\.vscode\extensions\redhat.java-1.29.0-win32-x64\jre\17.0.10-win32-x86_64\bin\zip.dll
Event: 0.364 Loaded shared library C:\Users\devan\.vscode\extensions\redhat.java-1.29.0-win32-x64\jre\17.0.10-win32-x86_64\bin\jimage.dll
Event: 0.504 Loaded shared library c:\Users\devan\.vscode\extensions\redhat.java-1.29.0-win32-x64\jre\17.0.10-win32-x86_64\bin\verify.dll

Deoptimization events (20 events):
Event: 1.643 Thread 0x0000017a4aa53b60 Uncommon trap: trap_request=0xffffffde fr.pc=0x0000017a552bbe70 relative=0x0000000000000510
Event: 1.643 Thread 0x0000017a4aa53b60 Uncommon trap: reason=class_check action=maybe_recompile pc=0x0000017a552bbe70 method=java.util.Collections$UnmodifiableCollection$1.<init>(Ljava/util/Collections$UnmodifiableCollection;)V @ 17 c2
Event: 1.643 Thread 0x0000017a4aa53b60 DEOPT PACKING pc=0x0000017a552bbe70 sp=0x0000000ecf1fdef0
Event: 1.643 Thread 0x0000017a4aa53b60 DEOPT UNPACKING pc=0x0000017a54b866a3 sp=0x0000000ecf1fde38 mode 2
Event: 1.643 Thread 0x0000017a4aa53b60 Uncommon trap: trap_request=0xffffff45 fr.pc=0x0000017a552cc2e0 relative=0x00000000000002a0
Event: 1.643 Thread 0x0000017a4aa53b60 Uncommon trap: reason=unstable_if action=reinterpret pc=0x0000017a552cc2e0 method=java.util.HashMap.hash(Ljava/lang/Object;)I @ 1 c2
Event: 1.643 Thread 0x0000017a4aa53b60 DEOPT PACKING pc=0x0000017a552cc2e0 sp=0x0000000ecf1fde90
Event: 1.643 Thread 0x0000017a4aa53b60 DEOPT UNPACKING pc=0x0000017a54b866a3 sp=0x0000000ecf1fdd38 mode 2
Event: 1.643 Thread 0x0000017a4aa53b60 Uncommon trap: trap_request=0xffffff45 fr.pc=0x0000017a552cb4e8 relative=0x00000000000002a8
Event: 1.643 Thread 0x0000017a4aa53b60 Uncommon trap: reason=unstable_if action=reinterpret pc=0x0000017a552cb4e8 method=java.util.HashMap.hash(Ljava/lang/Object;)I @ 1 c2
Event: 1.643 Thread 0x0000017a4aa53b60 DEOPT PACKING pc=0x0000017a552cb4e8 sp=0x0000000ecf1fdf30
Event: 1.643 Thread 0x0000017a4aa53b60 DEOPT UNPACKING pc=0x0000017a54b866a3 sp=0x0000000ecf1fde48 mode 2
Event: 1.643 Thread 0x0000017a4aa53b60 Uncommon trap: trap_request=0xffffffde fr.pc=0x0000017a552bbe70 relative=0x0000000000000510
Event: 1.643 Thread 0x0000017a4aa53b60 Uncommon trap: reason=class_check action=maybe_recompile pc=0x0000017a552bbe70 method=java.util.Collections$UnmodifiableCollection$1.<init>(Ljava/util/Collections$UnmodifiableCollection;)V @ 17 c2
Event: 1.643 Thread 0x0000017a4aa53b60 DEOPT PACKING pc=0x0000017a552bbe70 sp=0x0000000ecf1fdef0
Event: 1.643 Thread 0x0000017a4aa53b60 DEOPT UNPACKING pc=0x0000017a54b866a3 sp=0x0000000ecf1fde38 mode 2
Event: 1.643 Thread 0x0000017a4aa53b60 Uncommon trap: trap_request=0xffffff45 fr.pc=0x0000017a552d9994 relative=0x0000000000000094
Event: 1.643 Thread 0x0000017a4aa53b60 Uncommon trap: reason=unstable_if action=reinterpret pc=0x0000017a552d9994 method=java.util.HashMap.hash(Ljava/lang/Object;)I @ 1 c2
Event: 1.643 Thread 0x0000017a4aa53b60 DEOPT PACKING pc=0x0000017a552d9994 sp=0x0000000ecf1fdda0
Event: 1.643 Thread 0x0000017a4aa53b60 DEOPT UNPACKING pc=0x0000017a54b866a3 sp=0x0000000ecf1fdd38 mode 2

Classes unloaded (0 events):
No events

Classes redefined (0 events):
No events

Internal exceptions (20 events):
Event: 1.087 Thread 0x0000017a4aa53b60 Exception <a 'java/io/FileNotFoundException'{0x00000000eb9fa5c0}> (0x00000000eb9fa5c0) 
thrown [s\src\hotspot\share\prims\jni.cpp, line 516]
Event: 1.088 Thread 0x0000017a4aa53b60 Exception <a 'java/io/FileNotFoundException'{0x00000000eb9fb280}> (0x00000000eb9fb280) 
thrown [s\src\hotspot\share\prims\jni.cpp, line 516]
Event: 1.099 Thread 0x0000017a4aa53b60 Implicit null exception at 0x0000017a552a48f2 to 0x0000017a552a4e10
Event: 1.099 Thread 0x0000017a4aa53b60 Implicit null exception at 0x0000017a552a3d72 to 0x0000017a552a42a0
Event: 1.109 Thread 0x0000017a4aa53b60 Exception <a 'java/io/FileNotFoundException'{0x00000000eba35b60}> (0x00000000eba35b60) 
thrown [s\src\hotspot\share\prims\jni.cpp, line 516]
Event: 1.559 Thread 0x0000017a4aa53b60 Exception <a 'java/lang/ClassNotFoundException'{0x00000000ec23bf48}: sun/net/www/protocol/c/Handler> (0x00000000ec23bf48) 
thrown [s\src\hotspot\share\classfile\systemDictionary.cpp, line 256]
Event: 1.559 Thread 0x0000017a4aa53b60 Exception <a 'java/lang/ClassNotFoundException'{0x00000000ec23d2b8}: sun/net/www/protocol/c/Handler> (0x00000000ec23d2b8) 
thrown [s\src\hotspot\share\classfile\systemDictionary.cpp, line 256]
Event: 1.560 Thread 0x0000017a4aa53b60 Exception <a 'java/lang/ClassNotFoundException'{0x00000000ec23e480}: sun/net/www/protocol/c/Handler> (0x00000000ec23e480) 
thrown [s\src\hotspot\share\classfile\systemDictionary.cpp, line 256]
Event: 1.571 Thread 0x0000017a4aa53b60 Exception <a 'java/io/FileNotFoundException'{0x00000000ec2634e0}> (0x00000000ec2634e0) 
thrown [s\src\hotspot\share\prims\jni.cpp, line 516]
Event: 1.643 Thread 0x0000017a4aa53b60 Implicit null exception at 0x0000017a552ba5db to 0x0000017a552bafa4
Event: 1.643 Thread 0x0000017a4aa53b60 Implicit null exception at 0x0000017a552cc08c to 0x0000017a552cc2c4
Event: 1.643 Thread 0x0000017a4aa53b60 Implicit null exception at 0x0000017a552cb28e to 0x0000017a552cb4c8
Event: 1.643 Thread 0x0000017a4aa53b60 Implicit null exception at 0x0000017a552d990f to 0x0000017a552d9985
Event: 1.760 Thread 0x0000017a4aa53b60 Exception <a 'java/lang/NoSuchMethodError'{0x00000000eacb75c8}: 'int java.lang.invoke.DirectMethodHandle$Holder.invokeStaticInit(java.lang.Object, java.lang.Object, java.lang.Object, java.lang.Object)'> (0x00000000eacb75c8) 
thrown [s\src\hotspot\share\interpreter\linkResolver.cpp, line 759]
Event: 1.762 Thread 0x0000017a4aa53b60 Exception <a 'java/lang/NoSuchMethodError'{0x00000000eacc1d40}: 'java.lang.Object java.lang.invoke.DirectMethodHandle$Holder.invokeInterface(java.lang.Object, java.lang.Object)'> (0x00000000eacc1d40) 
thrown [s\src\hotspot\share\interpreter\linkResolver.cpp, line 759]
Event: 1.763 Thread 0x0000017a4aa53b60 Exception <a 'java/lang/IncompatibleClassChangeError'{0x00000000eacc5538}: Found class java.lang.Object, but interface was expected> (0x00000000eacc5538) 
thrown [s\src\hotspot\share\interpreter\linkResolver.cpp, line 826]
Event: 1.766 Thread 0x0000017a4aa53b60 Exception <a 'java/lang/NoSuchMethodError'{0x00000000eacc9a28}: 'void java.lang.invoke.DirectMethodHandle$Holder.invokeStatic(java.lang.Object, java.lang.Object)'> (0x00000000eacc9a28) 
thrown [s\src\hotspot\share\interpreter\linkResolver.cpp, line 759]
Event: 1.767 Thread 0x0000017a4aa53b60 Exception <a 'java/lang/NoSuchMethodError'{0x00000000eaccd228}: 'void java.lang.invoke.DirectMethodHandle$Holder.invokeStaticInit(java.lang.Object, java.lang.Object)'> (0x00000000eaccd228) 
thrown [s\src\hotspot\share\interpreter\linkResolver.cpp, line 759]
Event: 1.769 Thread 0x0000017a4aa53b60 Exception <a 'java/lang/NoSuchMethodError'{0x00000000eacd4bf8}: 'int java.lang.invoke.DirectMethodHandle$Holder.invokeStaticInit(java.lang.Object, java.lang.Object)'> (0x00000000eacd4bf8) 
thrown [s\src\hotspot\share\interpreter\linkResolver.cpp, line 759]
Event: 1.834 Thread 0x0000017a4aa53b60 Exception <a 'java/lang/NoSuchMethodError'{0x00000000eadfe870}: 'void java.lang.invoke.DirectMethodHandle$Holder.invokeSpecial(java.lang.Object, java.lang.Object, java.lang.Object)'> (0x00000000eadfe870) 
thrown [s\src\hotspot\share\interpreter\linkResolver.cpp, line 759]

VM Operations (14 events):
Event: 0.249 Executing VM operation: HandshakeAllThreads
Event: 0.249 Executing VM operation: HandshakeAllThreads done
Event: 0.394 Executing VM operation: HandshakeAllThreads
Event: 0.394 Executing VM operation: HandshakeAllThreads done
Event: 1.024 Executing VM operation: HandshakeAllThreads
Event: 1.024 Executing VM operation: HandshakeAllThreads done
Event: 1.058 Executing VM operation: HandshakeAllThreads
Event: 1.059 Executing VM operation: HandshakeAllThreads done
Event: 1.059 Executing VM operation: Cleanup
Event: 1.059 Executing VM operation: Cleanup done
Event: 1.519 Executing VM operation: HandshakeAllThreads
Event: 1.519 Executing VM operation: HandshakeAllThreads done
Event: 1.674 Executing VM operation: ParallelGCFailedAllocation
Event: 1.683 Executing VM operation: ParallelGCFailedAllocation done

Events (20 events):
Event: 1.881 loading class java/lang/invoke/VarHandleReferences$FieldInstanceReadOnly done
Event: 1.881 loading class java/lang/invoke/VarHandleReferences$FieldInstanceReadWrite done
Event: 1.882 loading class java/util/concurrent/SynchronousQueue
Event: 1.882 loading class java/util/AbstractQueue
Event: 1.882 loading class java/util/AbstractQueue done
Event: 1.882 loading class java/util/concurrent/SynchronousQueue done
Event: 1.882 loading class java/util/concurrent/SynchronousQueue$TransferStack
Event: 1.883 loading class java/util/concurrent/SynchronousQueue$Transferer
Event: 1.883 loading class java/util/concurrent/SynchronousQueue$Transferer done
Event: 1.883 loading class java/util/concurrent/SynchronousQueue$TransferStack done
Event: 1.883 loading class java/util/concurrent/SynchronousQueue$TransferStack$SNode
Event: 1.883 loading class java/util/concurrent/ForkJoinPool$ManagedBlocker
Event: 1.883 loading class java/util/concurrent/ForkJoinPool$ManagedBlocker done
Event: 1.883 loading class java/util/concurrent/SynchronousQueue$TransferStack$SNode done
Event: 1.884 loading class java/util/concurrent/RejectedExecutionHandler
Event: 1.884 loading class java/util/concurrent/RejectedExecutionHandler done
Event: 1.884 loading class java/util/concurrent/LinkedBlockingQueue
Event: 1.885 loading class java/util/concurrent/LinkedBlockingQueue done
Event: 1.885 loading class java/util/concurrent/LinkedBlockingQueue$Node
Event: 1.885 loading class java/util/concurrent/LinkedBlockingQueue$Node done


Dynamic libraries:
0x00007ff700e80000 - 0x00007ff700e8e000 	c:\Users\devan\.vscode\extensions\redhat.java-1.29.0-win32-x64\jre\17.0.10-win32-x86_64\bin\java.exe
0x00007ff80a2f0000 - 0x00007ff80a507000 	C:\WINDOWS\SYSTEM32\ntdll.dll
0x00007ff809060000 - 0x00007ff809124000 	C:\WINDOWS\System32\KERNEL32.DLL
0x00007ff807960000 - 0x00007ff807d06000 	C:\WINDOWS\System32\KERNELBASE.dll
0x00007ff807f20000 - 0x00007ff808031000 	C:\WINDOWS\System32\ucrtbase.dll
0x00007fffe4e10000 - 0x00007fffe4e27000 	c:\Users\devan\.vscode\extensions\redhat.java-1.29.0-win32-x64\jre\17.0.10-win32-x86_64\bin\jli.dll
0x00007fffe4940000 - 0x00007fffe495b000 	c:\Users\devan\.vscode\extensions\redhat.java-1.29.0-win32-x64\jre\17.0.10-win32-x86_64\bin\VCRUNTIME140.dll
0x00007ff809760000 - 0x00007ff80990e000 	C:\WINDOWS\System32\USER32.dll
0x00007ff807d10000 - 0x00007ff807d36000 	C:\WINDOWS\System32\win32u.dll
0x00007ff808040000 - 0x00007ff808069000 	C:\WINDOWS\System32\GDI32.dll
0x00007fffff6a0000 - 0x00007fffff933000 	C:\WINDOWS\WinSxS\amd64_microsoft.windows.common-controls_6595b64144ccf1df_6.0.22621.2506_none_270c5ae97388e100\COMCTL32.dll
0x00007ff809b00000 - 0x00007ff809ba7000 	C:\WINDOWS\System32\msvcrt.dll
0x00007ff807d40000 - 0x00007ff807e58000 	C:\WINDOWS\System32\gdi32full.dll
0x00007ff8078c0000 - 0x00007ff80795a000 	C:\WINDOWS\System32\msvcp_win.dll
0x00007ff808b00000 - 0x00007ff808b31000 	C:\WINDOWS\System32\IMM32.DLL
0x00007fffffac0000 - 0x00007fffffacc000 	c:\Users\devan\.vscode\extensions\redhat.java-1.29.0-win32-x64\jre\17.0.10-win32-x86_64\bin\vcruntime140_1.dll
0x00007fffc65b0000 - 0x00007fffc663d000 	c:\Users\devan\.vscode\extensions\redhat.java-1.29.0-win32-x64\jre\17.0.10-win32-x86_64\bin\msvcp140.dll
0x00007fff9d000000 - 0x00007fff9dc62000 	c:\Users\devan\.vscode\extensions\redhat.java-1.29.0-win32-x64\jre\17.0.10-win32-x86_64\bin\server\jvm.dll
0x00007ff808f10000 - 0x00007ff808fc3000 	C:\WINDOWS\System32\ADVAPI32.dll
0x00007ff808e60000 - 0x00007ff808f08000 	C:\WINDOWS\System32\sechost.dll
0x00007ff807630000 - 0x00007ff807658000 	C:\WINDOWS\System32\bcrypt.dll
0x00007ff809910000 - 0x00007ff809a27000 	C:\WINDOWS\System32\RPCRT4.dll
0x00007ff807350000 - 0x00007ff80739d000 	C:\WINDOWS\SYSTEM32\POWRPROF.dll
0x00007fffe3cc0000 - 0x00007fffe3cc9000 	C:\WINDOWS\SYSTEM32\WSOCK32.dll
0x00007fffff660000 - 0x00007fffff694000 	C:\WINDOWS\SYSTEM32\WINMM.dll
0x00007ff808de0000 - 0x00007ff808e51000 	C:\WINDOWS\System32\WS2_32.dll
0x00007ffffee60000 - 0x00007ffffee6a000 	C:\WINDOWS\SYSTEM32\VERSION.dll
0x00007ff807330000 - 0x00007ff807343000 	C:\WINDOWS\SYSTEM32\UMPDC.dll
0x00007ff806640000 - 0x00007ff806658000 	C:\WINDOWS\SYSTEM32\kernel.appcore.dll
0x00007fffe73d0000 - 0x00007fffe73da000 	c:\Users\devan\.vscode\extensions\redhat.java-1.29.0-win32-x64\jre\17.0.10-win32-x86_64\bin\jimage.dll
0x00007ffffd6b0000 - 0x00007ffffd8e3000 	C:\WINDOWS\SYSTEM32\DBGHELP.DLL
0x00007ff8093d0000 - 0x00007ff809759000 	C:\WINDOWS\System32\combase.dll
0x00007ff809130000 - 0x00007ff809207000 	C:\WINDOWS\System32\OLEAUT32.dll
0x00007ffffc700000 - 0x00007ffffc732000 	C:\WINDOWS\SYSTEM32\dbgcore.DLL
0x00007ff807840000 - 0x00007ff8078ba000 	C:\WINDOWS\System32\bcryptPrimitives.dll
0x00007fffe73c0000 - 0x00007fffe73ce000 	c:\Users\devan\.vscode\extensions\redhat.java-1.29.0-win32-x64\jre\17.0.10-win32-x86_64\bin\instrument.dll
0x00007fffcb040000 - 0x00007fffcb065000 	c:\Users\devan\.vscode\extensions\redhat.java-1.29.0-win32-x64\jre\17.0.10-win32-x86_64\bin\java.dll
0x00007fffe46e0000 - 0x00007fffe46f8000 	c:\Users\devan\.vscode\extensions\redhat.java-1.29.0-win32-x64\jre\17.0.10-win32-x86_64\bin\zip.dll
0x00007ff808070000 - 0x00007ff8088ca000 	C:\WINDOWS\System32\SHELL32.dll
0x00007ff805530000 - 0x00007ff805e26000 	C:\WINDOWS\SYSTEM32\windows.storage.dll
0x00007ff8053f0000 - 0x00007ff80552e000 	C:\WINDOWS\SYSTEM32\wintypes.dll
0x00007ff809d30000 - 0x00007ff809e23000 	C:\WINDOWS\System32\SHCORE.dll
0x00007ff809a30000 - 0x00007ff809a8e000 	C:\WINDOWS\System32\shlwapi.dll
0x00007ff807560000 - 0x00007ff807586000 	C:\WINDOWS\SYSTEM32\profapi.dll
0x00007fffd3710000 - 0x00007fffd3729000 	C:\Users\devan\.vscode\extensions\redhat.java-1.29.0-win32-x64\jre\17.0.10-win32-x86_64\bin\net.dll
0x00007ff801690000 - 0x00007ff8017c7000 	C:\WINDOWS\SYSTEM32\WINHTTP.dll
0x00007ff806ae0000 - 0x00007ff806b49000 	C:\WINDOWS\system32\mswsock.dll
0x00007fffcf5b0000 - 0x00007fffcf5c6000 	C:\Users\devan\.vscode\extensions\redhat.java-1.29.0-win32-x64\jre\17.0.10-win32-x86_64\bin\nio.dll
0x00007fffde360000 - 0x00007fffde370000 	c:\Users\devan\.vscode\extensions\redhat.java-1.29.0-win32-x64\jre\17.0.10-win32-x86_64\bin\verify.dll

dbghelp: loaded successfully - version: 4.0.5 - missing functions: none
symbol engine: initialized successfully - sym options: 0x614 - pdb path: .;c:\Users\devan\.vscode\extensions\redhat.java-1.29.0-win32-x64\jre\17.0.10-win32-x86_64\bin;C:\WINDOWS\SYSTEM32;C:\WINDOWS\WinSxS\amd64_microsoft.windows.common-controls_6595b64144ccf1df_6.0.22621.2506_none_270c5ae97388e100;c:\Users\devan\.vscode\extensions\redhat.java-1.29.0-win32-x64\jre\17.0.10-win32-x86_64\bin\server

VM Arguments:
jvm_args: --add-modules=ALL-SYSTEM --add-opens=java.base/java.util=ALL-UNNAMED --add-opens=java.base/java.lang=ALL-UNNAMED --add-opens=java.base/sun.nio.fs=ALL-UNNAMED -Declipse.application=org.eclipse.jdt.ls.core.id1 -Dosgi.bundles.defaultStartLevel=4 -Declipse.product=org.eclipse.jdt.ls.core.product -Djava.import.generatesMetadataFilesAtProjectRoot=false -DDetectVMInstallationsJob.disabled=true -Dfile.encoding=utf8 -XX:+UseParallelGC -XX:GCTimeRatio=4 -XX:AdaptiveSizePolicyWeight=90 -Dsun.zip.disableMemoryMapping=true -Xmx1G -Xms100m -Xlog:disable -javaagent:c:\Users\devan\.vscode\extensions\redhat.java-1.29.0-win32-x64\lombok\lombok-1.18.32.jar 
java_command: c:\Users\devan\.vscode\extensions\redhat.java-1.29.0-win32-x64\server\plugins\org.eclipse.equinox.launcher_1.6.800.v20240304-1850.jar -configuration c:\Users\devan\AppData\Roaming\Code\User\globalStorage\redhat.java\1.29.0\config_ss_win -data c:\Users\devan\AppData\Roaming\Code\User\workspaceStorage\5777b845f8ef420473e6a91478c2b9a2\redhat.java\ss_ws --stdio
java_class_path (initial): c:\Users\devan\.vscode\extensions\redhat.java-1.29.0-win32-x64\server\plugins\org.eclipse.equinox.launcher_1.6.800.v20240304-1850.jar
Launcher Type: SUN_STANDARD

[Global flags]
    uintx AdaptiveSizePolicyWeight                 = 90                                        {product} {command line}
     intx CICompilerCount                          = 12                                        {product} {ergonomic}
    uintx GCTimeRatio                              = 4                                         {product} {command line}
   size_t InitialHeapSize                          = 104857600                                 {product} {command line}
   size_t MaxHeapSize                              = 1073741824                                {product} {command line}
   size_t MaxNewSize                               = 357564416                                 {product} {ergonomic}
   size_t MinHeapDeltaBytes                        = 524288                                    {product} {ergonomic}
   size_t MinHeapSize                              = 104857600                                 {product} {command line}
   size_t NewSize                                  = 34603008                                  {product} {ergonomic}
    uintx NonNMethodCodeHeapSize                   = 7602480                                {pd product} {ergonomic}
    uintx NonProfiledCodeHeapSize                  = 122027880                              {pd product} {ergonomic}
   size_t OldSize                                  = 70254592                                  {product} {ergonomic}
    uintx ProfiledCodeHeapSize                     = 122027880                              {pd product} {ergonomic}
    uintx ReservedCodeCacheSize                    = 251658240                              {pd product} {ergonomic}
     bool SegmentedCodeCache                       = true                                      {product} {ergonomic}
   size_t SoftMaxHeapSize                          = 1073741824                             {manageable} {ergonomic}
     bool UseCompressedClassPointers               = true                           {product lp64_product} {ergonomic}
     bool UseCompressedOops                        = true                           {product lp64_product} {ergonomic}
     bool UseLargePagesIndividualAllocation        = false                                  {pd product} {ergonomic}
     bool UseParallelGC                            = true                                      {product} {command line}

Logging:
Log output configuration:
 #0: stdout all=off uptime,level,tags
 #1: stderr all=off uptime,level,tags

Environment Variables:
JAVA_HOME=C:\Program Files\Microsoft\jdk-17.0.10.7-hotspot\
PATH=C:\Users\devan\AppData\Roaming\.dotnet;C:\Program Files\Microsoft\jdk-17.0.10.7-hotspot\bin;C:\Program Files\NVIDIA GPU Computing Toolkit\CUDA\v8.0\bin;C:\Program Files\NVIDIA GPU Computing Toolkit\CUDA\v8.0\libnvvp;C:\Program Files (x86)\Qualcomm\QDART\\bin;C:\Program Files (x86)\Common Files\Oracle\Java\javapath;C:\Program Files\Common Files\Oracle\Java\javapath;C:\Windows\system32;C:\Windows;C:\Windows\System32\Wbem;C:\Windows\System32\WindowsPowerShell\v1.0\;C:\Windows\System32\OpenSSH\;C:\Program Files (x86)\NVIDIA Corporation\PhysX\Common;C:\Program Files\NVIDIA Corporation\NVIDIA NvDLISR;C:\WINDOWS\system32;C:\WINDOWS;C:\WINDOWS\System32\Wbem;C:\WINDOWS\System32\WindowsPowerShell\v1.0\;C:\WINDOWS\System32\OpenSSH\;C:\Users\devan\AppData\Local\Microsoft\WindowsApps;C:\Users\devan\AppData\Local\Programs\Microsoft VS Code\bin;C:\adb;C:\Program Files\dotnet\;C:\Program Files\Java\jdk-17.0.1\bin;C:\Program Files\PuTTY\;C:\Xilinx\Vivado\2021.1\bin;C:\mingw32\bin;C:\Program Files\NVIDIA Corporation\Nsight Compute 2023.3.1\;C:\WINDOWS\system32;C:\WINDOWS;C:\WINDOWS\System32\Wbem;C:\WINDOWS\System32\WindowsPowerShell\v1.0\;C:\WINDOWS\System32\OpenSSH\;C:\Program Files\nodejs\;C:\ProgramData\chocolatey\bin;C:\Program Files\Docker\Docker\resources\bin;C:\Program Files\Microsoft SQL Server\150\Tools\Binn\;C:\Program Files\Microsoft SQL Server\Client SDK\ODBC\170\Tools\Binn\;C:\Program Files (x86)\Microsoft SQL Server\160\DTS\Binn\;C:\Program Files (x86)\Microsoft SQL Server\160\Tools\Binn\;C:\Program Files\Microsoft SQL Server\160\Tools\Binn\;C:\Program Files\Microsoft SQL Server\160\DTS\Binn\;C:\Program Files\Git\cmd;C:\Users\devan\AppData\Roaming\.dotnet;C:\Users\devan\AppData\Local\Android\Sdk\platform-tools;C:\Users\devan\AppData\Local\Android\Sdk\tools;C:\Program Files\MySQL\MySQL Shell 8.0\bin\;C:\Users\devan\AppData\Local\Programs\Python\Python310\Scripts\;C:\Users\devan\AppData\Local\Programs\Python\Python310\;%USERPROFILE%\AppData\Local\Microsoft\WindowsApps;C
USERNAME=devang
OS=Windows_NT
PROCESSOR_IDENTIFIER=AMD64 Family 23 Model 96 Stepping 1, AuthenticAMD
TMP=C:\Users\devan\AppData\Local\Temp
TEMP=C:\Users\devan\AppData\Local\Temp



Periodic native trim disabled


---------------  S Y S T E M  ---------------

OS:
 Windows 11 , 64 bit Build 22621 (10.0.22621.2506)
OS uptime: 0 days 1:04 hours
Hyper-V role detected

CPU: total 16 (initial active 16) (16 cores per cpu, 2 threads per core) family 23 model 96 stepping 1 microcode 0x0, cx8, cmov, fxsr, ht, mmx, 3dnowpref, sse, sse2, sse3, ssse3, sse4a, sse4.1, sse4.2, popcnt, lzcnt, tsc, tscinvbit, avx, avx2, aes, clmul, bmi1, bmi2, adx, sha, fma, vzeroupper, clflush, clflushopt, hv
Processor Information for all 16 processors :
  Max Mhz: 2901, Current Mhz: 2901, Mhz Limit: 2901

Memory: 4k page, system-wide physical 15790M (2266M free)
TotalPageFile size 15790M (AvailPageFile size 6M)
current process WorkingSet (physical memory assigned to process): 79M, peak: 79M
current process commit charge ("private bytes"): 217M, peak: 217M

vm_info: OpenJDK 64-Bit Server VM (17.0.10+7) for windows-amd64 JRE (17.0.10+7), built on Jan 16 2024 23:25:11 by "admin" with MS VC++ 16.10 / 16.11 (VS2019)

END.
