#
# There is insufficient memory for the Java Runtime Environment to continue.
# Native memory allocation (malloc) failed to allocate 988256 bytes for Chunk::new
# Possible reasons:
#   The system is out of physical RAM or swap space
#   The process is running with CompressedOops enabled, and the Java Heap may be blocking the growth of the native heap
# Possible solutions:
#   Reduce memory load on the system
#   Increase physical memory or swap space
#   Check if swap backing store is full
#   Decrease Java heap size (-Xmx/-Xms)
#   Decrease number of Java threads
#   Decrease Java thread stack sizes (-Xss)
#   Set larger code cache with -XX:ReservedCodeCacheSize=
#   JVM is running with Unscaled Compressed Oops mode in which the Java heap is
#     placed in the first 4GB address space. The Java Heap base address is the
#     maximum limit for the native heap growth. Please use -XX:HeapBaseMinAddress
#     to set the Java Heap base and to place the Java Heap above 4GB virtual address.
# This output file may be truncated or incomplete.
#
#  Out of Memory Error (arena.cpp:191), pid=9700, tid=6332
#
# JRE version: OpenJDK Runtime Environment Temurin-17.0.10+7 (17.0.10+7) (build 17.0.10+7)
# Java VM: OpenJDK 64-Bit Server VM Temurin-17.0.10+7 (17.0.10+7, mixed mode, tiered, compressed oops, compressed class ptrs, parallel gc, windows-amd64)
# No core dump will be written. Minidumps are not enabled by default on client versions of Windows
#

---------------  S U M M A R Y ------------

Command Line: --add-modules=ALL-SYSTEM --add-opens=java.base/java.util=ALL-UNNAMED --add-opens=java.base/java.lang=ALL-UNNAMED --add-opens=java.base/sun.nio.fs=ALL-UNNAMED -Declipse.application=org.eclipse.jdt.ls.core.id1 -Dosgi.bundles.defaultStartLevel=4 -Declipse.product=org.eclipse.jdt.ls.core.product -Djava.import.generatesMetadataFilesAtProjectRoot=false -DDetectVMInstallationsJob.disabled=true -Dfile.encoding=utf8 -XX:+UseParallelGC -XX:GCTimeRatio=4 -XX:AdaptiveSizePolicyWeight=90 -Dsun.zip.disableMemoryMapping=true -Xmx1G -Xms100m -Xlog:disable -javaagent:c:\Users\devan\.vscode\extensions\redhat.java-1.30.0-win32-x64\lombok\lombok-1.18.32.jar c:\Users\devan\.vscode\extensions\redhat.java-1.30.0-win32-x64\server\plugins\org.eclipse.equinox.launcher_1.6.800.v20240330-1250.jar -configuration c:\Users\devan\AppData\Roaming\Code\User\globalStorage\redhat.java\1.30.0\config_ss_win -data c:\Users\devan\AppData\Roaming\Code\User\workspaceStorage\4d92966fc4af52e91468190edff9a261\redhat.java\ss_ws --pipe=\\.\pipe\lsp-2c911df1724d856d69d9644848d8c2e9-sock

Host: AMD Ryzen 7 4800H with Radeon Graphics         , 16 cores, 15G,  Windows 11 , 64 bit Build 22621 (10.0.22621.2506)
Time: Mon Apr 29 10:34:48 2024 India Standard Time elapsed time: 3.127521 seconds (0d 0h 0m 3s)

---------------  T H R E A D  ---------------

Current thread (0x000002ba96efe010):  JavaThread "C2 CompilerThread0" daemon [_thread_in_native, id=6332, stack(0x000000fee5c00000,0x000000fee5d00000)]


Current CompileTask:
C2:   3127 2467       4       org.lombokweb.asm.ClassReader::readMethod (1066 bytes)

Stack: [0x000000fee5c00000,0x000000fee5d00000]
Native frames: (J=compiled Java code, j=interpreted, Vv=VM code, C=native code)
V  [jvm.dll+0x67d2c9]
V  [jvm.dll+0x834afa]
V  [jvm.dll+0x8365be]
V  [jvm.dll+0x836c23]
V  [jvm.dll+0x2477ff]
V  [jvm.dll+0xac514]
V  [jvm.dll+0xacb5c]
V  [jvm.dll+0x2aed1f]
V  [jvm.dll+0x584b67]
V  [jvm.dll+0x2228a2]
V  [jvm.dll+0x222c8f]
V  [jvm.dll+0x21bdb6]
V  [jvm.dll+0x219201]
V  [jvm.dll+0x1a502d]
V  [jvm.dll+0x2290de]
V  [jvm.dll+0x2272ac]
V  [jvm.dll+0x7e9bb7]
V  [jvm.dll+0x7e3fba]
V  [jvm.dll+0x67c1b5]
C  [ucrtbase.dll+0x29363]
C  [KERNEL32.DLL+0x1257d]
C  [ntdll.dll+0x5aa58]


---------------  P R O C E S S  ---------------

Threads class SMR info:
_java_thread_list=0x000002ba99c9d090, length=25, elements={
0x000002bafde823c0, 0x000002ba91dd1020, 0x000002ba91dd2380, 0x000002ba91ddae20,
0x000002ba91ddb7f0, 0x000002ba91ddc3b0, 0x000002ba96efd410, 0x000002ba96efe010,
0x000002ba96f17a40, 0x000002ba96f33cc0, 0x000002ba97047390, 0x000002ba9708d2e0,
0x000002ba971d8760, 0x000002ba971d8c80, 0x000002ba99175d50, 0x000002ba9951a4a0,
0x000002ba9951b3d0, 0x000002ba9951bdf0, 0x000002ba9951a9b0, 0x000002ba99519a80,
0x000002ba9951aec0, 0x000002ba9951b8e0, 0x000002ba9951cd20, 0x000002ba99c77c80,
0x000002ba99c781a0
}

Java Threads: ( => current thread )
  0x000002bafde823c0 JavaThread "main" [_thread_blocked, id=20612, stack(0x000000fee5300000,0x000000fee5400000)]
  0x000002ba91dd1020 JavaThread "Reference Handler" daemon [_thread_blocked, id=12184, stack(0x000000fee5600000,0x000000fee5700000)]
  0x000002ba91dd2380 JavaThread "Finalizer" daemon [_thread_blocked, id=18776, stack(0x000000fee5700000,0x000000fee5800000)]
  0x000002ba91ddae20 JavaThread "Signal Dispatcher" daemon [_thread_blocked, id=21112, stack(0x000000fee5800000,0x000000fee5900000)]
  0x000002ba91ddb7f0 JavaThread "Attach Listener" daemon [_thread_blocked, id=16128, stack(0x000000fee5900000,0x000000fee5a00000)]
  0x000002ba91ddc3b0 JavaThread "Service Thread" daemon [_thread_blocked, id=18580, stack(0x000000fee5a00000,0x000000fee5b00000)]
  0x000002ba96efd410 JavaThread "Monitor Deflation Thread" daemon [_thread_blocked, id=12016, stack(0x000000fee5b00000,0x000000fee5c00000)]
=>0x000002ba96efe010 JavaThread "C2 CompilerThread0" daemon [_thread_in_native, id=6332, stack(0x000000fee5c00000,0x000000fee5d00000)]
  0x000002ba96f17a40 JavaThread "C1 CompilerThread0" daemon [_thread_blocked, id=5380, stack(0x000000fee5d00000,0x000000fee5e00000)]
  0x000002ba96f33cc0 JavaThread "Sweeper thread" daemon [_thread_blocked, id=13136, stack(0x000000fee5e00000,0x000000fee5f00000)]
  0x000002ba97047390 JavaThread "Common-Cleaner" daemon [_thread_blocked, id=18864, stack(0x000000fee5f00000,0x000000fee6000000)]
  0x000002ba9708d2e0 JavaThread "C1 CompilerThread1" daemon [_thread_blocked, id=12888, stack(0x000000fee6000000,0x000000fee6100000)]
  0x000002ba971d8760 JavaThread "C1 CompilerThread2" daemon [_thread_blocked, id=14452, stack(0x000000fee6200000,0x000000fee6300000)]
  0x000002ba971d8c80 JavaThread "C1 CompilerThread3" daemon [_thread_blocked, id=4356, stack(0x000000fee6300000,0x000000fee6400000)]
  0x000002ba99175d50 JavaThread "Notification Thread" daemon [_thread_blocked, id=2568, stack(0x000000fee6400000,0x000000fee6500000)]
  0x000002ba9951a4a0 JavaThread "Active Thread: Equinox Container: 9d3fa46c-8a0d-421d-924a-5f54867b8114" [_thread_blocked, id=19256, stack(0x000000fee6c00000,0x000000fee6d00000)]
  0x000002ba9951b3d0 JavaThread "Framework Event Dispatcher: Equinox Container: 9d3fa46c-8a0d-421d-924a-5f54867b8114" daemon [_thread_blocked, id=11804, stack(0x000000fee6d00000,0x000000fee6e00000)]
  0x000002ba9951bdf0 JavaThread "Start Level: Equinox Container: 9d3fa46c-8a0d-421d-924a-5f54867b8114" daemon [_thread_in_vm, id=12844, stack(0x000000fee6e00000,0x000000fee6f00000)]
  0x000002ba9951a9b0 JavaThread "SCR Component Actor" daemon [_thread_blocked, id=9092, stack(0x000000fee6f00000,0x000000fee7000000)]
  0x000002ba99519a80 JavaThread "SCR Component Registry" daemon [_thread_blocked, id=6808, stack(0x000000fee6b00000,0x000000fee6c00000)]
  0x000002ba9951aec0 JavaThread "Worker-JM" [_thread_blocked, id=8796, stack(0x000000fee6100000,0x000000fee6200000)]
  0x000002ba9951b8e0 JavaThread "Worker-0" [_thread_blocked, id=22092, stack(0x000000fee7400000,0x000000fee7500000)]
  0x000002ba9951cd20 JavaThread "Worker-1" [_thread_blocked, id=21788, stack(0x000000fee7600000,0x000000fee7700000)]
  0x000002ba99c77c80 JavaThread "C2 CompilerThread1" daemon [_thread_blocked, id=16468, stack(0x000000fee7700000,0x000000fee7800000)]
  0x000002ba99c781a0 JavaThread "C2 CompilerThread2" daemon [_thread_blocked, id=21036, stack(0x000000fee7800000,0x000000fee7900000)]

Other Threads:
  0x000002ba96ed6600 VMThread "VM Thread" [stack: 0x000000fee5500000,0x000000fee5600000] [id=19996]
  0x000002ba99176230 WatcherThread [stack: 0x000000fee6500000,0x000000fee6600000] [id=14648]
  0x000002bafde96c30 GCTaskThread "GC Thread#0" [stack: 0x000000fee5400000,0x000000fee5500000] [id=6264]
  0x000002ba99640c30 GCTaskThread "GC Thread#1" [stack: 0x000000fee6600000,0x000000fee6700000] [id=18816]
  0x000002ba99870460 GCTaskThread "GC Thread#2" [stack: 0x000000fee6700000,0x000000fee6800000] [id=8804]
  0x000002ba99870720 GCTaskThread "GC Thread#3" [stack: 0x000000fee6800000,0x000000fee6900000] [id=20784]
  0x000002ba9949e940 GCTaskThread "GC Thread#4" [stack: 0x000000fee6900000,0x000000fee6a00000] [id=21600]
  0x000002ba994d4320 GCTaskThread "GC Thread#5" [stack: 0x000000fee6a00000,0x000000fee6b00000] [id=19004]
  0x000002ba994d4e20 GCTaskThread "GC Thread#6" [stack: 0x000000fee7000000,0x000000fee7100000] [id=6020]
  0x000002ba994d4060 GCTaskThread "GC Thread#7" [stack: 0x000000fee7100000,0x000000fee7200000] [id=2360]
  0x000002ba994d3820 GCTaskThread "GC Thread#8" [stack: 0x000000fee7200000,0x000000fee7300000] [id=3920]
  0x000002ba994d48a0 GCTaskThread "GC Thread#9" [stack: 0x000000fee7300000,0x000000fee7400000] [id=10744]
  0x000002ba994d50e0 GCTaskThread "GC Thread#10" [stack: 0x000000fee7500000,0x000000fee7600000] [id=10076]
  0x000002ba994d3560 GCTaskThread "GC Thread#11" [stack: 0x000000fee7900000,0x000000fee7a00000] [id=348]
  0x000002ba994d3ae0 GCTaskThread "GC Thread#12" [stack: 0x000000fee7a00000,0x000000fee7b00000] [id=20972]

Threads with active compile tasks:
C2 CompilerThread0     3145 2467       4       org.lombokweb.asm.ClassReader::readMethod (1066 bytes)

VM state: not at safepoint (normal execution)

VM Mutex/Monitor currently owned by a thread: None

Heap address: 0x00000000c0000000, size: 1024 MB, Compressed Oops mode: 32-bit

CDS archive(s) not mapped
Compressed class space mapped at: 0x0000000100000000-0x0000000140000000, reserved size: 1073741824
Narrow klass base: 0x0000000000000000, Narrow klass shift: 3, Narrow klass range: 0x140000000

GC Precious Log:
 CPUs: 16 total, 16 available
 Memory: 15790M
 Large Page Support: Disabled
 NUMA Support: Disabled
 Compressed Oops: Enabled (32-bit)
 Alignments: Space 512K, Generation 512K, Heap 2M
 Heap Min Capacity: 100M
 Heap Initial Capacity: 100M
 Heap Max Capacity: 1G
 Pre-touch: Disabled
 Parallel Workers: 13

Heap:
 PSYoungGen      total 27136K, used 7878K [0x00000000eab00000, 0x00000000ec880000, 0x0000000100000000)
  eden space 24576K, 23% used [0x00000000eab00000,0x00000000eb098f00,0x00000000ec300000)
  from space 2560K, 83% used [0x00000000ec600000,0x00000000ec818ab0,0x00000000ec880000)
  to   space 2560K, 0% used [0x00000000ec380000,0x00000000ec380000,0x00000000ec600000)
 ParOldGen       total 68608K, used 7384K [0x00000000c0000000, 0x00000000c4300000, 0x00000000eab00000)
  object space 68608K, 10% used [0x00000000c0000000,0x00000000c07363c0,0x00000000c4300000)
 Metaspace       used 27380K, committed 27904K, reserved 1114112K
  class space    used 2633K, committed 2880K, reserved 1048576K

Card table byte_map: [0x000002bafd810000,0x000002bafda20000] _byte_map_base: 0x000002bafd210000

Marking Bits: (ParMarkBitMap*) 0x00007ffb205dd7d0
 Begin Bits: [0x000002bafdf30000, 0x000002bafef30000)
 End Bits:   [0x000002bafef30000, 0x000002bafff30000)

Polling page: 0x000002bafbdf0000

Metaspace:

Usage:
  Non-class:     24.17 MB used.
      Class:      2.57 MB used.
       Both:     26.74 MB used.

Virtual space:
  Non-class space:       64.00 MB reserved,      24.44 MB ( 38%) committed,  1 nodes.
      Class space:        1.00 GB reserved,       2.81 MB ( <1%) committed,  1 nodes.
             Both:        1.06 GB reserved,      27.25 MB (  3%) committed. 

Chunk freelists:
   Non-Class:  7.41 MB
       Class:  13.17 MB
        Both:  20.58 MB

MaxMetaspaceSize: unlimited
CompressedClassSpaceSize: 1.00 GB
Initial GC threshold: 21.00 MB
Current GC threshold: 35.00 MB
CDS: off
MetaspaceReclaimPolicy: balanced
 - commit_granule_bytes: 65536.
 - commit_granule_words: 8192.
 - virtual_space_node_default_size: 8388608.
 - enlarge_chunks_in_place: 1.
 - new_chunks_are_fully_committed: 0.
 - uncommit_free_chunks: 1.
 - use_allocation_guard: 0.
 - handle_deallocations: 1.


Internal statistics:

num_allocs_failed_limit: 3.
num_arena_births: 280.
num_arena_deaths: 14.
num_vsnodes_births: 2.
num_vsnodes_deaths: 0.
num_space_committed: 436.
num_space_uncommitted: 0.
num_chunks_returned_to_freelist: 17.
num_chunks_taken_from_freelist: 1022.
num_chunk_merges: 5.
num_chunk_splits: 669.
num_chunks_enlarged: 467.
num_inconsistent_stats: 0.

CodeHeap 'non-profiled nmethods': size=119168Kb used=1052Kb max_used=1052Kb free=118115Kb
 bounds [0x000002ba8a780000, 0x000002ba8a9f0000, 0x000002ba91be0000]
CodeHeap 'profiled nmethods': size=119104Kb used=5108Kb max_used=5108Kb free=113995Kb
 bounds [0x000002ba82be0000, 0x000002ba830e0000, 0x000002ba8a030000]
CodeHeap 'non-nmethods': size=7488Kb used=2915Kb max_used=2936Kb free=4572Kb
 bounds [0x000002ba8a030000, 0x000002ba8a320000, 0x000002ba8a780000]
 total_blobs=3087 nmethods=2547 adapters=451
 compilation: enabled
              stopped_count=0, restarted_count=0
 full_count=0

Compilation events (20 events):
Event: 3.057 Thread 0x000002ba96f17a40 nmethod 2513 0x000002ba830be210 code [0x000002ba830be3e0, 0x000002ba830be8a8]
Event: 3.057 Thread 0x000002ba971d8c80 nmethod 2512 0x000002ba830bea10 code [0x000002ba830bebc0, 0x000002ba830bef18]
Event: 3.057 Thread 0x000002ba96f17a40 2514       3       org.lombokweb.asm.MethodVisitor::visitJumpInsn (17 bytes)
Event: 3.058 Thread 0x000002ba96f17a40 nmethod 2514 0x000002ba830bf090 code [0x000002ba830bf240, 0x000002ba830bf448]
Event: 3.058 Thread 0x000002ba99c781a0 nmethod 2510 0x000002ba8a87f910 code [0x000002ba8a87faa0, 0x000002ba8a87fcd8]
Event: 3.058 Thread 0x000002ba9708d2e0 nmethod 2509 0x000002ba830bf510 code [0x000002ba830bfa80, 0x000002ba830c2308]
Event: 3.061 Thread 0x000002ba96f17a40 2515       3       org.lombokweb.asm.ByteVector::putByteArray (49 bytes)
Event: 3.062 Thread 0x000002ba96f17a40 nmethod 2515 0x000002ba830c3410 code [0x000002ba830c35c0, 0x000002ba830c3898]
Event: 3.062 Thread 0x000002ba99c781a0 2516       4       org.lombokweb.asm.MethodWriter::hasFrames (13 bytes)
Event: 3.063 Thread 0x000002ba99c781a0 nmethod 2516 0x000002ba8a87fe10 code [0x000002ba8a87ff80, 0x000002ba8a880018]
Event: 3.063 Thread 0x000002ba99c781a0 2517       4       org.lombokweb.asm.MethodWriter::putMethodInfo (1274 bytes)
Event: 3.064 Thread 0x000002ba971d8c80 2518       3       java.lang.String::subSequence (7 bytes)
Event: 3.064 Thread 0x000002ba971d8c80 nmethod 2518 0x000002ba830c3990 code [0x000002ba830c3b20, 0x000002ba830c3c68]
Event: 3.108 Thread 0x000002ba99c781a0 nmethod 2517 0x000002ba8a880110 code [0x000002ba8a880640, 0x000002ba8a8820c8]
Event: 3.109 Thread 0x000002ba99c781a0 2519       4       java.util.ArrayList$SubList$1::next (85 bytes)
Event: 3.110 Thread 0x000002ba99c781a0 nmethod 2519 0x000002ba8a883910 code [0x000002ba8a883aa0, 0x000002ba8a883bd8]
Event: 3.115 Thread 0x000002ba971d8760 2520       3       org.eclipse.core.internal.preferences.EclipsePreferences::internalNode (153 bytes)
Event: 3.116 Thread 0x000002ba96f17a40 2521       3       org.eclipse.core.internal.registry.Handle::<init> (15 bytes)
Event: 3.116 Thread 0x000002ba96f17a40 nmethod 2521 0x000002ba830c3d10 code [0x000002ba830c3ea0, 0x000002ba830c4018]
Event: 3.118 Thread 0x000002ba971d8760 nmethod 2520 0x000002ba830c4110 code [0x000002ba830c4540, 0x000002ba830c6758]

GC Heap History (12 events):
Event: 1.026 GC heap before
{Heap before GC invocations=1 (full 0):
 PSYoungGen      total 29696K, used 25600K [0x00000000eab00000, 0x00000000ecc00000, 0x0000000100000000)
  eden space 25600K, 100% used [0x00000000eab00000,0x00000000ec400000,0x00000000ec400000)
  from space 4096K, 0% used [0x00000000ec800000,0x00000000ec800000,0x00000000ecc00000)
  to   space 4096K, 0% used [0x00000000ec400000,0x00000000ec400000,0x00000000ec800000)
 ParOldGen       total 68608K, used 0K [0x00000000c0000000, 0x00000000c4300000, 0x00000000eab00000)
  object space 68608K, 0% used [0x00000000c0000000,0x00000000c0000000,0x00000000c4300000)
 Metaspace       used 10633K, committed 10816K, reserved 1114112K
  class space    used 1060K, committed 1152K, reserved 1048576K
}
Event: 1.033 GC heap after
{Heap after GC invocations=1 (full 0):
 PSYoungGen      total 29696K, used 3085K [0x00000000eab00000, 0x00000000ecc00000, 0x0000000100000000)
  eden space 25600K, 0% used [0x00000000eab00000,0x00000000eab00000,0x00000000ec400000)
  from space 4096K, 75% used [0x00000000ec400000,0x00000000ec703700,0x00000000ec800000)
  to   space 4096K, 0% used [0x00000000ec800000,0x00000000ec800000,0x00000000ecc00000)
 ParOldGen       total 68608K, used 16K [0x00000000c0000000, 0x00000000c4300000, 0x00000000eab00000)
  object space 68608K, 0% used [0x00000000c0000000,0x00000000c0004000,0x00000000c4300000)
 Metaspace       used 10633K, committed 10816K, reserved 1114112K
  class space    used 1060K, committed 1152K, reserved 1048576K
}
Event: 1.772 GC heap before
{Heap before GC invocations=2 (full 0):
 PSYoungGen      total 29696K, used 28685K [0x00000000eab00000, 0x00000000ecc00000, 0x0000000100000000)
  eden space 25600K, 100% used [0x00000000eab00000,0x00000000ec400000,0x00000000ec400000)
  from space 4096K, 75% used [0x00000000ec400000,0x00000000ec703700,0x00000000ec800000)
  to   space 4096K, 0% used [0x00000000ec800000,0x00000000ec800000,0x00000000ecc00000)
 ParOldGen       total 68608K, used 16K [0x00000000c0000000, 0x00000000c4300000, 0x00000000eab00000)
  object space 68608K, 0% used [0x00000000c0000000,0x00000000c0004000,0x00000000c4300000)
 Metaspace       used 14525K, committed 14720K, reserved 1114112K
  class space    used 1452K, committed 1536K, reserved 1048576K
}
Event: 1.776 GC heap after
{Heap after GC invocations=2 (full 0):
 PSYoungGen      total 29696K, used 4090K [0x00000000eab00000, 0x00000000ecc00000, 0x0000000100000000)
  eden space 25600K, 0% used [0x00000000eab00000,0x00000000eab00000,0x00000000ec400000)
  from space 4096K, 99% used [0x00000000ec800000,0x00000000ecbfeac8,0x00000000ecc00000)
  to   space 4096K, 0% used [0x00000000ec400000,0x00000000ec400000,0x00000000ec800000)
 ParOldGen       total 68608K, used 680K [0x00000000c0000000, 0x00000000c4300000, 0x00000000eab00000)
  object space 68608K, 0% used [0x00000000c0000000,0x00000000c00aa020,0x00000000c4300000)
 Metaspace       used 14525K, committed 14720K, reserved 1114112K
  class space    used 1452K, committed 1536K, reserved 1048576K
}
Event: 2.352 GC heap before
{Heap before GC invocations=3 (full 0):
 PSYoungGen      total 29696K, used 29690K [0x00000000eab00000, 0x00000000ecc00000, 0x0000000100000000)
  eden space 25600K, 100% used [0x00000000eab00000,0x00000000ec400000,0x00000000ec400000)
  from space 4096K, 99% used [0x00000000ec800000,0x00000000ecbfeac8,0x00000000ecc00000)
  to   space 4096K, 0% used [0x00000000ec400000,0x00000000ec400000,0x00000000ec800000)
 ParOldGen       total 68608K, used 680K [0x00000000c0000000, 0x00000000c4300000, 0x00000000eab00000)
  object space 68608K, 0% used [0x00000000c0000000,0x00000000c00aa020,0x00000000c4300000)
 Metaspace       used 19512K, committed 19840K, reserved 1114112K
  class space    used 1985K, committed 2112K, reserved 1048576K
}
Event: 2.357 GC heap after
{Heap after GC invocations=3 (full 0):
 PSYoungGen      total 29696K, used 4074K [0x00000000eab00000, 0x00000000ecc00000, 0x0000000100000000)
  eden space 25600K, 0% used [0x00000000eab00000,0x00000000eab00000,0x00000000ec400000)
  from space 4096K, 99% used [0x00000000ec400000,0x00000000ec7fab00,0x00000000ec800000)
  to   space 4096K, 0% used [0x00000000ec800000,0x00000000ec800000,0x00000000ecc00000)
 ParOldGen       total 68608K, used 2419K [0x00000000c0000000, 0x00000000c4300000, 0x00000000eab00000)
  object space 68608K, 3% used [0x00000000c0000000,0x00000000c025cc28,0x00000000c4300000)
 Metaspace       used 19512K, committed 19840K, reserved 1114112K
  class space    used 1985K, committed 2112K, reserved 1048576K
}
Event: 2.625 GC heap before
{Heap before GC invocations=4 (full 0):
 PSYoungGen      total 29696K, used 12498K [0x00000000eab00000, 0x00000000ecc00000, 0x0000000100000000)
  eden space 25600K, 32% used [0x00000000eab00000,0x00000000eb33a0e8,0x00000000ec400000)
  from space 4096K, 99% used [0x00000000ec400000,0x00000000ec7fab00,0x00000000ec800000)
  to   space 4096K, 0% used [0x00000000ec800000,0x00000000ec800000,0x00000000ecc00000)
 ParOldGen       total 68608K, used 2419K [0x00000000c0000000, 0x00000000c4300000, 0x00000000eab00000)
  object space 68608K, 3% used [0x00000000c0000000,0x00000000c025cc28,0x00000000c4300000)
 Metaspace       used 21050K, committed 21504K, reserved 1114112K
  class space    used 2143K, committed 2368K, reserved 1048576K
}
Event: 2.628 GC heap after
{Heap after GC invocations=4 (full 0):
 PSYoungGen      total 29696K, used 4090K [0x00000000eab00000, 0x00000000ecc00000, 0x0000000100000000)
  eden space 25600K, 0% used [0x00000000eab00000,0x00000000eab00000,0x00000000ec400000)
  from space 4096K, 99% used [0x00000000ec800000,0x00000000ecbfeaf0,0x00000000ecc00000)
  to   space 4096K, 0% used [0x00000000ec400000,0x00000000ec400000,0x00000000ec800000)
 ParOldGen       total 68608K, used 2703K [0x00000000c0000000, 0x00000000c4300000, 0x00000000eab00000)
  object space 68608K, 3% used [0x00000000c0000000,0x00000000c02a3dd8,0x00000000c4300000)
 Metaspace       used 21050K, committed 21504K, reserved 1114112K
  class space    used 2143K, committed 2368K, reserved 1048576K
}
Event: 2.628 GC heap before
{Heap before GC invocations=5 (full 1):
 PSYoungGen      total 29696K, used 4090K [0x00000000eab00000, 0x00000000ecc00000, 0x0000000100000000)
  eden space 25600K, 0% used [0x00000000eab00000,0x00000000eab00000,0x00000000ec400000)
  from space 4096K, 99% used [0x00000000ec800000,0x00000000ecbfeaf0,0x00000000ecc00000)
  to   space 4096K, 0% used [0x00000000ec400000,0x00000000ec400000,0x00000000ec800000)
 ParOldGen       total 68608K, used 2703K [0x00000000c0000000, 0x00000000c4300000, 0x00000000eab00000)
  object space 68608K, 3% used [0x00000000c0000000,0x00000000c02a3dd8,0x00000000c4300000)
 Metaspace       used 21050K, committed 21504K, reserved 1114112K
  class space    used 2143K, committed 2368K, reserved 1048576K
}
Event: 2.651 GC heap after
{Heap after GC invocations=5 (full 1):
 PSYoungGen      total 29696K, used 0K [0x00000000eab00000, 0x00000000ecc00000, 0x0000000100000000)
  eden space 25600K, 0% used [0x00000000eab00000,0x00000000eab00000,0x00000000ec400000)
  from space 4096K, 0% used [0x00000000ec800000,0x00000000ec800000,0x00000000ecc00000)
  to   space 4096K, 0% used [0x00000000ec400000,0x00000000ec400000,0x00000000ec800000)
 ParOldGen       total 68608K, used 6587K [0x00000000c0000000, 0x00000000c4300000, 0x00000000eab00000)
  object space 68608K, 9% used [0x00000000c0000000,0x00000000c066eeb0,0x00000000c4300000)
 Metaspace       used 21037K, committed 21504K, reserved 1114112K
  class space    used 2139K, committed 2368K, reserved 1048576K
}
Event: 2.884 GC heap before
{Heap before GC invocations=6 (full 1):
 PSYoungGen      total 29696K, used 25581K [0x00000000eab00000, 0x00000000ecc00000, 0x0000000100000000)
  eden space 25600K, 99% used [0x00000000eab00000,0x00000000ec3fb538,0x00000000ec400000)
  from space 4096K, 0% used [0x00000000ec800000,0x00000000ec800000,0x00000000ecc00000)
  to   space 4096K, 0% used [0x00000000ec400000,0x00000000ec400000,0x00000000ec800000)
 ParOldGen       total 68608K, used 6587K [0x00000000c0000000, 0x00000000c4300000, 0x00000000eab00000)
  object space 68608K, 9% used [0x00000000c0000000,0x00000000c066eeb0,0x00000000c4300000)
 Metaspace       used 23893K, committed 24384K, reserved 1114112K
  class space    used 2380K, committed 2624K, reserved 1048576K
}
Event: 2.885 GC heap after
{Heap after GC invocations=6 (full 1):
 PSYoungGen      total 26624K, used 1067K [0x00000000eab00000, 0x00000000ec880000, 0x0000000100000000)
  eden space 25088K, 0% used [0x00000000eab00000,0x00000000eab00000,0x00000000ec380000)
  from space 1536K, 69% used [0x00000000ec400000,0x00000000ec50ae88,0x00000000ec580000)
  to   space 2560K, 0% used [0x00000000ec600000,0x00000000ec600000,0x00000000ec880000)
 ParOldGen       total 68608K, used 6595K [0x00000000c0000000, 0x00000000c4300000, 0x00000000eab00000)
  object space 68608K, 9% used [0x00000000c0000000,0x00000000c0670eb0,0x00000000c4300000)
 Metaspace       used 23893K, committed 24384K, reserved 1114112K
  class space    used 2380K, committed 2624K, reserved 1048576K
}

Dll operation events (9 events):
Event: 0.008 Loaded shared library c:\Users\devan\.vscode\extensions\redhat.java-1.30.0-win32-x64\jre\17.0.10-win32-x86_64\bin\java.dll
Event: 0.148 Loaded shared library c:\Users\devan\.vscode\extensions\redhat.java-1.30.0-win32-x64\jre\17.0.10-win32-x86_64\bin\zip.dll
Event: 0.151 Loaded shared library C:\Users\devan\.vscode\extensions\redhat.java-1.30.0-win32-x64\jre\17.0.10-win32-x86_64\bin\instrument.dll
Event: 0.163 Loaded shared library C:\Users\devan\.vscode\extensions\redhat.java-1.30.0-win32-x64\jre\17.0.10-win32-x86_64\bin\net.dll
Event: 0.165 Loaded shared library C:\Users\devan\.vscode\extensions\redhat.java-1.30.0-win32-x64\jre\17.0.10-win32-x86_64\bin\nio.dll
Event: 0.170 Loaded shared library C:\Users\devan\.vscode\extensions\redhat.java-1.30.0-win32-x64\jre\17.0.10-win32-x86_64\bin\zip.dll
Event: 0.185 Loaded shared library C:\Users\devan\.vscode\extensions\redhat.java-1.30.0-win32-x64\jre\17.0.10-win32-x86_64\bin\jimage.dll
Event: 0.254 Loaded shared library c:\Users\devan\.vscode\extensions\redhat.java-1.30.0-win32-x64\jre\17.0.10-win32-x86_64\bin\verify.dll
Event: 1.682 Loaded shared library C:\Users\devan\AppData\Roaming\Code\User\globalStorage\redhat.java\1.30.0\config_ss_win\org.eclipse.equinox.launcher\org.eclipse.equinox.launcher.win32.win32.x86_64_1.2.900.v20240213-1244\eclipse_11900.dll

Deoptimization events (20 events):
Event: 2.479 Thread 0x000002ba9951bdf0 DEOPT PACKING pc=0x000002ba8a817940 sp=0x000000fee6ef8e30
Event: 2.479 Thread 0x000002ba9951bdf0 DEOPT UNPACKING pc=0x000002ba8a0866a3 sp=0x000000fee6ef8db8 mode 2
Event: 2.657 Thread 0x000002ba9951bdf0 Uncommon trap: trap_request=0xffffff45 fr.pc=0x000002ba8a7cdbf4 relative=0x0000000000000074
Event: 2.657 Thread 0x000002ba9951bdf0 Uncommon trap: reason=unstable_if action=reinterpret pc=0x000002ba8a7cdbf4 method=jdk.internal.misc.Unsafe.convEndian(ZJ)J @ 4 c2
Event: 2.657 Thread 0x000002ba9951bdf0 DEOPT PACKING pc=0x000002ba8a7cdbf4 sp=0x000000fee6ef7810
Event: 2.657 Thread 0x000002ba9951bdf0 DEOPT UNPACKING pc=0x000002ba8a0866a3 sp=0x000000fee6ef7738 mode 2
Event: 2.682 Thread 0x000002ba9951bdf0 Uncommon trap: trap_request=0xffffff45 fr.pc=0x000002ba8a7ae7c8 relative=0x0000000000000048
Event: 2.682 Thread 0x000002ba9951bdf0 Uncommon trap: reason=unstable_if action=reinterpret pc=0x000002ba8a7ae7c8 method=java.lang.CharacterData.of(I)Ljava/lang/CharacterData; @ 4 c2
Event: 2.682 Thread 0x000002ba9951bdf0 DEOPT PACKING pc=0x000002ba8a7ae7c8 sp=0x000000fee6ef8780
Event: 2.682 Thread 0x000002ba9951bdf0 DEOPT UNPACKING pc=0x000002ba8a0866a3 sp=0x000000fee6ef8718 mode 2
Event: 3.026 Thread 0x000002ba9951bdf0 Uncommon trap: trap_request=0xffffff45 fr.pc=0x000002ba8a8725a8 relative=0x0000000000000128
Event: 3.026 Thread 0x000002ba9951bdf0 Uncommon trap: reason=unstable_if action=reinterpret pc=0x000002ba8a8725a8 method=org.lombokweb.asm.ByteVector.putByteArray([BII)Lorg/lombokweb/asm/ByteVector; @ 20 c2
Event: 3.026 Thread 0x000002ba9951bdf0 DEOPT PACKING pc=0x000002ba8a8725a8 sp=0x000000fee6eee930
Event: 3.026 Thread 0x000002ba9951bdf0 DEOPT UNPACKING pc=0x000002ba8a0866a3 sp=0x000000fee6eee900 mode 2
Event: 3.026 Thread 0x000002ba9951bdf0 Uncommon trap: trap_request=0xffffff45 fr.pc=0x000002ba8a872bd4 relative=0x0000000000000334
Event: 3.026 Thread 0x000002ba9951bdf0 Uncommon trap: reason=unstable_if action=reinterpret pc=0x000002ba8a872bd4 method=org.lombokweb.asm.Label.resolve([BLorg/lombokweb/asm/ByteVector;I)Z @ 81 c2
Event: 3.026 Thread 0x000002ba9951bdf0 DEOPT PACKING pc=0x000002ba8a872bd4 sp=0x000000fee6eee9b0
Event: 3.026 Thread 0x000002ba9951bdf0 DEOPT UNPACKING pc=0x000002ba8a0866a3 sp=0x000000fee6eee8b8 mode 2
Event: 3.059 Thread 0x000002ba9951bdf0 DEOPT PACKING pc=0x000002ba82cd90c3 sp=0x000000fee6ef2240
Event: 3.059 Thread 0x000002ba9951bdf0 DEOPT UNPACKING pc=0x000002ba8a086e43 sp=0x000000fee6ef1760 mode 0

Classes unloaded (7 events):
Event: 2.631 Thread 0x000002ba96ed6600 Unloading class 0x000000010021a400 'java/lang/invoke/LambdaForm$MH+0x000000010021a400'
Event: 2.631 Thread 0x000002ba96ed6600 Unloading class 0x000000010021a000 'java/lang/invoke/LambdaForm$MH+0x000000010021a000'
Event: 2.631 Thread 0x000002ba96ed6600 Unloading class 0x0000000100219c00 'java/lang/invoke/LambdaForm$MH+0x0000000100219c00'
Event: 2.631 Thread 0x000002ba96ed6600 Unloading class 0x0000000100219800 'java/lang/invoke/LambdaForm$MH+0x0000000100219800'
Event: 2.631 Thread 0x000002ba96ed6600 Unloading class 0x0000000100219400 'java/lang/invoke/LambdaForm$BMH+0x0000000100219400'
Event: 2.631 Thread 0x000002ba96ed6600 Unloading class 0x0000000100219000 'java/lang/invoke/LambdaForm$DMH+0x0000000100219000'
Event: 2.631 Thread 0x000002ba96ed6600 Unloading class 0x0000000100214400 'java/lang/invoke/LambdaForm$DMH+0x0000000100214400'

Classes redefined (0 events):
No events

Internal exceptions (20 events):
Event: 2.294 Thread 0x000002ba9951bdf0 Exception <a 'java/lang/NoSuchMethodError'{0x00000000ec23d080}: 'java.lang.Object java.lang.invoke.DirectMethodHandle$Holder.invokeStatic(java.lang.Object, java.lang.Object, java.lang.Object, java.lang.Object, int)'> (0x00000000ec23d080) 
thrown [s\src\hotspot\share\interpreter\linkResolver.cpp, line 759]
Event: 2.296 Thread 0x000002ba9951bdf0 Exception <a 'java/lang/NoSuchMethodError'{0x00000000ec249078}: 'java.lang.Object java.lang.invoke.DelegatingMethodHandle$Holder.reinvoke_L(java.lang.Object, java.lang.Object, java.lang.Object, java.lang.Object, int, int)'> (0x00000000ec249078) 
thrown [s\src\hotspot\share\interpreter\linkResolver.cpp, line 759]
Event: 2.298 Thread 0x000002ba9951bdf0 Exception <a 'java/lang/NoSuchMethodError'{0x00000000ec25dc48}: 'java.lang.Object java.lang.invoke.Invokers$Holder.invokeExact_MT(java.lang.Object, java.lang.Object, java.lang.Object, java.lang.Object)'> (0x00000000ec25dc48) 
thrown [s\src\hotspot\share\interpreter\linkResolver.cpp, line 759]
Event: 2.371 Thread 0x000002ba9951bdf0 Exception <a 'java/io/FileNotFoundException'{0x00000000eabeda18}> (0x00000000eabeda18) 
thrown [s\src\hotspot\share\prims\jni.cpp, line 516]
Event: 2.372 Thread 0x000002ba9951bdf0 Exception <a 'java/io/FileNotFoundException'{0x00000000eabf5188}> (0x00000000eabf5188) 
thrown [s\src\hotspot\share\prims\jni.cpp, line 516]
Event: 2.450 Thread 0x000002ba9951bdf0 Exception <a 'java/lang/NoSuchMethodError'{0x00000000eaefb968}: 'java.lang.Object java.lang.invoke.DirectMethodHandle$Holder.newInvokeSpecial(java.lang.Object, java.lang.Object, java.lang.Object, java.lang.Object, java.lang.Object)'> (0x00000000eaefb968) 
thrown [s\src\hotspot\share\interpreter\linkResolver.cpp, line 759]
Event: 2.499 Thread 0x000002ba9951bdf0 Exception <a 'java/lang/NoSuchMethodError'{0x00000000eb029c08}: 'java.lang.Object java.lang.invoke.DirectMethodHandle$Holder.invokeStaticInit(java.lang.Object, int)'> (0x00000000eb029c08) 
thrown [s\src\hotspot\share\interpreter\linkResolver.cpp, line 759]
Event: 2.586 Thread 0x000002ba9951bdf0 Exception <a 'java/lang/NoSuchMethodError'{0x00000000eb2508b0}: 'java.lang.Object java.lang.invoke.DirectMethodHandle$Holder.invokeSpecial(java.lang.Object, java.lang.Object, java.lang.Object, long, java.lang.Object)'> (0x00000000eb2508b0) 
thrown [s\src\hotspot\share\interpreter\linkResolver.cpp, line 759]
Event: 2.587 Thread 0x000002ba9951bdf0 Exception <a 'java/lang/NoSuchMethodError'{0x00000000eb258a68}: 'java.lang.Object java.lang.invoke.DirectMethodHandle$Holder.newInvokeSpecial(java.lang.Object, java.lang.Object, java.lang.Object, long)'> (0x00000000eb258a68) 
thrown [s\src\hotspot\share\interpreter\linkResolver.cpp, line 759]
Event: 2.588 Thread 0x000002ba9951bdf0 Exception <a 'java/lang/NoSuchMethodError'{0x00000000eb25d008}: 'java.lang.Object java.lang.invoke.DirectMethodHandle$Holder.invokeSpecial(java.lang.Object, java.lang.Object, java.lang.Object, java.lang.Object, long)'> (0x00000000eb25d008) 
thrown [s\src\hotspot\share\interpreter\linkResolver.cpp, line 759]
Event: 2.589 Thread 0x000002ba9951bdf0 Exception <a 'java/lang/NoSuchMethodError'{0x00000000eb260e80}: 'java.lang.Object java.lang.invoke.Invokers$Holder.linkToTargetMethod(java.lang.Object, java.lang.Object, long, java.lang.Object)'> (0x00000000eb260e80) 
thrown [s\src\hotspot\share\interpreter\linkResolver.cpp, line 759]
Event: 2.614 Thread 0x000002ba9951bdf0 Exception <a 'java/lang/NoSuchMethodError'{0x00000000eb2d7ea8}: 'int java.lang.invoke.DirectMethodHandle$Holder.invokeStaticInit(java.lang.Object, java.lang.Object, java.lang.Object)'> (0x00000000eb2d7ea8) 
thrown [s\src\hotspot\share\interpreter\linkResolver.cpp, line 759]
Event: 2.696 Thread 0x000002ba9951bdf0 Exception <a 'java/lang/IncompatibleClassChangeError'{0x00000000ead73110}: Found class java.lang.Object, but interface was expected> (0x00000000ead73110) 
thrown [s\src\hotspot\share\interpreter\linkResolver.cpp, line 826]
Event: 2.706 Thread 0x000002ba9951bdf0 Exception <a 'java/lang/NoSuchMethodError'{0x00000000ead93258}: 'java.lang.Object java.lang.invoke.DirectMethodHandle$Holder.invokeSpecial(java.lang.Object, java.lang.Object, java.lang.Object, int, java.lang.Object, java.lang.Object)'> (0x00000000ead93258) 
thrown [s\src\hotspot\share\interpreter\linkResolver.cpp, line 759]
Event: 2.707 Thread 0x000002ba9951bdf0 Exception <a 'java/lang/NoSuchMethodError'{0x00000000ead9b9e0}: 'java.lang.Object java.lang.invoke.DirectMethodHandle$Holder.newInvokeSpecial(java.lang.Object, java.lang.Object, java.lang.Object, int, java.lang.Object)'> (0x00000000ead9b9e0) 
thrown [s\src\hotspot\share\interpreter\linkResolver.cpp, line 759]
Event: 2.708 Thread 0x000002ba9951bdf0 Exception <a 'java/lang/NoSuchMethodError'{0x00000000ead9fe38}: 'java.lang.Object java.lang.invoke.DirectMethodHandle$Holder.invokeSpecial(java.lang.Object, java.lang.Object, java.lang.Object, java.lang.Object, int, java.lang.Object)'> (0x00000000ead9fe38) 
thrown [s\src\hotspot\share\interpreter\linkResolver.cpp, line 759]
Event: 2.709 Thread 0x000002ba9951b8e0 Exception <a 'java/lang/NoSuchMethodError'{0x00000000eadb4948}: 'java.lang.Object java.lang.invoke.DirectMethodHandle$Holder.invokeSpecial(java.lang.Object, java.lang.Object, int, java.lang.Object, java.lang.Object)'> (0x00000000eadb4948) 
thrown [s\src\hotspot\share\interpreter\linkResolver.cpp, line 759]
Event: 2.710 Thread 0x000002ba9951b8e0 Exception <a 'java/lang/NoSuchMethodError'{0x00000000eadbc018}: 'java.lang.Object java.lang.invoke.DirectMethodHandle$Holder.newInvokeSpecial(java.lang.Object, java.lang.Object, int, java.lang.Object)'> (0x00000000eadbc018) 
thrown [s\src\hotspot\share\interpreter\linkResolver.cpp, line 759]
Event: 2.710 Thread 0x000002ba9951b8e0 Exception <a 'java/lang/NoSuchMethodError'{0x00000000eadbfb28}: 'java.lang.Object java.lang.invoke.DirectMethodHandle$Holder.invokeSpecial(java.lang.Object, java.lang.Object, java.lang.Object, int, java.lang.Object)'> (0x00000000eadbfb28) 
thrown [s\src\hotspot\share\interpreter\linkResolver.cpp, line 759]
Event: 3.026 Thread 0x000002ba9951bdf0 Implicit null exception at 0x000002ba8a8724c8 to 0x000002ba8a872588

VM Operations (20 events):
Event: 1.772 Executing VM operation: ParallelGCFailedAllocation
Event: 1.776 Executing VM operation: ParallelGCFailedAllocation done
Event: 1.780 Executing VM operation: HandshakeAllThreads
Event: 1.780 Executing VM operation: HandshakeAllThreads done
Event: 2.165 Executing VM operation: HandshakeAllThreads
Event: 2.165 Executing VM operation: HandshakeAllThreads done
Event: 2.287 Executing VM operation: HandshakeAllThreads
Event: 2.287 Executing VM operation: HandshakeAllThreads done
Event: 2.351 Executing VM operation: ParallelGCFailedAllocation
Event: 2.357 Executing VM operation: ParallelGCFailedAllocation done
Event: 2.624 Executing VM operation: CollectForMetadataAllocation
Event: 2.652 Executing VM operation: CollectForMetadataAllocation done
Event: 2.656 Executing VM operation: HandshakeAllThreads
Event: 2.657 Executing VM operation: HandshakeAllThreads done
Event: 2.683 Executing VM operation: HandshakeAllThreads
Event: 2.683 Executing VM operation: HandshakeAllThreads done
Event: 2.725 Executing VM operation: HandshakeAllThreads
Event: 2.725 Executing VM operation: HandshakeAllThreads done
Event: 2.884 Executing VM operation: ParallelGCFailedAllocation
Event: 2.885 Executing VM operation: ParallelGCFailedAllocation done

Events (20 events):
Event: 2.777 loading class java/util/zip/GZIPInputStream
Event: 2.777 loading class java/util/zip/GZIPInputStream done
Event: 2.780 loading class java/net/SocketTimeoutException
Event: 2.780 loading class java/io/InterruptedIOException
Event: 2.780 loading class java/io/InterruptedIOException done
Event: 2.780 loading class java/net/SocketTimeoutException done
Event: 2.780 loading class java/net/SocketException
Event: 2.781 loading class java/net/SocketException done
Event: 2.781 loading class java/net/UnknownHostException
Event: 2.781 loading class java/net/UnknownHostException done
Event: 2.781 loading class java/net/ProtocolException
Event: 2.781 loading class java/net/ProtocolException done
Event: 2.795 loading class java/lang/ThreadLocal$SuppliedThreadLocal
Event: 2.795 loading class java/lang/ThreadLocal$SuppliedThreadLocal done
Event: 2.805 loading class java/io/FileWriter
Event: 2.805 loading class java/io/FileWriter done
Event: 2.805 loading class java/lang/NegativeArraySizeException
Event: 2.805 loading class java/lang/NegativeArraySizeException done
Event: 2.826 Thread 0x000002ba99c77c80 Thread added: 0x000002ba99c77c80
Event: 2.826 Thread 0x000002ba99c781a0 Thread added: 0x000002ba99c781a0


Dynamic libraries:
0x00007ff65c8e0000 - 0x00007ff65c8ee000 	c:\Users\devan\.vscode\extensions\redhat.java-1.30.0-win32-x64\jre\17.0.10-win32-x86_64\bin\java.exe
0x00007ffbb2af0000 - 0x00007ffbb2d07000 	C:\WINDOWS\SYSTEM32\ntdll.dll
0x00007ffbb1c60000 - 0x00007ffbb1d24000 	C:\WINDOWS\System32\KERNEL32.DLL
0x00007ffbb00c0000 - 0x00007ffbb0466000 	C:\WINDOWS\System32\KERNELBASE.dll
0x00007ffbb0670000 - 0x00007ffbb0781000 	C:\WINDOWS\System32\ucrtbase.dll
0x00007ffb805f0000 - 0x00007ffb8060b000 	c:\Users\devan\.vscode\extensions\redhat.java-1.30.0-win32-x64\jre\17.0.10-win32-x86_64\bin\VCRUNTIME140.dll
0x00007ffb7f9e0000 - 0x00007ffb7f9f7000 	c:\Users\devan\.vscode\extensions\redhat.java-1.30.0-win32-x64\jre\17.0.10-win32-x86_64\bin\jli.dll
0x00007ffbb1d30000 - 0x00007ffbb1ede000 	C:\WINDOWS\System32\USER32.dll
0x00007ffba7c10000 - 0x00007ffba7ea3000 	C:\WINDOWS\WinSxS\amd64_microsoft.windows.common-controls_6595b64144ccf1df_6.0.22621.2506_none_270c5ae97388e100\COMCTL32.dll
0x00007ffbb0810000 - 0x00007ffbb0836000 	C:\WINDOWS\System32\win32u.dll
0x00007ffbb15c0000 - 0x00007ffbb15e9000 	C:\WINDOWS\System32\GDI32.dll
0x00007ffbb12a0000 - 0x00007ffbb1347000 	C:\WINDOWS\System32\msvcrt.dll
0x00007ffbafe30000 - 0x00007ffbaff48000 	C:\WINDOWS\System32\gdi32full.dll
0x00007ffbb0470000 - 0x00007ffbb050a000 	C:\WINDOWS\System32\msvcp_win.dll
0x00007ffbb11b0000 - 0x00007ffbb11e1000 	C:\WINDOWS\System32\IMM32.DLL
0x00007ffba2c70000 - 0x00007ffba2c7c000 	c:\Users\devan\.vscode\extensions\redhat.java-1.30.0-win32-x64\jre\17.0.10-win32-x86_64\bin\vcruntime140_1.dll
0x00007ffb723b0000 - 0x00007ffb7243d000 	c:\Users\devan\.vscode\extensions\redhat.java-1.30.0-win32-x64\jre\17.0.10-win32-x86_64\bin\msvcp140.dll
0x00007ffb1fa40000 - 0x00007ffb206a2000 	c:\Users\devan\.vscode\extensions\redhat.java-1.30.0-win32-x64\jre\17.0.10-win32-x86_64\bin\server\jvm.dll
0x00007ffbb0c00000 - 0x00007ffbb0cb3000 	C:\WINDOWS\System32\ADVAPI32.dll
0x00007ffbb11f0000 - 0x00007ffbb1298000 	C:\WINDOWS\System32\sechost.dll
0x00007ffbb0640000 - 0x00007ffbb0668000 	C:\WINDOWS\System32\bcrypt.dll
0x00007ffbb2930000 - 0x00007ffbb2a47000 	C:\WINDOWS\System32\RPCRT4.dll
0x00007ffb8d360000 - 0x00007ffb8d369000 	C:\WINDOWS\SYSTEM32\WSOCK32.dll
0x00007ffba88f0000 - 0x00007ffba8924000 	C:\WINDOWS\SYSTEM32\WINMM.dll
0x00007ffba7930000 - 0x00007ffba793a000 	C:\WINDOWS\SYSTEM32\VERSION.dll
0x00007ffbafb50000 - 0x00007ffbafb9d000 	C:\WINDOWS\SYSTEM32\POWRPROF.dll
0x00007ffbb0da0000 - 0x00007ffbb0e11000 	C:\WINDOWS\System32\WS2_32.dll
0x00007ffbafa60000 - 0x00007ffbafa73000 	C:\WINDOWS\SYSTEM32\UMPDC.dll
0x00007ffbaee60000 - 0x00007ffbaee78000 	C:\WINDOWS\SYSTEM32\kernel.appcore.dll
0x00007ffb8fec0000 - 0x00007ffb8feca000 	c:\Users\devan\.vscode\extensions\redhat.java-1.30.0-win32-x64\jre\17.0.10-win32-x86_64\bin\jimage.dll
0x00007ffba6bd0000 - 0x00007ffba6e03000 	C:\WINDOWS\SYSTEM32\DBGHELP.DLL
0x00007ffbb0e20000 - 0x00007ffbb11a9000 	C:\WINDOWS\System32\combase.dll
0x00007ffbb0840000 - 0x00007ffbb0917000 	C:\WINDOWS\System32\OLEAUT32.dll
0x00007ffba4650000 - 0x00007ffba4682000 	C:\WINDOWS\SYSTEM32\dbgcore.DLL
0x00007ffbb0790000 - 0x00007ffbb080a000 	C:\WINDOWS\System32\bcryptPrimitives.dll
0x00007ffb8fab0000 - 0x00007ffb8fabe000 	c:\Users\devan\.vscode\extensions\redhat.java-1.30.0-win32-x64\jre\17.0.10-win32-x86_64\bin\instrument.dll
0x00007ffb76020000 - 0x00007ffb76045000 	c:\Users\devan\.vscode\extensions\redhat.java-1.30.0-win32-x64\jre\17.0.10-win32-x86_64\bin\java.dll
0x00007ffb7ee20000 - 0x00007ffb7ee38000 	c:\Users\devan\.vscode\extensions\redhat.java-1.30.0-win32-x64\jre\17.0.10-win32-x86_64\bin\zip.dll
0x00007ffbb1fb0000 - 0x00007ffbb280a000 	C:\WINDOWS\System32\SHELL32.dll
0x00007ffbadd30000 - 0x00007ffbae626000 	C:\WINDOWS\SYSTEM32\windows.storage.dll
0x00007ffbadbf0000 - 0x00007ffbadd2e000 	C:\WINDOWS\SYSTEM32\wintypes.dll
0x00007ffbb14c0000 - 0x00007ffbb15b3000 	C:\WINDOWS\System32\SHCORE.dll
0x00007ffbb0cc0000 - 0x00007ffbb0d1e000 	C:\WINDOWS\System32\shlwapi.dll
0x00007ffbafd60000 - 0x00007ffbafd86000 	C:\WINDOWS\SYSTEM32\profapi.dll
0x00007ffb7d770000 - 0x00007ffb7d789000 	C:\Users\devan\.vscode\extensions\redhat.java-1.30.0-win32-x64\jre\17.0.10-win32-x86_64\bin\net.dll
0x00007ffba9d60000 - 0x00007ffba9e97000 	C:\WINDOWS\SYSTEM32\WINHTTP.dll
0x00007ffbaf2e0000 - 0x00007ffbaf349000 	C:\WINDOWS\system32\mswsock.dll
0x00007ffb7bfc0000 - 0x00007ffb7bfd6000 	C:\Users\devan\.vscode\extensions\redhat.java-1.30.0-win32-x64\jre\17.0.10-win32-x86_64\bin\nio.dll
0x00007ffba40a0000 - 0x00007ffba40b0000 	c:\Users\devan\.vscode\extensions\redhat.java-1.30.0-win32-x64\jre\17.0.10-win32-x86_64\bin\verify.dll
0x00007ffb71d70000 - 0x00007ffb71dae000 	C:\Users\devan\AppData\Roaming\Code\User\globalStorage\redhat.java\1.30.0\config_ss_win\org.eclipse.equinox.launcher\org.eclipse.equinox.launcher.win32.win32.x86_64_1.2.900.v20240213-1244\eclipse_11900.dll
0x00007ffbb1a70000 - 0x00007ffbb1c10000 	C:\WINDOWS\System32\ole32.dll

dbghelp: loaded successfully - version: 4.0.5 - missing functions: none
symbol engine: initialized successfully - sym options: 0x614 - pdb path: .;c:\Users\devan\.vscode\extensions\redhat.java-1.30.0-win32-x64\jre\17.0.10-win32-x86_64\bin;C:\WINDOWS\SYSTEM32;C:\WINDOWS\WinSxS\amd64_microsoft.windows.common-controls_6595b64144ccf1df_6.0.22621.2506_none_270c5ae97388e100;c:\Users\devan\.vscode\extensions\redhat.java-1.30.0-win32-x64\jre\17.0.10-win32-x86_64\bin\server;C:\Users\devan\AppData\Roaming\Code\User\globalStorage\redhat.java\1.30.0\config_ss_win\org.eclipse.equinox.launcher\org.eclipse.equinox.launcher.win32.win32.x86_64_1.2.900.v20240213-1244

VM Arguments:
jvm_args: --add-modules=ALL-SYSTEM --add-opens=java.base/java.util=ALL-UNNAMED --add-opens=java.base/java.lang=ALL-UNNAMED --add-opens=java.base/sun.nio.fs=ALL-UNNAMED -Declipse.application=org.eclipse.jdt.ls.core.id1 -Dosgi.bundles.defaultStartLevel=4 -Declipse.product=org.eclipse.jdt.ls.core.product -Djava.import.generatesMetadataFilesAtProjectRoot=false -DDetectVMInstallationsJob.disabled=true -Dfile.encoding=utf8 -XX:+UseParallelGC -XX:GCTimeRatio=4 -XX:AdaptiveSizePolicyWeight=90 -Dsun.zip.disableMemoryMapping=true -Xmx1G -Xms100m -Xlog:disable -javaagent:c:\Users\devan\.vscode\extensions\redhat.java-1.30.0-win32-x64\lombok\lombok-1.18.32.jar 
java_command: c:\Users\devan\.vscode\extensions\redhat.java-1.30.0-win32-x64\server\plugins\org.eclipse.equinox.launcher_1.6.800.v20240330-1250.jar -configuration c:\Users\devan\AppData\Roaming\Code\User\globalStorage\redhat.java\1.30.0\config_ss_win -data c:\Users\devan\AppData\Roaming\Code\User\workspaceStorage\4d92966fc4af52e91468190edff9a261\redhat.java\ss_ws --pipe=\\.\pipe\lsp-2c911df1724d856d69d9644848d8c2e9-sock
java_class_path (initial): c:\Users\devan\.vscode\extensions\redhat.java-1.30.0-win32-x64\server\plugins\org.eclipse.equinox.launcher_1.6.800.v20240330-1250.jar
Launcher Type: SUN_STANDARD

[Global flags]
    uintx AdaptiveSizePolicyWeight                 = 90                                        {product} {command line}
     intx CICompilerCount                          = 12                                        {product} {ergonomic}
    uintx GCTimeRatio                              = 4                                         {product} {command line}
   size_t InitialHeapSize                          = 104857600                                 {product} {command line}
   size_t MaxHeapSize                              = 1073741824                                {product} {command line}
   size_t MaxNewSize                               = 357564416                                 {product} {ergonomic}
   size_t MinHeapDeltaBytes                        = 524288                                    {product} {ergonomic}
   size_t MinHeapSize                              = 104857600                                 {product} {command line}
   size_t NewSize                                  = 34603008                                  {product} {ergonomic}
    uintx NonNMethodCodeHeapSize                   = 7602480                                {pd product} {ergonomic}
    uintx NonProfiledCodeHeapSize                  = 122027880                              {pd product} {ergonomic}
   size_t OldSize                                  = 70254592                                  {product} {ergonomic}
    uintx ProfiledCodeHeapSize                     = 122027880                              {pd product} {ergonomic}
    uintx ReservedCodeCacheSize                    = 251658240                              {pd product} {ergonomic}
     bool SegmentedCodeCache                       = true                                      {product} {ergonomic}
   size_t SoftMaxHeapSize                          = 1073741824                             {manageable} {ergonomic}
     bool UseCompressedClassPointers               = true                           {product lp64_product} {ergonomic}
     bool UseCompressedOops                        = true                           {product lp64_product} {ergonomic}
     bool UseLargePagesIndividualAllocation        = false                                  {pd product} {ergonomic}
     bool UseParallelGC                            = true                                      {product} {command line}

Logging:
Log output configuration:
 #0: stdout all=off uptime,level,tags
 #1: stderr all=off uptime,level,tags

Environment Variables:
JAVA_HOME=C:\Program Files\Microsoft\jdk-17.0.10.7-hotspot\
PATH=C:\Users\devan\AppData\Roaming\.dotnet;C:\Program Files\Microsoft\jdk-17.0.10.7-hotspot\bin;C:\Program Files\NVIDIA GPU Computing Toolkit\CUDA\v8.0\bin;C:\Program Files\NVIDIA GPU Computing Toolkit\CUDA\v8.0\libnvvp;C:\Program Files (x86)\Qualcomm\QDART\\bin;C:\Program Files (x86)\Common Files\Oracle\Java\javapath;C:\Program Files\Common Files\Oracle\Java\javapath;C:\Windows\system32;C:\Windows;C:\Windows\System32\Wbem;C:\Windows\System32\WindowsPowerShell\v1.0\;C:\Windows\System32\OpenSSH\;C:\Program Files (x86)\NVIDIA Corporation\PhysX\Common;C:\Program Files\NVIDIA Corporation\NVIDIA NvDLISR;C:\WINDOWS\system32;C:\WINDOWS;C:\WINDOWS\System32\Wbem;C:\WINDOWS\System32\WindowsPowerShell\v1.0\;C:\WINDOWS\System32\OpenSSH\;C:\Users\devan\AppData\Local\Microsoft\WindowsApps;C:\Users\devan\AppData\Local\Programs\Microsoft VS Code\bin;C:\adb;C:\Program Files\dotnet\;C:\Program Files\Java\jdk-17.0.1\bin;C:\Program Files\PuTTY\;C:\Xilinx\Vivado\2021.1\bin;C:\mingw32\bin;C:\Program Files\NVIDIA Corporation\Nsight Compute 2023.3.1\;C:\WINDOWS\system32;C:\WINDOWS;C:\WINDOWS\System32\Wbem;C:\WINDOWS\System32\WindowsPowerShell\v1.0\;C:\WINDOWS\System32\OpenSSH\;C:\Program Files\nodejs\;C:\ProgramData\chocolatey\bin;C:\Program Files\Docker\Docker\resources\bin;C:\Program Files\Microsoft SQL Server\150\Tools\Binn\;C:\Program Files\Microsoft SQL Server\Client SDK\ODBC\170\Tools\Binn\;C:\Program Files (x86)\Microsoft SQL Server\160\DTS\Binn\;C:\Program Files (x86)\Microsoft SQL Server\160\Tools\Binn\;C:\Program Files\Microsoft SQL Server\160\Tools\Binn\;C:\Program Files\Microsoft SQL Server\160\DTS\Binn\;C:\Program Files\Git\cmd;C:\Users\devan\AppData\Roaming\.dotnet;C:\Users\devan\AppData\Local\Android\Sdk\platform-tools;C:\Users\devan\AppData\Local\Android\Sdk\tools;C:\Program Files\MySQL\MySQL Shell 8.0\bin\;C:\Users\devan\AppData\Local\Programs\Python\Python310\Scripts\;C:\Users\devan\AppData\Local\Programs\Python\Python310\;%USERPROFILE%\AppData\Local\Microsoft\WindowsApps;C
USERNAME=devang
OS=Windows_NT
PROCESSOR_IDENTIFIER=AMD64 Family 23 Model 96 Stepping 1, AuthenticAMD
TMP=C:\Users\devan\AppData\Local\Temp
TEMP=C:\Users\devan\AppData\Local\Temp



Periodic native trim disabled


---------------  S Y S T E M  ---------------

OS:
 Windows 11 , 64 bit Build 22621 (10.0.22621.2506)
OS uptime: 0 days 5:49 hours
Hyper-V role detected

CPU: total 16 (initial active 16) (16 cores per cpu, 2 threads per core) family 23 model 96 stepping 1 microcode 0x0, cx8, cmov, fxsr, ht, mmx, 3dnowpref, sse, sse2, sse3, ssse3, sse4a, sse4.1, sse4.2, popcnt, lzcnt, tsc, tscinvbit, avx, avx2, aes, clmul, bmi1, bmi2, adx, sha, fma, vzeroupper, clflush, clflushopt, hv
Processor Information for all 16 processors :
  Max Mhz: 2901, Current Mhz: 2901, Mhz Limit: 2901

Memory: 4k page, system-wide physical 15790M (3660M free)
TotalPageFile size 15790M (AvailPageFile size 5M)
current process WorkingSet (physical memory assigned to process): 130M, peak: 132M
current process commit charge ("private bytes"): 253M, peak: 256M

vm_info: OpenJDK 64-Bit Server VM (17.0.10+7) for windows-amd64 JRE (17.0.10+7), built on Jan 16 2024 23:25:11 by "admin" with MS VC++ 16.10 / 16.11 (VS2019)

END.
