#
# There is insufficient memory for the Java Runtime Environment to continue.
# Native memory allocation (malloc) failed to allocate 318736 bytes for Chunk::new
# Possible reasons:
#   The system is out of physical RAM or swap space
#   The process is running with CompressedOops enabled, and the Java Heap may be blocking the growth of the native heap
# Possible solutions:
#   Reduce memory load on the system
#   Increase physical memory or swap space
#   Check if swap backing store is full
#   Decrease Java heap size (-Xmx/-Xms)
#   Decrease number of Java threads
#   Decrease Java thread stack sizes (-Xss)
#   Set larger code cache with -XX:ReservedCodeCacheSize=
#   JVM is running with Unscaled Compressed Oops mode in which the Java heap is
#     placed in the first 4GB address space. The Java Heap base address is the
#     maximum limit for the native heap growth. Please use -XX:HeapBaseMinAddress
#     to set the Java Heap base and to place the Java Heap above 4GB virtual address.
# This output file may be truncated or incomplete.
#
#  Out of Memory Error (arena.cpp:191), pid=6624, tid=13084
#
# JRE version: OpenJDK Runtime Environment Temurin-17.0.10+7 (17.0.10+7) (build 17.0.10+7)
# Java VM: OpenJDK 64-Bit Server VM Temurin-17.0.10+7 (17.0.10+7, mixed mode, tiered, compressed oops, compressed class ptrs, parallel gc, windows-amd64)
# No core dump will be written. Minidumps are not enabled by default on client versions of Windows
#

---------------  S U M M A R Y ------------

Command Line: --add-modules=ALL-SYSTEM --add-opens=java.base/java.util=ALL-UNNAMED --add-opens=java.base/java.lang=ALL-UNNAMED --add-opens=java.base/sun.nio.fs=ALL-UNNAMED -Declipse.application=org.eclipse.jdt.ls.core.id1 -Dosgi.bundles.defaultStartLevel=4 -Declipse.product=org.eclipse.jdt.ls.core.product -Djava.import.generatesMetadataFilesAtProjectRoot=false -DDetectVMInstallationsJob.disabled=true -Dfile.encoding=utf8 -XX:+UseParallelGC -XX:GCTimeRatio=4 -XX:AdaptiveSizePolicyWeight=90 -Dsun.zip.disableMemoryMapping=true -Xmx1G -Xms100m -Xlog:disable -javaagent:c:\Users\devan\.vscode\extensions\redhat.java-1.30.0-win32-x64\lombok\lombok-1.18.32.jar c:\Users\devan\.vscode\extensions\redhat.java-1.30.0-win32-x64\server\plugins\org.eclipse.equinox.launcher_1.6.800.v20240330-1250.jar -configuration c:\Users\devan\AppData\Roaming\Code\User\globalStorage\redhat.java\1.30.0\config_ss_win -data c:\Users\devan\AppData\Roaming\Code\User\workspaceStorage\4d92966fc4af52e91468190edff9a261\redhat.java\ss_ws --pipe=\\.\pipe\lsp-efc8a367105a27859f8541c6384c2a77-sock

Host: AMD Ryzen 7 4800H with Radeon Graphics         , 16 cores, 15G,  Windows 11 , 64 bit Build 22621 (10.0.22621.2506)
Time: Mon Apr 29 10:51:33 2024 India Standard Time elapsed time: 0.781358 seconds (0d 0h 0m 0s)

---------------  T H R E A D  ---------------

Current thread (0x000002ac7770fbd0):  JavaThread "C2 CompilerThread1" daemon [_thread_in_native, id=13084, stack(0x000000fde2c00000,0x000000fde2d00000)]


Current CompileTask:
C2:    781  630       4       lombok.patcher.scripts.MethodLevelPatchScript::patch (21 bytes)

Stack: [0x000000fde2c00000,0x000000fde2d00000]
Native frames: (J=compiled Java code, j=interpreted, Vv=VM code, C=native code)
V  [jvm.dll+0x67d2c9]
V  [jvm.dll+0x834afa]
V  [jvm.dll+0x8365be]
V  [jvm.dll+0x836c23]
V  [jvm.dll+0x2477ff]
V  [jvm.dll+0xac514]
V  [jvm.dll+0xacb5c]
V  [jvm.dll+0x366782]
V  [jvm.dll+0x330bfa]
V  [jvm.dll+0x33009a]
V  [jvm.dll+0x219ef1]
V  [jvm.dll+0x219311]
V  [jvm.dll+0x1a502d]
V  [jvm.dll+0x2290de]
V  [jvm.dll+0x2272ac]
V  [jvm.dll+0x7e9bb7]
V  [jvm.dll+0x7e3fba]
V  [jvm.dll+0x67c1b5]
C  [ucrtbase.dll+0x29363]
C  [KERNEL32.DLL+0x1257d]
C  [ntdll.dll+0x5aa58]


---------------  P R O C E S S  ---------------

Threads class SMR info:
_java_thread_list=0x000002ac79692da0, length=17, elements={
0x000002ac5e57f650, 0x000002ac72401270, 0x000002ac72402890, 0x000002ac7240b200,
0x000002ac7240c080, 0x000002ac7240cf00, 0x000002ac7754a000, 0x000002ac7754cc10,
0x000002ac775b5030, 0x000002ac775c9cf0, 0x000002ac77692e10, 0x000002ac776e4960,
0x000002ac7770fbd0, 0x000002ac777edeb0, 0x000002ac777ee3d0, 0x000002ac796aa3b0,
0x000002ac79a1e440
}

Java Threads: ( => current thread )
  0x000002ac5e57f650 JavaThread "main" [_thread_in_Java, id=11824, stack(0x000000fde1e00000,0x000000fde1f00000)]
  0x000002ac72401270 JavaThread "Reference Handler" daemon [_thread_blocked, id=20420, stack(0x000000fde2100000,0x000000fde2200000)]
  0x000002ac72402890 JavaThread "Finalizer" daemon [_thread_blocked, id=3504, stack(0x000000fde2200000,0x000000fde2300000)]
  0x000002ac7240b200 JavaThread "Signal Dispatcher" daemon [_thread_blocked, id=19868, stack(0x000000fde2300000,0x000000fde2400000)]
  0x000002ac7240c080 JavaThread "Attach Listener" daemon [_thread_blocked, id=22428, stack(0x000000fde2400000,0x000000fde2500000)]
  0x000002ac7240cf00 JavaThread "Service Thread" daemon [_thread_blocked, id=19812, stack(0x000000fde2500000,0x000000fde2600000)]
  0x000002ac7754a000 JavaThread "Monitor Deflation Thread" daemon [_thread_blocked, id=11324, stack(0x000000fde2600000,0x000000fde2700000)]
  0x000002ac7754cc10 JavaThread "C2 CompilerThread0" daemon [_thread_in_native, id=7368, stack(0x000000fde2700000,0x000000fde2800000)]
  0x000002ac775b5030 JavaThread "C1 CompilerThread0" daemon [_thread_blocked, id=3684, stack(0x000000fde2800000,0x000000fde2900000)]
  0x000002ac775c9cf0 JavaThread "Sweeper thread" daemon [_thread_blocked, id=4016, stack(0x000000fde2900000,0x000000fde2a00000)]
  0x000002ac77692e10 JavaThread "Common-Cleaner" daemon [_thread_blocked, id=3308, stack(0x000000fde2a00000,0x000000fde2b00000)]
  0x000002ac776e4960 JavaThread "C1 CompilerThread1" daemon [_thread_blocked, id=14548, stack(0x000000fde2b00000,0x000000fde2c00000)]
=>0x000002ac7770fbd0 JavaThread "C2 CompilerThread1" daemon [_thread_in_native, id=13084, stack(0x000000fde2c00000,0x000000fde2d00000)]
  0x000002ac777edeb0 JavaThread "C1 CompilerThread2" daemon [_thread_blocked, id=17136, stack(0x000000fde2d00000,0x000000fde2e00000)]
  0x000002ac777ee3d0 JavaThread "C1 CompilerThread3" daemon [_thread_blocked, id=10632, stack(0x000000fde2e00000,0x000000fde2f00000)]
  0x000002ac796aa3b0 JavaThread "Notification Thread" daemon [_thread_blocked, id=20276, stack(0x000000fde2f00000,0x000000fde3000000)]
  0x000002ac79a1e440 JavaThread "C2 CompilerThread2" daemon [_thread_in_native, id=17844, stack(0x000000fde3100000,0x000000fde3200000)]

Other Threads:
  0x000002ac5e60a670 VMThread "VM Thread" [stack: 0x000000fde2000000,0x000000fde2100000] [id=7660]
  0x000002ac796add00 WatcherThread [stack: 0x000000fde3000000,0x000000fde3100000] [id=11812]
  0x000002ac5e597240 GCTaskThread "GC Thread#0" [stack: 0x000000fde1f00000,0x000000fde2000000] [id=16260]

Threads with active compile tasks:
C2 CompilerThread0      796  631       4       lombok.patcher.PatchScript::classMatches (41 bytes)
C2 CompilerThread1      796  630       4       lombok.patcher.scripts.MethodLevelPatchScript::patch (21 bytes)
C2 CompilerThread2      796  682       4       java.util.zip.ZipCoder$UTF8ZipCoder::checkedHash (91 bytes)

VM state: not at safepoint (normal execution)

VM Mutex/Monitor currently owned by a thread: None

Heap address: 0x00000000c0000000, size: 1024 MB, Compressed Oops mode: 32-bit

CDS archive(s) not mapped
Compressed class space mapped at: 0x0000000100000000-0x0000000140000000, reserved size: 1073741824
Narrow klass base: 0x0000000000000000, Narrow klass shift: 3, Narrow klass range: 0x140000000

GC Precious Log:
 CPUs: 16 total, 16 available
 Memory: 15790M
 Large Page Support: Disabled
 NUMA Support: Disabled
 Compressed Oops: Enabled (32-bit)
 Alignments: Space 512K, Generation 512K, Heap 2M
 Heap Min Capacity: 100M
 Heap Initial Capacity: 100M
 Heap Max Capacity: 1G
 Pre-touch: Disabled
 Parallel Workers: 13

Heap:
 PSYoungGen      total 29696K, used 16153K [0x00000000eab00000, 0x00000000ecc00000, 0x0000000100000000)
  eden space 25600K, 63% used [0x00000000eab00000,0x00000000ebac67e0,0x00000000ec400000)
  from space 4096K, 0% used [0x00000000ec800000,0x00000000ec800000,0x00000000ecc00000)
  to   space 4096K, 0% used [0x00000000ec400000,0x00000000ec400000,0x00000000ec800000)
 ParOldGen       total 68608K, used 0K [0x00000000c0000000, 0x00000000c4300000, 0x00000000eab00000)
  object space 68608K, 0% used [0x00000000c0000000,0x00000000c0000000,0x00000000c4300000)
 Metaspace       used 9168K, committed 9280K, reserved 1114112K
  class space    used 905K, committed 960K, reserved 1048576K

Card table byte_map: [0x000002ac5df40000,0x000002ac5e150000] _byte_map_base: 0x000002ac5d940000

Marking Bits: (ParMarkBitMap*) 0x00007ffb38afd7d0
 Begin Bits: [0x000002ac70210000, 0x000002ac71210000)
 End Bits:   [0x000002ac71210000, 0x000002ac72210000)

Polling page: 0x000002ac5dd30000

Metaspace:

Usage:
  Non-class:      8.07 MB used.
      Class:    905.40 KB used.
       Both:      8.95 MB used.

Virtual space:
  Non-class space:       64.00 MB reserved,       8.12 MB ( 13%) committed,  1 nodes.
      Class space:        1.00 GB reserved,     960.00 KB ( <1%) committed,  1 nodes.
             Both:        1.06 GB reserved,       9.06 MB ( <1%) committed. 

Chunk freelists:
   Non-Class:  6.94 MB
       Class:  15.08 MB
        Both:  22.02 MB

MaxMetaspaceSize: unlimited
CompressedClassSpaceSize: 1.00 GB
Initial GC threshold: 21.00 MB
Current GC threshold: 21.00 MB
CDS: off
MetaspaceReclaimPolicy: balanced
 - commit_granule_bytes: 65536.
 - commit_granule_words: 8192.
 - virtual_space_node_default_size: 8388608.
 - enlarge_chunks_in_place: 1.
 - new_chunks_are_fully_committed: 0.
 - uncommit_free_chunks: 1.
 - use_allocation_guard: 0.
 - handle_deallocations: 1.


Internal statistics:

num_allocs_failed_limit: 0.
num_arena_births: 10.
num_arena_deaths: 0.
num_vsnodes_births: 2.
num_vsnodes_deaths: 0.
num_space_committed: 145.
num_space_uncommitted: 0.
num_chunks_returned_to_freelist: 0.
num_chunks_taken_from_freelist: 45.
num_chunk_merges: 0.
num_chunk_splits: 26.
num_chunks_enlarged: 25.
num_inconsistent_stats: 0.

CodeHeap 'non-profiled nmethods': size=119168Kb used=246Kb max_used=246Kb free=118921Kb
 bounds [0x000002ac68db0000, 0x000002ac69020000, 0x000002ac70210000]
CodeHeap 'profiled nmethods': size=119104Kb used=1072Kb max_used=1072Kb free=118031Kb
 bounds [0x000002ac61210000, 0x000002ac61480000, 0x000002ac68660000]
CodeHeap 'non-nmethods': size=7488Kb used=2823Kb max_used=2840Kb free=4664Kb
 bounds [0x000002ac68660000, 0x000002ac68930000, 0x000002ac68db0000]
 total_blobs=1103 nmethods=678 adapters=337
 compilation: enabled
              stopped_count=0, restarted_count=0
 full_count=0

Compilation events (20 events):
Event: 0.772 Thread 0x000002ac776e4960  676       3       java.util.StringTokenizer::<init> (52 bytes)
Event: 0.773 Thread 0x000002ac777edeb0 nmethod 664 0x000002ac61311f90 code [0x000002ac61312300, 0x000002ac61313918]
Event: 0.773 Thread 0x000002ac777edeb0  678       3       java.io.WinNTFileSystem::normalize (143 bytes)
Event: 0.773 Thread 0x000002ac775b5030 nmethod 673 0x000002ac61314110 code [0x000002ac61314320, 0x000002ac613149d8]
Event: 0.773 Thread 0x000002ac775b5030  674       3       java.util.Hashtable::addEntry (87 bytes)
Event: 0.773 Thread 0x000002ac776e4960 nmethod 676 0x000002ac61314c10 code [0x000002ac61314dc0, 0x000002ac613150a8]
Event: 0.773 Thread 0x000002ac776e4960  675       3       java.util.Hashtable$Entry::<init> (26 bytes)
Event: 0.774 Thread 0x000002ac776e4960 nmethod 675 0x000002ac61315210 code [0x000002ac613153a0, 0x000002ac61315558]
Event: 0.774 Thread 0x000002ac775b5030 nmethod 674 0x000002ac61315610 code [0x000002ac613157e0, 0x000002ac61315df8]
Event: 0.774 Thread 0x000002ac776e4960  672       3       java.util.Locale::getDefault (4 bytes)
Event: 0.774 Thread 0x000002ac777ee3d0 nmethod 677 0x000002ac61316090 code [0x000002ac61316300, 0x000002ac61316ff8]
Event: 0.774 Thread 0x000002ac776e4960 nmethod 672 0x000002ac61317510 code [0x000002ac613176a0, 0x000002ac61317798]
Event: 0.774 Thread 0x000002ac777edeb0 nmethod 678 0x000002ac61317810 code [0x000002ac61317aa0, 0x000002ac61318678]
Event: 0.777 Thread 0x000002ac79a1e440 nmethod 632 0x000002ac68deb790 code [0x000002ac68deb960, 0x000002ac68debf98]
Event: 0.777 Thread 0x000002ac79a1e440  646 %     4       sun.security.provider.SHA2::implCompress0 @ 27 (490 bytes)
Event: 0.778 Thread 0x000002ac777ee3d0  680       3       java.lang.AbstractStringBuilder::<init> (63 bytes)
Event: 0.778 Thread 0x000002ac777edeb0  679       3       java.lang.StringBuilder::<init> (6 bytes)
Event: 0.778 Thread 0x000002ac776e4960  681       3       java.lang.StringBuilder::append (6 bytes)
Event: 0.778 Thread 0x000002ac777edeb0 nmethod 679 0x000002ac61318b10 code [0x000002ac61318ca0, 0x000002ac61318de8]
Event: 0.778 Thread 0x000002ac776e4960 nmethod 681 0x000002ac61318e90 code [0x000002ac61319040, 0x000002ac613191e8]

GC Heap History (0 events):
No events

Dll operation events (8 events):
Event: 0.013 Loaded shared library c:\Users\devan\.vscode\extensions\redhat.java-1.30.0-win32-x64\jre\17.0.10-win32-x86_64\bin\java.dll
Event: 0.214 Loaded shared library c:\Users\devan\.vscode\extensions\redhat.java-1.30.0-win32-x64\jre\17.0.10-win32-x86_64\bin\zip.dll
Event: 0.219 Loaded shared library C:\Users\devan\.vscode\extensions\redhat.java-1.30.0-win32-x64\jre\17.0.10-win32-x86_64\bin\instrument.dll
Event: 0.242 Loaded shared library C:\Users\devan\.vscode\extensions\redhat.java-1.30.0-win32-x64\jre\17.0.10-win32-x86_64\bin\net.dll
Event: 0.244 Loaded shared library C:\Users\devan\.vscode\extensions\redhat.java-1.30.0-win32-x64\jre\17.0.10-win32-x86_64\bin\nio.dll
Event: 0.254 Loaded shared library C:\Users\devan\.vscode\extensions\redhat.java-1.30.0-win32-x64\jre\17.0.10-win32-x86_64\bin\zip.dll
Event: 0.276 Loaded shared library C:\Users\devan\.vscode\extensions\redhat.java-1.30.0-win32-x64\jre\17.0.10-win32-x86_64\bin\jimage.dll
Event: 0.357 Loaded shared library c:\Users\devan\.vscode\extensions\redhat.java-1.30.0-win32-x64\jre\17.0.10-win32-x86_64\bin\verify.dll

Deoptimization events (20 events):
Event: 0.591 Thread 0x000002ac5e57f650 Uncommon trap: trap_request=0xffffff45 fr.pc=0x000002ac68dc5e40 relative=0x00000000000000c0
Event: 0.591 Thread 0x000002ac5e57f650 Uncommon trap: reason=unstable_if action=reinterpret pc=0x000002ac68dc5e40 method=java.net.URI.match(CJJ)Z @ 45 c2
Event: 0.591 Thread 0x000002ac5e57f650 DEOPT PACKING pc=0x000002ac68dc5e40 sp=0x000000fde1efcbf0
Event: 0.591 Thread 0x000002ac5e57f650 DEOPT UNPACKING pc=0x000002ac686b66a3 sp=0x000000fde1efcb78 mode 2
Event: 0.607 Thread 0x000002ac5e57f650 Uncommon trap: trap_request=0xffffff45 fr.pc=0x000002ac68dd8e24 relative=0x00000000000005a4
Event: 0.607 Thread 0x000002ac5e57f650 Uncommon trap: reason=unstable_if action=reinterpret pc=0x000002ac68dd8e24 method=java.lang.String.replace(Ljava/lang/CharSequence;Ljava/lang/CharSequence;)Ljava/lang/String; @ 48 c2
Event: 0.607 Thread 0x000002ac5e57f650 DEOPT PACKING pc=0x000002ac68dd8e24 sp=0x000000fde1efcb70
Event: 0.607 Thread 0x000002ac5e57f650 DEOPT UNPACKING pc=0x000002ac686b66a3 sp=0x000000fde1efcae0 mode 2
Event: 0.680 Thread 0x000002ac5e57f650 Uncommon trap: trap_request=0xffffff45 fr.pc=0x000002ac68dc5a64 relative=0x00000000000002e4
Event: 0.680 Thread 0x000002ac5e57f650 Uncommon trap: reason=unstable_if action=reinterpret pc=0x000002ac68dc5a64 method=java.lang.StringUTF16.compress([CI[BII)I @ 20 c2
Event: 0.680 Thread 0x000002ac5e57f650 DEOPT PACKING pc=0x000002ac68dc5a64 sp=0x000000fde1efbcd0
Event: 0.680 Thread 0x000002ac5e57f650 DEOPT UNPACKING pc=0x000002ac686b66a3 sp=0x000000fde1efbc50 mode 2
Event: 0.720 Thread 0x000002ac5e57f650 Uncommon trap: trap_request=0xffffff6e fr.pc=0x000002ac68de63e4 relative=0x00000000000001e4
Event: 0.720 Thread 0x000002ac5e57f650 Uncommon trap: reason=loop_limit_check action=maybe_recompile pc=0x000002ac68de63e4 method=java.math.BigInteger.implMulAdd([I[IIII)I @ 26 c2
Event: 0.720 Thread 0x000002ac5e57f650 DEOPT PACKING pc=0x000002ac68de63e4 sp=0x000000fde1efda70
Event: 0.720 Thread 0x000002ac5e57f650 DEOPT UNPACKING pc=0x000002ac686b66a3 sp=0x000000fde1efd9c0 mode 2
Event: 0.770 Thread 0x000002ac5e57f650 Uncommon trap: trap_request=0xffffff45 fr.pc=0x000002ac68dd45a8 relative=0x0000000000000568
Event: 0.770 Thread 0x000002ac5e57f650 Uncommon trap: reason=unstable_if action=reinterpret pc=0x000002ac68dd45a8 method=java.lang.AbstractStringBuilder.append(Ljava/lang/String;)Ljava/lang/AbstractStringBuilder; @ 1 c2
Event: 0.770 Thread 0x000002ac5e57f650 DEOPT PACKING pc=0x000002ac68dd45a8 sp=0x000000fde1efdf90
Event: 0.770 Thread 0x000002ac5e57f650 DEOPT UNPACKING pc=0x000002ac686b66a3 sp=0x000000fde1efdf10 mode 2

Classes unloaded (0 events):
No events

Classes redefined (0 events):
No events

Internal exceptions (9 events):
Event: 0.183 Thread 0x000002ac5e57f650 Exception <a 'java/lang/NoSuchMethodError'{0x00000000eacb6428}: 'void java.lang.invoke.DirectMethodHandle$Holder.invokeStatic(java.lang.Object, java.lang.Object, java.lang.Object)'> (0x00000000eacb6428) 
thrown [s\src\hotspot\share\interpreter\linkResolver.cpp, line 759]
Event: 0.399 Thread 0x000002ac5e57f650 Exception <a 'java/lang/reflect/InvocationTargetException'{0x00000000eb0e9018}> (0x00000000eb0e9018) 
thrown [s\src\hotspot\share\runtime\reflection.cpp, line 1121]
Event: 0.759 Thread 0x000002ac5e57f650 Exception <a 'java/lang/ClassNotFoundException'{0x00000000eb9df178}: sun/net/www/protocol/c/Handler> (0x00000000eb9df178) 
thrown [s\src\hotspot\share\classfile\systemDictionary.cpp, line 256]
Event: 0.763 Thread 0x000002ac5e57f650 Exception <a 'java/io/FileNotFoundException'{0x00000000eb9f6d58}> (0x00000000eb9f6d58) 
thrown [s\src\hotspot\share\prims\jni.cpp, line 516]
Event: 0.763 Thread 0x000002ac5e57f650 Exception <a 'java/io/FileNotFoundException'{0x00000000eb9f7a68}> (0x00000000eb9f7a68) 
thrown [s\src\hotspot\share\prims\jni.cpp, line 516]
Event: 0.764 Thread 0x000002ac5e57f650 Exception <a 'java/io/FileNotFoundException'{0x00000000eb9f8758}> (0x00000000eb9f8758) 
thrown [s\src\hotspot\share\prims\jni.cpp, line 516]
Event: 0.764 Thread 0x000002ac5e57f650 Exception <a 'java/io/FileNotFoundException'{0x00000000eb9f9418}> (0x00000000eb9f9418) 
thrown [s\src\hotspot\share\prims\jni.cpp, line 516]
Event: 0.770 Thread 0x000002ac5e57f650 Implicit null exception at 0x000002ac68dd4072 to 0x000002ac68dd4590
Event: 0.773 Thread 0x000002ac5e57f650 Exception <a 'java/io/FileNotFoundException'{0x00000000eba33cf8}> (0x00000000eba33cf8) 
thrown [s\src\hotspot\share\prims\jni.cpp, line 516]

VM Operations (8 events):
Event: 0.190 Executing VM operation: HandshakeAllThreads
Event: 0.190 Executing VM operation: HandshakeAllThreads done
Event: 0.293 Executing VM operation: HandshakeAllThreads
Event: 0.293 Executing VM operation: HandshakeAllThreads done
Event: 0.731 Executing VM operation: HandshakeAllThreads
Event: 0.732 Executing VM operation: HandshakeAllThreads done
Event: 0.751 Executing VM operation: HandshakeAllThreads
Event: 0.752 Executing VM operation: HandshakeAllThreads done

Events (20 events):
Event: 0.764 loading class java/net/FileNameMap done
Event: 0.764 loading class java/net/URLConnection$1 done
Event: 0.764 loading class sun/net/www/MimeTable
Event: 0.765 loading class sun/net/www/MimeTable done
Event: 0.765 loading class sun/net/www/MimeTable$1
Event: 0.765 loading class sun/net/www/MimeTable$1 done
Event: 0.765 loading class sun/net/www/MimeTable$DefaultInstanceHolder
Event: 0.765 loading class sun/net/www/MimeTable$DefaultInstanceHolder done
Event: 0.765 loading class sun/net/www/MimeTable$DefaultInstanceHolder$1
Event: 0.765 loading class sun/net/www/MimeTable$DefaultInstanceHolder$1 done
Event: 0.768 loading class java/util/Properties$EntrySet
Event: 0.768 loading class java/util/Properties$EntrySet done
Event: 0.768 loading class java/util/Collections$SynchronizedSet
Event: 0.768 loading class java/util/Collections$SynchronizedCollection
Event: 0.768 loading class java/util/Collections$SynchronizedCollection done
Event: 0.768 loading class java/util/Collections$SynchronizedSet done
Event: 0.769 loading class java/util/Hashtable$Enumerator
Event: 0.769 loading class java/util/Hashtable$Enumerator done
Event: 0.769 loading class sun/net/www/MimeEntry
Event: 0.769 loading class sun/net/www/MimeEntry done


Dynamic libraries:
0x00007ff65c8e0000 - 0x00007ff65c8ee000 	c:\Users\devan\.vscode\extensions\redhat.java-1.30.0-win32-x64\jre\17.0.10-win32-x86_64\bin\java.exe
0x00007ffbb2af0000 - 0x00007ffbb2d07000 	C:\WINDOWS\SYSTEM32\ntdll.dll
0x00007ffbb1c60000 - 0x00007ffbb1d24000 	C:\WINDOWS\System32\KERNEL32.DLL
0x00007ffbb00c0000 - 0x00007ffbb0466000 	C:\WINDOWS\System32\KERNELBASE.dll
0x00007ffbb0670000 - 0x00007ffbb0781000 	C:\WINDOWS\System32\ucrtbase.dll
0x00007ffb85370000 - 0x00007ffb8538b000 	c:\Users\devan\.vscode\extensions\redhat.java-1.30.0-win32-x64\jre\17.0.10-win32-x86_64\bin\VCRUNTIME140.dll
0x00007ffb80b50000 - 0x00007ffb80b67000 	c:\Users\devan\.vscode\extensions\redhat.java-1.30.0-win32-x64\jre\17.0.10-win32-x86_64\bin\jli.dll
0x00007ffbb1d30000 - 0x00007ffbb1ede000 	C:\WINDOWS\System32\USER32.dll
0x00007ffbb0810000 - 0x00007ffbb0836000 	C:\WINDOWS\System32\win32u.dll
0x00007ffba7c10000 - 0x00007ffba7ea3000 	C:\WINDOWS\WinSxS\amd64_microsoft.windows.common-controls_6595b64144ccf1df_6.0.22621.2506_none_270c5ae97388e100\COMCTL32.dll
0x00007ffbb15c0000 - 0x00007ffbb15e9000 	C:\WINDOWS\System32\GDI32.dll
0x00007ffbb12a0000 - 0x00007ffbb1347000 	C:\WINDOWS\System32\msvcrt.dll
0x00007ffbafe30000 - 0x00007ffbaff48000 	C:\WINDOWS\System32\gdi32full.dll
0x00007ffbb0470000 - 0x00007ffbb050a000 	C:\WINDOWS\System32\msvcp_win.dll
0x00007ffbb11b0000 - 0x00007ffbb11e1000 	C:\WINDOWS\System32\IMM32.DLL
0x00007ffba2d70000 - 0x00007ffba2d7c000 	c:\Users\devan\.vscode\extensions\redhat.java-1.30.0-win32-x64\jre\17.0.10-win32-x86_64\bin\vcruntime140_1.dll
0x00007ffb72820000 - 0x00007ffb728ad000 	c:\Users\devan\.vscode\extensions\redhat.java-1.30.0-win32-x64\jre\17.0.10-win32-x86_64\bin\msvcp140.dll
0x00007ffb37f60000 - 0x00007ffb38bc2000 	c:\Users\devan\.vscode\extensions\redhat.java-1.30.0-win32-x64\jre\17.0.10-win32-x86_64\bin\server\jvm.dll
0x00007ffbb0c00000 - 0x00007ffbb0cb3000 	C:\WINDOWS\System32\ADVAPI32.dll
0x00007ffbb11f0000 - 0x00007ffbb1298000 	C:\WINDOWS\System32\sechost.dll
0x00007ffbb0640000 - 0x00007ffbb0668000 	C:\WINDOWS\System32\bcrypt.dll
0x00007ffbb2930000 - 0x00007ffbb2a47000 	C:\WINDOWS\System32\RPCRT4.dll
0x00007ffbafb50000 - 0x00007ffbafb9d000 	C:\WINDOWS\SYSTEM32\POWRPROF.dll
0x00007ffb8d360000 - 0x00007ffb8d369000 	C:\WINDOWS\SYSTEM32\WSOCK32.dll
0x00007ffba88f0000 - 0x00007ffba8924000 	C:\WINDOWS\SYSTEM32\WINMM.dll
0x00007ffba7930000 - 0x00007ffba793a000 	C:\WINDOWS\SYSTEM32\VERSION.dll
0x00007ffbb0da0000 - 0x00007ffbb0e11000 	C:\WINDOWS\System32\WS2_32.dll
0x00007ffbafa60000 - 0x00007ffbafa73000 	C:\WINDOWS\SYSTEM32\UMPDC.dll
0x00007ffbaee60000 - 0x00007ffbaee78000 	C:\WINDOWS\SYSTEM32\kernel.appcore.dll
0x00007ffba2c70000 - 0x00007ffba2c7a000 	c:\Users\devan\.vscode\extensions\redhat.java-1.30.0-win32-x64\jre\17.0.10-win32-x86_64\bin\jimage.dll
0x00007ffba6bd0000 - 0x00007ffba6e03000 	C:\WINDOWS\SYSTEM32\DBGHELP.DLL
0x00007ffbb0e20000 - 0x00007ffbb11a9000 	C:\WINDOWS\System32\combase.dll
0x00007ffbb0840000 - 0x00007ffbb0917000 	C:\WINDOWS\System32\OLEAUT32.dll
0x00007ffba4650000 - 0x00007ffba4682000 	C:\WINDOWS\SYSTEM32\dbgcore.DLL
0x00007ffbb0790000 - 0x00007ffbb080a000 	C:\WINDOWS\System32\bcryptPrimitives.dll
0x00007ffb9c9f0000 - 0x00007ffb9c9fe000 	c:\Users\devan\.vscode\extensions\redhat.java-1.30.0-win32-x64\jre\17.0.10-win32-x86_64\bin\instrument.dll
0x00007ffb7ff20000 - 0x00007ffb7ff45000 	c:\Users\devan\.vscode\extensions\redhat.java-1.30.0-win32-x64\jre\17.0.10-win32-x86_64\bin\java.dll
0x00007ffb805f0000 - 0x00007ffb80608000 	c:\Users\devan\.vscode\extensions\redhat.java-1.30.0-win32-x64\jre\17.0.10-win32-x86_64\bin\zip.dll
0x00007ffbb1fb0000 - 0x00007ffbb280a000 	C:\WINDOWS\System32\SHELL32.dll
0x00007ffbadd30000 - 0x00007ffbae626000 	C:\WINDOWS\SYSTEM32\windows.storage.dll
0x00007ffbadbf0000 - 0x00007ffbadd2e000 	C:\WINDOWS\SYSTEM32\wintypes.dll
0x00007ffbb14c0000 - 0x00007ffbb15b3000 	C:\WINDOWS\System32\SHCORE.dll
0x00007ffbb0cc0000 - 0x00007ffbb0d1e000 	C:\WINDOWS\System32\shlwapi.dll
0x00007ffbafd60000 - 0x00007ffbafd86000 	C:\WINDOWS\SYSTEM32\profapi.dll
0x00007ffb7f9e0000 - 0x00007ffb7f9f9000 	C:\Users\devan\.vscode\extensions\redhat.java-1.30.0-win32-x64\jre\17.0.10-win32-x86_64\bin\net.dll
0x00007ffba9d60000 - 0x00007ffba9e97000 	C:\WINDOWS\SYSTEM32\WINHTTP.dll
0x00007ffbaf2e0000 - 0x00007ffbaf349000 	C:\WINDOWS\system32\mswsock.dll
0x00007ffb7ee20000 - 0x00007ffb7ee36000 	C:\Users\devan\.vscode\extensions\redhat.java-1.30.0-win32-x64\jre\17.0.10-win32-x86_64\bin\nio.dll
0x00007ffb8fec0000 - 0x00007ffb8fed0000 	c:\Users\devan\.vscode\extensions\redhat.java-1.30.0-win32-x64\jre\17.0.10-win32-x86_64\bin\verify.dll

dbghelp: loaded successfully - version: 4.0.5 - missing functions: none
symbol engine: initialized successfully - sym options: 0x614 - pdb path: .;c:\Users\devan\.vscode\extensions\redhat.java-1.30.0-win32-x64\jre\17.0.10-win32-x86_64\bin;C:\WINDOWS\SYSTEM32;C:\WINDOWS\WinSxS\amd64_microsoft.windows.common-controls_6595b64144ccf1df_6.0.22621.2506_none_270c5ae97388e100;c:\Users\devan\.vscode\extensions\redhat.java-1.30.0-win32-x64\jre\17.0.10-win32-x86_64\bin\server

VM Arguments:
jvm_args: --add-modules=ALL-SYSTEM --add-opens=java.base/java.util=ALL-UNNAMED --add-opens=java.base/java.lang=ALL-UNNAMED --add-opens=java.base/sun.nio.fs=ALL-UNNAMED -Declipse.application=org.eclipse.jdt.ls.core.id1 -Dosgi.bundles.defaultStartLevel=4 -Declipse.product=org.eclipse.jdt.ls.core.product -Djava.import.generatesMetadataFilesAtProjectRoot=false -DDetectVMInstallationsJob.disabled=true -Dfile.encoding=utf8 -XX:+UseParallelGC -XX:GCTimeRatio=4 -XX:AdaptiveSizePolicyWeight=90 -Dsun.zip.disableMemoryMapping=true -Xmx1G -Xms100m -Xlog:disable -javaagent:c:\Users\devan\.vscode\extensions\redhat.java-1.30.0-win32-x64\lombok\lombok-1.18.32.jar 
java_command: c:\Users\devan\.vscode\extensions\redhat.java-1.30.0-win32-x64\server\plugins\org.eclipse.equinox.launcher_1.6.800.v20240330-1250.jar -configuration c:\Users\devan\AppData\Roaming\Code\User\globalStorage\redhat.java\1.30.0\config_ss_win -data c:\Users\devan\AppData\Roaming\Code\User\workspaceStorage\4d92966fc4af52e91468190edff9a261\redhat.java\ss_ws --pipe=\\.\pipe\lsp-efc8a367105a27859f8541c6384c2a77-sock
java_class_path (initial): c:\Users\devan\.vscode\extensions\redhat.java-1.30.0-win32-x64\server\plugins\org.eclipse.equinox.launcher_1.6.800.v20240330-1250.jar
Launcher Type: SUN_STANDARD

[Global flags]
    uintx AdaptiveSizePolicyWeight                 = 90                                        {product} {command line}
     intx CICompilerCount                          = 12                                        {product} {ergonomic}
    uintx GCTimeRatio                              = 4                                         {product} {command line}
   size_t InitialHeapSize                          = 104857600                                 {product} {command line}
   size_t MaxHeapSize                              = 1073741824                                {product} {command line}
   size_t MaxNewSize                               = 357564416                                 {product} {ergonomic}
   size_t MinHeapDeltaBytes                        = 524288                                    {product} {ergonomic}
   size_t MinHeapSize                              = 104857600                                 {product} {command line}
   size_t NewSize                                  = 34603008                                  {product} {ergonomic}
    uintx NonNMethodCodeHeapSize                   = 7602480                                {pd product} {ergonomic}
    uintx NonProfiledCodeHeapSize                  = 122027880                              {pd product} {ergonomic}
   size_t OldSize                                  = 70254592                                  {product} {ergonomic}
    uintx ProfiledCodeHeapSize                     = 122027880                              {pd product} {ergonomic}
    uintx ReservedCodeCacheSize                    = 251658240                              {pd product} {ergonomic}
     bool SegmentedCodeCache                       = true                                      {product} {ergonomic}
   size_t SoftMaxHeapSize                          = 1073741824                             {manageable} {ergonomic}
     bool UseCompressedClassPointers               = true                           {product lp64_product} {ergonomic}
     bool UseCompressedOops                        = true                           {product lp64_product} {ergonomic}
     bool UseLargePagesIndividualAllocation        = false                                  {pd product} {ergonomic}
     bool UseParallelGC                            = true                                      {product} {command line}

Logging:
Log output configuration:
 #0: stdout all=off uptime,level,tags
 #1: stderr all=off uptime,level,tags

Environment Variables:
JAVA_HOME=C:\Program Files\Microsoft\jdk-17.0.10.7-hotspot\
PATH=C:\Users\devan\AppData\Roaming\.dotnet;C:\Program Files\Microsoft\jdk-17.0.10.7-hotspot\bin;C:\Program Files\NVIDIA GPU Computing Toolkit\CUDA\v8.0\bin;C:\Program Files\NVIDIA GPU Computing Toolkit\CUDA\v8.0\libnvvp;C:\Program Files (x86)\Qualcomm\QDART\\bin;C:\Program Files (x86)\Common Files\Oracle\Java\javapath;C:\Program Files\Common Files\Oracle\Java\javapath;C:\Windows\system32;C:\Windows;C:\Windows\System32\Wbem;C:\Windows\System32\WindowsPowerShell\v1.0\;C:\Windows\System32\OpenSSH\;C:\Program Files (x86)\NVIDIA Corporation\PhysX\Common;C:\Program Files\NVIDIA Corporation\NVIDIA NvDLISR;C:\WINDOWS\system32;C:\WINDOWS;C:\WINDOWS\System32\Wbem;C:\WINDOWS\System32\WindowsPowerShell\v1.0\;C:\WINDOWS\System32\OpenSSH\;C:\Users\devan\AppData\Local\Microsoft\WindowsApps;C:\Users\devan\AppData\Local\Programs\Microsoft VS Code\bin;C:\adb;C:\Program Files\dotnet\;C:\Program Files\Java\jdk-17.0.1\bin;C:\Program Files\PuTTY\;C:\Xilinx\Vivado\2021.1\bin;C:\mingw32\bin;C:\Program Files\NVIDIA Corporation\Nsight Compute 2023.3.1\;C:\WINDOWS\system32;C:\WINDOWS;C:\WINDOWS\System32\Wbem;C:\WINDOWS\System32\WindowsPowerShell\v1.0\;C:\WINDOWS\System32\OpenSSH\;C:\Program Files\nodejs\;C:\ProgramData\chocolatey\bin;C:\Program Files\Docker\Docker\resources\bin;C:\Program Files\Microsoft SQL Server\150\Tools\Binn\;C:\Program Files\Microsoft SQL Server\Client SDK\ODBC\170\Tools\Binn\;C:\Program Files (x86)\Microsoft SQL Server\160\DTS\Binn\;C:\Program Files (x86)\Microsoft SQL Server\160\Tools\Binn\;C:\Program Files\Microsoft SQL Server\160\Tools\Binn\;C:\Program Files\Microsoft SQL Server\160\DTS\Binn\;C:\Program Files\Git\cmd;C:\Users\devan\AppData\Roaming\.dotnet;C:\Users\devan\AppData\Local\Android\Sdk\platform-tools;C:\Users\devan\AppData\Local\Android\Sdk\tools;C:\Program Files\MySQL\MySQL Shell 8.0\bin\;C:\Users\devan\AppData\Local\Programs\Python\Python310\Scripts\;C:\Users\devan\AppData\Local\Programs\Python\Python310\;%USERPROFILE%\AppData\Local\Microsoft\WindowsApps;C
USERNAME=devang
OS=Windows_NT
PROCESSOR_IDENTIFIER=AMD64 Family 23 Model 96 Stepping 1, AuthenticAMD
TMP=C:\Users\devan\AppData\Local\Temp
TEMP=C:\Users\devan\AppData\Local\Temp



Periodic native trim disabled


---------------  S Y S T E M  ---------------

OS:
 Windows 11 , 64 bit Build 22621 (10.0.22621.2506)
OS uptime: 0 days 6:05 hours
Hyper-V role detected

CPU: total 16 (initial active 16) (16 cores per cpu, 2 threads per core) family 23 model 96 stepping 1 microcode 0x0, cx8, cmov, fxsr, ht, mmx, 3dnowpref, sse, sse2, sse3, ssse3, sse4a, sse4.1, sse4.2, popcnt, lzcnt, tsc, tscinvbit, avx, avx2, aes, clmul, bmi1, bmi2, adx, sha, fma, vzeroupper, clflush, clflushopt, hv
Processor Information for all 16 processors :
  Max Mhz: 2901, Current Mhz: 2901, Mhz Limit: 2901

Memory: 4k page, system-wide physical 15790M (3827M free)
TotalPageFile size 15790M (AvailPageFile size 3M)
current process WorkingSet (physical memory assigned to process): 61M, peak: 61M
current process commit charge ("private bytes"): 215M, peak: 215M

vm_info: OpenJDK 64-Bit Server VM (17.0.10+7) for windows-amd64 JRE (17.0.10+7), built on Jan 16 2024 23:25:11 by "admin" with MS VC++ 16.10 / 16.11 (VS2019)

END.
