#
# There is insufficient memory for the Java Runtime Environment to continue.
# Native memory allocation (malloc) failed to allocate 1554096 bytes for Chunk::new
# Possible reasons:
#   The system is out of physical RAM or swap space
#   The process is running with CompressedOops enabled, and the Java Heap may be blocking the growth of the native heap
# Possible solutions:
#   Reduce memory load on the system
#   Increase physical memory or swap space
#   Check if swap backing store is full
#   Decrease Java heap size (-Xmx/-Xms)
#   Decrease number of Java threads
#   Decrease Java thread stack sizes (-Xss)
#   Set larger code cache with -XX:ReservedCodeCacheSize=
#   JVM is running with Unscaled Compressed Oops mode in which the Java heap is
#     placed in the first 4GB address space. The Java Heap base address is the
#     maximum limit for the native heap growth. Please use -XX:HeapBaseMinAddress
#     to set the Java Heap base and to place the Java Heap above 4GB virtual address.
# This output file may be truncated or incomplete.
#
#  Out of Memory Error (arena.cpp:191), pid=8056, tid=17832
#
# JRE version: OpenJDK Runtime Environment Microsoft-8902769 (17.0.10+7) (build 17.0.10+7-LTS)
# Java VM: OpenJDK 64-Bit Server VM Microsoft-8902769 (17.0.10+7-LTS, mixed mode, sharing, tiered, compressed oops, compressed class ptrs, g1 gc, windows-amd64)
# No core dump will be written. Minidumps are not enabled by default on client versions of Windows
#

---------------  S U M M A R Y ------------

Command Line: -XX:MaxMetaspaceSize=512m --add-opens=java.base/java.util=ALL-UNNAMED --add-opens=java.base/java.lang=ALL-UNNAMED --add-opens=java.base/java.lang.invoke=ALL-UNNAMED --add-opens=java.prefs/java.util.prefs=ALL-UNNAMED --add-opens=java.base/java.nio.charset=ALL-UNNAMED --add-opens=java.base/java.net=ALL-UNNAMED --add-opens=java.base/java.util.concurrent.atomic=ALL-UNNAMED -Xmx2048m -Dfile.encoding=windows-1252 -Duser.country=IN -Duser.language=en -Duser.variant -javaagent:C:\Users\devan\.gradle\wrapper\dists\gradle-8.3-all\6en3ugtfdg5xnpx44z4qbwgas\gradle-8.3\lib\agents\gradle-instrumentation-agent-8.3.jar org.gradle.launcher.daemon.bootstrap.GradleDaemon 8.3

Host: AMD Ryzen 7 4800H with Radeon Graphics         , 16 cores, 15G,  Windows 11 , 64 bit Build 22621 (10.0.22621.2506)
Time: Thu Apr  4 16:20:02 2024 Russia TZ 10 Standard Time elapsed time: 9.492446 seconds (0d 0h 0m 9s)

---------------  T H R E A D  ---------------

Current thread (0x0000022caa726010):  JavaThread "C2 CompilerThread2" daemon [_thread_in_native, id=17832, stack(0x000000c426b00000,0x000000c426c00000)]


Current CompileTask:
C2:   9492 8065       4       org.gradle.internal.component.external.model.DefaultConfigurationMetadata::getAttributes (28 bytes)

Stack: [0x000000c426b00000,0x000000c426c00000]
Native frames: (J=compiled Java code, j=interpreted, Vv=VM code, C=native code)
V  [jvm.dll+0x67f829]
V  [jvm.dll+0x83750a]
V  [jvm.dll+0x838fce]
V  [jvm.dll+0x839633]
V  [jvm.dll+0x247cbf]
V  [jvm.dll+0xac524]
V  [jvm.dll+0xacb6c]
V  [jvm.dll+0x368cf7]
V  [jvm.dll+0x1bd1c2]
V  [jvm.dll+0x21a559]
V  [jvm.dll+0x219821]
V  [jvm.dll+0x1a5176]
V  [jvm.dll+0x22957e]
V  [jvm.dll+0x22774c]
V  [jvm.dll+0x7ec5d7]
V  [jvm.dll+0x7e69da]
V  [jvm.dll+0x67e715]
C  [ucrtbase.dll+0x29363]
C  [KERNEL32.DLL+0x1257d]
C  [ntdll.dll+0x5aa58]


---------------  P R O C E S S  ---------------

Threads class SMR info:
_java_thread_list=0x0000022caa1362b0, length=90, elements={
0x0000022ce6574dc0, 0x0000022cff4ee8f0, 0x0000022cff536fd0, 0x0000022cff54f870,
0x0000022cff551350, 0x0000022cff553e20, 0x0000022cff557c00, 0x0000022cff5589a0,
0x0000022cff55a370, 0x0000022cff55cc90, 0x0000022cff4df7e0, 0x0000022cff74f310,
0x0000022ca63ec0a0, 0x0000022ca6b720f0, 0x0000022ca5fbe6a0, 0x0000022ca5b1a840,
0x0000022ca61c8d90, 0x0000022ca6639ee0, 0x0000022ca74f27b0, 0x0000022ca7046700,
0x0000022ca7047b40, 0x0000022ca7048a70, 0x0000022ca7045ce0, 0x0000022ca7047630,
0x0000022ca70461f0, 0x0000022ca7048560, 0x0000022ca7049490, 0x0000022caa051f10,
0x0000022caa0514f0, 0x0000022caa053860, 0x0000022caa056b00, 0x0000022caa053350,
0x0000022caa050ad0, 0x0000022caa0500b0, 0x0000022caa0565f0, 0x0000022caa0505c0,
0x0000022caa054280, 0x0000022ca63297a0, 0x0000022cff6852d0, 0x0000022ca81c4020,
0x0000022caa726010, 0x0000022caa050fe0, 0x0000022caa055bd0, 0x0000022caa051a00,
0x0000022caa054790, 0x0000022caa0560e0, 0x0000022caa054ca0, 0x0000022caa0551b0,
0x0000022caaa2b590, 0x0000022caaa2bfb0, 0x0000022caaa26490, 0x0000022caaa269a0,
0x0000022caaa2baa0, 0x0000022caa8e8d40, 0x0000022caaa25a70, 0x0000022caaa273c0,
0x0000022caaa28800, 0x0000022caaa27de0, 0x0000022caaa26eb0, 0x0000022caaa2c4c0,
0x0000022caaa278d0, 0x0000022caaa2a150, 0x0000022caaa2a660, 0x0000022caaa29730,
0x0000022caaa282f0, 0x0000022caaa25560, 0x0000022caaa28d10, 0x0000022caaa25050,
0x0000022caaa2b080, 0x0000022caaa2ab70, 0x0000022caaa29220, 0x0000022caaa29c40,
0x0000022caaa2c9d0, 0x0000022caaa25f80, 0x0000022ca778ea20, 0x0000022ca778b270,
0x0000022ca778cbc0, 0x0000022ca778c1a0, 0x0000022ca778b780, 0x0000022ca778c6b0,
0x0000022ca7789410, 0x0000022ca7787fd0, 0x0000022ca778e510, 0x0000022ca7789920,
0x0000022ca778d0d0, 0x0000022ca778f950, 0x0000022ca7789e30, 0x0000022ca778d5e0,
0x0000022ca778ef30, 0x0000022ca778daf0
}

Java Threads: ( => current thread )
  0x0000022ce6574dc0 JavaThread "main" [_thread_blocked, id=19804, stack(0x000000c425500000,0x000000c425600000)]
  0x0000022cff4ee8f0 JavaThread "Reference Handler" daemon [_thread_blocked, id=5940, stack(0x000000c425c00000,0x000000c425d00000)]
  0x0000022cff536fd0 JavaThread "Finalizer" daemon [_thread_blocked, id=18376, stack(0x000000c425d00000,0x000000c425e00000)]
  0x0000022cff54f870 JavaThread "Signal Dispatcher" daemon [_thread_blocked, id=21440, stack(0x000000c425e00000,0x000000c425f00000)]
  0x0000022cff551350 JavaThread "Attach Listener" daemon [_thread_blocked, id=12676, stack(0x000000c425f00000,0x000000c426000000)]
  0x0000022cff553e20 JavaThread "Service Thread" daemon [_thread_blocked, id=15564, stack(0x000000c426000000,0x000000c426100000)]
  0x0000022cff557c00 JavaThread "Monitor Deflation Thread" daemon [_thread_blocked, id=7256, stack(0x000000c426100000,0x000000c426200000)]
  0x0000022cff5589a0 JavaThread "C2 CompilerThread0" daemon [_thread_in_native, id=7816, stack(0x000000c426200000,0x000000c426300000)]
  0x0000022cff55a370 JavaThread "C1 CompilerThread0" daemon [_thread_blocked, id=11656, stack(0x000000c426300000,0x000000c426400000)]
  0x0000022cff55cc90 JavaThread "Sweeper thread" daemon [_thread_blocked, id=17696, stack(0x000000c426400000,0x000000c426500000)]
  0x0000022cff4df7e0 JavaThread "Common-Cleaner" daemon [_thread_blocked, id=18428, stack(0x000000c426500000,0x000000c426600000)]
  0x0000022cff74f310 JavaThread "Notification Thread" daemon [_thread_blocked, id=2652, stack(0x000000c426900000,0x000000c426a00000)]
  0x0000022ca63ec0a0 JavaThread "Daemon health stats" [_thread_blocked, id=5172, stack(0x000000c427200000,0x000000c427300000)]
  0x0000022ca6b720f0 JavaThread "Incoming local TCP Connector on port 7235" [_thread_in_native, id=20136, stack(0x000000c427100000,0x000000c427200000)]
  0x0000022ca5fbe6a0 JavaThread "Daemon periodic checks" [_thread_blocked, id=11812, stack(0x000000c427300000,0x000000c427400000)]
  0x0000022ca5b1a840 JavaThread "Daemon" [_thread_blocked, id=16088, stack(0x000000c427400000,0x000000c427500000)]
  0x0000022ca61c8d90 JavaThread "Handler for socket connection from /127.0.0.1:7235 to /127.0.0.1:7236" [_thread_in_native, id=16092, stack(0x000000c427500000,0x000000c427600000)]
  0x0000022ca6639ee0 JavaThread "Cancel handler" [_thread_blocked, id=23148, stack(0x000000c427600000,0x000000c427700000)]
  0x0000022ca74f27b0 JavaThread "Daemon worker" [_thread_blocked, id=9576, stack(0x000000c427700000,0x000000c427800000)]
  0x0000022ca7046700 JavaThread "Asynchronous log dispatcher for DefaultDaemonConnection: socket connection from /127.0.0.1:7235 to /127.0.0.1:7236" [_thread_blocked, id=22916, stack(0x000000c427800000,0x000000c427900000)]
  0x0000022ca7047b40 JavaThread "Stdin handler" [_thread_blocked, id=17352, stack(0x000000c427900000,0x000000c427a00000)]
  0x0000022ca7048a70 JavaThread "Daemon client event forwarder" [_thread_blocked, id=13504, stack(0x000000c427a00000,0x000000c427b00000)]
  0x0000022ca7045ce0 JavaThread "Cache worker for journal cache (C:\Users\devan\.gradle\caches\journal-1)" [_thread_blocked, id=14680, stack(0x000000c427b00000,0x000000c427c00000)]
  0x0000022ca7047630 JavaThread "File lock request listener" [_thread_in_native, id=20216, stack(0x000000c427c00000,0x000000c427d00000)]
  0x0000022ca70461f0 JavaThread "Cache worker for file hash cache (C:\Users\devan\.gradle\caches\8.3\fileHashes)" [_thread_blocked, id=2924, stack(0x000000c427d00000,0x000000c427e00000)]
  0x0000022ca7048560 JavaThread "File watcher server" daemon [_thread_in_native, id=2348, stack(0x000000c427f00000,0x000000c428000000)]
  0x0000022ca7049490 JavaThread "File watcher consumer" daemon [_thread_blocked, id=21856, stack(0x000000c428000000,0x000000c428100000)]
  0x0000022caa051f10 JavaThread "Cache worker for checksums cache (C:\Users\devan\Videos\projects\solarman\solarApp\android\.gradle\8.3\checksums)" [_thread_blocked, id=20604, stack(0x000000c427e00000,0x000000c427f00000)]
  0x0000022caa0514f0 JavaThread "Cache worker for file hash cache (C:\Users\devan\Videos\projects\solarman\solarApp\android\.gradle\8.3\fileHashes)" [_thread_blocked, id=22612, stack(0x000000c428100000,0x000000c428200000)]
  0x0000022caa053860 JavaThread "Cache worker for cache directory md-supplier (C:\Users\devan\.gradle\caches\8.3\md-supplier)" [_thread_blocked, id=12640, stack(0x000000c428200000,0x000000c428300000)]
  0x0000022caa056b00 JavaThread "Cache worker for file content cache (C:\Users\devan\.gradle\caches\8.3\fileContent)" [_thread_blocked, id=21088, stack(0x000000c428d00000,0x000000c428e00000)]
  0x0000022caa053350 JavaThread "Cache worker for cache directory md-rule (C:\Users\devan\.gradle\caches\8.3\md-rule)" [_thread_blocked, id=1560, stack(0x000000c428e00000,0x000000c428f00000)]
  0x0000022caa050ad0 JavaThread "Cache worker for execution history cache (C:\Users\devan\.gradle\caches\8.3\executionHistory)" [_thread_blocked, id=6900, stack(0x000000c428f00000,0x000000c429000000)]
  0x0000022caa0500b0 JavaThread "jar transforms" [_thread_blocked, id=13856, stack(0x000000c429200000,0x000000c429300000)]
  0x0000022caa0565f0 JavaThread "jar transforms Thread 2" [_thread_blocked, id=9744, stack(0x000000c429300000,0x000000c429400000)]
  0x0000022caa0505c0 JavaThread "jar transforms Thread 3" [_thread_blocked, id=2448, stack(0x000000c429400000,0x000000c429500000)]
  0x0000022caa054280 JavaThread "jar transforms Thread 4" [_thread_blocked, id=11468, stack(0x000000c429500000,0x000000c429600000)]
  0x0000022ca63297a0 JavaThread "C1 CompilerThread1" daemon [_thread_blocked, id=20152, stack(0x000000c426600000,0x000000c426700000)]
  0x0000022cff6852d0 JavaThread "C1 CompilerThread2" daemon [_thread_blocked, id=15896, stack(0x000000c426700000,0x000000c426800000)]
  0x0000022ca81c4020 JavaThread "C2 CompilerThread1" daemon [_thread_in_native, id=17760, stack(0x000000c426800000,0x000000c426900000)]
=>0x0000022caa726010 JavaThread "C2 CompilerThread2" daemon [_thread_in_native, id=17832, stack(0x000000c426b00000,0x000000c426c00000)]
  0x0000022caa050fe0 JavaThread "Cache worker for kotlin-dsl (C:\Users\devan\.gradle\caches\8.3\kotlin-dsl)" [_thread_blocked, id=16152, stack(0x000000c426c00000,0x000000c426d00000)]
  0x0000022caa055bd0 JavaThread "jar transforms Thread 5" [_thread_blocked, id=2716, stack(0x000000c429100000,0x000000c429200000)]
  0x0000022caa051a00 JavaThread "jar transforms Thread 6" [_thread_blocked, id=6464, stack(0x000000c429600000,0x000000c429700000)]
  0x0000022caa054790 JavaThread "Unconstrained build operations" [_thread_blocked, id=13236, stack(0x000000c429700000,0x000000c429800000)]
  0x0000022caa0560e0 JavaThread "Unconstrained build operations Thread 2" [_thread_blocked, id=7032, stack(0x000000c429800000,0x000000c429900000)]
  0x0000022caa054ca0 JavaThread "jar transforms Thread 7" [_thread_blocked, id=18812, stack(0x000000c429900000,0x000000c429a00000)]
  0x0000022caa0551b0 JavaThread "jar transforms Thread 8" [_thread_blocked, id=1956, stack(0x000000c429a00000,0x000000c429b00000)]
  0x0000022caaa2b590 JavaThread "jar transforms Thread 9" [_thread_blocked, id=2108, stack(0x000000c429b00000,0x000000c429c00000)]
  0x0000022caaa2bfb0 JavaThread "jar transforms Thread 10" [_thread_blocked, id=14532, stack(0x000000c429c00000,0x000000c429d00000)]
  0x0000022caaa26490 JavaThread "jar transforms Thread 11" [_thread_blocked, id=17588, stack(0x000000c429d00000,0x000000c429e00000)]
  0x0000022caaa269a0 JavaThread "jar transforms Thread 12" [_thread_blocked, id=1320, stack(0x000000c429e00000,0x000000c429f00000)]
  0x0000022caaa2baa0 JavaThread "Cache worker for dependencies-accessors (C:\Users\devan\Videos\projects\solarman\solarApp\android\.gradle\8.3\dependencies-accessors)" [_thread_blocked, id=9804, stack(0x000000c429f00000,0x000000c42a000000)]
  0x0000022caa8e8d40 JavaThread "C1 CompilerThread3" daemon [_thread_blocked, id=6112, stack(0x000000c42a000000,0x000000c42a100000)]
  0x0000022caaa25a70 JavaThread "Cache worker for Build Output Cleanup Cache (C:\Users\devan\Videos\projects\solarman\solarApp\node_modules\@react-native\gradle-plugin\.gradle\buildOutputCleanup)" [_thread_blocked, id=12400, stack(0x000000c42a100000,0x000000c42a200000)]
  0x0000022caaa273c0 JavaThread "jar transforms Thread 13" [_thread_blocked, id=22780, stack(0x000000c42a200000,0x000000c42a300000)]
  0x0000022caaa28800 JavaThread "jar transforms Thread 14" [_thread_blocked, id=14920, stack(0x000000c42a300000,0x000000c42a400000)]
  0x0000022caaa27de0 JavaThread "Unconstrained build operations Thread 3" [_thread_blocked, id=1620, stack(0x000000c42a400000,0x000000c42a500000)]
  0x0000022caaa26eb0 JavaThread "Unconstrained build operations Thread 4" [_thread_blocked, id=16304, stack(0x000000c42a500000,0x000000c42a600000)]
  0x0000022caaa2c4c0 JavaThread "Unconstrained build operations Thread 5" [_thread_blocked, id=6024, stack(0x000000c42a600000,0x000000c42a700000)]
  0x0000022caaa278d0 JavaThread "Unconstrained build operations Thread 6" [_thread_blocked, id=9740, stack(0x000000c42a700000,0x000000c42a800000)]
  0x0000022caaa2a150 JavaThread "Unconstrained build operations Thread 7" [_thread_blocked, id=18628, stack(0x000000c42a800000,0x000000c42a900000)]
  0x0000022caaa2a660 JavaThread "Unconstrained build operations Thread 8" [_thread_blocked, id=5908, stack(0x000000c42a900000,0x000000c42aa00000)]
  0x0000022caaa29730 JavaThread "Unconstrained build operations Thread 9" [_thread_blocked, id=5552, stack(0x000000c42aa00000,0x000000c42ab00000)]
  0x0000022caaa282f0 JavaThread "Unconstrained build operations Thread 10" [_thread_blocked, id=1856, stack(0x000000c42ab00000,0x000000c42ac00000)]
  0x0000022caaa25560 JavaThread "Unconstrained build operations Thread 11" [_thread_blocked, id=13172, stack(0x000000c42ac00000,0x000000c42ad00000)]
  0x0000022caaa28d10 JavaThread "Unconstrained build operations Thread 12" [_thread_blocked, id=21232, stack(0x000000c42ad00000,0x000000c42ae00000)]
  0x0000022caaa25050 JavaThread "Unconstrained build operations Thread 13" [_thread_blocked, id=3128, stack(0x000000c42ae00000,0x000000c42af00000)]
  0x0000022caaa2b080 JavaThread "Unconstrained build operations Thread 14" [_thread_blocked, id=16052, stack(0x000000c42af00000,0x000000c42b000000)]
  0x0000022caaa2ab70 JavaThread "Unconstrained build operations Thread 15" [_thread_blocked, id=14440, stack(0x000000c42b000000,0x000000c42b100000)]
  0x0000022caaa29220 JavaThread "Unconstrained build operations Thread 16" [_thread_blocked, id=9652, stack(0x000000c42b100000,0x000000c42b200000)]
  0x0000022caaa29c40 JavaThread "Unconstrained build operations Thread 17" [_thread_blocked, id=11288, stack(0x000000c42b200000,0x000000c42b300000)]
  0x0000022caaa2c9d0 JavaThread "jar transforms Thread 15" [_thread_blocked, id=10712, stack(0x000000c42b300000,0x000000c42b400000)]
  0x0000022caaa25f80 JavaThread "jar transforms Thread 16" [_thread_blocked, id=15772, stack(0x000000c42b400000,0x000000c42b500000)]
  0x0000022ca778ea20 JavaThread "Memory manager" [_thread_blocked, id=14212, stack(0x000000c42b500000,0x000000c42b600000)]
  0x0000022ca778b270 JavaThread "Cache worker for Build Output Cleanup Cache (C:\Users\devan\Videos\projects\solarman\solarApp\android\.gradle\buildOutputCleanup)" [_thread_blocked, id=10628, stack(0x000000c429000000,0x000000c429100000)]
  0x0000022ca778cbc0 JavaThread "ForkJoinPool.commonPool-worker-1" daemon [_thread_blocked, id=6548, stack(0x000000c42b600000,0x000000c42b700000)]
  0x0000022ca778c1a0 JavaThread "ForkJoinPool.commonPool-worker-2" daemon [_thread_blocked, id=2692, stack(0x000000c42b700000,0x000000c42b800000)]
  0x0000022ca778b780 JavaThread "ForkJoinPool.commonPool-worker-3" daemon [_thread_blocked, id=880, stack(0x000000c42b800000,0x000000c42b900000)]
  0x0000022ca778c6b0 JavaThread "ForkJoinPool.commonPool-worker-4" daemon [_thread_blocked, id=11976, stack(0x000000c42b900000,0x000000c42ba00000)]
  0x0000022ca7789410 JavaThread "ForkJoinPool.commonPool-worker-5" daemon [_thread_blocked, id=16984, stack(0x000000c42ba00000,0x000000c42bb00000)]
  0x0000022ca7787fd0 JavaThread "ForkJoinPool.commonPool-worker-6" daemon [_thread_blocked, id=8104, stack(0x000000c42bb00000,0x000000c42bc00000)]
  0x0000022ca778e510 JavaThread "ForkJoinPool.commonPool-worker-7" daemon [_thread_blocked, id=22372, stack(0x000000c42bc00000,0x000000c42bd00000)]
  0x0000022ca7789920 JavaThread "ForkJoinPool.commonPool-worker-8" daemon [_thread_blocked, id=19692, stack(0x000000c42bd00000,0x000000c42be00000)]
  0x0000022ca778d0d0 JavaThread "ForkJoinPool.commonPool-worker-9" daemon [_thread_blocked, id=2256, stack(0x000000c42be00000,0x000000c42bf00000)]
  0x0000022ca778f950 JavaThread "ForkJoinPool.commonPool-worker-10" daemon [_thread_blocked, id=11484, stack(0x000000c42bf00000,0x000000c42c000000)]
  0x0000022ca7789e30 JavaThread "ForkJoinPool.commonPool-worker-11" daemon [_thread_blocked, id=9844, stack(0x000000c42c000000,0x000000c42c100000)]
  0x0000022ca778d5e0 JavaThread "Exec process" [_thread_in_native, id=19800, stack(0x000000c42c100000,0x000000c42c200000)]
  0x0000022ca778ef30 JavaThread "Exec process Thread 2" [_thread_in_native, id=7588, stack(0x000000c42c200000,0x000000c42c300000)]
  0x0000022ca778daf0 JavaThread "Exec process Thread 3" [_thread_in_native, id=15692, stack(0x000000c42c300000,0x000000c42c400000)]

Other Threads:
  0x0000022cff4ec520 VMThread "VM Thread" [stack: 0x000000c425b00000,0x000000c425c00000] [id=1948]
  0x0000022ce6575c40 WatcherThread [stack: 0x000000c426a00000,0x000000c426b00000] [id=23316]
  0x0000022ce65d2da0 GCTaskThread "GC Thread#0" [stack: 0x000000c425600000,0x000000c425700000] [id=14104]
  0x0000022ca5a9f050 GCTaskThread "GC Thread#1" [stack: 0x000000c426d00000,0x000000c426e00000] [id=9596]
  0x0000022ca648c810 GCTaskThread "GC Thread#2" [stack: 0x000000c426e00000,0x000000c426f00000] [id=19624]
  0x0000022ca648cce0 GCTaskThread "GC Thread#3" [stack: 0x000000c426f00000,0x000000c427000000] [id=22684]
  0x0000022ca568fc00 GCTaskThread "GC Thread#4" [stack: 0x000000c427000000,0x000000c427100000] [id=6716]
  0x0000022ca568f940 GCTaskThread "GC Thread#5" [stack: 0x000000c428300000,0x000000c428400000] [id=12052]
  0x0000022ca568f100 GCTaskThread "GC Thread#6" [stack: 0x000000c428400000,0x000000c428500000] [id=7040]
  0x0000022ca568f3c0 GCTaskThread "GC Thread#7" [stack: 0x000000c428500000,0x000000c428600000] [id=4872]
  0x0000022ca568f680 GCTaskThread "GC Thread#8" [stack: 0x000000c428600000,0x000000c428700000] [id=14144]
  0x0000022ca568fec0 GCTaskThread "GC Thread#9" [stack: 0x000000c428700000,0x000000c428800000] [id=18528]
  0x0000022ca5690180 GCTaskThread "GC Thread#10" [stack: 0x000000c428800000,0x000000c428900000] [id=17136]
  0x0000022ca8544ce0 GCTaskThread "GC Thread#11" [stack: 0x000000c428900000,0x000000c428a00000] [id=13240]
  0x0000022ca85436e0 GCTaskThread "GC Thread#12" [stack: 0x000000c428a00000,0x000000c428b00000] [id=14256]
  0x0000022ce65e3cf0 ConcurrentGCThread "G1 Main Marker" [stack: 0x000000c425700000,0x000000c425800000] [id=4432]
  0x0000022ce65e4710 ConcurrentGCThread "G1 Conc#0" [stack: 0x000000c425800000,0x000000c425900000] [id=21912]
  0x0000022ca8543c60 ConcurrentGCThread "G1 Conc#1" [stack: 0x000000c428b00000,0x000000c428c00000] [id=20096]
  0x0000022ca85439a0 ConcurrentGCThread "G1 Conc#2" [stack: 0x000000c428c00000,0x000000c428d00000] [id=1944]
  0x0000022cff3abd30 ConcurrentGCThread "G1 Refine#0" [stack: 0x000000c425900000,0x000000c425a00000] [id=10412]
  0x0000022cff3ac670 ConcurrentGCThread "G1 Service" [stack: 0x000000c425a00000,0x000000c425b00000] [id=22068]

Threads with active compile tasks:
C2 CompilerThread0     9519 8357       4       org.objectweb.asm.Frame::execute (2318 bytes)
C2 CompilerThread1     9519 8172       4       java.lang.String::split (327 bytes)
C2 CompilerThread2     9519 8065       4       org.gradle.internal.component.external.model.DefaultConfigurationMetadata::getAttributes (28 bytes)

VM state: not at safepoint (normal execution)

VM Mutex/Monitor currently owned by a thread: None

Heap address: 0x0000000080000000, size: 2048 MB, Compressed Oops mode: 32-bit

CDS archive(s) mapped at: [0x0000022c86000000-0x0000022c86bb0000-0x0000022c86bb0000), size 12255232, SharedBaseAddress: 0x0000022c86000000, ArchiveRelocationMode: 1.
Compressed class space mapped at: 0x0000022c87000000-0x0000022ca1000000, reserved size: 436207616
Narrow klass base: 0x0000022c86000000, Narrow klass shift: 0, Narrow klass range: 0x100000000

GC Precious Log:
 CPUs: 16 total, 16 available
 Memory: 15790M
 Large Page Support: Disabled
 NUMA Support: Disabled
 Compressed Oops: Enabled (32-bit)
 Heap Region Size: 1M
 Heap Min Capacity: 8M
 Heap Initial Capacity: 248M
 Heap Max Capacity: 2G
 Pre-touch: Disabled
 Parallel Workers: 13
 Concurrent Workers: 3
 Concurrent Refinement Workers: 13
 Periodic GC: Disabled

Heap:
 garbage-first heap   total 126976K, used 73720K [0x0000000080000000, 0x0000000100000000)
  region size 1024K, 17 young (17408K), 6 survivors (6144K)
 Metaspace       used 63507K, committed 64192K, reserved 491520K
  class space    used 8948K, committed 9280K, reserved 425984K

Heap Regions: E=young(eden), S=young(survivor), O=old, HS=humongous(starts), HC=humongous(continues), CS=collection set, F=free, OA=open archive, CA=closed archive, TAMS=top-at-mark-start (previous, next)
|   0|0x0000000080000000, 0x0000000080100000, 0x0000000080100000|100%|HS|  |TAMS 0x0000000080100000, 0x0000000080000000| Complete 
|   1|0x0000000080100000, 0x0000000080200000, 0x0000000080200000|100%|HC|  |TAMS 0x0000000080200000, 0x0000000080100000| Complete 
|   2|0x0000000080200000, 0x0000000080300000, 0x0000000080300000|100%|HC|  |TAMS 0x0000000080300000, 0x0000000080200000| Complete 
|   3|0x0000000080300000, 0x0000000080400000, 0x0000000080400000|100%|HC|  |TAMS 0x0000000080400000, 0x0000000080300000| Complete 
|   4|0x0000000080400000, 0x0000000080500000, 0x0000000080500000|100%| O|  |TAMS 0x0000000080500000, 0x0000000080400000| Untracked 
|   5|0x0000000080500000, 0x0000000080600000, 0x0000000080600000|100%| O|  |TAMS 0x0000000080600000, 0x0000000080500000| Untracked 
|   6|0x0000000080600000, 0x0000000080700000, 0x0000000080700000|100%| O|  |TAMS 0x0000000080700000, 0x0000000080600000| Untracked 
|   7|0x0000000080700000, 0x0000000080800000, 0x0000000080800000|100%| O|  |TAMS 0x0000000080800000, 0x0000000080700000| Untracked 
|   8|0x0000000080800000, 0x0000000080900000, 0x0000000080900000|100%| O|  |TAMS 0x0000000080900000, 0x0000000080800000| Untracked 
|   9|0x0000000080900000, 0x0000000080a00000, 0x0000000080a00000|100%| O|  |TAMS 0x0000000080a00000, 0x0000000080900000| Untracked 
|  10|0x0000000080a00000, 0x0000000080b00000, 0x0000000080b00000|100%| O|  |TAMS 0x0000000080a00000, 0x0000000080a00000| Untracked 
|  11|0x0000000080b00000, 0x0000000080c00000, 0x0000000080c00000|100%| O|  |TAMS 0x0000000080c00000, 0x0000000080b00000| Untracked 
|  12|0x0000000080c00000, 0x0000000080d00000, 0x0000000080d00000|100%| O|  |TAMS 0x0000000080d00000, 0x0000000080c00000| Untracked 
|  13|0x0000000080d00000, 0x0000000080e00000, 0x0000000080e00000|100%| O|  |TAMS 0x0000000080e00000, 0x0000000080d00000| Untracked 
|  14|0x0000000080e00000, 0x0000000080f00000, 0x0000000080f00000|100%| O|  |TAMS 0x0000000080f00000, 0x0000000080e00000| Untracked 
|  15|0x0000000080f00000, 0x0000000081000000, 0x0000000081000000|100%| O|  |TAMS 0x0000000081000000, 0x0000000080f00000| Untracked 
|  16|0x0000000081000000, 0x0000000081100000, 0x0000000081100000|100%| O|  |TAMS 0x0000000081100000, 0x0000000081000000| Untracked 
|  17|0x0000000081100000, 0x0000000081200000, 0x0000000081200000|100%| O|  |TAMS 0x0000000081200000, 0x0000000081100000| Untracked 
|  18|0x0000000081200000, 0x0000000081300000, 0x0000000081300000|100%| O|  |TAMS 0x0000000081300000, 0x0000000081200000| Untracked 
|  19|0x0000000081300000, 0x0000000081400000, 0x0000000081400000|100%| O|  |TAMS 0x0000000081400000, 0x0000000081300000| Untracked 
|  20|0x0000000081400000, 0x0000000081500000, 0x0000000081500000|100%| O|  |TAMS 0x0000000081500000, 0x0000000081400000| Untracked 
|  21|0x0000000081500000, 0x0000000081600000, 0x0000000081600000|100%| O|  |TAMS 0x0000000081600000, 0x0000000081500000| Untracked 
|  22|0x0000000081600000, 0x0000000081700000, 0x0000000081700000|100%| O|  |TAMS 0x0000000081700000, 0x0000000081600000| Untracked 
|  23|0x0000000081700000, 0x0000000081800000, 0x0000000081800000|100%| O|  |TAMS 0x0000000081800000, 0x0000000081700000| Untracked 
|  24|0x0000000081800000, 0x0000000081900000, 0x0000000081900000|100%| O|  |TAMS 0x0000000081900000, 0x0000000081800000| Untracked 
|  25|0x0000000081900000, 0x0000000081a00000, 0x0000000081a00000|100%| O|  |TAMS 0x0000000081a00000, 0x0000000081900000| Untracked 
|  26|0x0000000081a00000, 0x0000000081b00000, 0x0000000081b00000|100%| O|  |TAMS 0x0000000081a00000, 0x0000000081a00000| Untracked 
|  27|0x0000000081b00000, 0x0000000081c00000, 0x0000000081c00000|100%| O|  |TAMS 0x0000000081c00000, 0x0000000081b00000| Untracked 
|  28|0x0000000081c00000, 0x0000000081d00000, 0x0000000081d00000|100%| O|  |TAMS 0x0000000081d00000, 0x0000000081c00000| Untracked 
|  29|0x0000000081d00000, 0x0000000081d5c000, 0x0000000081e00000| 35%| O|  |TAMS 0x0000000081d5c000, 0x0000000081d00000| Untracked 
|  30|0x0000000081e00000, 0x0000000081f00000, 0x0000000081f00000|100%| O|  |TAMS 0x0000000081f00000, 0x0000000081e00000| Untracked 
|  31|0x0000000081f00000, 0x0000000082000000, 0x0000000082000000|100%| O|  |TAMS 0x0000000082000000, 0x0000000081f00000| Untracked 
|  32|0x0000000082000000, 0x0000000082100000, 0x0000000082100000|100%| O|  |TAMS 0x0000000082100000, 0x0000000082000000| Untracked 
|  33|0x0000000082100000, 0x0000000082200000, 0x0000000082200000|100%|HS|  |TAMS 0x0000000082100000, 0x0000000082100000| Complete 
|  34|0x0000000082200000, 0x0000000082300000, 0x0000000082300000|100%|HC|  |TAMS 0x0000000082200000, 0x0000000082200000| Complete 
|  35|0x0000000082300000, 0x0000000082400000, 0x0000000082400000|100%|HS|  |TAMS 0x0000000082300000, 0x0000000082300000| Complete 
|  36|0x0000000082400000, 0x0000000082500000, 0x0000000082500000|100%|HC|  |TAMS 0x0000000082400000, 0x0000000082400000| Complete 
|  37|0x0000000082500000, 0x0000000082600000, 0x0000000082600000|100%|HS|  |TAMS 0x0000000082500000, 0x0000000082500000| Complete 
|  38|0x0000000082600000, 0x0000000082700000, 0x0000000082700000|100%|HC|  |TAMS 0x0000000082600000, 0x0000000082600000| Complete 
|  39|0x0000000082700000, 0x0000000082800000, 0x0000000082800000|100%|HC|  |TAMS 0x0000000082700000, 0x0000000082700000| Complete 
|  40|0x0000000082800000, 0x0000000082900000, 0x0000000082900000|100%|HC|  |TAMS 0x0000000082800000, 0x0000000082800000| Complete 
|  41|0x0000000082900000, 0x0000000082a00000, 0x0000000082a00000|100%| O|  |TAMS 0x0000000082900000, 0x0000000082900000| Untracked 
|  42|0x0000000082a00000, 0x0000000082b00000, 0x0000000082b00000|100%| O|  |TAMS 0x0000000082a00000, 0x0000000082a00000| Untracked 
|  43|0x0000000082b00000, 0x0000000082c00000, 0x0000000082c00000|100%|HS|  |TAMS 0x0000000082b00000, 0x0000000082b00000| Complete 
|  44|0x0000000082c00000, 0x0000000082d00000, 0x0000000082d00000|100%|HC|  |TAMS 0x0000000082c00000, 0x0000000082c00000| Complete 
|  45|0x0000000082d00000, 0x0000000082e00000, 0x0000000082e00000|100%|HC|  |TAMS 0x0000000082d00000, 0x0000000082d00000| Complete 
|  46|0x0000000082e00000, 0x0000000082f00000, 0x0000000082f00000|100%|HC|  |TAMS 0x0000000082e00000, 0x0000000082e00000| Complete 
|  47|0x0000000082f00000, 0x0000000083000000, 0x0000000083000000|100%| O|  |TAMS 0x0000000082f00000, 0x0000000082f00000| Untracked 
|  48|0x0000000083000000, 0x0000000083100000, 0x0000000083100000|100%| O|  |TAMS 0x0000000083000000, 0x0000000083000000| Untracked 
|  49|0x0000000083100000, 0x00000000831a2000, 0x0000000083200000| 63%| O|  |TAMS 0x0000000083100000, 0x0000000083100000| Untracked 
|  50|0x0000000083200000, 0x0000000083200000, 0x0000000083300000|  0%| F|  |TAMS 0x0000000083200000, 0x0000000083200000| Untracked 
|  51|0x0000000083300000, 0x0000000083300000, 0x0000000083400000|  0%| F|  |TAMS 0x0000000083300000, 0x0000000083300000| Untracked 
|  52|0x0000000083400000, 0x0000000083500000, 0x0000000083500000|100%| O|  |TAMS 0x0000000083400000, 0x0000000083400000| Untracked 
|  53|0x0000000083500000, 0x0000000083600000, 0x0000000083600000|100%| O|  |TAMS 0x0000000083500000, 0x0000000083500000| Untracked 
|  54|0x0000000083600000, 0x0000000083700000, 0x0000000083700000|100%| O|  |TAMS 0x0000000083600000, 0x0000000083600000| Untracked 
|  55|0x0000000083700000, 0x0000000083800000, 0x0000000083800000|100%| O|  |TAMS 0x0000000083700000, 0x0000000083700000| Untracked 
|  56|0x0000000083800000, 0x0000000083900000, 0x0000000083900000|100%| O|  |TAMS 0x0000000083800000, 0x0000000083800000| Untracked 
|  57|0x0000000083900000, 0x0000000083a00000, 0x0000000083a00000|100%| O|  |TAMS 0x0000000083900000, 0x0000000083900000| Untracked 
|  58|0x0000000083a00000, 0x0000000083b00000, 0x0000000083b00000|100%| O|  |TAMS 0x0000000083a00000, 0x0000000083a00000| Untracked 
|  59|0x0000000083b00000, 0x0000000083b00000, 0x0000000083c00000|  0%| F|  |TAMS 0x0000000083b00000, 0x0000000083b00000| Untracked 
|  60|0x0000000083c00000, 0x0000000083c00000, 0x0000000083d00000|  0%| F|  |TAMS 0x0000000083c00000, 0x0000000083c00000| Untracked 
|  61|0x0000000083d00000, 0x0000000083d00000, 0x0000000083e00000|  0%| F|  |TAMS 0x0000000083d00000, 0x0000000083d00000| Untracked 
|  62|0x0000000083e00000, 0x0000000083e00000, 0x0000000083f00000|  0%| F|  |TAMS 0x0000000083e00000, 0x0000000083e00000| Untracked 
|  63|0x0000000083f00000, 0x0000000083f00000, 0x0000000084000000|  0%| F|  |TAMS 0x0000000083f00000, 0x0000000083f00000| Untracked 
|  64|0x0000000084000000, 0x0000000084000000, 0x0000000084100000|  0%| F|  |TAMS 0x0000000084000000, 0x0000000084000000| Untracked 
|  65|0x0000000084100000, 0x0000000084100000, 0x0000000084200000|  0%| F|  |TAMS 0x0000000084100000, 0x0000000084100000| Untracked 
|  66|0x0000000084200000, 0x0000000084200000, 0x0000000084300000|  0%| F|  |TAMS 0x0000000084200000, 0x0000000084200000| Untracked 
|  67|0x0000000084300000, 0x0000000084300000, 0x0000000084400000|  0%| F|  |TAMS 0x0000000084300000, 0x0000000084300000| Untracked 
|  68|0x0000000084400000, 0x0000000084400000, 0x0000000084500000|  0%| F|  |TAMS 0x0000000084400000, 0x0000000084400000| Untracked 
|  69|0x0000000084500000, 0x0000000084500000, 0x0000000084600000|  0%| F|  |TAMS 0x0000000084500000, 0x0000000084500000| Untracked 
|  70|0x0000000084600000, 0x0000000084700000, 0x0000000084700000|100%| S|CS|TAMS 0x0000000084600000, 0x0000000084600000| Complete 
|  71|0x0000000084700000, 0x0000000084700000, 0x0000000084800000|  0%| F|  |TAMS 0x0000000084700000, 0x0000000084700000| Untracked 
|  72|0x0000000084800000, 0x0000000084800000, 0x0000000084900000|  0%| F|  |TAMS 0x0000000084800000, 0x0000000084800000| Untracked 
|  73|0x0000000084900000, 0x0000000084a00000, 0x0000000084a00000|100%| S|CS|TAMS 0x0000000084900000, 0x0000000084900000| Complete 
|  74|0x0000000084a00000, 0x0000000084b00000, 0x0000000084b00000|100%| S|CS|TAMS 0x0000000084a00000, 0x0000000084a00000| Complete 
|  75|0x0000000084b00000, 0x0000000084c00000, 0x0000000084c00000|100%| S|CS|TAMS 0x0000000084b00000, 0x0000000084b00000| Complete 
|  76|0x0000000084c00000, 0x0000000084c00000, 0x0000000084d00000|  0%| F|  |TAMS 0x0000000084c00000, 0x0000000084c00000| Untracked 
|  77|0x0000000084d00000, 0x0000000084d00000, 0x0000000084e00000|  0%| F|  |TAMS 0x0000000084d00000, 0x0000000084d00000| Untracked 
|  78|0x0000000084e00000, 0x0000000084e00000, 0x0000000084f00000|  0%| F|  |TAMS 0x0000000084e00000, 0x0000000084e00000| Untracked 
|  79|0x0000000084f00000, 0x0000000085000000, 0x0000000085000000|100%| S|CS|TAMS 0x0000000084f00000, 0x0000000084f00000| Complete 
|  80|0x0000000085000000, 0x0000000085100000, 0x0000000085100000|100%| S|CS|TAMS 0x0000000085000000, 0x0000000085000000| Complete 
|  81|0x0000000085100000, 0x0000000085100000, 0x0000000085200000|  0%| F|  |TAMS 0x0000000085100000, 0x0000000085100000| Untracked 
|  82|0x0000000085200000, 0x0000000085200000, 0x0000000085300000|  0%| F|  |TAMS 0x0000000085200000, 0x0000000085200000| Untracked 
|  83|0x0000000085300000, 0x0000000085300000, 0x0000000085400000|  0%| F|  |TAMS 0x0000000085300000, 0x0000000085300000| Untracked 
|  84|0x0000000085400000, 0x0000000085400000, 0x0000000085500000|  0%| F|  |TAMS 0x0000000085400000, 0x0000000085400000| Untracked 
|  85|0x0000000085500000, 0x0000000085500000, 0x0000000085600000|  0%| F|  |TAMS 0x0000000085500000, 0x0000000085500000| Untracked 
|  86|0x0000000085600000, 0x0000000085600000, 0x0000000085700000|  0%| F|  |TAMS 0x0000000085600000, 0x0000000085600000| Untracked 
|  87|0x0000000085700000, 0x0000000085700000, 0x0000000085800000|  0%| F|  |TAMS 0x0000000085700000, 0x0000000085700000| Untracked 
|  88|0x0000000085800000, 0x0000000085800000, 0x0000000085900000|  0%| F|  |TAMS 0x0000000085800000, 0x0000000085800000| Untracked 
|  89|0x0000000085900000, 0x0000000085900000, 0x0000000085a00000|  0%| F|  |TAMS 0x0000000085900000, 0x0000000085900000| Untracked 
|  90|0x0000000085a00000, 0x0000000085a00000, 0x0000000085b00000|  0%| F|  |TAMS 0x0000000085a00000, 0x0000000085a00000| Untracked 
|  91|0x0000000085b00000, 0x0000000085b00000, 0x0000000085c00000|  0%| F|  |TAMS 0x0000000085b00000, 0x0000000085b00000| Untracked 
|  92|0x0000000085c00000, 0x0000000085c00000, 0x0000000085d00000|  0%| F|  |TAMS 0x0000000085c00000, 0x0000000085c00000| Untracked 
|  93|0x0000000085d00000, 0x0000000085d00000, 0x0000000085e00000|  0%| F|  |TAMS 0x0000000085d00000, 0x0000000085d00000| Untracked 
|  94|0x0000000085e00000, 0x0000000085e00000, 0x0000000085f00000|  0%| F|  |TAMS 0x0000000085e00000, 0x0000000085e00000| Untracked 
|  95|0x0000000085f00000, 0x0000000085f00000, 0x0000000086000000|  0%| F|  |TAMS 0x0000000085f00000, 0x0000000085f00000| Untracked 
|  96|0x0000000086000000, 0x0000000086000000, 0x0000000086100000|  0%| F|  |TAMS 0x0000000086000000, 0x0000000086000000| Untracked 
|  97|0x0000000086100000, 0x0000000086100000, 0x0000000086200000|  0%| F|  |TAMS 0x0000000086100000, 0x0000000086100000| Untracked 
|  98|0x0000000086200000, 0x0000000086200000, 0x0000000086300000|  0%| F|  |TAMS 0x0000000086200000, 0x0000000086200000| Untracked 
|  99|0x0000000086300000, 0x0000000086300000, 0x0000000086400000|  0%| F|  |TAMS 0x0000000086300000, 0x0000000086300000| Untracked 
| 100|0x0000000086400000, 0x0000000086400000, 0x0000000086500000|  0%| F|  |TAMS 0x0000000086400000, 0x0000000086400000| Untracked 
| 101|0x0000000086500000, 0x0000000086500000, 0x0000000086600000|  0%| F|  |TAMS 0x0000000086500000, 0x0000000086500000| Untracked 
| 102|0x0000000086600000, 0x0000000086600000, 0x0000000086700000|  0%| F|  |TAMS 0x0000000086600000, 0x0000000086600000| Untracked 
| 103|0x0000000086700000, 0x0000000086700000, 0x0000000086800000|  0%| F|  |TAMS 0x0000000086700000, 0x0000000086700000| Untracked 
| 104|0x0000000086800000, 0x0000000086800000, 0x0000000086900000|  0%| F|  |TAMS 0x0000000086800000, 0x0000000086800000| Untracked 
| 105|0x0000000086900000, 0x0000000086900000, 0x0000000086a00000|  0%| F|  |TAMS 0x0000000086900000, 0x0000000086900000| Untracked 
| 106|0x0000000086a00000, 0x0000000086a00000, 0x0000000086b00000|  0%| F|  |TAMS 0x0000000086a00000, 0x0000000086a00000| Untracked 
| 107|0x0000000086b00000, 0x0000000086b00000, 0x0000000086c00000|  0%| F|  |TAMS 0x0000000086b00000, 0x0000000086b00000| Untracked 
| 108|0x0000000086c00000, 0x0000000086c00000, 0x0000000086d00000|  0%| F|  |TAMS 0x0000000086c00000, 0x0000000086c00000| Untracked 
| 109|0x0000000086d00000, 0x0000000086d00000, 0x0000000086e00000|  0%| F|  |TAMS 0x0000000086d00000, 0x0000000086d00000| Untracked 
| 110|0x0000000086e00000, 0x0000000086e00000, 0x0000000086f00000|  0%| F|  |TAMS 0x0000000086e00000, 0x0000000086e00000| Untracked 
| 111|0x0000000086f00000, 0x0000000086f00000, 0x0000000087000000|  0%| F|  |TAMS 0x0000000086f00000, 0x0000000086f00000| Untracked 
| 112|0x0000000087000000, 0x0000000087000000, 0x0000000087100000|  0%| F|  |TAMS 0x0000000087000000, 0x0000000087000000| Untracked 
| 113|0x0000000087100000, 0x00000000871f77e0, 0x0000000087200000| 96%| E|  |TAMS 0x0000000087100000, 0x0000000087100000| Complete 
| 118|0x0000000087600000, 0x0000000087700000, 0x0000000087700000|100%| E|CS|TAMS 0x0000000087600000, 0x0000000087600000| Complete 
| 119|0x0000000087700000, 0x0000000087800000, 0x0000000087800000|100%| E|CS|TAMS 0x0000000087700000, 0x0000000087700000| Complete 
| 120|0x0000000087800000, 0x0000000087900000, 0x0000000087900000|100%| E|CS|TAMS 0x0000000087800000, 0x0000000087800000| Complete 
| 121|0x0000000087900000, 0x0000000087a00000, 0x0000000087a00000|100%| E|CS|TAMS 0x0000000087900000, 0x0000000087900000| Complete 
| 122|0x0000000087a00000, 0x0000000087b00000, 0x0000000087b00000|100%| E|CS|TAMS 0x0000000087a00000, 0x0000000087a00000| Complete 
| 123|0x0000000087b00000, 0x0000000087c00000, 0x0000000087c00000|100%| E|CS|TAMS 0x0000000087b00000, 0x0000000087b00000| Complete 
| 124|0x0000000087c00000, 0x0000000087d00000, 0x0000000087d00000|100%| E|CS|TAMS 0x0000000087c00000, 0x0000000087c00000| Complete 
| 125|0x0000000087d00000, 0x0000000087e00000, 0x0000000087e00000|100%| E|CS|TAMS 0x0000000087d00000, 0x0000000087d00000| Complete 
| 129|0x0000000088100000, 0x0000000088200000, 0x0000000088200000|100%| E|CS|TAMS 0x0000000088100000, 0x0000000088100000| Complete 
| 247|0x000000008f700000, 0x000000008f800000, 0x000000008f800000|100%| E|CS|TAMS 0x000000008f700000, 0x000000008f700000| Complete 

Card table byte_map: [0x0000022cfdd10000,0x0000022cfe110000] _byte_map_base: 0x0000022cfd910000

Marking Bits (Prev, Next): (CMBitMap*) 0x0000022ce65d3400, (CMBitMap*) 0x0000022ce65d33c0
 Prev Bits: [0x0000022c82000000, 0x0000022c84000000)
 Next Bits: [0x0000022c80000000, 0x0000022c82000000)

Polling page: 0x0000022ce44d0000

Metaspace:

Usage:
  Non-class:     53.29 MB used.
      Class:      8.74 MB used.
       Both:     62.03 MB used.

Virtual space:
  Non-class space:       64.00 MB reserved,      53.62 MB ( 84%) committed,  1 nodes.
      Class space:      416.00 MB reserved,       9.06 MB (  2%) committed,  1 nodes.
             Both:      480.00 MB reserved,      62.69 MB ( 13%) committed. 

Chunk freelists:
   Non-Class:  10.17 MB
       Class:  6.95 MB
        Both:  17.12 MB

MaxMetaspaceSize: 512.00 MB
CompressedClassSpaceSize: 416.00 MB
Initial GC threshold: 21.00 MB
Current GC threshold: 64.38 MB
CDS: on
MetaspaceReclaimPolicy: balanced
 - commit_granule_bytes: 65536.
 - commit_granule_words: 8192.
 - virtual_space_node_default_size: 8388608.
 - enlarge_chunks_in_place: 1.
 - new_chunks_are_fully_committed: 0.
 - uncommit_free_chunks: 1.
 - use_allocation_guard: 0.
 - handle_deallocations: 1.


Internal statistics:

num_allocs_failed_limit: 9.
num_arena_births: 786.
num_arena_deaths: 0.
num_vsnodes_births: 2.
num_vsnodes_deaths: 0.
num_space_committed: 1003.
num_space_uncommitted: 0.
num_chunks_returned_to_freelist: 9.
num_chunks_taken_from_freelist: 3367.
num_chunk_merges: 9.
num_chunk_splits: 2239.
num_chunks_enlarged: 1488.
num_inconsistent_stats: 0.

CodeHeap 'non-profiled nmethods': size=119168Kb used=4284Kb max_used=4284Kb free=114884Kb
 bounds [0x0000022cf5c20000, 0x0000022cf6050000, 0x0000022cfd080000]
CodeHeap 'profiled nmethods': size=119104Kb used=15062Kb max_used=15062Kb free=104041Kb
 bounds [0x0000022cee080000, 0x0000022ceef40000, 0x0000022cf54d0000]
CodeHeap 'non-nmethods': size=7488Kb used=4050Kb max_used=4110Kb free=3437Kb
 bounds [0x0000022cf54d0000, 0x0000022cf58e0000, 0x0000022cf5c20000]
 total_blobs=8572 nmethods=7686 adapters=794
 compilation: enabled
              stopped_count=0, restarted_count=0
 full_count=0

Compilation events (20 events):
Event: 9.408 Thread 0x0000022cff5589a0 8349       4       jdk.internal.misc.Unsafe::getReferenceAcquire (7 bytes)
Event: 9.408 Thread 0x0000022cff6852d0 nmethod 8350 0x0000022ceef25f10 code [0x0000022ceef26260, 0x0000022ceef279d8]
Event: 9.408 Thread 0x0000022caa8e8d40 nmethod 8352 0x0000022ceef28090 code [0x0000022ceef28260, 0x0000022ceef28598]
Event: 9.408 Thread 0x0000022ca63297a0 nmethod 8353 0x0000022ceef28710 code [0x0000022ceef288e0, 0x0000022ceef28c48]
Event: 9.409 Thread 0x0000022cff5589a0 nmethod 8349 0x0000022cf604a390 code [0x0000022cf604a500, 0x0000022cf604a5b8]
Event: 9.409 Thread 0x0000022cff5589a0 8354       4       java.lang.invoke.MethodHandleNatives::refKindIsField (32 bytes)
Event: 9.410 Thread 0x0000022cff5589a0 nmethod 8354 0x0000022cf604a690 code [0x0000022cf604a800, 0x0000022cf604a878]
Event: 9.410 Thread 0x0000022cff5589a0 8355   !   4       java.util.concurrent.ConcurrentHashMap::putVal (432 bytes)
Event: 9.417 Thread 0x0000022caa8e8d40 8359       3       sun.security.provider.SHA2::implCompress0 (490 bytes)
Event: 9.418 Thread 0x0000022caa8e8d40 nmethod 8359 0x0000022ceef28d90 code [0x0000022ceef28f80, 0x0000022ceef29828]
Event: 9.427 Thread 0x0000022caa8e8d40 8360       3       java.lang.ProcessEnvironment$CheckedEntry::getValue (5 bytes)
Event: 9.427 Thread 0x0000022cff55a370 8361       3       java.lang.ProcessEnvironment$CheckedEntry::getValue (13 bytes)
Event: 9.427 Thread 0x0000022caa8e8d40 nmethod 8360 0x0000022ceef29d10 code [0x0000022ceef29ec0, 0x0000022ceef2a208]
Event: 9.428 Thread 0x0000022cff55a370 nmethod 8361 0x0000022ceef2a310 code [0x0000022ceef2a4c0, 0x0000022ceef2a788]
Event: 9.430 Thread 0x0000022cff5589a0 nmethod 8355 0x0000022cf604ac90 code [0x0000022cf604aea0, 0x0000022cf604c7c8]
Event: 9.431 Thread 0x0000022cff5589a0 8357       4       org.objectweb.asm.Frame::execute (2318 bytes)
Event: 9.433 Thread 0x0000022ca63297a0 8363       3       java.lang.ProcessEnvironment$EntryComparator::compare (25 bytes)
Event: 9.433 Thread 0x0000022cff55a370 8362       3       java.lang.ProcessEnvironment$EntryComparator::compare (13 bytes)
Event: 9.434 Thread 0x0000022cff55a370 nmethod 8362 0x0000022ceef2a890 code [0x0000022ceef2aa80, 0x0000022ceef2b1e8]
Event: 9.434 Thread 0x0000022ca63297a0 nmethod 8363 0x0000022ceef2b390 code [0x0000022ceef2b560, 0x0000022ceef2ba48]

GC Heap History (20 events):
Event: 2.969 GC heap before
{Heap before GC invocations=5 (full 0):
 garbage-first heap   total 81920K, used 25221K [0x0000000080000000, 0x0000000100000000)
  region size 1024K, 4 young (4096K), 3 survivors (3072K)
 Metaspace       used 26891K, committed 27264K, reserved 491520K
  class space    used 3829K, committed 4032K, reserved 425984K
}
Event: 2.972 GC heap after
{Heap after GC invocations=6 (full 0):
 garbage-first heap   total 81920K, used 25908K [0x0000000080000000, 0x0000000100000000)
  region size 1024K, 1 young (1024K), 1 survivors (1024K)
 Metaspace       used 26891K, committed 27264K, reserved 491520K
  class space    used 3829K, committed 4032K, reserved 425984K
}
Event: 3.332 GC heap before
{Heap before GC invocations=6 (full 0):
 garbage-first heap   total 81920K, used 59700K [0x0000000080000000, 0x0000000100000000)
  region size 1024K, 35 young (35840K), 1 survivors (1024K)
 Metaspace       used 31117K, committed 31488K, reserved 491520K
  class space    used 4366K, committed 4544K, reserved 425984K
}
Event: 3.334 GC heap after
{Heap after GC invocations=7 (full 0):
 garbage-first heap   total 81920K, used 28735K [0x0000000080000000, 0x0000000100000000)
  region size 1024K, 4 young (4096K), 4 survivors (4096K)
 Metaspace       used 31117K, committed 31488K, reserved 491520K
  class space    used 4366K, committed 4544K, reserved 425984K
}
Event: 5.567 GC heap before
{Heap before GC invocations=7 (full 0):
 garbage-first heap   total 81920K, used 65599K [0x0000000080000000, 0x0000000100000000)
  region size 1024K, 36 young (36864K), 4 survivors (4096K)
 Metaspace       used 33504K, committed 33920K, reserved 491520K
  class space    used 4604K, committed 4800K, reserved 425984K
}
Event: 5.570 GC heap after
{Heap after GC invocations=8 (full 0):
 garbage-first heap   total 81920K, used 31224K [0x0000000080000000, 0x0000000100000000)
  region size 1024K, 4 young (4096K), 4 survivors (4096K)
 Metaspace       used 33504K, committed 33920K, reserved 491520K
  class space    used 4604K, committed 4800K, reserved 425984K
}
Event: 5.858 GC heap before
{Heap before GC invocations=8 (full 0):
 garbage-first heap   total 81920K, used 60920K [0x0000000080000000, 0x0000000100000000)
  region size 1024K, 32 young (32768K), 4 survivors (4096K)
 Metaspace       used 35526K, committed 35968K, reserved 491520K
  class space    used 4859K, committed 5056K, reserved 425984K
}
Event: 5.861 GC heap after
{Heap after GC invocations=9 (full 0):
 garbage-first heap   total 81920K, used 33984K [0x0000000080000000, 0x0000000100000000)
  region size 1024K, 2 young (2048K), 2 survivors (2048K)
 Metaspace       used 35526K, committed 35968K, reserved 491520K
  class space    used 4859K, committed 5056K, reserved 425984K
}
Event: 6.197 GC heap before
{Heap before GC invocations=10 (full 0):
 garbage-first heap   total 81920K, used 63680K [0x0000000080000000, 0x0000000100000000)
  region size 1024K, 31 young (31744K), 2 survivors (2048K)
 Metaspace       used 38918K, committed 39424K, reserved 491520K
  class space    used 5375K, committed 5568K, reserved 425984K
}
Event: 6.200 GC heap after
{Heap after GC invocations=11 (full 0):
 garbage-first heap   total 130048K, used 34434K [0x0000000080000000, 0x0000000100000000)
  region size 1024K, 4 young (4096K), 4 survivors (4096K)
 Metaspace       used 38918K, committed 39424K, reserved 491520K
  class space    used 5375K, committed 5568K, reserved 425984K
}
Event: 7.104 GC heap before
{Heap before GC invocations=12 (full 0):
 garbage-first heap   total 126976K, used 100994K [0x0000000080000000, 0x0000000100000000)
  region size 1024K, 69 young (70656K), 4 survivors (4096K)
 Metaspace       used 46317K, committed 46912K, reserved 491520K
  class space    used 6530K, committed 6784K, reserved 425984K
}
Event: 7.108 GC heap after
{Heap after GC invocations=13 (full 0):
 garbage-first heap   total 126976K, used 37892K [0x0000000080000000, 0x0000000100000000)
  region size 1024K, 7 young (7168K), 7 survivors (7168K)
 Metaspace       used 46317K, committed 46912K, reserved 491520K
  class space    used 6530K, committed 6784K, reserved 425984K
}
Event: 7.884 GC heap before
{Heap before GC invocations=13 (full 0):
 garbage-first heap   total 126976K, used 106500K [0x0000000080000000, 0x0000000100000000)
  region size 1024K, 67 young (68608K), 7 survivors (7168K)
 Metaspace       used 52082K, committed 52736K, reserved 491520K
  class space    used 7357K, committed 7680K, reserved 425984K
}
Event: 7.889 GC heap after
{Heap after GC invocations=14 (full 0):
 garbage-first heap   total 126976K, used 51325K [0x0000000080000000, 0x0000000100000000)
  region size 1024K, 9 young (9216K), 9 survivors (9216K)
 Metaspace       used 52082K, committed 52736K, reserved 491520K
  class space    used 7357K, committed 7680K, reserved 425984K
}
Event: 8.315 GC heap before
{Heap before GC invocations=14 (full 0):
 garbage-first heap   total 126976K, used 104573K [0x0000000080000000, 0x0000000100000000)
  region size 1024K, 57 young (58368K), 9 survivors (9216K)
 Metaspace       used 55954K, committed 56576K, reserved 491520K
  class space    used 7884K, committed 8192K, reserved 425984K
}
Event: 8.320 GC heap after
{Heap after GC invocations=15 (full 0):
 garbage-first heap   total 126976K, used 57589K [0x0000000080000000, 0x0000000100000000)
  region size 1024K, 3 young (3072K), 3 survivors (3072K)
 Metaspace       used 55954K, committed 56576K, reserved 491520K
  class space    used 7884K, committed 8192K, reserved 425984K
}
Event: 8.741 GC heap before
{Heap before GC invocations=15 (full 0):
 garbage-first heap   total 126976K, used 103669K [0x0000000080000000, 0x0000000100000000)
  region size 1024K, 48 young (49152K), 3 survivors (3072K)
 Metaspace       used 60139K, committed 60800K, reserved 491520K
  class space    used 8447K, committed 8768K, reserved 425984K
}
Event: 8.744 GC heap after
{Heap after GC invocations=16 (full 0):
 garbage-first heap   total 126976K, used 60009K [0x0000000080000000, 0x0000000100000000)
  region size 1024K, 5 young (5120K), 5 survivors (5120K)
 Metaspace       used 60139K, committed 60800K, reserved 491520K
  class space    used 8447K, committed 8768K, reserved 425984K
}
Event: 9.287 GC heap before
{Heap before GC invocations=16 (full 0):
 garbage-first heap   total 126976K, used 104041K [0x0000000080000000, 0x0000000100000000)
  region size 1024K, 48 young (49152K), 5 survivors (5120K)
 Metaspace       used 62643K, committed 63360K, reserved 491520K
  class space    used 8807K, committed 9152K, reserved 425984K
}
Event: 9.291 GC heap after
{Heap after GC invocations=17 (full 0):
 garbage-first heap   total 126976K, used 63480K [0x0000000080000000, 0x0000000100000000)
  region size 1024K, 6 young (6144K), 6 survivors (6144K)
 Metaspace       used 62643K, committed 63360K, reserved 491520K
  class space    used 8807K, committed 9152K, reserved 425984K
}

Dll operation events (15 events):
Event: 0.005 Loaded shared library C:\Program Files\Microsoft\jdk-17.0.10.7-hotspot\bin\java.dll
Event: 0.018 Loaded shared library C:\Program Files\Microsoft\jdk-17.0.10.7-hotspot\bin\jsvml.dll
Event: 0.054 Loaded shared library C:\Program Files\Microsoft\jdk-17.0.10.7-hotspot\bin\zip.dll
Event: 0.057 Loaded shared library C:\Program Files\Microsoft\jdk-17.0.10.7-hotspot\bin\instrument.dll
Event: 0.059 Loaded shared library C:\Program Files\Microsoft\jdk-17.0.10.7-hotspot\bin\net.dll
Event: 0.061 Loaded shared library C:\Program Files\Microsoft\jdk-17.0.10.7-hotspot\bin\nio.dll
Event: 0.063 Loaded shared library C:\Program Files\Microsoft\jdk-17.0.10.7-hotspot\bin\zip.dll
Event: 0.216 Loaded shared library C:\Program Files\Microsoft\jdk-17.0.10.7-hotspot\bin\jimage.dll
Event: 0.263 Loaded shared library C:\Program Files\Microsoft\jdk-17.0.10.7-hotspot\bin\verify.dll
Event: 0.369 Loaded shared library C:\Users\devan\.gradle\native\68d5fa5c4cc2d200863cafc0d521ce42e7d3e7ee720ec0a83991735586a16f82\windows-amd64\native-platform.dll
Event: 0.372 Loaded shared library C:\Users\devan\.gradle\native\e376f236ea51e6404a007f0833ffe2c6e607c4080706a723a18a27aeea778392\windows-amd64\native-platform-file-events.dll
Event: 0.954 Loaded shared library C:\Program Files\Microsoft\jdk-17.0.10.7-hotspot\bin\management.dll
Event: 0.956 Loaded shared library C:\Program Files\Microsoft\jdk-17.0.10.7-hotspot\bin\management_ext.dll
Event: 1.105 Loaded shared library C:\Program Files\Microsoft\jdk-17.0.10.7-hotspot\bin\extnet.dll
Event: 1.311 Loaded shared library C:\Program Files\Microsoft\jdk-17.0.10.7-hotspot\bin\sunmscapi.dll

Deoptimization events (20 events):
Event: 9.406 Thread 0x0000022ca7789e30 Uncommon trap: trap_request=0xffffffde fr.pc=0x0000022cf5fa2a10 relative=0x0000000000001270
Event: 9.406 Thread 0x0000022ca7789e30 Uncommon trap: reason=class_check action=maybe_recompile pc=0x0000022cf5fa2a10 method=java.util.concurrent.ConcurrentHashMap.putVal(Ljava/lang/Object;Ljava/lang/Object;Z)Ljava/lang/Object; @ 159 c2
Event: 9.406 Thread 0x0000022ca7789e30 DEOPT PACKING pc=0x0000022cf5fa2a10 sp=0x000000c42c0fd0e0
Event: 9.406 Thread 0x0000022ca7789e30 DEOPT UNPACKING pc=0x0000022cf55269a3 sp=0x000000c42c0fd070 mode 2
Event: 9.407 Thread 0x0000022ca778c6b0 Uncommon trap: trap_request=0xffffffde fr.pc=0x0000022cf5fa2a10 relative=0x0000000000001270
Event: 9.407 Thread 0x0000022ca74f27b0 Uncommon trap: trap_request=0xffffffde fr.pc=0x0000022cf5fa2a10 relative=0x0000000000001270
Event: 9.407 Thread 0x0000022ca778c6b0 Uncommon trap: reason=class_check action=maybe_recompile pc=0x0000022cf5fa2a10 method=java.util.concurrent.ConcurrentHashMap.putVal(Ljava/lang/Object;Ljava/lang/Object;Z)Ljava/lang/Object; @ 159 c2
Event: 9.407 Thread 0x0000022ca74f27b0 Uncommon trap: reason=class_check action=maybe_recompile pc=0x0000022cf5fa2a10 method=java.util.concurrent.ConcurrentHashMap.putVal(Ljava/lang/Object;Ljava/lang/Object;Z)Ljava/lang/Object; @ 159 c2
Event: 9.407 Thread 0x0000022ca778c6b0 DEOPT PACKING pc=0x0000022cf5fa2a10 sp=0x000000c42b9fdd60
Event: 9.407 Thread 0x0000022ca74f27b0 DEOPT PACKING pc=0x0000022cf5fa2a10 sp=0x000000c4277f4c00
Event: 9.407 Thread 0x0000022ca778c6b0 DEOPT UNPACKING pc=0x0000022cf55269a3 sp=0x000000c42b9fdcf0 mode 2
Event: 9.407 Thread 0x0000022ca74f27b0 DEOPT UNPACKING pc=0x0000022cf55269a3 sp=0x000000c4277f4b90 mode 2
Event: 9.409 Thread 0x0000022ca778e510 Uncommon trap: trap_request=0xffffff45 fr.pc=0x0000022cf5e18080 relative=0x0000000000000080
Event: 9.409 Thread 0x0000022ca778e510 Uncommon trap: reason=unstable_if action=reinterpret pc=0x0000022cf5e18080 method=java.util.HashMap$HashMapSpliterator.getFence()I @ 37 c2
Event: 9.409 Thread 0x0000022ca778e510 DEOPT PACKING pc=0x0000022cf5e18080 sp=0x000000c42bcfe670
Event: 9.409 Thread 0x0000022ca778e510 DEOPT UNPACKING pc=0x0000022cf55269a3 sp=0x000000c42bcfe5e8 mode 2
Event: 9.416 Thread 0x0000022ca74f27b0 Uncommon trap: trap_request=0xffffff45 fr.pc=0x0000022cf5e17d60 relative=0x0000000000000060
Event: 9.416 Thread 0x0000022ca74f27b0 Uncommon trap: reason=unstable_if action=reinterpret pc=0x0000022cf5e17d60 method=java.util.HashMap$KeySpliterator.characteristics()I @ 4 c2
Event: 9.416 Thread 0x0000022ca74f27b0 DEOPT PACKING pc=0x0000022cf5e17d60 sp=0x000000c4277f6210
Event: 9.416 Thread 0x0000022ca74f27b0 DEOPT UNPACKING pc=0x0000022cf55269a3 sp=0x000000c4277f61a8 mode 2

Classes unloaded (0 events):
No events

Classes redefined (0 events):
No events

Internal exceptions (20 events):
Event: 8.748 Thread 0x0000022ca74f27b0 Exception <a 'java/lang/ClassNotFoundException'{0x0000000087c58f98}: org/gradle/api/internal/artifacts/dsl/DefaultRepositoryHandlerBeanInfo> (0x0000000087c58f98) 
thrown [s\src\hotspot\share\classfile\systemDictionary.cpp, line 256]
Event: 8.748 Thread 0x0000022ca74f27b0 Exception <a 'java/lang/ClassNotFoundException'{0x0000000087c6fd28}: org/gradle/api/internal/artifacts/DefaultArtifactRepositoryContainerBeanInfo> (0x0000000087c6fd28) 
thrown [s\src\hotspot\share\classfile\systemDictionary.cpp, line 256]
Event: 8.749 Thread 0x0000022ca74f27b0 Exception <a 'java/lang/ClassNotFoundException'{0x0000000087c83f28}: org/gradle/api/internal/DefaultNamedDomainObjectListBeanInfo> (0x0000000087c83f28) 
thrown [s\src\hotspot\share\classfile\systemDictionary.cpp, line 256]
Event: 8.749 Thread 0x0000022ca74f27b0 Exception <a 'java/lang/ClassNotFoundException'{0x0000000087c98000}: org/gradle/api/internal/DefaultNamedDomainObjectCollectionBeanInfo> (0x0000000087c98000) 
thrown [s\src\hotspot\share\classfile\systemDictionary.cpp, line 256]
Event: 8.749 Thread 0x0000022ca74f27b0 Exception <a 'java/lang/ClassNotFoundException'{0x0000000087cabf80}: org/gradle/api/internal/DefaultDomainObjectCollectionBeanInfo> (0x0000000087cabf80) 
thrown [s\src\hotspot\share\classfile\systemDictionary.cpp, line 256]
Event: 8.750 Thread 0x0000022ca74f27b0 Exception <a 'java/lang/ClassNotFoundException'{0x0000000087cbffd0}: org/gradle/api/internal/DefaultDomainObjectCollectionCustomizer> (0x0000000087cbffd0) 
thrown [s\src\hotspot\share\classfile\systemDictionary.cpp, line 256]
Event: 8.751 Thread 0x0000022ca74f27b0 Exception <a 'java/lang/ClassNotFoundException'{0x0000000087cf4380}: org/gradle/api/internal/DefaultNamedDomainObjectCollectionCustomizer> (0x0000000087cf4380) 
thrown [s\src\hotspot\share\classfile\systemDictionary.cpp, line 256]
Event: 8.752 Thread 0x0000022ca74f27b0 Exception <a 'java/lang/ClassNotFoundException'{0x0000000087b300c8}: org/gradle/api/internal/DefaultNamedDomainObjectListCustomizer> (0x0000000087b300c8) 
thrown [s\src\hotspot\share\classfile\systemDictionary.cpp, line 256]
Event: 8.754 Thread 0x0000022ca74f27b0 Exception <a 'java/lang/ClassNotFoundException'{0x0000000087b61928}: org/gradle/api/internal/artifacts/DefaultArtifactRepositoryContainerCustomizer> (0x0000000087b61928) 
thrown [s\src\hotspot\share\classfile\systemDictionary.cpp, line 256]
Event: 8.755 Thread 0x0000022ca74f27b0 Exception <a 'java/lang/ClassNotFoundException'{0x0000000087b8a470}: org/gradle/api/internal/artifacts/dsl/DefaultRepositoryHandlerCustomizer> (0x0000000087b8a470) 
thrown [s\src\hotspot\share\classfile\systemDictionary.cpp, line 256]
Event: 8.757 Thread 0x0000022ca74f27b0 Exception <a 'java/lang/ClassNotFoundException'{0x0000000087bc0ae8}: org/gradle/api/internal/artifacts/dsl/DefaultRepositoryHandler_DecoratedCustomizer> (0x0000000087bc0ae8) 
thrown [s\src\hotspot\share\classfile\systemDictionary.cpp, line 256]
Event: 8.764 Thread 0x0000022ca74f27b0 Exception <a 'java/lang/ClassNotFoundException'{0x0000000087a5b118}: org/gradle/api/internal/artifacts/dsl/dependencies/DefaultDependencyHandler_DecoratedBeanInfo> (0x0000000087a5b118) 
thrown [s\src\hotspot\share\classfile\systemDictionary.cpp, line 256]
Event: 8.764 Thread 0x0000022ca74f27b0 Exception <a 'java/lang/ClassNotFoundException'{0x0000000087a71820}: org/gradle/api/internal/artifacts/dsl/dependencies/DefaultDependencyHandlerBeanInfo> (0x0000000087a71820) 
thrown [s\src\hotspot\share\classfile\systemDictionary.cpp, line 256]
Event: 8.765 Thread 0x0000022ca74f27b0 Exception <a 'java/lang/ClassNotFoundException'{0x0000000087a87c18}: org/gradle/api/internal/artifacts/dsl/dependencies/DefaultDependencyHandlerCustomizer> (0x0000000087a87c18) 
thrown [s\src\hotspot\share\classfile\systemDictionary.cpp, line 256]
Event: 8.766 Thread 0x0000022ca74f27b0 Exception <a 'java/lang/ClassNotFoundException'{0x0000000087ac49d8}: org/gradle/api/internal/artifacts/dsl/dependencies/DefaultDependencyHandler_DecoratedCustomizer> (0x0000000087ac49d8) 
thrown [s\src\hotspot\share\classfile\systemDictionary.cpp, line 256]
Event: 9.392 Thread 0x0000022ca74f27b0 Exception <a 'java/lang/NoSuchMethodError'{0x000000008783d4c8}: 'java.lang.Object java.lang.invoke.DirectMethodHandle$Holder.newInvokeSpecial(java.lang.Object, java.lang.Object, java.lang.Object, java.lang.Object, java.lang.Object, java.lang.Object, int)'> (0x000000008783d4c8) 
thrown [s\src\hotspot\share\interpreter\linkResolver.cpp, line 759]
Event: 9.392 Thread 0x0000022ca74f27b0 Exception <a 'java/lang/NoSuchMethodError'{0x00000000878434b0}: 'java.lang.Object java.lang.invoke.DirectMethodHandle$Holder.invokeSpecial(java.lang.Object, java.lang.Object, java.lang.Object, java.lang.Object, java.lang.Object, java.lang.Object, java.lang.Object, int)'> (0x00000000878434b0) 
thrown [s\src\hotspot\share\interpreter\linkResolver.cpp, line 759]
Event: 9.392 Thread 0x0000022ca74f27b0 Exception <a 'java/lang/NoSuchMethodError'{0x0000000087849080}: 'java.lang.Object java.lang.invoke.Invokers$Holder.linkToTargetMethod(java.lang.Object, java.lang.Object, java.lang.Object, java.lang.Object, java.lang.Object, int, java.lang.Object)'> (0x0000000087849080) 
thrown [s\src\hotspot\share\interpreter\linkResolver.cpp, line 759]
Event: 9.401 Thread 0x0000022ca778cbc0 Implicit null exception at 0x0000022cf5e4cc83 to 0x0000022cf5e4ce48
Event: 9.409 Thread 0x0000022ca778e510 Implicit null exception at 0x0000022cf5e1804b to 0x0000022cf5e18070

VM Operations (20 events):
Event: 8.069 Executing VM operation: HandshakeAllThreads
Event: 8.069 Executing VM operation: HandshakeAllThreads done
Event: 8.074 Executing VM operation: HandshakeAllThreads
Event: 8.074 Executing VM operation: HandshakeAllThreads done
Event: 8.315 Executing VM operation: G1CollectForAllocation
Event: 8.321 Executing VM operation: G1CollectForAllocation done
Event: 8.522 Executing VM operation: HandshakeAllThreads
Event: 8.522 Executing VM operation: HandshakeAllThreads done
Event: 8.566 Executing VM operation: ICBufferFull
Event: 8.566 Executing VM operation: ICBufferFull done
Event: 8.678 Executing VM operation: HandshakeAllThreads
Event: 8.678 Executing VM operation: HandshakeAllThreads done
Event: 8.741 Executing VM operation: G1CollectForAllocation
Event: 8.744 Executing VM operation: G1CollectForAllocation done
Event: 8.804 Executing VM operation: HandshakeAllThreads
Event: 8.804 Executing VM operation: HandshakeAllThreads done
Event: 9.155 Executing VM operation: ICBufferFull
Event: 9.155 Executing VM operation: ICBufferFull done
Event: 9.287 Executing VM operation: G1CollectForAllocation
Event: 9.291 Executing VM operation: G1CollectForAllocation done

Events (20 events):
Event: 8.870 loading class java/net/InetAddress$CachedLocalHost
Event: 8.870 loading class java/net/InetAddress$CachedLocalHost done
Event: 9.397 loading class java/util/stream/ReferencePipeline$15
Event: 9.397 loading class java/util/stream/ReferencePipeline$15 done
Event: 9.400 Thread 0x0000022ca778cbc0 Thread added: 0x0000022ca778cbc0
Event: 9.400 loading class java/util/stream/ReferencePipeline$15$1
Event: 9.400 loading class java/util/stream/ReferencePipeline$15$1 done
Event: 9.401 Thread 0x0000022ca778c1a0 Thread added: 0x0000022ca778c1a0
Event: 9.401 Thread 0x0000022ca778b780 Thread added: 0x0000022ca778b780
Event: 9.401 Thread 0x0000022ca778c6b0 Thread added: 0x0000022ca778c6b0
Event: 9.401 Thread 0x0000022ca7789410 Thread added: 0x0000022ca7789410
Event: 9.401 Thread 0x0000022ca7787fd0 Thread added: 0x0000022ca7787fd0
Event: 9.401 Thread 0x0000022ca778e510 Thread added: 0x0000022ca778e510
Event: 9.402 Thread 0x0000022ca7789920 Thread added: 0x0000022ca7789920
Event: 9.402 Thread 0x0000022ca778d0d0 Thread added: 0x0000022ca778d0d0
Event: 9.403 Thread 0x0000022ca778f950 Thread added: 0x0000022ca778f950
Event: 9.403 Thread 0x0000022ca7789e30 Thread added: 0x0000022ca7789e30
Event: 9.432 Thread 0x0000022ca778d5e0 Thread added: 0x0000022ca778d5e0
Event: 9.437 Thread 0x0000022ca778ef30 Thread added: 0x0000022ca778ef30
Event: 9.437 Thread 0x0000022ca778daf0 Thread added: 0x0000022ca778daf0


Dynamic libraries:
0x00007ff6e5910000 - 0x00007ff6e591e000 	C:\Program Files\Microsoft\jdk-17.0.10.7-hotspot\bin\java.exe
0x00007ff958b30000 - 0x00007ff958d47000 	C:\WINDOWS\SYSTEM32\ntdll.dll
0x00007ff957a10000 - 0x00007ff957ad4000 	C:\WINDOWS\System32\KERNEL32.DLL
0x00007ff956360000 - 0x00007ff956706000 	C:\WINDOWS\System32\KERNELBASE.dll
0x00007ff956240000 - 0x00007ff956351000 	C:\WINDOWS\System32\ucrtbase.dll
0x00007ff92a000000 - 0x00007ff92a017000 	C:\Program Files\Microsoft\jdk-17.0.10.7-hotspot\bin\jli.dll
0x00007ff929fe0000 - 0x00007ff929ffb000 	C:\Program Files\Microsoft\jdk-17.0.10.7-hotspot\bin\VCRUNTIME140.dll
0x00007ff956b70000 - 0x00007ff956d1e000 	C:\WINDOWS\System32\USER32.dll
0x00007ff955ee0000 - 0x00007ff955f06000 	C:\WINDOWS\System32\win32u.dll
0x00007ff94d0d0000 - 0x00007ff94d363000 	C:\WINDOWS\WinSxS\amd64_microsoft.windows.common-controls_6595b64144ccf1df_6.0.22621.2506_none_270c5ae97388e100\COMCTL32.dll
0x00007ff957c90000 - 0x00007ff957cb9000 	C:\WINDOWS\System32\GDI32.dll
0x00007ff957d80000 - 0x00007ff957e27000 	C:\WINDOWS\System32\msvcrt.dll
0x00007ff955f90000 - 0x00007ff9560a8000 	C:\WINDOWS\System32\gdi32full.dll
0x00007ff9560b0000 - 0x00007ff95614a000 	C:\WINDOWS\System32\msvcp_win.dll
0x00007ff957fa0000 - 0x00007ff957fd1000 	C:\WINDOWS\System32\IMM32.DLL
0x00007ff929fd0000 - 0x00007ff929fdc000 	C:\Program Files\Microsoft\jdk-17.0.10.7-hotspot\bin\vcruntime140_1.dll
0x00007ff929f40000 - 0x00007ff929fcd000 	C:\Program Files\Microsoft\jdk-17.0.10.7-hotspot\bin\msvcp140.dll
0x00007ff8d48e0000 - 0x00007ff8d5545000 	C:\Program Files\Microsoft\jdk-17.0.10.7-hotspot\bin\server\jvm.dll
0x00007ff957cc0000 - 0x00007ff957d73000 	C:\WINDOWS\System32\ADVAPI32.dll
0x00007ff957ff0000 - 0x00007ff958098000 	C:\WINDOWS\System32\sechost.dll
0x00007ff956210000 - 0x00007ff956238000 	C:\WINDOWS\System32\bcrypt.dll
0x00007ff957550000 - 0x00007ff957667000 	C:\WINDOWS\System32\RPCRT4.dll
0x00007ff936f00000 - 0x00007ff936f09000 	C:\WINDOWS\SYSTEM32\WSOCK32.dll
0x00007ff94d3a0000 - 0x00007ff94d3d4000 	C:\WINDOWS\SYSTEM32\WINMM.dll
0x00007ff955b90000 - 0x00007ff955bdd000 	C:\WINDOWS\SYSTEM32\POWRPROF.dll
0x00007ff957e80000 - 0x00007ff957ef1000 	C:\WINDOWS\System32\WS2_32.dll
0x00007ff94bc30000 - 0x00007ff94bc3a000 	C:\WINDOWS\SYSTEM32\VERSION.dll
0x00007ff955ac0000 - 0x00007ff955ad3000 	C:\WINDOWS\SYSTEM32\UMPDC.dll
0x00007ff954ea0000 - 0x00007ff954eb8000 	C:\WINDOWS\SYSTEM32\kernel.appcore.dll
0x00007ff929f30000 - 0x00007ff929f3a000 	C:\Program Files\Microsoft\jdk-17.0.10.7-hotspot\bin\jimage.dll
0x00007ff94add0000 - 0x00007ff94b003000 	C:\WINDOWS\SYSTEM32\DBGHELP.DLL
0x00007ff956d40000 - 0x00007ff9570c9000 	C:\WINDOWS\System32\combase.dll
0x00007ff957930000 - 0x00007ff957a07000 	C:\WINDOWS\System32\OLEAUT32.dll
0x00007ff947830000 - 0x00007ff947862000 	C:\WINDOWS\SYSTEM32\dbgcore.DLL
0x00007ff955f10000 - 0x00007ff955f8a000 	C:\WINDOWS\System32\bcryptPrimitives.dll
0x00007ff929f20000 - 0x00007ff929f2e000 	C:\Program Files\Microsoft\jdk-17.0.10.7-hotspot\bin\instrument.dll
0x00007ff929ef0000 - 0x00007ff929f15000 	C:\Program Files\Microsoft\jdk-17.0.10.7-hotspot\bin\java.dll
0x00007ff91ca30000 - 0x00007ff91cb07000 	C:\Program Files\Microsoft\jdk-17.0.10.7-hotspot\bin\jsvml.dll
0x00007ff958210000 - 0x00007ff958a6a000 	C:\WINDOWS\System32\SHELL32.dll
0x00007ff953d70000 - 0x00007ff954666000 	C:\WINDOWS\SYSTEM32\windows.storage.dll
0x00007ff953c30000 - 0x00007ff953d6e000 	C:\WINDOWS\SYSTEM32\wintypes.dll
0x00007ff9580a0000 - 0x00007ff958193000 	C:\WINDOWS\System32\SHCORE.dll
0x00007ff9581a0000 - 0x00007ff9581fe000 	C:\WINDOWS\System32\shlwapi.dll
0x00007ff955da0000 - 0x00007ff955dc6000 	C:\WINDOWS\SYSTEM32\profapi.dll
0x00007ff929ed0000 - 0x00007ff929ee8000 	C:\Program Files\Microsoft\jdk-17.0.10.7-hotspot\bin\zip.dll
0x00007ff928c40000 - 0x00007ff928c59000 	C:\Program Files\Microsoft\jdk-17.0.10.7-hotspot\bin\net.dll
0x00007ff94f6e0000 - 0x00007ff94f817000 	C:\WINDOWS\SYSTEM32\WINHTTP.dll
0x00007ff955320000 - 0x00007ff955389000 	C:\WINDOWS\system32\mswsock.dll
0x00007ff928c20000 - 0x00007ff928c36000 	C:\Program Files\Microsoft\jdk-17.0.10.7-hotspot\bin\nio.dll
0x00007ff929ec0000 - 0x00007ff929ed0000 	C:\Program Files\Microsoft\jdk-17.0.10.7-hotspot\bin\verify.dll
0x00007ff9446b0000 - 0x00007ff9446d7000 	C:\Users\devan\.gradle\native\68d5fa5c4cc2d200863cafc0d521ce42e7d3e7ee720ec0a83991735586a16f82\windows-amd64\native-platform.dll
0x00007ff8eaa40000 - 0x00007ff8eab84000 	C:\Users\devan\.gradle\native\e376f236ea51e6404a007f0833ffe2c6e607c4080706a723a18a27aeea778392\windows-amd64\native-platform-file-events.dll
0x00007ff928e00000 - 0x00007ff928e09000 	C:\Program Files\Microsoft\jdk-17.0.10.7-hotspot\bin\management.dll
0x00007ff928c90000 - 0x00007ff928c9b000 	C:\Program Files\Microsoft\jdk-17.0.10.7-hotspot\bin\management_ext.dll
0x00007ff957fe0000 - 0x00007ff957fe8000 	C:\WINDOWS\System32\PSAPI.DLL
0x00007ff955580000 - 0x00007ff95559b000 	C:\WINDOWS\SYSTEM32\CRYPTSP.dll
0x00007ff954de0000 - 0x00007ff954e15000 	C:\WINDOWS\system32\rsaenh.dll
0x00007ff955410000 - 0x00007ff95543c000 	C:\WINDOWS\SYSTEM32\USERENV.dll
0x00007ff955570000 - 0x00007ff95557c000 	C:\WINDOWS\SYSTEM32\CRYPTBASE.dll
0x00007ff9548d0000 - 0x00007ff9548fd000 	C:\WINDOWS\SYSTEM32\IPHLPAPI.DLL
0x00007ff957ae0000 - 0x00007ff957ae9000 	C:\WINDOWS\System32\NSI.dll
0x00007ff94f6c0000 - 0x00007ff94f6d9000 	C:\WINDOWS\SYSTEM32\dhcpcsvc6.DLL
0x00007ff94f570000 - 0x00007ff94f58f000 	C:\WINDOWS\SYSTEM32\dhcpcsvc.DLL
0x00007ff954900000 - 0x00007ff9549f9000 	C:\WINDOWS\SYSTEM32\DNSAPI.dll
0x00007ff928b50000 - 0x00007ff928b59000 	C:\Program Files\Microsoft\jdk-17.0.10.7-hotspot\bin\extnet.dll
0x00007ff928630000 - 0x00007ff92863e000 	C:\Program Files\Microsoft\jdk-17.0.10.7-hotspot\bin\sunmscapi.dll
0x00007ff956710000 - 0x00007ff956876000 	C:\WINDOWS\System32\CRYPT32.dll
0x00007ff955780000 - 0x00007ff9557ae000 	C:\WINDOWS\SYSTEM32\ncrypt.dll
0x00007ff955740000 - 0x00007ff955777000 	C:\WINDOWS\SYSTEM32\NTASN1.dll
0x00007ff949190000 - 0x00007ff949198000 	C:\WINDOWS\system32\wshunix.dll
0x00007ff924f20000 - 0x00007ff924f37000 	C:\WINDOWS\system32\napinsp.dll
0x00007ff924da0000 - 0x00007ff924dbb000 	C:\WINDOWS\system32\pnrpnsp.dll
0x00007ff924970000 - 0x00007ff924981000 	C:\WINDOWS\System32\winrnr.dll
0x00007ff94d050000 - 0x00007ff94d065000 	C:\WINDOWS\system32\wshbth.dll
0x00007ff9223b0000 - 0x00007ff9223d1000 	C:\WINDOWS\system32\nlansp_c.dll
0x00007ff94e9c0000 - 0x00007ff94e9ca000 	C:\Windows\System32\rasadhlp.dll
0x00007ff94d8a0000 - 0x00007ff94d923000 	C:\WINDOWS\System32\fwpuclnt.dll

dbghelp: loaded successfully - version: 4.0.5 - missing functions: none
symbol engine: initialized successfully - sym options: 0x614 - pdb path: .;C:\Program Files\Microsoft\jdk-17.0.10.7-hotspot\bin;C:\WINDOWS\SYSTEM32;C:\WINDOWS\WinSxS\amd64_microsoft.windows.common-controls_6595b64144ccf1df_6.0.22621.2506_none_270c5ae97388e100;C:\Program Files\Microsoft\jdk-17.0.10.7-hotspot\bin\server;C:\Users\devan\.gradle\native\68d5fa5c4cc2d200863cafc0d521ce42e7d3e7ee720ec0a83991735586a16f82\windows-amd64;C:\Users\devan\.gradle\native\e376f236ea51e6404a007f0833ffe2c6e607c4080706a723a18a27aeea778392\windows-amd64

VM Arguments:
jvm_args: -XX:MaxMetaspaceSize=512m --add-opens=java.base/java.util=ALL-UNNAMED --add-opens=java.base/java.lang=ALL-UNNAMED --add-opens=java.base/java.lang.invoke=ALL-UNNAMED --add-opens=java.prefs/java.util.prefs=ALL-UNNAMED --add-opens=java.base/java.nio.charset=ALL-UNNAMED --add-opens=java.base/java.net=ALL-UNNAMED --add-opens=java.base/java.util.concurrent.atomic=ALL-UNNAMED -Xmx2048m -Dfile.encoding=windows-1252 -Duser.country=IN -Duser.language=en -Duser.variant -javaagent:C:\Users\devan\.gradle\wrapper\dists\gradle-8.3-all\6en3ugtfdg5xnpx44z4qbwgas\gradle-8.3\lib\agents\gradle-instrumentation-agent-8.3.jar 
java_command: org.gradle.launcher.daemon.bootstrap.GradleDaemon 8.3
java_class_path (initial): C:\Users\devan\.gradle\wrapper\dists\gradle-8.3-all\6en3ugtfdg5xnpx44z4qbwgas\gradle-8.3\lib\gradle-launcher-8.3.jar
Launcher Type: SUN_STANDARD

[Global flags]
     intx CICompilerCount                          = 12                                        {product} {ergonomic}
   size_t CompressedClassSpaceSize                 = 436207616                                 {product} {ergonomic}
     uint ConcGCThreads                            = 3                                         {product} {ergonomic}
     uint G1ConcRefinementThreads                  = 13                                        {product} {ergonomic}
   size_t G1HeapRegionSize                         = 1048576                                   {product} {ergonomic}
    uintx GCDrainStackTargetSize                   = 64                                        {product} {ergonomic}
   size_t InitialHeapSize                          = 260046848                                 {product} {ergonomic}
   size_t MarkStackSize                            = 4194304                                   {product} {ergonomic}
   size_t MaxHeapSize                              = 2147483648                                {product} {command line}
   size_t MaxMetaspaceSize                         = 536870912                                 {product} {command line}
   size_t MaxNewSize                               = 1287651328                                {product} {ergonomic}
   size_t MinHeapDeltaBytes                        = 1048576                                   {product} {ergonomic}
   size_t MinHeapSize                              = 8388608                                   {product} {ergonomic}
    uintx NonNMethodCodeHeapSize                   = 7602480                                {pd product} {ergonomic}
    uintx NonProfiledCodeHeapSize                  = 122027880                              {pd product} {ergonomic}
    uintx ProfiledCodeHeapSize                     = 122027880                              {pd product} {ergonomic}
    uintx ReservedCodeCacheSize                    = 251658240                              {pd product} {ergonomic}
     bool SegmentedCodeCache                       = true                                      {product} {ergonomic}
   size_t SoftMaxHeapSize                          = 2147483648                             {manageable} {ergonomic}
     bool UseCompressedClassPointers               = true                           {product lp64_product} {ergonomic}
     bool UseCompressedOops                        = true                           {product lp64_product} {ergonomic}
     bool UseG1GC                                  = true                                      {product} {ergonomic}
     bool UseLargePagesIndividualAllocation        = false                                  {pd product} {ergonomic}

Logging:
Log output configuration:
 #0: stdout all=warning uptime,level,tags
 #1: stderr all=off uptime,level,tags

Environment Variables:
JAVA_HOME=C:\Program Files\Microsoft\jdk-17.0.10.7-hotspot\
CLASSPATH=C:\Users\devan\Videos\projects\solarman\solarApp\android\\gradle\wrapper\gradle-wrapper.jar
PATH=C:\Users\devan\Videos\projects\solarman\solarApp\node_modules\.bin;C:\Users\devan\Videos\projects\solarman\solarApp\node_modules\.bin;C:\Users\devan\Videos\projects\solarman\node_modules\.bin;C:\Users\devan\Videos\projects\node_modules\.bin;C:\Users\devan\Videos\node_modules\.bin;C:\Users\devan\node_modules\.bin;C:\Users\node_modules\.bin;C:\node_modules\.bin;C:\Users\devan\AppData\Roaming\npm\node_modules\npm\node_modules\@npmcli\run-script\lib\node-gyp-bin;C:\Users\devan\Videos\projects\solarman\solarApp\node_modules\.bin;C:\Users\devan\Videos\projects\solarman\node_modules\.bin;C:\Users\devan\Videos\projects\node_modules\.bin;C:\Users\devan\Videos\node_modules\.bin;C:\Users\devan\node_modules\.bin;C:\Users\node_modules\.bin;C:\node_modules\.bin;C:\Users\devan\AppData\Roaming\npm\node_modules\npm\node_modules\@npmcli\run-script\lib\node-gyp-bin;C:\Users\devan\AppData\Roaming\.dotnet;C:\Program Files\Microsoft\jdk-17.0.10.7-hotspot\bin;C:\Program Files\NVIDIA GPU Computing Toolkit\CUDA\v8.0\bin;C:\Program Files\NVIDIA GPU Computing Toolkit\CUDA\v8.0\libnvvp;C:\Program Files (x86)\Qualcomm\QDART\\bin;C:\Program Files (x86)\Common Files\Oracle\Java\javapath;C:\Program Files\Common Files\Oracle\Java\javapath;C:\Windows\system32;C:\Windows;C:\Windows\System32\Wbem;C:\Windows\System32\WindowsPowerShell\v1.0\;C:\Windows\System32\OpenSSH\;C:\Program Files (x86)\NVIDIA Corporation\PhysX\Common;C:\Program Files\NVIDIA Corporation\NVIDIA NvDLISR;C:\WINDOWS\system32;C:\WINDOWS;C:\WINDOWS\System32\Wbem;C:\WINDOWS\System32\WindowsPowerShell\v1.0\;C:\WINDOWS\System32\OpenSSH\;C:\Users\devan\AppData\Local\Microsoft\WindowsApps;C:\Users\devan\AppData\Local\Programs\Microsoft VS Code\bin;C:\adb;C:\Program Files\dotnet\;C:\Program Files\Java\jdk-17.0.1\bin;C:\Program Files\PuTTY\;C:\Xilinx\Vivado\2021.1\bin;C:\mingw32\bin;C:\Program Files\NVIDIA Corporation\Nsight Compute 2023.3.1\;C:\WINDOWS\system32;C:\WINDOWS;C:\WINDOWS\System32\Wbem;C:\WINDOWS\System32\WindowsPowerShell\v1.0\;
USERNAME=devang
OS=Windows_NT
PROCESSOR_IDENTIFIER=AMD64 Family 23 Model 96 Stepping 1, AuthenticAMD
TMP=C:\Users\devan\AppData\Local\Temp
TEMP=C:\Users\devan\AppData\Local\Temp



Periodic native trim disabled


---------------  S Y S T E M  ---------------

OS:
 Windows 11 , 64 bit Build 22621 (10.0.22621.2506)
OS uptime: 0 days 16:37 hours
Hyper-V role detected

CPU: total 16 (initial active 16) (16 cores per cpu, 2 threads per core) family 23 model 96 stepping 1 microcode 0x0, cx8, cmov, fxsr, ht, mmx, 3dnowpref, sse, sse2, sse3, ssse3, sse4a, sse4.1, sse4.2, popcnt, lzcnt, tsc, tscinvbit, avx, avx2, aes, clmul, bmi1, bmi2, adx, sha, fma, vzeroupper, clflush, clflushopt, hv
Processor Information for all 16 processors :
  Max Mhz: 2901, Current Mhz: 2901, Mhz Limit: 2901

Memory: 4k page, system-wide physical 15790M (5360M free)
TotalPageFile size 15790M (AvailPageFile size 338M)
current process WorkingSet (physical memory assigned to process): 345M, peak: 345M
current process commit charge ("private bytes"): 399M, peak: 458M

vm_info: OpenJDK 64-Bit Server VM (17.0.10+7-LTS) for windows-amd64 JRE (17.0.10+7-LTS), built on Jan 10 2024 19:47:12 by "MicrosoftCorporation" with MS VC++ 16.10 / 16.11 (VS2019)

END.
