#
# There is insufficient memory for the Java Runtime Environment to continue.
# Native memory allocation (malloc) failed to allocate 2004304 bytes for Chunk::new
# Possible reasons:
#   The system is out of physical RAM or swap space
#   The process is running with CompressedOops enabled, and the Java Heap may be blocking the growth of the native heap
# Possible solutions:
#   Reduce memory load on the system
#   Increase physical memory or swap space
#   Check if swap backing store is full
#   Decrease Java heap size (-Xmx/-Xms)
#   Decrease number of Java threads
#   Decrease Java thread stack sizes (-Xss)
#   Set larger code cache with -XX:ReservedCodeCacheSize=
#   JVM is running with Unscaled Compressed Oops mode in which the Java heap is
#     placed in the first 4GB address space. The Java Heap base address is the
#     maximum limit for the native heap growth. Please use -XX:HeapBaseMinAddress
#     to set the Java Heap base and to place the Java Heap above 4GB virtual address.
# This output file may be truncated or incomplete.
#
#  Out of Memory Error (arena.cpp:191), pid=2020, tid=4528
#
# JRE version: OpenJDK Runtime Environment Temurin-17.0.10+7 (17.0.10+7) (build 17.0.10+7)
# Java VM: OpenJDK 64-Bit Server VM Temurin-17.0.10+7 (17.0.10+7, mixed mode, tiered, compressed oops, compressed class ptrs, parallel gc, windows-amd64)
# No core dump will be written. Minidumps are not enabled by default on client versions of Windows
#

---------------  S U M M A R Y ------------

Command Line: --add-modules=ALL-SYSTEM --add-opens=java.base/java.util=ALL-UNNAMED --add-opens=java.base/java.lang=ALL-UNNAMED --add-opens=java.base/sun.nio.fs=ALL-UNNAMED -Declipse.application=org.eclipse.jdt.ls.core.id1 -Dosgi.bundles.defaultStartLevel=4 -Declipse.product=org.eclipse.jdt.ls.core.product -Djava.import.generatesMetadataFilesAtProjectRoot=false -DDetectVMInstallationsJob.disabled=true -Dfile.encoding=utf8 -XX:+UseParallelGC -XX:GCTimeRatio=4 -XX:AdaptiveSizePolicyWeight=90 -Dsun.zip.disableMemoryMapping=true -Xmx1G -Xms100m -Xlog:disable -javaagent:c:\Users\devan\.vscode\extensions\redhat.java-1.29.0-win32-x64\lombok\lombok-1.18.32.jar -XX:+HeapDumpOnOutOfMemoryError -XX:HeapDumpPath=c:\Users\devan\AppData\Roaming\Code\User\workspaceStorage\5777b845f8ef420473e6a91478c2b9a2\redhat.java -Daether.dependencyCollector.impl=bf c:\Users\devan\.vscode\extensions\redhat.java-1.29.0-win32-x64\server\plugins\org.eclipse.equinox.launcher_1.6.800.v20240304-1850.jar -configuration c:\Users\devan\AppData\Roaming\Code\User\globalStorage\redhat.java\1.29.0\config_win -data c:\Users\devan\AppData\Roaming\Code\User\workspaceStorage\5777b845f8ef420473e6a91478c2b9a2\redhat.java\jdt_ws --stdio

Host: AMD Ryzen 7 4800H with Radeon Graphics         , 16 cores, 15G,  Windows 11 , 64 bit Build 22621 (10.0.22621.2506)
Time: Thu Apr 11 21:22:01 2024 Russia TZ 10 Standard Time elapsed time: 3.501037 seconds (0d 0h 0m 3s)

---------------  T H R E A D  ---------------

Current thread (0x000001e5c5bb0870):  JavaThread "C2 CompilerThread0" daemon [_thread_in_native, id=4528, stack(0x000000dd0dc00000,0x000000dd0dd00000)]


Current CompileTask:
C2:   3501 4767   !   4       org.eclipse.osgi.internal.loader.classpath.ClasspathManager::findLocalClass (210 bytes)

Stack: [0x000000dd0dc00000,0x000000dd0dd00000]
Native frames: (J=compiled Java code, j=interpreted, Vv=VM code, C=native code)
V  [jvm.dll+0x67d2c9]
V  [jvm.dll+0x834afa]
V  [jvm.dll+0x8365be]
V  [jvm.dll+0x836c23]
V  [jvm.dll+0x2477ff]
V  [jvm.dll+0xac514]
V  [jvm.dll+0xacb5c]
V  [jvm.dll+0x3667d7]
V  [jvm.dll+0x330bfa]
V  [jvm.dll+0x33009a]
V  [jvm.dll+0x219ef1]
V  [jvm.dll+0x219311]
V  [jvm.dll+0x1a502d]
V  [jvm.dll+0x2290de]
V  [jvm.dll+0x2272ac]
V  [jvm.dll+0x7e9bb7]
V  [jvm.dll+0x7e3fba]
V  [jvm.dll+0x67c1b5]
C  [ucrtbase.dll+0x29363]
C  [KERNEL32.DLL+0x1257d]
C  [ntdll.dll+0x5aa58]


---------------  P R O C E S S  ---------------

Threads class SMR info:
_java_thread_list=0x000001e5c96adeb0, length=37, elements={
0x000001e5acb72da0, 0x000001e5c09f7020, 0x000001e5c09f92a0, 0x000001e5c5bab310,
0x000001e5c5babde0, 0x000001e5c5bae060, 0x000001e5c5baeb30, 0x000001e5c5bb0870,
0x000001e5c5bb7c90, 0x000001e5c5bc7540, 0x000001e5c5d04470, 0x000001e5c5d5d060,
0x000001e5c5d4bce0, 0x000001e5c5d971f0, 0x000001e5c7c784d0, 0x000001e5c7da17c0,
0x000001e5c7ebc2a0, 0x000001e5c85a9e50, 0x000001e5c89eaf80, 0x000001e5c87b4d30,
0x000001e5c8644100, 0x000001e5c8d69040, 0x000001e5c8ceb1e0, 0x000001e5c8ca8240,
0x000001e5c8cdb7c0, 0x000001e5c8cdb2b0, 0x000001e5c8cdc1e0, 0x000001e5c8cd9960,
0x000001e5c8cdc6f0, 0x000001e5c8cd8f40, 0x000001e5c8cda890, 0x000001e5c8cdada0,
0x000001e5c9d2c940, 0x000001e5c984f0e0, 0x000001e5c9851b60, 0x000001e5c9850b70,
0x000001e5c984f630
}

Java Threads: ( => current thread )
  0x000001e5acb72da0 JavaThread "main" [_thread_blocked, id=17304, stack(0x000000dd0d300000,0x000000dd0d400000)]
  0x000001e5c09f7020 JavaThread "Reference Handler" daemon [_thread_blocked, id=19696, stack(0x000000dd0d600000,0x000000dd0d700000)]
  0x000001e5c09f92a0 JavaThread "Finalizer" daemon [_thread_blocked, id=16428, stack(0x000000dd0d700000,0x000000dd0d800000)]
  0x000001e5c5bab310 JavaThread "Signal Dispatcher" daemon [_thread_blocked, id=12144, stack(0x000000dd0d800000,0x000000dd0d900000)]
  0x000001e5c5babde0 JavaThread "Attach Listener" daemon [_thread_blocked, id=20584, stack(0x000000dd0d900000,0x000000dd0da00000)]
  0x000001e5c5bae060 JavaThread "Service Thread" daemon [_thread_blocked, id=6896, stack(0x000000dd0da00000,0x000000dd0db00000)]
  0x000001e5c5baeb30 JavaThread "Monitor Deflation Thread" daemon [_thread_blocked, id=11284, stack(0x000000dd0db00000,0x000000dd0dc00000)]
=>0x000001e5c5bb0870 JavaThread "C2 CompilerThread0" daemon [_thread_in_native, id=4528, stack(0x000000dd0dc00000,0x000000dd0dd00000)]
  0x000001e5c5bb7c90 JavaThread "C1 CompilerThread0" daemon [_thread_in_vm, id=19568, stack(0x000000dd0dd00000,0x000000dd0de00000)]
  0x000001e5c5bc7540 JavaThread "Sweeper thread" daemon [_thread_blocked, id=19404, stack(0x000000dd0de00000,0x000000dd0df00000)]
  0x000001e5c5d04470 JavaThread "Common-Cleaner" daemon [_thread_blocked, id=2856, stack(0x000000dd0df00000,0x000000dd0e000000)]
  0x000001e5c5d5d060 JavaThread "C1 CompilerThread1" daemon [_thread_in_vm, id=6900, stack(0x000000dd0e000000,0x000000dd0e100000)]
  0x000001e5c5d4bce0 JavaThread "C1 CompilerThread2" daemon [_thread_in_vm, id=16408, stack(0x000000dd0e100000,0x000000dd0e200000)]
  0x000001e5c5d971f0 JavaThread "C2 CompilerThread1" daemon [_thread_in_native, id=8072, stack(0x000000dd0e200000,0x000000dd0e300000)]
  0x000001e5c7c784d0 JavaThread "C1 CompilerThread3" daemon [_thread_in_vm, id=7320, stack(0x000000dd0e300000,0x000000dd0e400000)]
  0x000001e5c7da17c0 JavaThread "Notification Thread" daemon [_thread_blocked, id=16576, stack(0x000000dd0e400000,0x000000dd0e500000)]
  0x000001e5c7ebc2a0 JavaThread "C2 CompilerThread2" daemon [_thread_blocked, id=17716, stack(0x000000dd0e600000,0x000000dd0e700000)]
  0x000001e5c85a9e50 JavaThread "C2 CompilerThread3" daemon [_thread_in_native, id=12684, stack(0x000000dd0e700000,0x000000dd0e800000)]
  0x000001e5c89eaf80 JavaThread "Active Thread: Equinox Container: 8dc5eaf2-7410-415d-b892-3a8ebf662a90" [_thread_blocked, id=4196, stack(0x000000dd0ee00000,0x000000dd0ef00000)]
  0x000001e5c87b4d30 JavaThread "Framework Event Dispatcher: Equinox Container: 8dc5eaf2-7410-415d-b892-3a8ebf662a90" daemon [_thread_blocked, id=8524, stack(0x000000dd0ef00000,0x000000dd0f000000)]
  0x000001e5c8644100 JavaThread "Start Level: Equinox Container: 8dc5eaf2-7410-415d-b892-3a8ebf662a90" daemon [_thread_blocked, id=15368, stack(0x000000dd0f000000,0x000000dd0f100000)]
  0x000001e5c8d69040 JavaThread "Bundle File Closer" daemon [_thread_blocked, id=8316, stack(0x000000dd0f300000,0x000000dd0f400000)]
  0x000001e5c8ceb1e0 JavaThread "SCR Component Actor" daemon [_thread_blocked, id=11844, stack(0x000000dd0f500000,0x000000dd0f600000)]
  0x000001e5c8ca8240 JavaThread "SCR Component Registry" daemon [_thread_blocked, id=1624, stack(0x000000dd0f600000,0x000000dd0f700000)]
  0x000001e5c8cdb7c0 JavaThread "Worker-JM" [_thread_blocked, id=21400, stack(0x000000dd0f700000,0x000000dd0f800000)]
  0x000001e5c8cdb2b0 JavaThread "Worker-0: Updating Maven Dependencies" [_thread_in_Java, id=4748, stack(0x000000dd0fb00000,0x000000dd0fc00000)]
  0x000001e5c8cdc1e0 JavaThread "Worker-1: Repository registry initialization" [_thread_blocked, id=2336, stack(0x000000dd0fc00000,0x000000dd0fd00000)]
  0x000001e5c8cd9960 JavaThread "Java indexing" daemon [_thread_blocked, id=7636, stack(0x000000dd0fd00000,0x000000dd0fe00000)]
  0x000001e5c8cdc6f0 JavaThread "JNA Cleaner" daemon [_thread_blocked, id=3500, stack(0x000000dd0fe00000,0x000000dd0ff00000)]
  0x000001e5c8cd8f40 JavaThread "pool-2-thread-1" [_thread_blocked, id=2116, stack(0x000000dd0ff00000,0x000000dd10000000)]
  0x000001e5c8cda890 JavaThread "WorkspaceEventsHandler" [_thread_blocked, id=19560, stack(0x000000dd10000000,0x000000dd10100000)]
  0x000001e5c8cdada0 JavaThread "pool-1-thread-1" [_thread_blocked, id=10384, stack(0x000000dd10100000,0x000000dd10200000)]
  0x000001e5c9d2c940 JavaThread "Worker-2" [_thread_blocked, id=17984, stack(0x000000dd10200000,0x000000dd10300000)]
  0x000001e5c984f0e0 JavaThread "C2 CompilerThread4" daemon [_thread_in_native, id=20240, stack(0x000000dd10300000,0x000000dd10400000)]
  0x000001e5c9851b60 JavaThread "C2 CompilerThread5" daemon [_thread_blocked, id=14668, stack(0x000000dd10400000,0x000000dd10500000)]
  0x000001e5c9850b70 JavaThread "C2 CompilerThread6" daemon [_thread_blocked, id=6872, stack(0x000000dd10500000,0x000000dd10600000)]
  0x000001e5c984f630 JavaThread "C2 CompilerThread7" daemon [_thread_in_native, id=4544, stack(0x000000dd10600000,0x000000dd10700000)]

Other Threads:
  0x000001e5acc1e970 VMThread "VM Thread" [stack: 0x000000dd0d500000,0x000000dd0d600000] [id=7600]
  0x000001e5c7d4a4c0 WatcherThread [stack: 0x000000dd0e500000,0x000000dd0e600000] [id=17620]
  0x000001e5acb881b0 GCTaskThread "GC Thread#0" [stack: 0x000000dd0d400000,0x000000dd0d500000] [id=4832]
  0x000001e5c83376d0 GCTaskThread "GC Thread#1" [stack: 0x000000dd0e900000,0x000000dd0ea00000] [id=7732]
  0x000001e5c8764640 GCTaskThread "GC Thread#2" [stack: 0x000000dd0ea00000,0x000000dd0eb00000] [id=14612]
  0x000001e5c8764900 GCTaskThread "GC Thread#3" [stack: 0x000000dd0eb00000,0x000000dd0ec00000] [id=16712]
  0x000001e5c8764bc0 GCTaskThread "GC Thread#4" [stack: 0x000000dd0ec00000,0x000000dd0ed00000] [id=16168]
  0x000001e5c8400030 GCTaskThread "GC Thread#5" [stack: 0x000000dd0ed00000,0x000000dd0ee00000] [id=8644]
  0x000001e5c7e381f0 GCTaskThread "GC Thread#6" [stack: 0x000000dd0f100000,0x000000dd0f200000] [id=10488]
  0x000001e5c85ff560 GCTaskThread "GC Thread#7" [stack: 0x000000dd0f200000,0x000000dd0f300000] [id=19032]
  0x000001e5c8fd8e90 GCTaskThread "GC Thread#8" [stack: 0x000000dd0f400000,0x000000dd0f500000] [id=9788]
  0x000001e5c8ed9ec0 GCTaskThread "GC Thread#9" [stack: 0x000000dd0f800000,0x000000dd0f900000] [id=2576]
  0x000001e5c928d6f0 GCTaskThread "GC Thread#10" [stack: 0x000000dd0f900000,0x000000dd0fa00000] [id=8512]
  0x000001e5c8dbafb0 GCTaskThread "GC Thread#11" [stack: 0x000000dd0fa00000,0x000000dd0fb00000] [id=13332]
  0x000001e5c8dbc870 GCTaskThread "GC Thread#12" [stack: 0x000000dd0e800000,0x000000dd0e900000] [id=13612]

Threads with active compile tasks:
C2 CompilerThread0     3513 4767   !   4       org.eclipse.osgi.internal.loader.classpath.ClasspathManager::findLocalClass (210 bytes)
C2 CompilerThread1     3513 5052   !   4       org.eclipse.osgi.internal.loader.classpath.ClasspathManager::defineClass (636 bytes)
C2 CompilerThread3     3513 5084       4       org.eclipse.osgi.internal.loader.BundleLoader::searchHooks (192 bytes)
C2 CompilerThread4     3513 5078       4       java.lang.ClassLoader::getDefinedPackage (36 bytes)
C2 CompilerThread7     3513 5089       4       org.eclipse.sisu.space.asm.ClassReader::readUtf (44 bytes)

VM state: not at safepoint (normal execution)

VM Mutex/Monitor currently owned by a thread: None

Heap address: 0x00000000c0000000, size: 1024 MB, Compressed Oops mode: 32-bit

CDS archive(s) not mapped
Compressed class space mapped at: 0x0000000100000000-0x0000000140000000, reserved size: 1073741824
Narrow klass base: 0x0000000000000000, Narrow klass shift: 3, Narrow klass range: 0x140000000

GC Precious Log:
 CPUs: 16 total, 16 available
 Memory: 15790M
 Large Page Support: Disabled
 NUMA Support: Disabled
 Compressed Oops: Enabled (32-bit)
 Alignments: Space 512K, Generation 512K, Heap 2M
 Heap Min Capacity: 100M
 Heap Initial Capacity: 100M
 Heap Max Capacity: 1G
 Pre-touch: Disabled
 Parallel Workers: 13

Heap:
 PSYoungGen      total 23040K, used 13116K [0x00000000eab00000, 0x00000000ec600000, 0x0000000100000000)
  eden space 22016K, 56% used [0x00000000eab00000,0x00000000eb7171e8,0x00000000ec080000)
  from space 1024K, 71% used [0x00000000ec500000,0x00000000ec5b8000,0x00000000ec600000)
  to   space 1024K, 0% used [0x00000000ec400000,0x00000000ec400000,0x00000000ec500000)
 ParOldGen       total 68608K, used 17603K [0x00000000c0000000, 0x00000000c4300000, 0x00000000eab00000)
  object space 68608K, 25% used [0x00000000c0000000,0x00000000c1130e78,0x00000000c4300000)
 Metaspace       used 43610K, committed 44480K, reserved 1114112K
  class space    used 4516K, committed 4864K, reserved 1048576K

Card table byte_map: [0x000001e5ac500000,0x000001e5ac710000] _byte_map_base: 0x000001e5abf00000

Marking Bits: (ParMarkBitMap*) 0x00007fff875ad7d0
 Begin Bits: [0x000001e5be800000, 0x000001e5bf800000)
 End Bits:   [0x000001e5bf800000, 0x000001e5c0800000)

Polling page: 0x000001e5aaaa0000

Metaspace:

Usage:
  Non-class:     38.18 MB used.
      Class:      4.41 MB used.
       Both:     42.59 MB used.

Virtual space:
  Non-class space:       64.00 MB reserved,      38.69 MB ( 60%) committed,  1 nodes.
      Class space:        1.00 GB reserved,       4.75 MB ( <1%) committed,  1 nodes.
             Both:        1.06 GB reserved,      43.44 MB (  4%) committed. 

Chunk freelists:
   Non-Class:  8.97 MB
       Class:  11.12 MB
        Both:  20.09 MB

MaxMetaspaceSize: unlimited
CompressedClassSpaceSize: 1.00 GB
Initial GC threshold: 21.00 MB
Current GC threshold: 58.38 MB
CDS: off
MetaspaceReclaimPolicy: balanced
 - commit_granule_bytes: 65536.
 - commit_granule_words: 8192.
 - virtual_space_node_default_size: 8388608.
 - enlarge_chunks_in_place: 1.
 - new_chunks_are_fully_committed: 0.
 - uncommit_free_chunks: 1.
 - use_allocation_guard: 0.
 - handle_deallocations: 1.


Internal statistics:

num_allocs_failed_limit: 6.
num_arena_births: 528.
num_arena_deaths: 14.
num_vsnodes_births: 2.
num_vsnodes_deaths: 0.
num_space_committed: 695.
num_space_uncommitted: 0.
num_chunks_returned_to_freelist: 20.
num_chunks_taken_from_freelist: 1962.
num_chunk_merges: 11.
num_chunk_splits: 1302.
num_chunks_enlarged: 896.
num_inconsistent_stats: 0.

CodeHeap 'non-profiled nmethods': size=119168Kb used=2215Kb max_used=2549Kb free=116953Kb
 bounds [0x000001e5b73a0000, 0x000001e5b7620000, 0x000001e5be800000]
CodeHeap 'profiled nmethods': size=119104Kb used=8674Kb max_used=10923Kb free=110429Kb
 bounds [0x000001e5af800000, 0x000001e5b02b0000, 0x000001e5b6c50000]
CodeHeap 'non-nmethods': size=7488Kb used=2978Kb max_used=3040Kb free=4509Kb
 bounds [0x000001e5b6c50000, 0x000001e5b6f50000, 0x000001e5b73a0000]
 total_blobs=4929 nmethods=4310 adapters=529
 compilation: enabled
              stopped_count=0, restarted_count=0
 full_count=0

Compilation events (20 events):
Event: 3.470 Thread 0x000001e5c7c784d0 nmethod 5068 0x000001e5afacf310 code [0x000001e5afacf4e0, 0x000001e5afacf7c8]
Event: 3.475 Thread 0x000001e5c5d4bce0 5069       3       com.google.common.cache.LocalCache::expiresAfterWrite (15 bytes)
Event: 3.475 Thread 0x000001e5c5d4bce0 nmethod 5069 0x000001e5afa53590 code [0x000001e5afa53720, 0x000001e5afa53898]
Event: 3.478 Thread 0x000001e5c7c784d0 5070       3       sun.reflect.annotation.AnnotationParser::parseAnnotations2 (135 bytes)
Event: 3.478 Thread 0x000001e5c5d4bce0 5071       3       sun.reflect.annotation.AnnotationParser$1::run (40 bytes)
Event: 3.478 Thread 0x000001e5c5d5d060 5072       3       java.lang.String::valueOf (5 bytes)
Event: 3.478 Thread 0x000001e5c5d5d060 nmethod 5072 0x000001e5afa57d10 code [0x000001e5afa57ea0, 0x000001e5afa57fa8]
Event: 3.479 Thread 0x000001e5c5d4bce0 nmethod 5071 0x000001e5af8c4110 code [0x000001e5af8c4380, 0x000001e5af8c5158]
Event: 3.479 Thread 0x000001e5c7c784d0 nmethod 5070 0x000001e5af971490 code [0x000001e5af9717e0, 0x000001e5af972978]
Event: 3.481 Thread 0x000001e5c5d5d060 5073       3       com.google.inject.Key::get (12 bytes)
Event: 3.481 Thread 0x000001e5c5d5d060 nmethod 5073 0x000001e5af9e6510 code [0x000001e5af9e6700, 0x000001e5af9e6bc8]
Event: 3.482 Thread 0x000001e5c7c784d0 5074       3       org.eclipse.core.runtime.jobs.Job::getState (5 bytes)
Event: 3.482 Thread 0x000001e5c7c784d0 nmethod 5074 0x000001e5afa61010 code [0x000001e5afa611a0, 0x000001e5afa612e8]
Event: 3.488 Thread 0x000001e5c7c784d0 5075       3       java.util.concurrent.atomic.AtomicReferenceArray::length (6 bytes)
Event: 3.488 Thread 0x000001e5c7c784d0 nmethod 5075 0x000001e5afa7ed10 code [0x000001e5afa7eea0, 0x000001e5afa7efb8]
Event: 3.497 Thread 0x000001e5c7c784d0 5076       3       org.eclipse.sisu.space.asm.ClassReader::readField (666 bytes)
Event: 3.497 Thread 0x000001e5c5bb7c90 5077       3       org.eclipse.sisu.space.asm.ClassVisitor::visitField (24 bytes)
Event: 3.497 Thread 0x000001e5c984f630 nmethod 5023 0x000001e5b75a9810 code [0x000001e5b75a9c00, 0x000001e5b75ad1d8]
Event: 3.497 Thread 0x000001e5c5bb7c90 nmethod 5077 0x000001e5afb43690 code [0x000001e5afb43860, 0x000001e5afb43be8]
Event: 3.499 Thread 0x000001e5c7c784d0 nmethod 5076 0x000001e5afb22710 code [0x000001e5afb22c60, 0x000001e5afb24f88]

GC Heap History (20 events):
Event: 1.901 GC heap before
{Heap before GC invocations=7 (full 1):
 PSYoungGen      total 29696K, used 25600K [0x00000000eab00000, 0x00000000ece00000, 0x0000000100000000)
  eden space 25600K, 100% used [0x00000000eab00000,0x00000000ec400000,0x00000000ec400000)
  from space 4096K, 0% used [0x00000000ec400000,0x00000000ec400000,0x00000000ec800000)
  to   space 5120K, 0% used [0x00000000ec900000,0x00000000ec900000,0x00000000ece00000)
 ParOldGen       total 68608K, used 10425K [0x00000000c0000000, 0x00000000c4300000, 0x00000000eab00000)
  object space 68608K, 15% used [0x00000000c0000000,0x00000000c0a2e4d0,0x00000000c4300000)
 Metaspace       used 24398K, committed 24960K, reserved 1114112K
  class space    used 2462K, committed 2688K, reserved 1048576K
}
Event: 1.903 GC heap after
{Heap after GC invocations=7 (full 1):
 PSYoungGen      total 27136K, used 1936K [0x00000000eab00000, 0x00000000ecb00000, 0x0000000100000000)
  eden space 25088K, 0% used [0x00000000eab00000,0x00000000eab00000,0x00000000ec380000)
  from space 2048K, 94% used [0x00000000ec900000,0x00000000ecae4290,0x00000000ecb00000)
  to   space 3072K, 0% used [0x00000000ec500000,0x00000000ec500000,0x00000000ec800000)
 ParOldGen       total 68608K, used 10433K [0x00000000c0000000, 0x00000000c4300000, 0x00000000eab00000)
  object space 68608K, 15% used [0x00000000c0000000,0x00000000c0a304d0,0x00000000c4300000)
 Metaspace       used 24398K, committed 24960K, reserved 1114112K
  class space    used 2462K, committed 2688K, reserved 1048576K
}
Event: 2.102 GC heap before
{Heap before GC invocations=8 (full 1):
 PSYoungGen      total 27136K, used 27024K [0x00000000eab00000, 0x00000000ecb00000, 0x0000000100000000)
  eden space 25088K, 100% used [0x00000000eab00000,0x00000000ec380000,0x00000000ec380000)
  from space 2048K, 94% used [0x00000000ec900000,0x00000000ecae4290,0x00000000ecb00000)
  to   space 3072K, 0% used [0x00000000ec500000,0x00000000ec500000,0x00000000ec800000)
 ParOldGen       total 68608K, used 10433K [0x00000000c0000000, 0x00000000c4300000, 0x00000000eab00000)
  object space 68608K, 15% used [0x00000000c0000000,0x00000000c0a304d0,0x00000000c4300000)
 Metaspace       used 27349K, committed 27968K, reserved 1114112K
  class space    used 2781K, committed 3008K, reserved 1048576K
}
Event: 2.103 GC heap after
{Heap after GC invocations=8 (full 1):
 PSYoungGen      total 27648K, used 3069K [0x00000000eab00000, 0x00000000ecb00000, 0x0000000100000000)
  eden space 24576K, 0% used [0x00000000eab00000,0x00000000eab00000,0x00000000ec300000)
  from space 3072K, 99% used [0x00000000ec500000,0x00000000ec7ff798,0x00000000ec800000)
  to   space 3072K, 0% used [0x00000000ec800000,0x00000000ec800000,0x00000000ecb00000)
 ParOldGen       total 68608K, used 10713K [0x00000000c0000000, 0x00000000c4300000, 0x00000000eab00000)
  object space 68608K, 15% used [0x00000000c0000000,0x00000000c0a764d0,0x00000000c4300000)
 Metaspace       used 27349K, committed 27968K, reserved 1114112K
  class space    used 2781K, committed 3008K, reserved 1048576K
}
Event: 2.222 GC heap before
{Heap before GC invocations=9 (full 1):
 PSYoungGen      total 27648K, used 27645K [0x00000000eab00000, 0x00000000ecb00000, 0x0000000100000000)
  eden space 24576K, 100% used [0x00000000eab00000,0x00000000ec300000,0x00000000ec300000)
  from space 3072K, 99% used [0x00000000ec500000,0x00000000ec7ff798,0x00000000ec800000)
  to   space 3072K, 0% used [0x00000000ec800000,0x00000000ec800000,0x00000000ecb00000)
 ParOldGen       total 68608K, used 10713K [0x00000000c0000000, 0x00000000c4300000, 0x00000000eab00000)
  object space 68608K, 15% used [0x00000000c0000000,0x00000000c0a764d0,0x00000000c4300000)
 Metaspace       used 29726K, committed 30336K, reserved 1114112K
  class space    used 2927K, committed 3136K, reserved 1048576K
}
Event: 2.223 GC heap after
{Heap after GC invocations=9 (full 1):
 PSYoungGen      total 27136K, used 3062K [0x00000000eab00000, 0x00000000ecb00000, 0x0000000100000000)
  eden space 24064K, 0% used [0x00000000eab00000,0x00000000eab00000,0x00000000ec280000)
  from space 3072K, 99% used [0x00000000ec800000,0x00000000ecafd930,0x00000000ecb00000)
  to   space 4096K, 0% used [0x00000000ec300000,0x00000000ec300000,0x00000000ec700000)
 ParOldGen       total 68608K, used 11169K [0x00000000c0000000, 0x00000000c4300000, 0x00000000eab00000)
  object space 68608K, 16% used [0x00000000c0000000,0x00000000c0ae84d0,0x00000000c4300000)
 Metaspace       used 29726K, committed 30336K, reserved 1114112K
  class space    used 2927K, committed 3136K, reserved 1048576K
}
Event: 2.343 GC heap before
{Heap before GC invocations=10 (full 1):
 PSYoungGen      total 27136K, used 27126K [0x00000000eab00000, 0x00000000ecb00000, 0x0000000100000000)
  eden space 24064K, 100% used [0x00000000eab00000,0x00000000ec280000,0x00000000ec280000)
  from space 3072K, 99% used [0x00000000ec800000,0x00000000ecafd930,0x00000000ecb00000)
  to   space 4096K, 0% used [0x00000000ec300000,0x00000000ec300000,0x00000000ec700000)
 ParOldGen       total 68608K, used 11169K [0x00000000c0000000, 0x00000000c4300000, 0x00000000eab00000)
  object space 68608K, 16% used [0x00000000c0000000,0x00000000c0ae84d0,0x00000000c4300000)
 Metaspace       used 32134K, committed 32704K, reserved 1114112K
  class space    used 3114K, committed 3328K, reserved 1048576K
}
Event: 2.346 GC heap after
{Heap after GC invocations=10 (full 1):
 PSYoungGen      total 27136K, used 3464K [0x00000000eab00000, 0x00000000ec900000, 0x0000000100000000)
  eden space 23552K, 0% used [0x00000000eab00000,0x00000000eab00000,0x00000000ec200000)
  from space 3584K, 96% used [0x00000000ec300000,0x00000000ec6622a8,0x00000000ec680000)
  to   space 2560K, 0% used [0x00000000ec680000,0x00000000ec680000,0x00000000ec900000)
 ParOldGen       total 68608K, used 12771K [0x00000000c0000000, 0x00000000c4300000, 0x00000000eab00000)
  object space 68608K, 18% used [0x00000000c0000000,0x00000000c0c78c68,0x00000000c4300000)
 Metaspace       used 32134K, committed 32704K, reserved 1114112K
  class space    used 3114K, committed 3328K, reserved 1048576K
}
Event: 2.631 GC heap before
{Heap before GC invocations=11 (full 1):
 PSYoungGen      total 27136K, used 27016K [0x00000000eab00000, 0x00000000ec900000, 0x0000000100000000)
  eden space 23552K, 100% used [0x00000000eab00000,0x00000000ec200000,0x00000000ec200000)
  from space 3584K, 96% used [0x00000000ec300000,0x00000000ec6622a8,0x00000000ec680000)
  to   space 2560K, 0% used [0x00000000ec680000,0x00000000ec680000,0x00000000ec900000)
 ParOldGen       total 68608K, used 12771K [0x00000000c0000000, 0x00000000c4300000, 0x00000000eab00000)
  object space 68608K, 18% used [0x00000000c0000000,0x00000000c0c78c68,0x00000000c4300000)
 Metaspace       used 35123K, committed 35840K, reserved 1114112K
  class space    used 3424K, committed 3712K, reserved 1048576K
}
Event: 2.634 GC heap after
{Heap after GC invocations=11 (full 1):
 PSYoungGen      total 25600K, used 2337K [0x00000000eab00000, 0x00000000ec900000, 0x0000000100000000)
  eden space 23040K, 0% used [0x00000000eab00000,0x00000000eab00000,0x00000000ec180000)
  from space 2560K, 91% used [0x00000000ec680000,0x00000000ec8c86e8,0x00000000ec900000)
  to   space 3072K, 0% used [0x00000000ec300000,0x00000000ec300000,0x00000000ec600000)
 ParOldGen       total 68608K, used 14968K [0x00000000c0000000, 0x00000000c4300000, 0x00000000eab00000)
  object space 68608K, 21% used [0x00000000c0000000,0x00000000c0e9e238,0x00000000c4300000)
 Metaspace       used 35123K, committed 35840K, reserved 1114112K
  class space    used 3424K, committed 3712K, reserved 1048576K
}
Event: 2.643 GC heap before
{Heap before GC invocations=12 (full 1):
 PSYoungGen      total 25600K, used 3230K [0x00000000eab00000, 0x00000000ec900000, 0x0000000100000000)
  eden space 23040K, 3% used [0x00000000eab00000,0x00000000eabdf248,0x00000000ec180000)
  from space 2560K, 91% used [0x00000000ec680000,0x00000000ec8c86e8,0x00000000ec900000)
  to   space 3072K, 0% used [0x00000000ec300000,0x00000000ec300000,0x00000000ec600000)
 ParOldGen       total 68608K, used 14968K [0x00000000c0000000, 0x00000000c4300000, 0x00000000eab00000)
  object space 68608K, 21% used [0x00000000c0000000,0x00000000c0e9e238,0x00000000c4300000)
 Metaspace       used 35187K, committed 35840K, reserved 1114112K
  class space    used 3433K, committed 3712K, reserved 1048576K
}
Event: 2.645 GC heap after
{Heap after GC invocations=12 (full 1):
 PSYoungGen      total 23552K, used 320K [0x00000000eab00000, 0x00000000ec700000, 0x0000000100000000)
  eden space 23040K, 0% used [0x00000000eab00000,0x00000000eab00000,0x00000000ec180000)
  from space 512K, 62% used [0x00000000ec300000,0x00000000ec350000,0x00000000ec380000)
  to   space 1536K, 0% used [0x00000000ec580000,0x00000000ec580000,0x00000000ec700000)
 ParOldGen       total 68608K, used 17181K [0x00000000c0000000, 0x00000000c4300000, 0x00000000eab00000)
  object space 68608K, 25% used [0x00000000c0000000,0x00000000c10c7528,0x00000000c4300000)
 Metaspace       used 35187K, committed 35840K, reserved 1114112K
  class space    used 3433K, committed 3712K, reserved 1048576K
}
Event: 2.645 GC heap before
{Heap before GC invocations=13 (full 2):
 PSYoungGen      total 23552K, used 320K [0x00000000eab00000, 0x00000000ec700000, 0x0000000100000000)
  eden space 23040K, 0% used [0x00000000eab00000,0x00000000eab00000,0x00000000ec180000)
  from space 512K, 62% used [0x00000000ec300000,0x00000000ec350000,0x00000000ec380000)
  to   space 1536K, 0% used [0x00000000ec580000,0x00000000ec580000,0x00000000ec700000)
 ParOldGen       total 68608K, used 17181K [0x00000000c0000000, 0x00000000c4300000, 0x00000000eab00000)
  object space 68608K, 25% used [0x00000000c0000000,0x00000000c10c7528,0x00000000c4300000)
 Metaspace       used 35187K, committed 35840K, reserved 1114112K
  class space    used 3433K, committed 3712K, reserved 1048576K
}
Event: 2.671 GC heap after
{Heap after GC invocations=13 (full 2):
 PSYoungGen      total 23552K, used 0K [0x00000000eab00000, 0x00000000ec700000, 0x0000000100000000)
  eden space 23040K, 0% used [0x00000000eab00000,0x00000000eab00000,0x00000000ec180000)
  from space 512K, 0% used [0x00000000ec300000,0x00000000ec300000,0x00000000ec380000)
  to   space 1536K, 0% used [0x00000000ec580000,0x00000000ec580000,0x00000000ec700000)
 ParOldGen       total 68608K, used 15867K [0x00000000c0000000, 0x00000000c4300000, 0x00000000eab00000)
  object space 68608K, 23% used [0x00000000c0000000,0x00000000c0f7ed18,0x00000000c4300000)
 Metaspace       used 35187K, committed 35840K, reserved 1114112K
  class space    used 3433K, committed 3712K, reserved 1048576K
}
Event: 2.915 GC heap before
{Heap before GC invocations=14 (full 2):
 PSYoungGen      total 23552K, used 23040K [0x00000000eab00000, 0x00000000ec700000, 0x0000000100000000)
  eden space 23040K, 100% used [0x00000000eab00000,0x00000000ec180000,0x00000000ec180000)
  from space 512K, 0% used [0x00000000ec300000,0x00000000ec300000,0x00000000ec380000)
  to   space 1536K, 0% used [0x00000000ec580000,0x00000000ec580000,0x00000000ec700000)
 ParOldGen       total 68608K, used 15867K [0x00000000c0000000, 0x00000000c4300000, 0x00000000eab00000)
  object space 68608K, 23% used [0x00000000c0000000,0x00000000c0f7ed18,0x00000000c4300000)
 Metaspace       used 38023K, committed 38848K, reserved 1114112K
  class space    used 3784K, committed 4096K, reserved 1048576K
}
Event: 2.917 GC heap after
{Heap after GC invocations=14 (full 2):
 PSYoungGen      total 23552K, used 1013K [0x00000000eab00000, 0x00000000ec680000, 0x0000000100000000)
  eden space 22528K, 0% used [0x00000000eab00000,0x00000000eab00000,0x00000000ec100000)
  from space 1024K, 98% used [0x00000000ec580000,0x00000000ec67d610,0x00000000ec680000)
  to   space 1536K, 0% used [0x00000000ec380000,0x00000000ec380000,0x00000000ec500000)
 ParOldGen       total 68608K, used 15875K [0x00000000c0000000, 0x00000000c4300000, 0x00000000eab00000)
  object space 68608K, 23% used [0x00000000c0000000,0x00000000c0f80d18,0x00000000c4300000)
 Metaspace       used 38023K, committed 38848K, reserved 1114112K
  class space    used 3784K, committed 4096K, reserved 1048576K
}
Event: 3.154 GC heap before
{Heap before GC invocations=15 (full 2):
 PSYoungGen      total 23552K, used 23541K [0x00000000eab00000, 0x00000000ec680000, 0x0000000100000000)
  eden space 22528K, 100% used [0x00000000eab00000,0x00000000ec100000,0x00000000ec100000)
  from space 1024K, 98% used [0x00000000ec580000,0x00000000ec67d610,0x00000000ec680000)
  to   space 1536K, 0% used [0x00000000ec380000,0x00000000ec380000,0x00000000ec500000)
 ParOldGen       total 68608K, used 15875K [0x00000000c0000000, 0x00000000c4300000, 0x00000000eab00000)
  object space 68608K, 23% used [0x00000000c0000000,0x00000000c0f80d18,0x00000000c4300000)
 Metaspace       used 40746K, committed 41600K, reserved 1114112K
  class space    used 4116K, committed 4480K, reserved 1048576K
}
Event: 3.156 GC heap after
{Heap after GC invocations=15 (full 2):
 PSYoungGen      total 23552K, used 992K [0x00000000eab00000, 0x00000000ec600000, 0x0000000100000000)
  eden space 22016K, 0% used [0x00000000eab00000,0x00000000eab00000,0x00000000ec080000)
  from space 1536K, 64% used [0x00000000ec380000,0x00000000ec478000,0x00000000ec500000)
  to   space 1024K, 0% used [0x00000000ec500000,0x00000000ec500000,0x00000000ec600000)
 ParOldGen       total 68608K, used 16765K [0x00000000c0000000, 0x00000000c4300000, 0x00000000eab00000)
  object space 68608K, 24% used [0x00000000c0000000,0x00000000c105f7e8,0x00000000c4300000)
 Metaspace       used 40746K, committed 41600K, reserved 1114112K
  class space    used 4116K, committed 4480K, reserved 1048576K
}
Event: 3.393 GC heap before
{Heap before GC invocations=16 (full 2):
 PSYoungGen      total 23552K, used 23008K [0x00000000eab00000, 0x00000000ec600000, 0x0000000100000000)
  eden space 22016K, 100% used [0x00000000eab00000,0x00000000ec080000,0x00000000ec080000)
  from space 1536K, 64% used [0x00000000ec380000,0x00000000ec478000,0x00000000ec500000)
  to   space 1024K, 0% used [0x00000000ec500000,0x00000000ec500000,0x00000000ec600000)
 ParOldGen       total 68608K, used 16765K [0x00000000c0000000, 0x00000000c4300000, 0x00000000eab00000)
  object space 68608K, 24% used [0x00000000c0000000,0x00000000c105f7e8,0x00000000c4300000)
 Metaspace       used 42726K, committed 43584K, reserved 1114112K
  class space    used 4395K, committed 4736K, reserved 1048576K
}
Event: 3.394 GC heap after
{Heap after GC invocations=16 (full 2):
 PSYoungGen      total 23040K, used 736K [0x00000000eab00000, 0x00000000ec600000, 0x0000000100000000)
  eden space 22016K, 0% used [0x00000000eab00000,0x00000000eab00000,0x00000000ec080000)
  from space 1024K, 71% used [0x00000000ec500000,0x00000000ec5b8000,0x00000000ec600000)
  to   space 1024K, 0% used [0x00000000ec400000,0x00000000ec400000,0x00000000ec500000)
 ParOldGen       total 68608K, used 17603K [0x00000000c0000000, 0x00000000c4300000, 0x00000000eab00000)
  object space 68608K, 25% used [0x00000000c0000000,0x00000000c1130e78,0x00000000c4300000)
 Metaspace       used 42726K, committed 43584K, reserved 1114112K
  class space    used 4395K, committed 4736K, reserved 1048576K
}

Dll operation events (10 events):
Event: 0.006 Loaded shared library c:\Users\devan\.vscode\extensions\redhat.java-1.29.0-win32-x64\jre\17.0.10-win32-x86_64\bin\java.dll
Event: 0.109 Loaded shared library c:\Users\devan\.vscode\extensions\redhat.java-1.29.0-win32-x64\jre\17.0.10-win32-x86_64\bin\zip.dll
Event: 0.111 Loaded shared library C:\Users\devan\.vscode\extensions\redhat.java-1.29.0-win32-x64\jre\17.0.10-win32-x86_64\bin\instrument.dll
Event: 0.120 Loaded shared library C:\Users\devan\.vscode\extensions\redhat.java-1.29.0-win32-x64\jre\17.0.10-win32-x86_64\bin\net.dll
Event: 0.121 Loaded shared library C:\Users\devan\.vscode\extensions\redhat.java-1.29.0-win32-x64\jre\17.0.10-win32-x86_64\bin\nio.dll
Event: 0.126 Loaded shared library C:\Users\devan\.vscode\extensions\redhat.java-1.29.0-win32-x64\jre\17.0.10-win32-x86_64\bin\zip.dll
Event: 0.139 Loaded shared library C:\Users\devan\.vscode\extensions\redhat.java-1.29.0-win32-x64\jre\17.0.10-win32-x86_64\bin\jimage.dll
Event: 0.186 Loaded shared library c:\Users\devan\.vscode\extensions\redhat.java-1.29.0-win32-x64\jre\17.0.10-win32-x86_64\bin\verify.dll
Event: 0.881 Loaded shared library C:\Users\devan\AppData\Roaming\Code\User\globalStorage\redhat.java\1.29.0\config_win\org.eclipse.equinox.launcher\org.eclipse.equinox.launcher.win32.win32.x86_64_1.2.900.v20240213-1244\eclipse_11900.dll
Event: 2.695 Loaded shared library C:\Users\devan\AppData\Local\Temp\jna--1335164507\jna16608678712103562528.dll

Deoptimization events (20 events):
Event: 3.361 Thread 0x000001e5c8cdb2b0 DEOPT PACKING pc=0x000001e5b760a218 sp=0x000000dd0fbfe660
Event: 3.361 Thread 0x000001e5c8cdb2b0 DEOPT UNPACKING pc=0x000001e5b6ca66a3 sp=0x000000dd0fbfe5d0 mode 2
Event: 3.361 Thread 0x000001e5c8cdb2b0 Uncommon trap: trap_request=0xffffff45 fr.pc=0x000001e5b7612400 relative=0x0000000000000da0
Event: 3.361 Thread 0x000001e5c8cdb2b0 Uncommon trap: reason=unstable_if action=reinterpret pc=0x000001e5b7612400 method=sun.nio.cs.StreamDecoder.read0()I @ 39 c2
Event: 3.362 Thread 0x000001e5c8cdb2b0 DEOPT PACKING pc=0x000001e5b7612400 sp=0x000000dd0fbfe1e0
Event: 3.362 Thread 0x000001e5c8cdb2b0 DEOPT UNPACKING pc=0x000001e5b6ca66a3 sp=0x000000dd0fbfe0d8 mode 2
Event: 3.388 Thread 0x000001e5c8cdb2b0 DEOPT PACKING pc=0x000001e5af9ddfd7 sp=0x000000dd0fbfe4e0
Event: 3.388 Thread 0x000001e5c8cdb2b0 DEOPT UNPACKING pc=0x000001e5b6ca6e43 sp=0x000000dd0fbfd9c8 mode 0
Event: 3.498 Thread 0x000001e5c8cdb2b0 Uncommon trap: trap_request=0xffffffbe fr.pc=0x000001e5b75ab888 relative=0x0000000000001c88
Event: 3.498 Thread 0x000001e5c8cdb2b0 Uncommon trap: reason=profile_predicate action=maybe_recompile pc=0x000001e5b75ab888 method=org.eclipse.osgi.internal.loader.BundleLoader.searchHooks(Ljava/lang/String;I)Ljava/lang/Object; @ 186 c2
Event: 3.498 Thread 0x000001e5c8cdb2b0 DEOPT PACKING pc=0x000001e5b75ab888 sp=0x000000dd0fbfe2f0
Event: 3.498 Thread 0x000001e5c8cdb2b0 DEOPT UNPACKING pc=0x000001e5b6ca66a3 sp=0x000000dd0fbfe2e8 mode 2
Event: 3.498 Thread 0x000001e5c8cdb2b0 Uncommon trap: trap_request=0xffffffbe fr.pc=0x000001e5b75ab888 relative=0x0000000000001c88
Event: 3.498 Thread 0x000001e5c8cdb2b0 Uncommon trap: reason=profile_predicate action=maybe_recompile pc=0x000001e5b75ab888 method=org.eclipse.osgi.internal.loader.BundleLoader.searchHooks(Ljava/lang/String;I)Ljava/lang/Object; @ 186 c2
Event: 3.498 Thread 0x000001e5c8cdb2b0 DEOPT PACKING pc=0x000001e5b75ab888 sp=0x000000dd0fbfe2f0
Event: 3.498 Thread 0x000001e5c8cdb2b0 DEOPT UNPACKING pc=0x000001e5b6ca66a3 sp=0x000000dd0fbfe2e8 mode 2
Event: 3.499 Thread 0x000001e5c8cdb2b0 Uncommon trap: trap_request=0xffffffbe fr.pc=0x000001e5b75ab888 relative=0x0000000000001c88
Event: 3.499 Thread 0x000001e5c8cdb2b0 Uncommon trap: reason=profile_predicate action=maybe_recompile pc=0x000001e5b75ab888 method=org.eclipse.osgi.internal.loader.BundleLoader.searchHooks(Ljava/lang/String;I)Ljava/lang/Object; @ 186 c2
Event: 3.499 Thread 0x000001e5c8cdb2b0 DEOPT PACKING pc=0x000001e5b75ab888 sp=0x000000dd0fbfe2f0
Event: 3.499 Thread 0x000001e5c8cdb2b0 DEOPT UNPACKING pc=0x000001e5b6ca66a3 sp=0x000000dd0fbfe2e8 mode 2

Classes unloaded (7 events):
Event: 1.576 Thread 0x000001e5acc1e970 Unloading class 0x000000010024c400 'java/lang/invoke/LambdaForm$MH+0x000000010024c400'
Event: 1.576 Thread 0x000001e5acc1e970 Unloading class 0x000000010024c000 'java/lang/invoke/LambdaForm$MH+0x000000010024c000'
Event: 1.576 Thread 0x000001e5acc1e970 Unloading class 0x000000010024bc00 'java/lang/invoke/LambdaForm$MH+0x000000010024bc00'
Event: 1.576 Thread 0x000001e5acc1e970 Unloading class 0x000000010024b800 'java/lang/invoke/LambdaForm$MH+0x000000010024b800'
Event: 1.576 Thread 0x000001e5acc1e970 Unloading class 0x000000010024b400 'java/lang/invoke/LambdaForm$BMH+0x000000010024b400'
Event: 1.576 Thread 0x000001e5acc1e970 Unloading class 0x000000010024b000 'java/lang/invoke/LambdaForm$DMH+0x000000010024b000'
Event: 1.576 Thread 0x000001e5acc1e970 Unloading class 0x0000000100248400 'java/lang/invoke/LambdaForm$DMH+0x0000000100248400'

Classes redefined (0 events):
No events

Internal exceptions (20 events):
Event: 2.934 Thread 0x000001e5acb72da0 Exception <a 'java/lang/IncompatibleClassChangeError'{0x00000000ead8f240}: Found class java.lang.Object, but interface was expected> (0x00000000ead8f240) 
thrown [s\src\hotspot\share\interpreter\linkResolver.cpp, line 826]
Event: 3.058 Thread 0x000001e5c8cdb2b0 Exception <a 'java/lang/NoSuchMethodError'{0x00000000eb8d2f18}: 'java.lang.Object java.lang.invoke.DirectMethodHandle$Holder.invokeStaticInit(java.lang.Object, java.lang.Object, java.lang.Object, java.lang.Object, java.lang.Object, java.lang.Object, java.lang.Object)'> (0x00000000eb8d2f18) 
thrown [s\src\hotspot\share\interpreter\linkResolver.cpp, line 759]
Event: 3.059 Thread 0x000001e5c8cdb2b0 Exception <a 'java/lang/NoSuchMethodError'{0x00000000eb8dc070}: 'java.lang.Object java.lang.invoke.DirectMethodHandle$Holder.invokeSpecial(java.lang.Object, java.lang.Object, java.lang.Object, java.lang.Object, java.lang.Object, java.lang.Object, java.lang.Object, java.lang.Object, java.lang.Object)'> (0x00000000eb8dc070) 
thrown [s\src\hotspot\share\interpreter\linkResolver.cpp, line 759]
Event: 3.060 Thread 0x000001e5c8cdb2b0 Exception <a 'java/lang/NoSuchMethodError'{0x00000000eb8e11a0}: 'java.lang.Object java.lang.invoke.Invokers$Holder.invoke_MT(java.lang.Object, java.lang.Object, java.lang.Object, java.lang.Object, java.lang.Object, java.lang.Object, java.lang.Object, java.lang.Object, java.lang.Object)'> (0x00000000eb8e11a0) 
thrown [s\src\hotspot\share\interpreter\linkResolver.cpp, line 759]
Event: 3.064 Thread 0x000001e5c8cdb2b0 Exception <a 'java/lang/NoSuchMethodError'{0x00000000eb929810}: 'int java.lang.invoke.DirectMethodHandle$Holder.invokeVirtual(java.lang.Object, java.lang.Object, java.lang.Object)'> (0x00000000eb929810) 
thrown [s\src\hotspot\share\interpreter\linkResolver.cpp, line 759]
Event: 3.064 Thread 0x000001e5c8cdb2b0 Exception <a 'java/lang/NoSuchMethodError'{0x00000000eb92d308}: 'int java.lang.invoke.DirectMethodHandle$Holder.invokeVirtual(java.lang.Object, java.lang.Object)'> (0x00000000eb92d308) 
thrown [s\src\hotspot\share\interpreter\linkResolver.cpp, line 759]
Event: 3.064 Thread 0x000001e5c8cdb2b0 Exception <a 'java/lang/NoSuchMethodError'{0x00000000eb931a98}: 'int java.lang.invoke.DirectMethodHandle$Holder.invokeStaticInit(java.lang.Object, int, int)'> (0x00000000eb931a98) 
thrown [s\src\hotspot\share\interpreter\linkResolver.cpp, line 759]
Event: 3.065 Thread 0x000001e5c8cdb2b0 Exception <a 'java/lang/NoSuchMethodError'{0x00000000eb939738}: 'int java.lang.invoke.DirectMethodHandle$Holder.invokeStaticInit(java.lang.Object, long, long)'> (0x00000000eb939738) 
thrown [s\src\hotspot\share\interpreter\linkResolver.cpp, line 759]
Event: 3.066 Thread 0x000001e5c8cdb2b0 Exception <a 'java/lang/NoSuchMethodError'{0x00000000eb940a20}: 'int java.lang.invoke.DirectMethodHandle$Holder.invokeStaticInit(java.lang.Object, float, float)'> (0x00000000eb940a20) 
thrown [s\src\hotspot\share\interpreter\linkResolver.cpp, line 759]
Event: 3.067 Thread 0x000001e5c8cdb2b0 Exception <a 'java/lang/NoSuchMethodError'{0x00000000eb958220}: 'int java.lang.invoke.DirectMethodHandle$Holder.invokeStaticInit(java.lang.Object, double, double)'> (0x00000000eb958220) 
thrown [s\src\hotspot\share\interpreter\linkResolver.cpp, line 759]
Event: 3.067 Thread 0x000001e5c8cdb2b0 Exception <a 'java/lang/NoSuchMethodError'{0x00000000eb95ca78}: 'int java.lang.invoke.DirectMethodHandle$Holder.invokeStatic(java.lang.Object, long)'> (0x00000000eb95ca78) 
thrown [s\src\hotspot\share\interpreter\linkResolver.cpp, line 759]
Event: 3.071 Thread 0x000001e5c8cdb2b0 Exception <a 'java/lang/NoSuchMethodError'{0x00000000eb9983a8}: 'int java.lang.invoke.Invokers$Holder.linkToTargetMethod(java.lang.Object, java.lang.Object)'> (0x00000000eb9983a8) 
thrown [s\src\hotspot\share\interpreter\linkResolver.cpp, line 759]
Event: 3.071 Thread 0x000001e5c8cdc1e0 Exception <a 'java/lang/NoSuchMethodError'{0x00000000eb99b2b0}: 'int java.lang.invoke.Invokers$Holder.linkToTargetMethod(java.lang.Object, java.lang.Object)'> (0x00000000eb99b2b0) 
thrown [s\src\hotspot\share\interpreter\linkResolver.cpp, line 759]
Event: 3.072 Thread 0x000001e5c8cdc1e0 Exception <a 'java/lang/NoSuchMethodError'{0x00000000eb9acd38}: 'int java.lang.invoke.DirectMethodHandle$Holder.invokeSpecial(java.lang.Object, java.lang.Object, java.lang.Object, java.lang.Object)'> (0x00000000eb9acd38) 
thrown [s\src\hotspot\share\interpreter\linkResolver.cpp, line 759]
Event: 3.074 Thread 0x000001e5c8cdc1e0 Exception <a 'java/lang/NoSuchMethodError'{0x00000000eb9e94e8}: 'java.lang.Object java.lang.invoke.DirectMethodHandle$Holder.invokeStatic(java.lang.Object, int, java.lang.Object, java.lang.Object)'> (0x00000000eb9e94e8) 
thrown [s\src\hotspot\share\interpreter\linkResolver.cpp, line 759]
Event: 3.074 Thread 0x000001e5c8cdc1e0 Exception <a 'java/lang/NoSuchMethodError'{0x00000000eb9f7f60}: 'java.lang.Object java.lang.invoke.DelegatingMethodHandle$Holder.delegate(java.lang.Object, int, java.lang.Object, java.lang.Object)'> (0x00000000eb9f7f60) 
thrown [s\src\hotspot\share\interpreter\linkResolver.cpp, line 759]
Event: 3.078 Thread 0x000001e5c8cdc1e0 Exception <a 'java/lang/NoSuchMethodError'{0x00000000eba33de0}: 'int java.lang.invoke.Invokers$Holder.linkToTargetMethod(java.lang.Object, java.lang.Object, java.lang.Object)'> (0x00000000eba33de0) 
thrown [s\src\hotspot\share\interpreter\linkResolver.cpp, line 759]
Event: 3.103 Thread 0x000001e5c8cdb2b0 Exception <a 'java/lang/NoSuchMethodError'{0x00000000ebb5fdc0}: 'java.lang.Object java.lang.invoke.DirectMethodHandle$Holder.invokeSpecialIFC(java.lang.Object, java.lang.Object, java.lang.Object, java.lang.Object)'> (0x00000000ebb5fdc0) 
thrown [s\src\hotspot\share\interpreter\linkResolver.cpp, line 759]
Event: 3.201 Thread 0x000001e5c8cdb2b0 Exception <a 'java/lang/NoSuchMethodError'{0x00000000eaf66780}: 'int java.lang.invoke.DirectMethodHandle$Holder.invokeSpecialIFC(java.lang.Object, java.lang.Object, java.lang.Object, java.lang.Object, java.lang.Object)'> (0x00000000eaf66780) 
thrown [s\src\hotspot\share\interpreter\linkResolver.cpp, line 759]
Event: 3.281 Thread 0x000001e5c8cdb2b0 Exception <a 'java/lang/NoClassDefFoundError'{0x00000000eb5faf50}: javax/enterprise/inject/Typed> (0x00000000eb5faf50) 
thrown [s\src\hotspot\share\classfile\systemDictionary.cpp, line 245]

VM Operations (20 events):
Event: 2.708 Executing VM operation: HandshakeAllThreads
Event: 2.708 Executing VM operation: HandshakeAllThreads done
Event: 2.915 Executing VM operation: ParallelGCFailedAllocation
Event: 2.917 Executing VM operation: ParallelGCFailedAllocation done
Event: 3.073 Executing VM operation: HandshakeAllThreads
Event: 3.074 Executing VM operation: HandshakeAllThreads done
Event: 3.075 Executing VM operation: HandshakeAllThreads
Event: 3.075 Executing VM operation: HandshakeAllThreads done
Event: 3.154 Executing VM operation: ParallelGCFailedAllocation
Event: 3.156 Executing VM operation: ParallelGCFailedAllocation done
Event: 3.272 Executing VM operation: HandshakeAllThreads
Event: 3.272 Executing VM operation: HandshakeAllThreads done
Event: 3.357 Executing VM operation: HandshakeAllThreads
Event: 3.358 Executing VM operation: HandshakeAllThreads done
Event: 3.377 Executing VM operation: HandshakeAllThreads
Event: 3.377 Executing VM operation: HandshakeAllThreads done
Event: 3.391 Executing VM operation: HandshakeAllThreads
Event: 3.392 Executing VM operation: HandshakeAllThreads done
Event: 3.393 Executing VM operation: ParallelGCFailedAllocation
Event: 3.394 Executing VM operation: ParallelGCFailedAllocation done

Events (20 events):
Event: 3.400 Thread 0x000001e5c5bc7540 flushing nmethod 0x000001e5b013d090
Event: 3.400 Thread 0x000001e5c5bc7540 flushing nmethod 0x000001e5b0147710
Event: 3.400 Thread 0x000001e5c5bc7540 flushing nmethod 0x000001e5b014aa90
Event: 3.400 Thread 0x000001e5c5bc7540 flushing nmethod 0x000001e5b0174e90
Event: 3.400 Thread 0x000001e5c5bc7540 flushing nmethod 0x000001e5b0178010
Event: 3.400 Thread 0x000001e5c5bc7540 flushing nmethod 0x000001e5b0187690
Event: 3.400 Thread 0x000001e5c5bc7540 flushing nmethod 0x000001e5b01a4910
Event: 3.400 Thread 0x000001e5c5bc7540 flushing nmethod 0x000001e5b01c7b10
Event: 3.400 Thread 0x000001e5c5bc7540 flushing nmethod 0x000001e5b0221010
Event: 3.400 Thread 0x000001e5c5bc7540 flushing nmethod 0x000001e5b0221d10
Event: 3.400 Thread 0x000001e5c5bc7540 flushing nmethod 0x000001e5b0228910
Event: 3.400 Thread 0x000001e5c5bc7540 flushing nmethod 0x000001e5b0258510
Event: 3.400 Thread 0x000001e5c5bc7540 flushing nmethod 0x000001e5b0258d90
Event: 3.400 Thread 0x000001e5c5bc7540 flushing nmethod 0x000001e5b0259590
Event: 3.400 Thread 0x000001e5c5bc7540 flushing nmethod 0x000001e5b0259c90
Event: 3.401 Thread 0x000001e5c5bc7540 flushing nmethod 0x000001e5b025a210
Event: 3.401 Thread 0x000001e5c5bc7540 flushing nmethod 0x000001e5b025b590
Event: 3.401 Thread 0x000001e5c5bc7540 flushing nmethod 0x000001e5b025b990
Event: 3.401 Thread 0x000001e5c5bc7540 flushing nmethod 0x000001e5b025cf90
Event: 3.401 Thread 0x000001e5c5bc7540 flushing nmethod 0x000001e5b025f210


Dynamic libraries:
0x00007ff65ae40000 - 0x00007ff65ae4e000 	c:\Users\devan\.vscode\extensions\redhat.java-1.29.0-win32-x64\jre\17.0.10-win32-x86_64\bin\java.exe
0x00007ff813f10000 - 0x00007ff814127000 	C:\WINDOWS\SYSTEM32\ntdll.dll
0x00007ff812930000 - 0x00007ff8129f4000 	C:\WINDOWS\System32\KERNEL32.DLL
0x00007ff8113a0000 - 0x00007ff811746000 	C:\WINDOWS\System32\KERNELBASE.dll
0x00007ff811b40000 - 0x00007ff811c51000 	C:\WINDOWS\System32\ucrtbase.dll
0x00007ffff39b0000 - 0x00007ffff39c7000 	c:\Users\devan\.vscode\extensions\redhat.java-1.29.0-win32-x64\jre\17.0.10-win32-x86_64\bin\jli.dll
0x00007ffff0e20000 - 0x00007ffff0e3b000 	c:\Users\devan\.vscode\extensions\redhat.java-1.29.0-win32-x64\jre\17.0.10-win32-x86_64\bin\VCRUNTIME140.dll
0x00007ff812780000 - 0x00007ff81292e000 	C:\WINDOWS\System32\USER32.dll
0x00007ff811750000 - 0x00007ff811776000 	C:\WINDOWS\System32\win32u.dll
0x00007ff809140000 - 0x00007ff8093d3000 	C:\WINDOWS\WinSxS\amd64_microsoft.windows.common-controls_6595b64144ccf1df_6.0.22621.2506_none_270c5ae97388e100\COMCTL32.dll
0x00007ff813a50000 - 0x00007ff813a79000 	C:\WINDOWS\System32\GDI32.dll
0x00007ff8138d0000 - 0x00007ff813977000 	C:\WINDOWS\System32\msvcrt.dll
0x00007ff811a20000 - 0x00007ff811b38000 	C:\WINDOWS\System32\gdi32full.dll
0x00007ff811300000 - 0x00007ff81139a000 	C:\WINDOWS\System32\msvcp_win.dll
0x00007ff812be0000 - 0x00007ff812c11000 	C:\WINDOWS\System32\IMM32.DLL
0x00007ff8090a0000 - 0x00007ff8090ac000 	c:\Users\devan\.vscode\extensions\redhat.java-1.29.0-win32-x64\jre\17.0.10-win32-x86_64\bin\vcruntime140_1.dll
0x00007fffc6390000 - 0x00007fffc641d000 	c:\Users\devan\.vscode\extensions\redhat.java-1.29.0-win32-x64\jre\17.0.10-win32-x86_64\bin\msvcp140.dll
0x00007fff86a10000 - 0x00007fff87672000 	c:\Users\devan\.vscode\extensions\redhat.java-1.29.0-win32-x64\jre\17.0.10-win32-x86_64\bin\server\jvm.dll
0x00007ff812e80000 - 0x00007ff812f33000 	C:\WINDOWS\System32\ADVAPI32.dll
0x00007ff813980000 - 0x00007ff813a28000 	C:\WINDOWS\System32\sechost.dll
0x00007ff811250000 - 0x00007ff811278000 	C:\WINDOWS\System32\bcrypt.dll
0x00007ff8137b0000 - 0x00007ff8138c7000 	C:\WINDOWS\System32\RPCRT4.dll
0x00007ff810ea0000 - 0x00007ff810eed000 	C:\WINDOWS\SYSTEM32\POWRPROF.dll
0x00007ffff8bd0000 - 0x00007ffff8bd9000 	C:\WINDOWS\SYSTEM32\WSOCK32.dll
0x00007ff812a00000 - 0x00007ff812a71000 	C:\WINDOWS\System32\WS2_32.dll
0x00007ff808d60000 - 0x00007ff808d6a000 	C:\WINDOWS\SYSTEM32\VERSION.dll
0x00007ff809ef0000 - 0x00007ff809f24000 	C:\WINDOWS\SYSTEM32\WINMM.dll
0x00007ff810e80000 - 0x00007ff810e93000 	C:\WINDOWS\SYSTEM32\UMPDC.dll
0x00007ff810260000 - 0x00007ff810278000 	C:\WINDOWS\SYSTEM32\kernel.appcore.dll
0x00007ff808e70000 - 0x00007ff808e7a000 	c:\Users\devan\.vscode\extensions\redhat.java-1.29.0-win32-x64\jre\17.0.10-win32-x86_64\bin\jimage.dll
0x00007ff808030000 - 0x00007ff808263000 	C:\WINDOWS\SYSTEM32\DBGHELP.DLL
0x00007ff8133c0000 - 0x00007ff813749000 	C:\WINDOWS\System32\combase.dll
0x00007ff811cc0000 - 0x00007ff811d97000 	C:\WINDOWS\System32\OLEAUT32.dll
0x00007ff8058e0000 - 0x00007ff805912000 	C:\WINDOWS\SYSTEM32\dbgcore.DLL
0x00007ff811280000 - 0x00007ff8112fa000 	C:\WINDOWS\System32\bcryptPrimitives.dll
0x00007ff808dc0000 - 0x00007ff808dce000 	c:\Users\devan\.vscode\extensions\redhat.java-1.29.0-win32-x64\jre\17.0.10-win32-x86_64\bin\instrument.dll
0x00007fffe94f0000 - 0x00007fffe9515000 	c:\Users\devan\.vscode\extensions\redhat.java-1.29.0-win32-x64\jre\17.0.10-win32-x86_64\bin\java.dll
0x00007fffeef20000 - 0x00007fffeef38000 	c:\Users\devan\.vscode\extensions\redhat.java-1.29.0-win32-x64\jre\17.0.10-win32-x86_64\bin\zip.dll
0x00007ff811e00000 - 0x00007ff81265a000 	C:\WINDOWS\System32\SHELL32.dll
0x00007ff80f150000 - 0x00007ff80fa46000 	C:\WINDOWS\SYSTEM32\windows.storage.dll
0x00007ff80f010000 - 0x00007ff80f14e000 	C:\WINDOWS\SYSTEM32\wintypes.dll
0x00007ff813dd0000 - 0x00007ff813ec3000 	C:\WINDOWS\System32\SHCORE.dll
0x00007ff811da0000 - 0x00007ff811dfe000 	C:\WINDOWS\System32\shlwapi.dll
0x00007ff811180000 - 0x00007ff8111a6000 	C:\WINDOWS\SYSTEM32\profapi.dll
0x00007fffebec0000 - 0x00007fffebed9000 	C:\Users\devan\.vscode\extensions\redhat.java-1.29.0-win32-x64\jre\17.0.10-win32-x86_64\bin\net.dll
0x00007ff80b170000 - 0x00007ff80b2a7000 	C:\WINDOWS\SYSTEM32\WINHTTP.dll
0x00007ff810700000 - 0x00007ff810769000 	C:\WINDOWS\system32\mswsock.dll
0x00007fffeb1d0000 - 0x00007fffeb1e6000 	C:\Users\devan\.vscode\extensions\redhat.java-1.29.0-win32-x64\jre\17.0.10-win32-x86_64\bin\nio.dll
0x00007ff808360000 - 0x00007ff808370000 	c:\Users\devan\.vscode\extensions\redhat.java-1.29.0-win32-x64\jre\17.0.10-win32-x86_64\bin\verify.dll
0x00007fffeb840000 - 0x00007fffeb87e000 	C:\Users\devan\AppData\Roaming\Code\User\globalStorage\redhat.java\1.29.0\config_win\org.eclipse.equinox.launcher\org.eclipse.equinox.launcher.win32.win32.x86_64_1.2.900.v20240213-1244\eclipse_11900.dll
0x00007ff812cd0000 - 0x00007ff812e70000 	C:\WINDOWS\System32\ole32.dll
0x00007ff8109c0000 - 0x00007ff8109db000 	C:\WINDOWS\SYSTEM32\CRYPTSP.dll
0x00007ff8101c0000 - 0x00007ff8101f5000 	C:\WINDOWS\system32\rsaenh.dll
0x00007ff810860000 - 0x00007ff81088c000 	C:\WINDOWS\SYSTEM32\USERENV.dll
0x00007ff8109e0000 - 0x00007ff8109ec000 	C:\WINDOWS\SYSTEM32\CRYPTBASE.dll
0x00007ff80fcb0000 - 0x00007ff80fcdd000 	C:\WINDOWS\SYSTEM32\IPHLPAPI.DLL
0x00007ff812e70000 - 0x00007ff812e79000 	C:\WINDOWS\System32\NSI.dll
0x00007ff80a620000 - 0x00007ff80a639000 	C:\WINDOWS\SYSTEM32\dhcpcsvc6.DLL
0x00007ff80a5c0000 - 0x00007ff80a5df000 	C:\WINDOWS\SYSTEM32\dhcpcsvc.DLL
0x00007ff80fce0000 - 0x00007ff80fdd9000 	C:\WINDOWS\SYSTEM32\DNSAPI.dll
0x00007fffeb7f0000 - 0x00007fffeb835000 	C:\Users\devan\AppData\Local\Temp\jna--1335164507\jna16608678712103562528.dll
0x00007ff812a80000 - 0x00007ff812a88000 	C:\WINDOWS\System32\PSAPI.DLL

dbghelp: loaded successfully - version: 4.0.5 - missing functions: none
symbol engine: initialized successfully - sym options: 0x614 - pdb path: .;c:\Users\devan\.vscode\extensions\redhat.java-1.29.0-win32-x64\jre\17.0.10-win32-x86_64\bin;C:\WINDOWS\SYSTEM32;C:\WINDOWS\WinSxS\amd64_microsoft.windows.common-controls_6595b64144ccf1df_6.0.22621.2506_none_270c5ae97388e100;c:\Users\devan\.vscode\extensions\redhat.java-1.29.0-win32-x64\jre\17.0.10-win32-x86_64\bin\server;C:\Users\devan\AppData\Roaming\Code\User\globalStorage\redhat.java\1.29.0\config_win\org.eclipse.equinox.launcher\org.eclipse.equinox.launcher.win32.win32.x86_64_1.2.900.v20240213-1244;C:\Users\devan\AppData\Local\Temp\jna--1335164507

VM Arguments:
jvm_args: --add-modules=ALL-SYSTEM --add-opens=java.base/java.util=ALL-UNNAMED --add-opens=java.base/java.lang=ALL-UNNAMED --add-opens=java.base/sun.nio.fs=ALL-UNNAMED -Declipse.application=org.eclipse.jdt.ls.core.id1 -Dosgi.bundles.defaultStartLevel=4 -Declipse.product=org.eclipse.jdt.ls.core.product -Djava.import.generatesMetadataFilesAtProjectRoot=false -DDetectVMInstallationsJob.disabled=true -Dfile.encoding=utf8 -XX:+UseParallelGC -XX:GCTimeRatio=4 -XX:AdaptiveSizePolicyWeight=90 -Dsun.zip.disableMemoryMapping=true -Xmx1G -Xms100m -Xlog:disable -javaagent:c:\Users\devan\.vscode\extensions\redhat.java-1.29.0-win32-x64\lombok\lombok-1.18.32.jar -XX:+HeapDumpOnOutOfMemoryError -XX:HeapDumpPath=c:\Users\devan\AppData\Roaming\Code\User\workspaceStorage\5777b845f8ef420473e6a91478c2b9a2\redhat.java -Daether.dependencyCollector.impl=bf 
java_command: c:\Users\devan\.vscode\extensions\redhat.java-1.29.0-win32-x64\server\plugins\org.eclipse.equinox.launcher_1.6.800.v20240304-1850.jar -configuration c:\Users\devan\AppData\Roaming\Code\User\globalStorage\redhat.java\1.29.0\config_win -data c:\Users\devan\AppData\Roaming\Code\User\workspaceStorage\5777b845f8ef420473e6a91478c2b9a2\redhat.java\jdt_ws --stdio
java_class_path (initial): c:\Users\devan\.vscode\extensions\redhat.java-1.29.0-win32-x64\server\plugins\org.eclipse.equinox.launcher_1.6.800.v20240304-1850.jar
Launcher Type: SUN_STANDARD

[Global flags]
    uintx AdaptiveSizePolicyWeight                 = 90                                        {product} {command line}
     intx CICompilerCount                          = 12                                        {product} {ergonomic}
    uintx GCTimeRatio                              = 4                                         {product} {command line}
     bool HeapDumpOnOutOfMemoryError               = true                                   {manageable} {command line}
    ccstr HeapDumpPath                             = c:\Users\devan\AppData\Roaming\Code\User\workspaceStorage\5777b845f8ef420473e6a91478c2b9a2\redhat.java         {manageable} {command line}
   size_t InitialHeapSize                          = 104857600                                 {product} {command line}
   size_t MaxHeapSize                              = 1073741824                                {product} {command line}
   size_t MaxNewSize                               = 357564416                                 {product} {ergonomic}
   size_t MinHeapDeltaBytes                        = 524288                                    {product} {ergonomic}
   size_t MinHeapSize                              = 104857600                                 {product} {command line}
   size_t NewSize                                  = 34603008                                  {product} {ergonomic}
    uintx NonNMethodCodeHeapSize                   = 7602480                                {pd product} {ergonomic}
    uintx NonProfiledCodeHeapSize                  = 122027880                              {pd product} {ergonomic}
   size_t OldSize                                  = 70254592                                  {product} {ergonomic}
    uintx ProfiledCodeHeapSize                     = 122027880                              {pd product} {ergonomic}
    uintx ReservedCodeCacheSize                    = 251658240                              {pd product} {ergonomic}
     bool SegmentedCodeCache                       = true                                      {product} {ergonomic}
   size_t SoftMaxHeapSize                          = 1073741824                             {manageable} {ergonomic}
     bool UseCompressedClassPointers               = true                           {product lp64_product} {ergonomic}
     bool UseCompressedOops                        = true                           {product lp64_product} {ergonomic}
     bool UseLargePagesIndividualAllocation        = false                                  {pd product} {ergonomic}
     bool UseParallelGC                            = true                                      {product} {command line}

Logging:
Log output configuration:
 #0: stdout all=off uptime,level,tags
 #1: stderr all=off uptime,level,tags

Environment Variables:
JAVA_HOME=C:\Program Files\Microsoft\jdk-17.0.10.7-hotspot\
PATH=C:\Users\devan\AppData\Roaming\.dotnet;C:\Program Files\Microsoft\jdk-17.0.10.7-hotspot\bin;C:\Program Files\NVIDIA GPU Computing Toolkit\CUDA\v8.0\bin;C:\Program Files\NVIDIA GPU Computing Toolkit\CUDA\v8.0\libnvvp;C:\Program Files (x86)\Qualcomm\QDART\\bin;C:\Program Files (x86)\Common Files\Oracle\Java\javapath;C:\Program Files\Common Files\Oracle\Java\javapath;C:\Windows\system32;C:\Windows;C:\Windows\System32\Wbem;C:\Windows\System32\WindowsPowerShell\v1.0\;C:\Windows\System32\OpenSSH\;C:\Program Files (x86)\NVIDIA Corporation\PhysX\Common;C:\Program Files\NVIDIA Corporation\NVIDIA NvDLISR;C:\WINDOWS\system32;C:\WINDOWS;C:\WINDOWS\System32\Wbem;C:\WINDOWS\System32\WindowsPowerShell\v1.0\;C:\WINDOWS\System32\OpenSSH\;C:\Users\devan\AppData\Local\Microsoft\WindowsApps;C:\Users\devan\AppData\Local\Programs\Microsoft VS Code\bin;C:\adb;C:\Program Files\dotnet\;C:\Program Files\Java\jdk-17.0.1\bin;C:\Program Files\PuTTY\;C:\Xilinx\Vivado\2021.1\bin;C:\mingw32\bin;C:\Program Files\NVIDIA Corporation\Nsight Compute 2023.3.1\;C:\WINDOWS\system32;C:\WINDOWS;C:\WINDOWS\System32\Wbem;C:\WINDOWS\System32\WindowsPowerShell\v1.0\;C:\WINDOWS\System32\OpenSSH\;C:\Program Files\nodejs\;C:\ProgramData\chocolatey\bin;C:\Program Files\Docker\Docker\resources\bin;C:\Program Files\Microsoft SQL Server\150\Tools\Binn\;C:\Program Files\Microsoft SQL Server\Client SDK\ODBC\170\Tools\Binn\;C:\Program Files (x86)\Microsoft SQL Server\160\DTS\Binn\;C:\Program Files (x86)\Microsoft SQL Server\160\Tools\Binn\;C:\Program Files\Microsoft SQL Server\160\Tools\Binn\;C:\Program Files\Microsoft SQL Server\160\DTS\Binn\;C:\Program Files\Git\cmd;C:\Users\devan\AppData\Roaming\.dotnet;C:\Users\devan\AppData\Local\Android\Sdk\platform-tools;C:\Users\devan\AppData\Local\Android\Sdk\tools;C:\Program Files\MySQL\MySQL Shell 8.0\bin\;C:\Users\devan\AppData\Local\Programs\Python\Python310\Scripts\;C:\Users\devan\AppData\Local\Programs\Python\Python310\;%USERPROFILE%\AppData\Local\Microsoft\WindowsApps;C
USERNAME=devang
OS=Windows_NT
PROCESSOR_IDENTIFIER=AMD64 Family 23 Model 96 Stepping 1, AuthenticAMD
TMP=C:\Users\devan\AppData\Local\Temp
TEMP=C:\Users\devan\AppData\Local\Temp



Periodic native trim disabled


---------------  S Y S T E M  ---------------

OS:
 Windows 11 , 64 bit Build 22621 (10.0.22621.2506)
OS uptime: 0 days 18:57 hours
Hyper-V role detected

CPU: total 16 (initial active 16) (16 cores per cpu, 2 threads per core) family 23 model 96 stepping 1 microcode 0x0, cx8, cmov, fxsr, ht, mmx, 3dnowpref, sse, sse2, sse3, ssse3, sse4a, sse4.1, sse4.2, popcnt, lzcnt, tsc, tscinvbit, avx, avx2, aes, clmul, bmi1, bmi2, adx, sha, fma, vzeroupper, clflush, clflushopt, hv
Processor Information for all 16 processors :
  Max Mhz: 2901, Current Mhz: 2901, Mhz Limit: 2901

Memory: 4k page, system-wide physical 15790M (4628M free)
TotalPageFile size 15790M (AvailPageFile size 5M)
current process WorkingSet (physical memory assigned to process): 205M, peak: 205M
current process commit charge ("private bytes"): 315M, peak: 317M

vm_info: OpenJDK 64-Bit Server VM (17.0.10+7) for windows-amd64 JRE (17.0.10+7), built on Jan 16 2024 23:25:11 by "admin" with MS VC++ 16.10 / 16.11 (VS2019)

END.
