#
# There is insufficient memory for the Java Runtime Environment to continue.
# Native memory allocation (malloc) failed to allocate 474576 bytes for Chunk::new
# Possible reasons:
#   The system is out of physical RAM or swap space
#   The process is running with CompressedOops enabled, and the Java Heap may be blocking the growth of the native heap
# Possible solutions:
#   Reduce memory load on the system
#   Increase physical memory or swap space
#   Check if swap backing store is full
#   Decrease Java heap size (-Xmx/-Xms)
#   Decrease number of Java threads
#   Decrease Java thread stack sizes (-Xss)
#   Set larger code cache with -XX:ReservedCodeCacheSize=
#   JVM is running with Unscaled Compressed Oops mode in which the Java heap is
#     placed in the first 4GB address space. The Java Heap base address is the
#     maximum limit for the native heap growth. Please use -XX:HeapBaseMinAddress
#     to set the Java Heap base and to place the Java Heap above 4GB virtual address.
# This output file may be truncated or incomplete.
#
#  Out of Memory Error (arena.cpp:191), pid=19216, tid=17740
#
# JRE version: OpenJDK Runtime Environment Temurin-17.0.10+7 (17.0.10+7) (build 17.0.10+7)
# Java VM: OpenJDK 64-Bit Server VM Temurin-17.0.10+7 (17.0.10+7, mixed mode, tiered, compressed oops, compressed class ptrs, parallel gc, windows-amd64)
# No core dump will be written. Minidumps are not enabled by default on client versions of Windows
#

---------------  S U M M A R Y ------------

Command Line: --add-modules=ALL-SYSTEM --add-opens=java.base/java.util=ALL-UNNAMED --add-opens=java.base/java.lang=ALL-UNNAMED --add-opens=java.base/sun.nio.fs=ALL-UNNAMED -Declipse.application=org.eclipse.jdt.ls.core.id1 -Dosgi.bundles.defaultStartLevel=4 -Declipse.product=org.eclipse.jdt.ls.core.product -Djava.import.generatesMetadataFilesAtProjectRoot=false -DDetectVMInstallationsJob.disabled=true -Dfile.encoding=utf8 -XX:+UseParallelGC -XX:GCTimeRatio=4 -XX:AdaptiveSizePolicyWeight=90 -Dsun.zip.disableMemoryMapping=true -Xmx1G -Xms100m -Xlog:disable -javaagent:c:\Users\devan\.vscode\extensions\redhat.java-1.29.0-win32-x64\lombok\lombok-1.18.32.jar -XX:+HeapDumpOnOutOfMemoryError -XX:HeapDumpPath=c:\Users\devan\AppData\Roaming\Code\User\workspaceStorage\5777b845f8ef420473e6a91478c2b9a2\redhat.java -Daether.dependencyCollector.impl=bf c:\Users\devan\.vscode\extensions\redhat.java-1.29.0-win32-x64\server\plugins\org.eclipse.equinox.launcher_1.6.800.v20240304-1850.jar -configuration c:\Users\devan\AppData\Roaming\Code\User\globalStorage\redhat.java\1.29.0\config_win -data c:\Users\devan\AppData\Roaming\Code\User\workspaceStorage\5777b845f8ef420473e6a91478c2b9a2\redhat.java\jdt_ws --stdio

Host: AMD Ryzen 7 4800H with Radeon Graphics         , 16 cores, 15G,  Windows 11 , 64 bit Build 22621 (10.0.22621.2506)
Time: Thu Apr 11 21:21:58 2024 Russia TZ 10 Standard Time elapsed time: 0.595331 seconds (0d 0h 0m 0s)

---------------  T H R E A D  ---------------

Current thread (0x0000020b23c675b0):  JavaThread "C2 CompilerThread1" daemon [_thread_in_native, id=17740, stack(0x0000003795400000,0x0000003795500000)]


Current CompileTask:
C2:    595  837   !   4       java.util.jar.Attributes::read (498 bytes)

Stack: [0x0000003795400000,0x0000003795500000]
Native frames: (J=compiled Java code, j=interpreted, Vv=VM code, C=native code)
V  [jvm.dll+0x67d2c9]
V  [jvm.dll+0x834afa]
V  [jvm.dll+0x8365be]
V  [jvm.dll+0x836c23]
V  [jvm.dll+0x2477ff]
V  [jvm.dll+0xac514]
V  [jvm.dll+0xacb5c]
V  [jvm.dll+0x366782]
V  [jvm.dll+0x1bcd86]
V  [jvm.dll+0x21a049]
V  [jvm.dll+0x219311]
V  [jvm.dll+0x1a502d]
V  [jvm.dll+0x2290de]
V  [jvm.dll+0x2272ac]
V  [jvm.dll+0x7e9bb7]
V  [jvm.dll+0x7e3fba]
V  [jvm.dll+0x67c1b5]
C  [ucrtbase.dll+0x29363]
C  [KERNEL32.DLL+0x1257d]
C  [ntdll.dll+0x5aa58]


---------------  P R O C E S S  ---------------

Threads class SMR info:
_java_thread_list=0x0000020b1e94b830, length=20, elements={
0x0000020b0aac3980, 0x0000020b1e948020, 0x0000020b1e949b60, 0x0000020b23aa0a50,
0x0000020b23aa16e0, 0x0000020b23aa6c70, 0x0000020b23aa9660, 0x0000020b23ab0b70,
0x0000020b23ab3ce0, 0x0000020b23abd9f0, 0x0000020b23c24560, 0x0000020b23c2c690,
0x0000020b23c591b0, 0x0000020b23c675b0, 0x0000020b25b6d830, 0x0000020b25bfbc40,
0x0000020b25bfaeb0, 0x0000020b261e1fc0, 0x0000020b25f2c810, 0x0000020b25d5f010
}

Java Threads: ( => current thread )
  0x0000020b0aac3980 JavaThread "main" [_thread_in_vm, id=3736, stack(0x0000003794500000,0x0000003794600000)]
  0x0000020b1e948020 JavaThread "Reference Handler" daemon [_thread_blocked, id=19692, stack(0x0000003794800000,0x0000003794900000)]
  0x0000020b1e949b60 JavaThread "Finalizer" daemon [_thread_blocked, id=16440, stack(0x0000003794900000,0x0000003794a00000)]
  0x0000020b23aa0a50 JavaThread "Signal Dispatcher" daemon [_thread_blocked, id=18740, stack(0x0000003794a00000,0x0000003794b00000)]
  0x0000020b23aa16e0 JavaThread "Attach Listener" daemon [_thread_blocked, id=16720, stack(0x0000003794b00000,0x0000003794c00000)]
  0x0000020b23aa6c70 JavaThread "Service Thread" daemon [_thread_blocked, id=21132, stack(0x0000003794c00000,0x0000003794d00000)]
  0x0000020b23aa9660 JavaThread "Monitor Deflation Thread" daemon [_thread_blocked, id=11048, stack(0x0000003794d00000,0x0000003794e00000)]
  0x0000020b23ab0b70 JavaThread "C2 CompilerThread0" daemon [_thread_blocked, id=8220, stack(0x0000003794e00000,0x0000003794f00000)]
  0x0000020b23ab3ce0 JavaThread "C1 CompilerThread0" daemon [_thread_blocked, id=9916, stack(0x0000003794f00000,0x0000003795000000)]
  0x0000020b23abd9f0 JavaThread "Sweeper thread" daemon [_thread_blocked, id=12536, stack(0x0000003795000000,0x0000003795100000)]
  0x0000020b23c24560 JavaThread "Common-Cleaner" daemon [_thread_blocked, id=1756, stack(0x0000003795100000,0x0000003795200000)]
  0x0000020b23c2c690 JavaThread "C1 CompilerThread1" daemon [_thread_blocked, id=3836, stack(0x0000003795200000,0x0000003795300000)]
  0x0000020b23c591b0 JavaThread "C1 CompilerThread2" daemon [_thread_blocked, id=11840, stack(0x0000003795300000,0x0000003795400000)]
=>0x0000020b23c675b0 JavaThread "C2 CompilerThread1" daemon [_thread_in_native, id=17740, stack(0x0000003795400000,0x0000003795500000)]
  0x0000020b25b6d830 JavaThread "C1 CompilerThread3" daemon [_thread_in_native, id=19120, stack(0x0000003795500000,0x0000003795600000)]
  0x0000020b25bfbc40 JavaThread "Notification Thread" daemon [_thread_blocked, id=408, stack(0x0000003795600000,0x0000003795700000)]
  0x0000020b25bfaeb0 JavaThread "C2 CompilerThread2" daemon [_thread_blocked, id=17000, stack(0x0000003795800000,0x0000003795900000)]
  0x0000020b261e1fc0 JavaThread "C2 CompilerThread3" daemon [_thread_blocked, id=21192, stack(0x0000003795900000,0x0000003795a00000)]
  0x0000020b25f2c810 JavaThread "C2 CompilerThread4" daemon [_thread_blocked, id=3816, stack(0x0000003795a00000,0x0000003795b00000)]
  0x0000020b25d5f010 JavaThread "C2 CompilerThread5" daemon [_thread_blocked, id=4444, stack(0x0000003795b00000,0x0000003795c00000)]

Other Threads:
  0x0000020b1e933110 VMThread "VM Thread" [stack: 0x0000003794700000,0x0000003794800000] [id=18784]
  0x0000020b25bfc120 WatcherThread [stack: 0x0000003795700000,0x0000003795800000] [id=21240]
  0x0000020b0aadc300 GCTaskThread "GC Thread#0" [stack: 0x0000003794600000,0x0000003794700000] [id=19252]

Threads with active compile tasks:
C2 CompilerThread1      604  837   !   4       java.util.jar.Attributes::read (498 bytes)

VM state: not at safepoint (normal execution)

VM Mutex/Monitor currently owned by a thread: None

Heap address: 0x00000000c0000000, size: 1024 MB, Compressed Oops mode: 32-bit

CDS archive(s) not mapped
Compressed class space mapped at: 0x0000000100000000-0x0000000140000000, reserved size: 1073741824
Narrow klass base: 0x0000000000000000, Narrow klass shift: 3, Narrow klass range: 0x140000000

GC Precious Log:
 CPUs: 16 total, 16 available
 Memory: 15790M
 Large Page Support: Disabled
 NUMA Support: Disabled
 Compressed Oops: Enabled (32-bit)
 Alignments: Space 512K, Generation 512K, Heap 2M
 Heap Min Capacity: 100M
 Heap Initial Capacity: 100M
 Heap Max Capacity: 1G
 Pre-touch: Disabled
 Parallel Workers: 13

Heap:
 PSYoungGen      total 29696K, used 24915K [0x00000000eab00000, 0x00000000ecc00000, 0x0000000100000000)
  eden space 25600K, 97% used [0x00000000eab00000,0x00000000ec354f50,0x00000000ec400000)
  from space 4096K, 0% used [0x00000000ec800000,0x00000000ec800000,0x00000000ecc00000)
  to   space 4096K, 0% used [0x00000000ec400000,0x00000000ec400000,0x00000000ec800000)
 ParOldGen       total 68608K, used 0K [0x00000000c0000000, 0x00000000c4300000, 0x00000000eab00000)
  object space 68608K, 0% used [0x00000000c0000000,0x00000000c0000000,0x00000000c4300000)
 Metaspace       used 10452K, committed 10624K, reserved 1114112K
  class space    used 1037K, committed 1088K, reserved 1048576K

Card table byte_map: [0x0000020b0a450000,0x0000020b0a660000] _byte_map_base: 0x0000020b09e50000

Marking Bits: (ParMarkBitMap*) 0x00007fff875ad7d0
 Begin Bits: [0x0000020b1c750000, 0x0000020b1d750000)
 End Bits:   [0x0000020b1d750000, 0x0000020b1e750000)

Polling page: 0x0000020b08a60000

Metaspace:

Usage:
  Non-class:      9.20 MB used.
      Class:      1.01 MB used.
       Both:     10.21 MB used.

Virtual space:
  Non-class space:       64.00 MB reserved,       9.31 MB ( 15%) committed,  1 nodes.
      Class space:        1.00 GB reserved,       1.06 MB ( <1%) committed,  1 nodes.
             Both:        1.06 GB reserved,      10.38 MB ( <1%) committed. 

Chunk freelists:
   Non-Class:  6.48 MB
       Class:  14.97 MB
        Both:  21.45 MB

MaxMetaspaceSize: unlimited
CompressedClassSpaceSize: 1.00 GB
Initial GC threshold: 21.00 MB
Current GC threshold: 21.00 MB
CDS: off
MetaspaceReclaimPolicy: balanced
 - commit_granule_bytes: 65536.
 - commit_granule_words: 8192.
 - virtual_space_node_default_size: 8388608.
 - enlarge_chunks_in_place: 1.
 - new_chunks_are_fully_committed: 0.
 - uncommit_free_chunks: 1.
 - use_allocation_guard: 0.
 - handle_deallocations: 1.


Internal statistics:

num_allocs_failed_limit: 0.
num_arena_births: 14.
num_arena_deaths: 0.
num_vsnodes_births: 2.
num_vsnodes_deaths: 0.
num_space_committed: 166.
num_space_uncommitted: 0.
num_chunks_returned_to_freelist: 0.
num_chunks_taken_from_freelist: 75.
num_chunk_merges: 0.
num_chunk_splits: 47.
num_chunks_enlarged: 40.
num_inconsistent_stats: 0.

CodeHeap 'non-profiled nmethods': size=119168Kb used=379Kb max_used=379Kb free=118789Kb
 bounds [0x0000020b152f0000, 0x0000020b15560000, 0x0000020b1c750000]
CodeHeap 'profiled nmethods': size=119104Kb used=1554Kb max_used=1554Kb free=117549Kb
 bounds [0x0000020b0d750000, 0x0000020b0d9c0000, 0x0000020b14ba0000]
CodeHeap 'non-nmethods': size=7488Kb used=2830Kb max_used=2857Kb free=4657Kb
 bounds [0x0000020b14ba0000, 0x0000020b14e70000, 0x0000020b152f0000]
 total_blobs=1344 nmethods=912 adapters=344
 compilation: enabled
              stopped_count=0, restarted_count=0
 full_count=0

Compilation events (20 events):
Event: 0.585 Thread 0x0000020b23c2c690  883   !   3       jdk.internal.loader.BuiltinClassLoader::loadClassOrNull (143 bytes)
Event: 0.585 Thread 0x0000020b23c591b0 nmethod 882 0x0000020b0d8bfa10 code [0x0000020b0d8bfde0, 0x0000020b0d8c28b8]
Event: 0.586 Thread 0x0000020b25b6d830  884       1       java.util.zip.ZipEntry::getSize (5 bytes)
Event: 0.586 Thread 0x0000020b25b6d830 nmethod 884 0x0000020b1534da10 code [0x0000020b1534dba0, 0x0000020b1534dc78]
Event: 0.586 Thread 0x0000020b23c2c690 nmethod 883 0x0000020b0d8c3590 code [0x0000020b0d8c38c0, 0x0000020b0d8c4db8]
Event: 0.587 Thread 0x0000020b23ab3ce0  885       1       java.nio.HeapByteBuffer::isDirect (2 bytes)
Event: 0.588 Thread 0x0000020b23c2c690  886   !   3       java.util.zip.ZipFile$ZipFileInputStream::close (59 bytes)
Event: 0.588 Thread 0x0000020b25b6d830  888       3       java.util.WeakHashMap::remove (131 bytes)
Event: 0.588 Thread 0x0000020b23c591b0  887       3       java.util.Collections$SetFromMap::remove (19 bytes)
Event: 0.588 Thread 0x0000020b23ab3ce0 nmethod 885 0x0000020b1534dd10 code [0x0000020b1534dea0, 0x0000020b1534df78]
Event: 0.588 Thread 0x0000020b23c591b0 nmethod 887 0x0000020b0d8c5610 code [0x0000020b0d8c57c0, 0x0000020b0d8c59e8]
Event: 0.588 Thread 0x0000020b23c2c690 nmethod 886 0x0000020b0d8c5a90 code [0x0000020b0d8c5c40, 0x0000020b0d8c5fa8]
Event: 0.588 Thread 0x0000020b25b6d830 nmethod 888 0x0000020b0d8c6190 code [0x0000020b0d8c63c0, 0x0000020b0d8c6e58]
Event: 0.591 Thread 0x0000020b23ab3ce0  889       3       jdk.internal.loader.BuiltinClassLoader::loadClass (22 bytes)
Event: 0.591 Thread 0x0000020b25b6d830  890       3       java.util.LinkedHashMap::get (29 bytes)
Event: 0.591 Thread 0x0000020b23c591b0  891       3       sun.security.provider.DigestBase::engineUpdate (189 bytes)
Event: 0.591 Thread 0x0000020b23ab3ce0 nmethod 889 0x0000020b0d8c7290 code [0x0000020b0d8c7440, 0x0000020b0d8c76d8]
Event: 0.591 Thread 0x0000020b25b6d830 nmethod 890 0x0000020b0d8c7810 code [0x0000020b0d8c79c0, 0x0000020b0d8c7c18]
Event: 0.592 Thread 0x0000020b23c591b0 nmethod 891 0x0000020b0d8c7d10 code [0x0000020b0d8c7f80, 0x0000020b0d8c8c38]
Event: 0.593 Thread 0x0000020b23ab3ce0  893   !   3       java.util.zip.ZipFile$Source::getEntryPos (195 bytes)

GC Heap History (0 events):
No events

Dll operation events (8 events):
Event: 0.008 Loaded shared library c:\Users\devan\.vscode\extensions\redhat.java-1.29.0-win32-x64\jre\17.0.10-win32-x86_64\bin\java.dll
Event: 0.121 Loaded shared library c:\Users\devan\.vscode\extensions\redhat.java-1.29.0-win32-x64\jre\17.0.10-win32-x86_64\bin\zip.dll
Event: 0.123 Loaded shared library C:\Users\devan\.vscode\extensions\redhat.java-1.29.0-win32-x64\jre\17.0.10-win32-x86_64\bin\instrument.dll
Event: 0.133 Loaded shared library C:\Users\devan\.vscode\extensions\redhat.java-1.29.0-win32-x64\jre\17.0.10-win32-x86_64\bin\net.dll
Event: 0.135 Loaded shared library C:\Users\devan\.vscode\extensions\redhat.java-1.29.0-win32-x64\jre\17.0.10-win32-x86_64\bin\nio.dll
Event: 0.140 Loaded shared library C:\Users\devan\.vscode\extensions\redhat.java-1.29.0-win32-x64\jre\17.0.10-win32-x86_64\bin\zip.dll
Event: 0.153 Loaded shared library C:\Users\devan\.vscode\extensions\redhat.java-1.29.0-win32-x64\jre\17.0.10-win32-x86_64\bin\jimage.dll
Event: 0.201 Loaded shared library c:\Users\devan\.vscode\extensions\redhat.java-1.29.0-win32-x64\jre\17.0.10-win32-x86_64\bin\verify.dll

Deoptimization events (20 events):
Event: 0.566 Thread 0x0000020b0aac3980 Uncommon trap: trap_request=0xffffffde fr.pc=0x0000020b1533f988 relative=0x0000000000000a48
Event: 0.566 Thread 0x0000020b0aac3980 Uncommon trap: reason=class_check action=maybe_recompile pc=0x0000020b1533f988 method=java.util.HashMap.putVal(ILjava/lang/Object;Ljava/lang/Object;ZZ)Ljava/lang/Object; @ 203 c2
Event: 0.566 Thread 0x0000020b0aac3980 DEOPT PACKING pc=0x0000020b1533f988 sp=0x00000037945fdb20
Event: 0.566 Thread 0x0000020b0aac3980 DEOPT UNPACKING pc=0x0000020b14bf66a3 sp=0x00000037945fda48 mode 2
Event: 0.566 Thread 0x0000020b0aac3980 Uncommon trap: trap_request=0xffffffde fr.pc=0x0000020b1533f988 relative=0x0000000000000a48
Event: 0.566 Thread 0x0000020b0aac3980 Uncommon trap: reason=class_check action=maybe_recompile pc=0x0000020b1533f988 method=java.util.HashMap.putVal(ILjava/lang/Object;Ljava/lang/Object;ZZ)Ljava/lang/Object; @ 203 c2
Event: 0.566 Thread 0x0000020b0aac3980 DEOPT PACKING pc=0x0000020b1533f988 sp=0x00000037945fdb20
Event: 0.566 Thread 0x0000020b0aac3980 DEOPT UNPACKING pc=0x0000020b14bf66a3 sp=0x00000037945fda48 mode 2
Event: 0.584 Thread 0x0000020b0aac3980 Uncommon trap: trap_request=0xffffffde fr.pc=0x0000020b1532aaf0 relative=0x0000000000000510
Event: 0.584 Thread 0x0000020b0aac3980 Uncommon trap: reason=class_check action=maybe_recompile pc=0x0000020b1532aaf0 method=java.util.Collections$UnmodifiableCollection$1.<init>(Ljava/util/Collections$UnmodifiableCollection;)V @ 17 c2
Event: 0.584 Thread 0x0000020b0aac3980 DEOPT PACKING pc=0x0000020b1532aaf0 sp=0x00000037945fe390
Event: 0.584 Thread 0x0000020b0aac3980 DEOPT UNPACKING pc=0x0000020b14bf66a3 sp=0x00000037945fe2d8 mode 2
Event: 0.584 Thread 0x0000020b0aac3980 Uncommon trap: trap_request=0xffffffc6 fr.pc=0x0000020b1531ac1c relative=0x000000000000027c
Event: 0.584 Thread 0x0000020b0aac3980 Uncommon trap: reason=bimorphic_or_optimized_type_check action=maybe_recompile pc=0x0000020b1531ac1c method=java.util.Collections$UnmodifiableCollection$1.next()Ljava/lang/Object; @ 4 c2
Event: 0.584 Thread 0x0000020b0aac3980 DEOPT PACKING pc=0x0000020b1531ac1c sp=0x00000037945fe3a0
Event: 0.584 Thread 0x0000020b0aac3980 DEOPT UNPACKING pc=0x0000020b14bf66a3 sp=0x00000037945fe350 mode 2
Event: 0.584 Thread 0x0000020b0aac3980 Uncommon trap: trap_request=0xffffffc6 fr.pc=0x0000020b1531ac1c relative=0x000000000000027c
Event: 0.584 Thread 0x0000020b0aac3980 Uncommon trap: reason=bimorphic_or_optimized_type_check action=maybe_recompile pc=0x0000020b1531ac1c method=java.util.Collections$UnmodifiableCollection$1.next()Ljava/lang/Object; @ 4 c2
Event: 0.584 Thread 0x0000020b0aac3980 DEOPT PACKING pc=0x0000020b1531ac1c sp=0x00000037945fe3a0
Event: 0.584 Thread 0x0000020b0aac3980 DEOPT UNPACKING pc=0x0000020b14bf66a3 sp=0x00000037945fe350 mode 2

Classes unloaded (0 events):
No events

Classes redefined (0 events):
No events

Internal exceptions (14 events):
Event: 0.102 Thread 0x0000020b0aac3980 Exception <a 'java/lang/NoSuchMethodError'{0x00000000eacb6490}: 'void java.lang.invoke.DirectMethodHandle$Holder.invokeStatic(java.lang.Object, java.lang.Object, java.lang.Object)'> (0x00000000eacb6490) 
thrown [s\src\hotspot\share\interpreter\linkResolver.cpp, line 759]
Event: 0.221 Thread 0x0000020b0aac3980 Exception <a 'java/lang/reflect/InvocationTargetException'{0x00000000eb0e9260}> (0x00000000eb0e9260) 
thrown [s\src\hotspot\share\runtime\reflection.cpp, line 1121]
Event: 0.429 Thread 0x0000020b0aac3980 Exception <a 'java/lang/ClassNotFoundException'{0x00000000eb9e69e8}: sun/net/www/protocol/c/Handler> (0x00000000eb9e69e8) 
thrown [s\src\hotspot\share\classfile\systemDictionary.cpp, line 256]
Event: 0.433 Thread 0x0000020b0aac3980 Exception <a 'java/io/FileNotFoundException'{0x00000000eba021e8}> (0x00000000eba021e8) 
thrown [s\src\hotspot\share\prims\jni.cpp, line 516]
Event: 0.433 Thread 0x0000020b0aac3980 Exception <a 'java/io/FileNotFoundException'{0x00000000eba02ef8}> (0x00000000eba02ef8) 
thrown [s\src\hotspot\share\prims\jni.cpp, line 516]
Event: 0.433 Thread 0x0000020b0aac3980 Exception <a 'java/io/FileNotFoundException'{0x00000000eba03be8}> (0x00000000eba03be8) 
thrown [s\src\hotspot\share\prims\jni.cpp, line 516]
Event: 0.433 Thread 0x0000020b0aac3980 Exception <a 'java/io/FileNotFoundException'{0x00000000eba048a8}> (0x00000000eba048a8) 
thrown [s\src\hotspot\share\prims\jni.cpp, line 516]
Event: 0.437 Thread 0x0000020b0aac3980 Implicit null exception at 0x0000020b15329472 to 0x0000020b15329990
Event: 0.437 Thread 0x0000020b0aac3980 Implicit null exception at 0x0000020b15315072 to 0x0000020b153155a0
Event: 0.438 Thread 0x0000020b0aac3980 Exception <a 'java/io/FileNotFoundException'{0x00000000eba3f3c8}> (0x00000000eba3f3c8) 
thrown [s\src\hotspot\share\prims\jni.cpp, line 516]
Event: 0.577 Thread 0x0000020b0aac3980 Exception <a 'java/lang/ClassNotFoundException'{0x00000000ec247868}: sun/net/www/protocol/c/Handler> (0x00000000ec247868) 
thrown [s\src\hotspot\share\classfile\systemDictionary.cpp, line 256]
Event: 0.577 Thread 0x0000020b0aac3980 Exception <a 'java/lang/ClassNotFoundException'{0x00000000ec248bd8}: sun/net/www/protocol/c/Handler> (0x00000000ec248bd8) 
thrown [s\src\hotspot\share\classfile\systemDictionary.cpp, line 256]
Event: 0.577 Thread 0x0000020b0aac3980 Exception <a 'java/lang/ClassNotFoundException'{0x00000000ec249da0}: sun/net/www/protocol/c/Handler> (0x00000000ec249da0) 
thrown [s\src\hotspot\share\classfile\systemDictionary.cpp, line 256]
Event: 0.584 Thread 0x0000020b0aac3980 Exception <a 'java/io/FileNotFoundException'{0x00000000ec272a28}> (0x00000000ec272a28) 
thrown [s\src\hotspot\share\prims\jni.cpp, line 516]

VM Operations (12 events):
Event: 0.106 Executing VM operation: HandshakeAllThreads
Event: 0.106 Executing VM operation: HandshakeAllThreads done
Event: 0.164 Executing VM operation: HandshakeAllThreads
Event: 0.164 Executing VM operation: HandshakeAllThreads done
Event: 0.411 Executing VM operation: HandshakeAllThreads
Event: 0.411 Executing VM operation: HandshakeAllThreads done
Event: 0.425 Executing VM operation: HandshakeAllThreads
Event: 0.425 Executing VM operation: HandshakeAllThreads done
Event: 0.556 Executing VM operation: ICBufferFull
Event: 0.556 Executing VM operation: ICBufferFull done
Event: 0.563 Executing VM operation: HandshakeAllThreads
Event: 0.563 Executing VM operation: HandshakeAllThreads done

Events (20 events):
Event: 0.562 loading class sun/nio/cs/UTF_8$Decoder
Event: 0.562 loading class sun/nio/cs/UTF_8$Decoder done
Event: 0.563 loading class java/nio/charset/CoderResult
Event: 0.563 loading class java/nio/charset/CoderResult done
Event: 0.573 loading class java/util/Random
Event: 0.573 loading class java/util/random/RandomGenerator
Event: 0.573 loading class java/util/random/RandomGenerator done
Event: 0.573 loading class java/util/Random done
Event: 0.573 loading class java/util/UUID
Event: 0.573 loading class java/util/UUID done
Event: 0.573 loading class java/util/concurrent/atomic/AtomicBoolean
Event: 0.573 loading class java/util/concurrent/atomic/AtomicBoolean done
Event: 0.574 loading class java/lang/invoke/VarHandleInts$FieldInstanceReadWrite
Event: 0.574 loading class java/lang/invoke/VarHandleInts$FieldInstanceReadOnly
Event: 0.574 loading class java/lang/invoke/VarHandleInts$FieldInstanceReadOnly done
Event: 0.574 loading class java/lang/invoke/VarHandleInts$FieldInstanceReadWrite done
Event: 0.580 loading class java/nio/file/FileVisitor
Event: 0.580 loading class java/nio/file/FileVisitor done
Event: 0.592 loading class java/io/StringWriter
Event: 0.592 loading class java/io/StringWriter done


Dynamic libraries:
0x00007ff65ae40000 - 0x00007ff65ae4e000 	c:\Users\devan\.vscode\extensions\redhat.java-1.29.0-win32-x64\jre\17.0.10-win32-x86_64\bin\java.exe
0x00007ff813f10000 - 0x00007ff814127000 	C:\WINDOWS\SYSTEM32\ntdll.dll
0x00007ff812930000 - 0x00007ff8129f4000 	C:\WINDOWS\System32\KERNEL32.DLL
0x00007ff8113a0000 - 0x00007ff811746000 	C:\WINDOWS\System32\KERNELBASE.dll
0x00007ff811b40000 - 0x00007ff811c51000 	C:\WINDOWS\System32\ucrtbase.dll
0x00007ffff39b0000 - 0x00007ffff39c7000 	c:\Users\devan\.vscode\extensions\redhat.java-1.29.0-win32-x64\jre\17.0.10-win32-x86_64\bin\jli.dll
0x00007ffff0e20000 - 0x00007ffff0e3b000 	c:\Users\devan\.vscode\extensions\redhat.java-1.29.0-win32-x64\jre\17.0.10-win32-x86_64\bin\VCRUNTIME140.dll
0x00007ff812780000 - 0x00007ff81292e000 	C:\WINDOWS\System32\USER32.dll
0x00007ff811750000 - 0x00007ff811776000 	C:\WINDOWS\System32\win32u.dll
0x00007ff809140000 - 0x00007ff8093d3000 	C:\WINDOWS\WinSxS\amd64_microsoft.windows.common-controls_6595b64144ccf1df_6.0.22621.2506_none_270c5ae97388e100\COMCTL32.dll
0x00007ff813a50000 - 0x00007ff813a79000 	C:\WINDOWS\System32\GDI32.dll
0x00007ff8138d0000 - 0x00007ff813977000 	C:\WINDOWS\System32\msvcrt.dll
0x00007ff811a20000 - 0x00007ff811b38000 	C:\WINDOWS\System32\gdi32full.dll
0x00007ff811300000 - 0x00007ff81139a000 	C:\WINDOWS\System32\msvcp_win.dll
0x00007ff812be0000 - 0x00007ff812c11000 	C:\WINDOWS\System32\IMM32.DLL
0x00007ff8090a0000 - 0x00007ff8090ac000 	c:\Users\devan\.vscode\extensions\redhat.java-1.29.0-win32-x64\jre\17.0.10-win32-x86_64\bin\vcruntime140_1.dll
0x00007fffc6390000 - 0x00007fffc641d000 	c:\Users\devan\.vscode\extensions\redhat.java-1.29.0-win32-x64\jre\17.0.10-win32-x86_64\bin\msvcp140.dll
0x00007fff86a10000 - 0x00007fff87672000 	c:\Users\devan\.vscode\extensions\redhat.java-1.29.0-win32-x64\jre\17.0.10-win32-x86_64\bin\server\jvm.dll
0x00007ff812e80000 - 0x00007ff812f33000 	C:\WINDOWS\System32\ADVAPI32.dll
0x00007ff813980000 - 0x00007ff813a28000 	C:\WINDOWS\System32\sechost.dll
0x00007ff811250000 - 0x00007ff811278000 	C:\WINDOWS\System32\bcrypt.dll
0x00007ff8137b0000 - 0x00007ff8138c7000 	C:\WINDOWS\System32\RPCRT4.dll
0x00007ff810ea0000 - 0x00007ff810eed000 	C:\WINDOWS\SYSTEM32\POWRPROF.dll
0x00007ff809ef0000 - 0x00007ff809f24000 	C:\WINDOWS\SYSTEM32\WINMM.dll
0x00007ffff8bd0000 - 0x00007ffff8bd9000 	C:\WINDOWS\SYSTEM32\WSOCK32.dll
0x00007ff808d60000 - 0x00007ff808d6a000 	C:\WINDOWS\SYSTEM32\VERSION.dll
0x00007ff812a00000 - 0x00007ff812a71000 	C:\WINDOWS\System32\WS2_32.dll
0x00007ff810e80000 - 0x00007ff810e93000 	C:\WINDOWS\SYSTEM32\UMPDC.dll
0x00007ff810260000 - 0x00007ff810278000 	C:\WINDOWS\SYSTEM32\kernel.appcore.dll
0x00007ff808e70000 - 0x00007ff808e7a000 	c:\Users\devan\.vscode\extensions\redhat.java-1.29.0-win32-x64\jre\17.0.10-win32-x86_64\bin\jimage.dll
0x00007ff808030000 - 0x00007ff808263000 	C:\WINDOWS\SYSTEM32\DBGHELP.DLL
0x00007ff8133c0000 - 0x00007ff813749000 	C:\WINDOWS\System32\combase.dll
0x00007ff811cc0000 - 0x00007ff811d97000 	C:\WINDOWS\System32\OLEAUT32.dll
0x00007ff8058e0000 - 0x00007ff805912000 	C:\WINDOWS\SYSTEM32\dbgcore.DLL
0x00007ff811280000 - 0x00007ff8112fa000 	C:\WINDOWS\System32\bcryptPrimitives.dll
0x00007ff808dc0000 - 0x00007ff808dce000 	c:\Users\devan\.vscode\extensions\redhat.java-1.29.0-win32-x64\jre\17.0.10-win32-x86_64\bin\instrument.dll
0x00007fffe94f0000 - 0x00007fffe9515000 	c:\Users\devan\.vscode\extensions\redhat.java-1.29.0-win32-x64\jre\17.0.10-win32-x86_64\bin\java.dll
0x00007fffeef20000 - 0x00007fffeef38000 	c:\Users\devan\.vscode\extensions\redhat.java-1.29.0-win32-x64\jre\17.0.10-win32-x86_64\bin\zip.dll
0x00007ff811e00000 - 0x00007ff81265a000 	C:\WINDOWS\System32\SHELL32.dll
0x00007ff80f150000 - 0x00007ff80fa46000 	C:\WINDOWS\SYSTEM32\windows.storage.dll
0x00007ff80f010000 - 0x00007ff80f14e000 	C:\WINDOWS\SYSTEM32\wintypes.dll
0x00007ff813dd0000 - 0x00007ff813ec3000 	C:\WINDOWS\System32\SHCORE.dll
0x00007ff811da0000 - 0x00007ff811dfe000 	C:\WINDOWS\System32\shlwapi.dll
0x00007ff811180000 - 0x00007ff8111a6000 	C:\WINDOWS\SYSTEM32\profapi.dll
0x00007fffebec0000 - 0x00007fffebed9000 	C:\Users\devan\.vscode\extensions\redhat.java-1.29.0-win32-x64\jre\17.0.10-win32-x86_64\bin\net.dll
0x00007ff80b170000 - 0x00007ff80b2a7000 	C:\WINDOWS\SYSTEM32\WINHTTP.dll
0x00007ff810700000 - 0x00007ff810769000 	C:\WINDOWS\system32\mswsock.dll
0x00007fffeb1d0000 - 0x00007fffeb1e6000 	C:\Users\devan\.vscode\extensions\redhat.java-1.29.0-win32-x64\jre\17.0.10-win32-x86_64\bin\nio.dll
0x00007ff808360000 - 0x00007ff808370000 	c:\Users\devan\.vscode\extensions\redhat.java-1.29.0-win32-x64\jre\17.0.10-win32-x86_64\bin\verify.dll

dbghelp: loaded successfully - version: 4.0.5 - missing functions: none
symbol engine: initialized successfully - sym options: 0x614 - pdb path: .;c:\Users\devan\.vscode\extensions\redhat.java-1.29.0-win32-x64\jre\17.0.10-win32-x86_64\bin;C:\WINDOWS\SYSTEM32;C:\WINDOWS\WinSxS\amd64_microsoft.windows.common-controls_6595b64144ccf1df_6.0.22621.2506_none_270c5ae97388e100;c:\Users\devan\.vscode\extensions\redhat.java-1.29.0-win32-x64\jre\17.0.10-win32-x86_64\bin\server

VM Arguments:
jvm_args: --add-modules=ALL-SYSTEM --add-opens=java.base/java.util=ALL-UNNAMED --add-opens=java.base/java.lang=ALL-UNNAMED --add-opens=java.base/sun.nio.fs=ALL-UNNAMED -Declipse.application=org.eclipse.jdt.ls.core.id1 -Dosgi.bundles.defaultStartLevel=4 -Declipse.product=org.eclipse.jdt.ls.core.product -Djava.import.generatesMetadataFilesAtProjectRoot=false -DDetectVMInstallationsJob.disabled=true -Dfile.encoding=utf8 -XX:+UseParallelGC -XX:GCTimeRatio=4 -XX:AdaptiveSizePolicyWeight=90 -Dsun.zip.disableMemoryMapping=true -Xmx1G -Xms100m -Xlog:disable -javaagent:c:\Users\devan\.vscode\extensions\redhat.java-1.29.0-win32-x64\lombok\lombok-1.18.32.jar -XX:+HeapDumpOnOutOfMemoryError -XX:HeapDumpPath=c:\Users\devan\AppData\Roaming\Code\User\workspaceStorage\5777b845f8ef420473e6a91478c2b9a2\redhat.java -Daether.dependencyCollector.impl=bf 
java_command: c:\Users\devan\.vscode\extensions\redhat.java-1.29.0-win32-x64\server\plugins\org.eclipse.equinox.launcher_1.6.800.v20240304-1850.jar -configuration c:\Users\devan\AppData\Roaming\Code\User\globalStorage\redhat.java\1.29.0\config_win -data c:\Users\devan\AppData\Roaming\Code\User\workspaceStorage\5777b845f8ef420473e6a91478c2b9a2\redhat.java\jdt_ws --stdio
java_class_path (initial): c:\Users\devan\.vscode\extensions\redhat.java-1.29.0-win32-x64\server\plugins\org.eclipse.equinox.launcher_1.6.800.v20240304-1850.jar
Launcher Type: SUN_STANDARD

[Global flags]
    uintx AdaptiveSizePolicyWeight                 = 90                                        {product} {command line}
     intx CICompilerCount                          = 12                                        {product} {ergonomic}
    uintx GCTimeRatio                              = 4                                         {product} {command line}
     bool HeapDumpOnOutOfMemoryError               = true                                   {manageable} {command line}
    ccstr HeapDumpPath                             = c:\Users\devan\AppData\Roaming\Code\User\workspaceStorage\5777b845f8ef420473e6a91478c2b9a2\redhat.java         {manageable} {command line}
   size_t InitialHeapSize                          = 104857600                                 {product} {command line}
   size_t MaxHeapSize                              = 1073741824                                {product} {command line}
   size_t MaxNewSize                               = 357564416                                 {product} {ergonomic}
   size_t MinHeapDeltaBytes                        = 524288                                    {product} {ergonomic}
   size_t MinHeapSize                              = 104857600                                 {product} {command line}
   size_t NewSize                                  = 34603008                                  {product} {ergonomic}
    uintx NonNMethodCodeHeapSize                   = 7602480                                {pd product} {ergonomic}
    uintx NonProfiledCodeHeapSize                  = 122027880                              {pd product} {ergonomic}
   size_t OldSize                                  = 70254592                                  {product} {ergonomic}
    uintx ProfiledCodeHeapSize                     = 122027880                              {pd product} {ergonomic}
    uintx ReservedCodeCacheSize                    = 251658240                              {pd product} {ergonomic}
     bool SegmentedCodeCache                       = true                                      {product} {ergonomic}
   size_t SoftMaxHeapSize                          = 1073741824                             {manageable} {ergonomic}
     bool UseCompressedClassPointers               = true                           {product lp64_product} {ergonomic}
     bool UseCompressedOops                        = true                           {product lp64_product} {ergonomic}
     bool UseLargePagesIndividualAllocation        = false                                  {pd product} {ergonomic}
     bool UseParallelGC                            = true                                      {product} {command line}

Logging:
Log output configuration:
 #0: stdout all=off uptime,level,tags
 #1: stderr all=off uptime,level,tags

Environment Variables:
JAVA_HOME=C:\Program Files\Microsoft\jdk-17.0.10.7-hotspot\
PATH=C:\Users\devan\AppData\Roaming\.dotnet;C:\Program Files\Microsoft\jdk-17.0.10.7-hotspot\bin;C:\Program Files\NVIDIA GPU Computing Toolkit\CUDA\v8.0\bin;C:\Program Files\NVIDIA GPU Computing Toolkit\CUDA\v8.0\libnvvp;C:\Program Files (x86)\Qualcomm\QDART\\bin;C:\Program Files (x86)\Common Files\Oracle\Java\javapath;C:\Program Files\Common Files\Oracle\Java\javapath;C:\Windows\system32;C:\Windows;C:\Windows\System32\Wbem;C:\Windows\System32\WindowsPowerShell\v1.0\;C:\Windows\System32\OpenSSH\;C:\Program Files (x86)\NVIDIA Corporation\PhysX\Common;C:\Program Files\NVIDIA Corporation\NVIDIA NvDLISR;C:\WINDOWS\system32;C:\WINDOWS;C:\WINDOWS\System32\Wbem;C:\WINDOWS\System32\WindowsPowerShell\v1.0\;C:\WINDOWS\System32\OpenSSH\;C:\Users\devan\AppData\Local\Microsoft\WindowsApps;C:\Users\devan\AppData\Local\Programs\Microsoft VS Code\bin;C:\adb;C:\Program Files\dotnet\;C:\Program Files\Java\jdk-17.0.1\bin;C:\Program Files\PuTTY\;C:\Xilinx\Vivado\2021.1\bin;C:\mingw32\bin;C:\Program Files\NVIDIA Corporation\Nsight Compute 2023.3.1\;C:\WINDOWS\system32;C:\WINDOWS;C:\WINDOWS\System32\Wbem;C:\WINDOWS\System32\WindowsPowerShell\v1.0\;C:\WINDOWS\System32\OpenSSH\;C:\Program Files\nodejs\;C:\ProgramData\chocolatey\bin;C:\Program Files\Docker\Docker\resources\bin;C:\Program Files\Microsoft SQL Server\150\Tools\Binn\;C:\Program Files\Microsoft SQL Server\Client SDK\ODBC\170\Tools\Binn\;C:\Program Files (x86)\Microsoft SQL Server\160\DTS\Binn\;C:\Program Files (x86)\Microsoft SQL Server\160\Tools\Binn\;C:\Program Files\Microsoft SQL Server\160\Tools\Binn\;C:\Program Files\Microsoft SQL Server\160\DTS\Binn\;C:\Program Files\Git\cmd;C:\Users\devan\AppData\Roaming\.dotnet;C:\Users\devan\AppData\Local\Android\Sdk\platform-tools;C:\Users\devan\AppData\Local\Android\Sdk\tools;C:\Program Files\MySQL\MySQL Shell 8.0\bin\;C:\Users\devan\AppData\Local\Programs\Python\Python310\Scripts\;C:\Users\devan\AppData\Local\Programs\Python\Python310\;%USERPROFILE%\AppData\Local\Microsoft\WindowsApps;C
USERNAME=devang
OS=Windows_NT
PROCESSOR_IDENTIFIER=AMD64 Family 23 Model 96 Stepping 1, AuthenticAMD
TMP=C:\Users\devan\AppData\Local\Temp
TEMP=C:\Users\devan\AppData\Local\Temp



Periodic native trim disabled


---------------  S Y S T E M  ---------------

OS:
 Windows 11 , 64 bit Build 22621 (10.0.22621.2506)
OS uptime: 0 days 18:57 hours
Hyper-V role detected

CPU: total 16 (initial active 16) (16 cores per cpu, 2 threads per core) family 23 model 96 stepping 1 microcode 0x0, cx8, cmov, fxsr, ht, mmx, 3dnowpref, sse, sse2, sse3, ssse3, sse4a, sse4.1, sse4.2, popcnt, lzcnt, tsc, tscinvbit, avx, avx2, aes, clmul, bmi1, bmi2, adx, sha, fma, vzeroupper, clflush, clflushopt, hv
Processor Information for all 16 processors :
  Max Mhz: 2901, Current Mhz: 2901, Mhz Limit: 2901

Memory: 4k page, system-wide physical 15790M (4638M free)
TotalPageFile size 15790M (AvailPageFile size 5M)
current process WorkingSet (physical memory assigned to process): 73M, peak: 73M
current process commit charge ("private bytes"): 217M, peak: 218M

vm_info: OpenJDK 64-Bit Server VM (17.0.10+7) for windows-amd64 JRE (17.0.10+7), built on Jan 16 2024 23:25:11 by "admin" with MS VC++ 16.10 / 16.11 (VS2019)

END.
