#
# There is insufficient memory for the Java Runtime Environment to continue.
# Native memory allocation (mmap) failed to map 65536 bytes for Failed to commit metaspace.
# Possible reasons:
#   The system is out of physical RAM or swap space
#   The process is running with CompressedOops enabled, and the Java Heap may be blocking the growth of the native heap
# Possible solutions:
#   Reduce memory load on the system
#   Increase physical memory or swap space
#   Check if swap backing store is full
#   Decrease Java heap size (-Xmx/-Xms)
#   Decrease number of Java threads
#   Decrease Java thread stack sizes (-Xss)
#   Set larger code cache with -XX:ReservedCodeCacheSize=
#   JVM is running with Unscaled Compressed Oops mode in which the Java heap is
#     placed in the first 4GB address space. The Java Heap base address is the
#     maximum limit for the native heap growth. Please use -XX:HeapBaseMinAddress
#     to set the Java Heap base and to place the Java Heap above 4GB virtual address.
# This output file may be truncated or incomplete.
#
#  Out of Memory Error (virtualSpaceNode.cpp:110), pid=13784, tid=19012
#
# JRE version: OpenJDK Runtime Environment Temurin-17.0.10+7 (17.0.10+7) (build 17.0.10+7)
# Java VM: OpenJDK 64-Bit Server VM Temurin-17.0.10+7 (17.0.10+7, mixed mode, tiered, compressed oops, compressed class ptrs, parallel gc, windows-amd64)
# No core dump will be written. Minidumps are not enabled by default on client versions of Windows
#

---------------  S U M M A R Y ------------

Command Line: --add-modules=ALL-SYSTEM --add-opens=java.base/java.util=ALL-UNNAMED --add-opens=java.base/java.lang=ALL-UNNAMED --add-opens=java.base/sun.nio.fs=ALL-UNNAMED -Declipse.application=org.eclipse.jdt.ls.core.id1 -Dosgi.bundles.defaultStartLevel=4 -Declipse.product=org.eclipse.jdt.ls.core.product -Djava.import.generatesMetadataFilesAtProjectRoot=false -DDetectVMInstallationsJob.disabled=true -Dfile.encoding=utf8 -XX:+UseParallelGC -XX:GCTimeRatio=4 -XX:AdaptiveSizePolicyWeight=90 -Dsun.zip.disableMemoryMapping=true -Xmx1G -Xms100m -Xlog:disable -javaagent:c:\Users\devan\.vscode\extensions\redhat.java-1.29.0-win32-x64\lombok\lombok-1.18.32.jar c:\Users\devan\.vscode\extensions\redhat.java-1.29.0-win32-x64\server\plugins\org.eclipse.equinox.launcher_1.6.800.v20240304-1850.jar -configuration c:\Users\devan\AppData\Roaming\Code\User\globalStorage\redhat.java\1.29.0\config_ss_win -data c:\Users\devan\AppData\Roaming\Code\User\workspaceStorage\4d92966fc4af52e91468190edff9a261\redhat.java\ss_ws --stdio

Host: AMD Ryzen 7 4800H with Radeon Graphics         , 16 cores, 15G,  Windows 11 , 64 bit Build 22621 (10.0.22621.2506)
Time: Wed Apr 24 09:42:02 2024 India Standard Time elapsed time: 1.775056 seconds (0d 0h 0m 1s)

---------------  T H R E A D  ---------------

Current thread (0x000001d27971e0a0):  JavaThread "C1 CompilerThread3" daemon [_thread_in_vm, id=19012, stack(0x0000001007400000,0x0000001007500000)]


Current CompileTask:
C1:   1775 1750   !   3       org.eclipse.osgi.internal.loader.BundleLoader::findClass0 (470 bytes)

Stack: [0x0000001007400000,0x0000001007500000]
Native frames: (J=compiled Java code, j=interpreted, Vv=VM code, C=native code)
V  [jvm.dll+0x67d2c9]
V  [jvm.dll+0x834afa]
V  [jvm.dll+0x8365be]
V  [jvm.dll+0x836c23]
V  [jvm.dll+0x2477ff]
V  [jvm.dll+0x8307bb]
V  [jvm.dll+0x621d16]
V  [jvm.dll+0x1c183e]
V  [jvm.dll+0x624671]
V  [jvm.dll+0x6226b6]
V  [jvm.dll+0x6339ea]
V  [jvm.dll+0x62c7ca]
V  [jvm.dll+0x1cda30]
V  [jvm.dll+0x1cdc20]
V  [jvm.dll+0x135b8e]
V  [jvm.dll+0x135eb6]
V  [jvm.dll+0x13534a]
V  [jvm.dll+0x137001]
V  [jvm.dll+0x2290de]
V  [jvm.dll+0x2272ac]
V  [jvm.dll+0x7e9bb7]
V  [jvm.dll+0x7e3fba]
V  [jvm.dll+0x67c1b5]
C  [ucrtbase.dll+0x29363]
C  [KERNEL32.DLL+0x1257d]
C  [ntdll.dll+0x5aa58]


---------------  P R O C E S S  ---------------

Threads class SMR info:
_java_thread_list=0x000001d27be5a590, length=20, elements={
0x000001d26f420380, 0x000001d2742a9270, 0x000001d2742aae40, 0x000001d26f4c9700,
0x000001d26f4ca2c0, 0x000001d26f4cae80, 0x000001d26f4cd850, 0x000001d26f4ce5f0,
0x000001d279497ed0, 0x000001d2794adbc0, 0x000001d26f4846b0, 0x000001d2795fa5e0,
0x000001d279623450, 0x000001d2795edb80, 0x000001d27971e0a0, 0x000001d27b601880,
0x000001d27bf60ba0, 0x000001d27bdde640, 0x000001d27bfad130, 0x000001d27c0577a0
}

Java Threads: ( => current thread )
  0x000001d26f420380 JavaThread "main" [_thread_blocked, id=5564, stack(0x0000001006400000,0x0000001006500000)]
  0x000001d2742a9270 JavaThread "Reference Handler" daemon [_thread_blocked, id=4260, stack(0x0000001006700000,0x0000001006800000)]
  0x000001d2742aae40 JavaThread "Finalizer" daemon [_thread_blocked, id=19032, stack(0x0000001006800000,0x0000001006900000)]
  0x000001d26f4c9700 JavaThread "Signal Dispatcher" daemon [_thread_blocked, id=3916, stack(0x0000001006900000,0x0000001006a00000)]
  0x000001d26f4ca2c0 JavaThread "Attach Listener" daemon [_thread_blocked, id=13464, stack(0x0000001006a00000,0x0000001006b00000)]
  0x000001d26f4cae80 JavaThread "Service Thread" daemon [_thread_blocked, id=8156, stack(0x0000001006b00000,0x0000001006c00000)]
  0x000001d26f4cd850 JavaThread "Monitor Deflation Thread" daemon [_thread_blocked, id=7664, stack(0x0000001006c00000,0x0000001006d00000)]
  0x000001d26f4ce5f0 JavaThread "C2 CompilerThread0" daemon [_thread_blocked, id=9656, stack(0x0000001006d00000,0x0000001006e00000)]
  0x000001d279497ed0 JavaThread "C1 CompilerThread0" daemon [_thread_blocked, id=11512, stack(0x0000001006e00000,0x0000001006f00000)]
  0x000001d2794adbc0 JavaThread "Sweeper thread" daemon [_thread_blocked, id=18444, stack(0x0000001006f00000,0x0000001007000000)]
  0x000001d26f4846b0 JavaThread "Common-Cleaner" daemon [_thread_blocked, id=12932, stack(0x0000001007000000,0x0000001007100000)]
  0x000001d2795fa5e0 JavaThread "C1 CompilerThread1" daemon [_thread_blocked, id=3084, stack(0x0000001007100000,0x0000001007200000)]
  0x000001d279623450 JavaThread "C1 CompilerThread2" daemon [_thread_blocked, id=20768, stack(0x0000001007200000,0x0000001007300000)]
  0x000001d2795edb80 JavaThread "C2 CompilerThread1" daemon [_thread_blocked, id=14016, stack(0x0000001007300000,0x0000001007400000)]
=>0x000001d27971e0a0 JavaThread "C1 CompilerThread3" daemon [_thread_in_vm, id=19012, stack(0x0000001007400000,0x0000001007500000)]
  0x000001d27b601880 JavaThread "Notification Thread" daemon [_thread_blocked, id=20752, stack(0x0000001007500000,0x0000001007600000)]
  0x000001d27bf60ba0 JavaThread "Active Thread: Equinox Container: a1195489-f4c1-49f0-b7db-c479bbd01647" [_thread_blocked, id=16608, stack(0x0000001007700000,0x0000001007800000)]
  0x000001d27bdde640 JavaThread "Framework Event Dispatcher: Equinox Container: a1195489-f4c1-49f0-b7db-c479bbd01647" daemon [_thread_blocked, id=11516, stack(0x0000001007d00000,0x0000001007e00000)]
  0x000001d27bfad130 JavaThread "Start Level: Equinox Container: a1195489-f4c1-49f0-b7db-c479bbd01647" daemon [_thread_in_vm, id=17252, stack(0x0000001007e00000,0x0000001007f00000)]
  0x000001d27c0577a0 JavaThread "SCR Component Actor" daemon [_thread_blocked, id=13860, stack(0x0000001007f00000,0x0000001008000000)]

Other Threads:
  0x000001d2794145f0 VMThread "VM Thread" [stack: 0x0000001006600000,0x0000001006700000] [id=19368]
  0x000001d27b5b0c80 WatcherThread [stack: 0x0000001007600000,0x0000001007700000] [id=5844]
  0x000001d26f435880 GCTaskThread "GC Thread#0" [stack: 0x0000001006500000,0x0000001006600000] [id=10544]
  0x000001d27b6f0480 GCTaskThread "GC Thread#1" [stack: 0x0000001007800000,0x0000001007900000] [id=15084]
  0x000001d27bd32010 GCTaskThread "GC Thread#2" [stack: 0x0000001007900000,0x0000001007a00000] [id=13236]
  0x000001d27b8fabb0 GCTaskThread "GC Thread#3" [stack: 0x0000001007a00000,0x0000001007b00000] [id=17620]
  0x000001d27b8fae70 GCTaskThread "GC Thread#4" [stack: 0x0000001007b00000,0x0000001007c00000] [id=12880]
  0x000001d27b8fb130 GCTaskThread "GC Thread#5" [stack: 0x0000001007c00000,0x0000001007d00000] [id=6988]
  0x000001d27bf3f870 GCTaskThread "GC Thread#6" [stack: 0x0000001008000000,0x0000001008100000] [id=17396]
  0x000001d27bccfff0 GCTaskThread "GC Thread#7" [stack: 0x0000001008100000,0x0000001008200000] [id=9296]

Threads with active compile tasks:
C1 CompilerThread1     1786 1749       3       org.eclipse.osgi.internal.loader.BundleLoader::findClass (8 bytes)
C1 CompilerThread3     1786 1750   !   3       org.eclipse.osgi.internal.loader.BundleLoader::findClass0 (470 bytes)

VM state: not at safepoint (normal execution)

VM Mutex/Monitor currently owned by a thread:  ([mutex/lock_event])
[0x000001d26f41b7f0] Metaspace_lock - owner thread: 0x000001d27971e0a0
[0x000001d26f41d970] MethodData_lock - owner thread: 0x000001d27971e0a0

Heap address: 0x00000000c0000000, size: 1024 MB, Compressed Oops mode: 32-bit

CDS archive(s) not mapped
Compressed class space mapped at: 0x0000000100000000-0x0000000140000000, reserved size: 1073741824
Narrow klass base: 0x0000000000000000, Narrow klass shift: 3, Narrow klass range: 0x140000000

GC Precious Log:
 CPUs: 16 total, 16 available
 Memory: 15790M
 Large Page Support: Disabled
 NUMA Support: Disabled
 Compressed Oops: Enabled (32-bit)
 Alignments: Space 512K, Generation 512K, Heap 2M
 Heap Min Capacity: 100M
 Heap Initial Capacity: 100M
 Heap Max Capacity: 1G
 Pre-touch: Disabled
 Parallel Workers: 13

Heap:
 PSYoungGen      total 29696K, used 9991K [0x00000000eab00000, 0x00000000ecc00000, 0x0000000100000000)
  eden space 25600K, 23% used [0x00000000eab00000,0x00000000eb0c31a0,0x00000000ec400000)
  from space 4096K, 99% used [0x00000000ec800000,0x00000000ecbfeac8,0x00000000ecc00000)
  to   space 4096K, 0% used [0x00000000ec400000,0x00000000ec400000,0x00000000ec800000)
 ParOldGen       total 68608K, used 680K [0x00000000c0000000, 0x00000000c4300000, 0x00000000eab00000)
  object space 68608K, 0% used [0x00000000c0000000,0x00000000c00aa030,0x00000000c4300000)
 Metaspace       used 15676K, committed 15936K, reserved 1114112K
  class space    used 1597K, committed 1728K, reserved 1048576K

Card table byte_map: [0x000001d26edb0000,0x000001d26efc0000] _byte_map_base: 0x000001d26e7b0000

Marking Bits: (ParMarkBitMap*) 0x00007ffaabccd7d0
 Begin Bits: [0x000001d2720b0000, 0x000001d2730b0000)
 End Bits:   [0x000001d2730b0000, 0x000001d2740b0000)

Polling page: 0x000001d26d3a0000

Metaspace:

Usage:
  Non-class:     13.75 MB used.
      Class:      1.56 MB used.
       Both:     15.31 MB used.

Virtual space:
  Non-class space:       64.00 MB reserved,      13.88 MB ( 22%) committed,  1 nodes.
      Class space:        1.00 GB reserved,       1.69 MB ( <1%) committed,  1 nodes.
             Both:        1.06 GB reserved,      15.56 MB (  1%) committed. 

Chunk freelists:
   Non-Class:  2.11 MB
       Class:  14.36 MB
        Both:  16.46 MB

MaxMetaspaceSize: unlimited
CompressedClassSpaceSize: 1.00 GB
Initial GC threshold: 21.00 MB
Current GC threshold: 21.00 MB
CDS: off
MetaspaceReclaimPolicy: balanced
 - commit_granule_bytes: 65536.
 - commit_granule_words: 8192.
 - virtual_space_node_default_size: 8388608.
 - enlarge_chunks_in_place: 1.
 - new_chunks_are_fully_committed: 0.
 - uncommit_free_chunks: 1.
 - use_allocation_guard: 0.
 - handle_deallocations: 1.


Internal statistics:

num_allocs_failed_limit: 0.
num_arena_births: 102.
num_arena_deaths: 0.
num_vsnodes_births: 2.
num_vsnodes_deaths: 0.
num_space_committed: 249.
num_space_uncommitted: 0.
num_chunks_returned_to_freelist: 0.
num_chunks_taken_from_freelist: 325.
num_chunk_merges: 0.
num_chunk_splits: 209.
num_chunks_enlarged: 158.
num_inconsistent_stats: 0.

CodeHeap 'non-profiled nmethods': size=119168Kb used=723Kb max_used=723Kb free=118444Kb
 bounds [0x000001d207ba0000, 0x000001d207e10000, 0x000001d20f000000]
CodeHeap 'profiled nmethods': size=119104Kb used=3242Kb max_used=3242Kb free=115861Kb
 bounds [0x000001d200000000, 0x000001d200330000, 0x000001d207450000]
CodeHeap 'non-nmethods': size=7488Kb used=2857Kb max_used=2878Kb free=4630Kb
 bounds [0x000001d207450000, 0x000001d207730000, 0x000001d207ba0000]
 total_blobs=2210 nmethods=1749 adapters=372
 compilation: enabled
              stopped_count=0, restarted_count=0
 full_count=0

Compilation events (20 events):
Event: 1.746 Thread 0x000001d2795fa5e0 nmethod 1737 0x000001d200321190 code [0x000001d200321660, 0x000001d200323258]
Event: 1.747 Thread 0x000001d279497ed0 nmethod 1734 0x000001d200323c10 code [0x000001d2003242e0, 0x000001d200326aa8]
Event: 1.747 Thread 0x000001d2795fa5e0 1741       3       java.lang.Class::getComponentType (14 bytes)
Event: 1.748 Thread 0x000001d2795fa5e0 nmethod 1741 0x000001d200327d90 code [0x000001d200327f40, 0x000001d200328108]
Event: 1.766 Thread 0x000001d279623450 1743       3       java.util.Arrays::rangeCheck (74 bytes)
Event: 1.766 Thread 0x000001d27971e0a0 1742       3       java.util.Arrays::fill (28 bytes)
Event: 1.766 Thread 0x000001d27971e0a0 nmethod 1742 0x000001d200328190 code [0x000001d200328340, 0x000001d200328568]
Event: 1.766 Thread 0x000001d26f4ce5f0 1744 %     4       java.util.Arrays::fill @ 10 (28 bytes)
Event: 1.766 Thread 0x000001d279623450 nmethod 1743 0x000001d200328690 code [0x000001d200328940, 0x000001d200329368]
Event: 1.770 Thread 0x000001d26f4ce5f0 nmethod 1744% 0x000001d207c54510 code [0x000001d207c54680, 0x000001d207c54858]
Event: 1.770 Thread 0x000001d279497ed0 1745       3       com.sun.org.apache.xerces.internal.util.XMLChar::isContent (35 bytes)
Event: 1.770 Thread 0x000001d279497ed0 nmethod 1745 0x000001d200329790 code [0x000001d200329920, 0x000001d200329b58]
Event: 1.771 Thread 0x000001d2795fa5e0 1746   !   3       org.eclipse.osgi.storage.BundleInfo$Generation::getRevision (17 bytes)
Event: 1.771 Thread 0x000001d2795fa5e0 nmethod 1746 0x000001d200329c10 code [0x000001d200329da0, 0x000001d200329f98]
Event: 1.772 Thread 0x000001d27971e0a0 1747       3       java.util.ArrayList::fastRemove (44 bytes)
Event: 1.772 Thread 0x000001d27971e0a0 nmethod 1747 0x000001d20032a090 code [0x000001d20032a240, 0x000001d20032a5e8]
Event: 1.773 Thread 0x000001d279497ed0 1748   !   3       org.eclipse.osgi.internal.framework.EquinoxContainer::getServiceRegistry (17 bytes)
Event: 1.773 Thread 0x000001d279497ed0 nmethod 1748 0x000001d20032a710 code [0x000001d20032a8a0, 0x000001d20032aa98]
Event: 1.773 Thread 0x000001d2795fa5e0 1749       3       org.eclipse.osgi.internal.loader.BundleLoader::findClass (8 bytes)
Event: 1.773 Thread 0x000001d27971e0a0 1750   !   3       org.eclipse.osgi.internal.loader.BundleLoader::findClass0 (470 bytes)

GC Heap History (4 events):
Event: 0.918 GC heap before
{Heap before GC invocations=1 (full 0):
 PSYoungGen      total 29696K, used 25600K [0x00000000eab00000, 0x00000000ecc00000, 0x0000000100000000)
  eden space 25600K, 100% used [0x00000000eab00000,0x00000000ec400000,0x00000000ec400000)
  from space 4096K, 0% used [0x00000000ec800000,0x00000000ec800000,0x00000000ecc00000)
  to   space 4096K, 0% used [0x00000000ec400000,0x00000000ec400000,0x00000000ec800000)
 ParOldGen       total 68608K, used 0K [0x00000000c0000000, 0x00000000c4300000, 0x00000000eab00000)
  object space 68608K, 0% used [0x00000000c0000000,0x00000000c0000000,0x00000000c4300000)
 Metaspace       used 10630K, committed 10816K, reserved 1114112K
  class space    used 1059K, committed 1152K, reserved 1048576K
}
Event: 0.927 GC heap after
{Heap after GC invocations=1 (full 0):
 PSYoungGen      total 29696K, used 3037K [0x00000000eab00000, 0x00000000ecc00000, 0x0000000100000000)
  eden space 25600K, 0% used [0x00000000eab00000,0x00000000eab00000,0x00000000ec400000)
  from space 4096K, 74% used [0x00000000ec400000,0x00000000ec6f7710,0x00000000ec800000)
  to   space 4096K, 0% used [0x00000000ec800000,0x00000000ec800000,0x00000000ecc00000)
 ParOldGen       total 68608K, used 16K [0x00000000c0000000, 0x00000000c4300000, 0x00000000eab00000)
  object space 68608K, 0% used [0x00000000c0000000,0x00000000c0004000,0x00000000c4300000)
 Metaspace       used 10630K, committed 10816K, reserved 1114112K
  class space    used 1059K, committed 1152K, reserved 1048576K
}
Event: 1.712 GC heap before
{Heap before GC invocations=2 (full 0):
 PSYoungGen      total 29696K, used 28637K [0x00000000eab00000, 0x00000000ecc00000, 0x0000000100000000)
  eden space 25600K, 100% used [0x00000000eab00000,0x00000000ec400000,0x00000000ec400000)
  from space 4096K, 74% used [0x00000000ec400000,0x00000000ec6f7710,0x00000000ec800000)
  to   space 4096K, 0% used [0x00000000ec800000,0x00000000ec800000,0x00000000ecc00000)
 ParOldGen       total 68608K, used 16K [0x00000000c0000000, 0x00000000c4300000, 0x00000000eab00000)
  object space 68608K, 0% used [0x00000000c0000000,0x00000000c0004000,0x00000000c4300000)
 Metaspace       used 14473K, committed 14656K, reserved 1114112K
  class space    used 1453K, committed 1536K, reserved 1048576K
}
Event: 1.717 GC heap after
{Heap after GC invocations=2 (full 0):
 PSYoungGen      total 29696K, used 4090K [0x00000000eab00000, 0x00000000ecc00000, 0x0000000100000000)
  eden space 25600K, 0% used [0x00000000eab00000,0x00000000eab00000,0x00000000ec400000)
  from space 4096K, 99% used [0x00000000ec800000,0x00000000ecbfeac8,0x00000000ecc00000)
  to   space 4096K, 0% used [0x00000000ec400000,0x00000000ec400000,0x00000000ec800000)
 ParOldGen       total 68608K, used 680K [0x00000000c0000000, 0x00000000c4300000, 0x00000000eab00000)
  object space 68608K, 0% used [0x00000000c0000000,0x00000000c00aa030,0x00000000c4300000)
 Metaspace       used 14473K, committed 14656K, reserved 1114112K
  class space    used 1453K, committed 1536K, reserved 1048576K
}

Dll operation events (9 events):
Event: 0.009 Loaded shared library c:\Users\devan\.vscode\extensions\redhat.java-1.29.0-win32-x64\jre\17.0.10-win32-x86_64\bin\java.dll
Event: 0.172 Loaded shared library c:\Users\devan\.vscode\extensions\redhat.java-1.29.0-win32-x64\jre\17.0.10-win32-x86_64\bin\zip.dll
Event: 0.174 Loaded shared library C:\Users\devan\.vscode\extensions\redhat.java-1.29.0-win32-x64\jre\17.0.10-win32-x86_64\bin\instrument.dll
Event: 0.185 Loaded shared library C:\Users\devan\.vscode\extensions\redhat.java-1.29.0-win32-x64\jre\17.0.10-win32-x86_64\bin\net.dll
Event: 0.188 Loaded shared library C:\Users\devan\.vscode\extensions\redhat.java-1.29.0-win32-x64\jre\17.0.10-win32-x86_64\bin\nio.dll
Event: 0.194 Loaded shared library C:\Users\devan\.vscode\extensions\redhat.java-1.29.0-win32-x64\jre\17.0.10-win32-x86_64\bin\zip.dll
Event: 0.208 Loaded shared library C:\Users\devan\.vscode\extensions\redhat.java-1.29.0-win32-x64\jre\17.0.10-win32-x86_64\bin\jimage.dll
Event: 0.267 Loaded shared library c:\Users\devan\.vscode\extensions\redhat.java-1.29.0-win32-x64\jre\17.0.10-win32-x86_64\bin\verify.dll
Event: 1.613 Loaded shared library C:\Users\devan\AppData\Roaming\Code\User\globalStorage\redhat.java\1.29.0\config_ss_win\org.eclipse.equinox.launcher\org.eclipse.equinox.launcher.win32.win32.x86_64_1.2.900.v20240213-1244\eclipse_11900.dll

Deoptimization events (20 events):
Event: 1.210 Thread 0x000001d26f420380 DEOPT PACKING pc=0x000001d207bcac1c sp=0x00000010064f7b00
Event: 1.210 Thread 0x000001d26f420380 DEOPT UNPACKING pc=0x000001d2074a66a3 sp=0x00000010064f7ab0 mode 2
Event: 1.210 Thread 0x000001d26f420380 Uncommon trap: trap_request=0xffffffc6 fr.pc=0x000001d207bcac1c relative=0x000000000000027c
Event: 1.210 Thread 0x000001d26f420380 Uncommon trap: reason=bimorphic_or_optimized_type_check action=maybe_recompile pc=0x000001d207bcac1c method=java.util.Collections$UnmodifiableCollection$1.next()Ljava/lang/Object; @ 4 c2
Event: 1.210 Thread 0x000001d26f420380 DEOPT PACKING pc=0x000001d207bcac1c sp=0x00000010064f7b00
Event: 1.210 Thread 0x000001d26f420380 DEOPT UNPACKING pc=0x000001d2074a66a3 sp=0x00000010064f7ab0 mode 2
Event: 1.436 Thread 0x000001d26f420380 Uncommon trap: trap_request=0xffffffde fr.pc=0x000001d207c00dc0 relative=0x0000000000000900
Event: 1.436 Thread 0x000001d26f420380 Uncommon trap: reason=class_check action=maybe_recompile pc=0x000001d207c00dc0 method=java.util.HashMap.putVal(ILjava/lang/Object;Ljava/lang/Object;ZZ)Ljava/lang/Object; @ 253 c2
Event: 1.436 Thread 0x000001d26f420380 DEOPT PACKING pc=0x000001d207c00dc0 sp=0x00000010064fd930
Event: 1.436 Thread 0x000001d26f420380 DEOPT UNPACKING pc=0x000001d2074a66a3 sp=0x00000010064fd8b0 mode 2
Event: 1.439 Thread 0x000001d26f420380 Uncommon trap: trap_request=0xffffffde fr.pc=0x000001d207c00dc0 relative=0x0000000000000900
Event: 1.439 Thread 0x000001d26f420380 Uncommon trap: reason=class_check action=maybe_recompile pc=0x000001d207c00dc0 method=java.util.HashMap.putVal(ILjava/lang/Object;Ljava/lang/Object;ZZ)Ljava/lang/Object; @ 253 c2
Event: 1.439 Thread 0x000001d26f420380 DEOPT PACKING pc=0x000001d207c00dc0 sp=0x00000010064fd930
Event: 1.439 Thread 0x000001d26f420380 DEOPT UNPACKING pc=0x000001d2074a66a3 sp=0x00000010064fd8b0 mode 2
Event: 1.484 Thread 0x000001d26f420380 DEOPT PACKING pc=0x000001d20012ede1 sp=0x00000010064fc2e0
Event: 1.484 Thread 0x000001d26f420380 DEOPT UNPACKING pc=0x000001d2074a6e43 sp=0x00000010064fb768 mode 0
Event: 1.629 Thread 0x000001d27bfad130 Uncommon trap: trap_request=0xffffff6e fr.pc=0x000001d207c0488c relative=0x000000000000036c
Event: 1.629 Thread 0x000001d27bfad130 Uncommon trap: reason=loop_limit_check action=maybe_recompile pc=0x000001d207c0488c method=java.lang.StringLatin1.indexOf([BI[BII)I @ 37 c2
Event: 1.629 Thread 0x000001d27bfad130 DEOPT PACKING pc=0x000001d207c0488c sp=0x0000001007ef89e0
Event: 1.629 Thread 0x000001d27bfad130 DEOPT UNPACKING pc=0x000001d2074a66a3 sp=0x0000001007ef8940 mode 2

Classes unloaded (0 events):
No events

Classes redefined (0 events):
No events

Internal exceptions (20 events):
Event: 0.823 Thread 0x000001d26f420380 Exception <a 'java/lang/ClassNotFoundException'{0x00000000ec242380}: sun/net/www/protocol/c/Handler> (0x00000000ec242380) 
thrown [s\src\hotspot\share\classfile\systemDictionary.cpp, line 256]
Event: 0.824 Thread 0x000001d26f420380 Exception <a 'java/lang/ClassNotFoundException'{0x00000000ec243698}: sun/net/www/protocol/c/Handler> (0x00000000ec243698) 
thrown [s\src\hotspot\share\classfile\systemDictionary.cpp, line 256]
Event: 0.825 Thread 0x000001d26f420380 Exception <a 'java/lang/ClassNotFoundException'{0x00000000ec2447c8}: sun/net/www/protocol/c/Handler> (0x00000000ec2447c8) 
thrown [s\src\hotspot\share\classfile\systemDictionary.cpp, line 256]
Event: 0.843 Thread 0x000001d26f420380 Exception <a 'java/io/FileNotFoundException'{0x00000000ec269918}> (0x00000000ec269918) 
thrown [s\src\hotspot\share\prims\jni.cpp, line 516]
Event: 0.897 Thread 0x000001d26f420380 Implicit null exception at 0x000001d207bff07b to 0x000001d207bffa00
Event: 0.897 Thread 0x000001d26f420380 Implicit null exception at 0x000001d207bf166c to 0x000001d207bf1848
Event: 0.897 Thread 0x000001d26f420380 Implicit null exception at 0x000001d207bf0fec to 0x000001d207bf11d0
Event: 0.897 Thread 0x000001d26f420380 Implicit null exception at 0x000001d207beab8f to 0x000001d207beac05
Event: 0.981 Thread 0x000001d26f420380 Exception <a 'java/lang/NoSuchMethodError'{0x00000000eac7c8b0}: 'int java.lang.invoke.DirectMethodHandle$Holder.invokeStaticInit(java.lang.Object, java.lang.Object, java.lang.Object, java.lang.Object)'> (0x00000000eac7c8b0) 
thrown [s\src\hotspot\share\interpreter\linkResolver.cpp, line 759]
Event: 0.983 Thread 0x000001d26f420380 Exception <a 'java/lang/NoSuchMethodError'{0x00000000eac87028}: 'java.lang.Object java.lang.invoke.DirectMethodHandle$Holder.invokeInterface(java.lang.Object, java.lang.Object)'> (0x00000000eac87028) 
thrown [s\src\hotspot\share\interpreter\linkResolver.cpp, line 759]
Event: 0.984 Thread 0x000001d26f420380 Exception <a 'java/lang/IncompatibleClassChangeError'{0x00000000eac8a820}: Found class java.lang.Object, but interface was expected> (0x00000000eac8a820) 
thrown [s\src\hotspot\share\interpreter\linkResolver.cpp, line 826]
Event: 0.987 Thread 0x000001d26f420380 Exception <a 'java/lang/NoSuchMethodError'{0x00000000eac8ed10}: 'void java.lang.invoke.DirectMethodHandle$Holder.invokeStatic(java.lang.Object, java.lang.Object)'> (0x00000000eac8ed10) 
thrown [s\src\hotspot\share\interpreter\linkResolver.cpp, line 759]
Event: 0.988 Thread 0x000001d26f420380 Exception <a 'java/lang/NoSuchMethodError'{0x00000000eac92510}: 'void java.lang.invoke.DirectMethodHandle$Holder.invokeStaticInit(java.lang.Object, java.lang.Object)'> (0x00000000eac92510) 
thrown [s\src\hotspot\share\interpreter\linkResolver.cpp, line 759]
Event: 0.990 Thread 0x000001d26f420380 Exception <a 'java/lang/NoSuchMethodError'{0x00000000eac9ad40}: 'int java.lang.invoke.DirectMethodHandle$Holder.invokeStaticInit(java.lang.Object, java.lang.Object)'> (0x00000000eac9ad40) 
thrown [s\src\hotspot\share\interpreter\linkResolver.cpp, line 759]
Event: 1.043 Thread 0x000001d26f420380 Exception <a 'java/lang/NoSuchMethodError'{0x00000000eae047b8}: 'void java.lang.invoke.DirectMethodHandle$Holder.invokeSpecial(java.lang.Object, java.lang.Object, java.lang.Object)'> (0x00000000eae047b8) 
thrown [s\src\hotspot\share\interpreter\linkResolver.cpp, line 759]
Event: 1.408 Thread 0x000001d26f420380 Exception <a 'java/lang/NoSuchMethodError'{0x00000000ebad1150}: 'java.lang.Object java.lang.invoke.DirectMethodHandle$Holder.newInvokeSpecial(java.lang.Object, int, java.lang.Object)'> (0x00000000ebad1150) 
thrown [s\src\hotspot\share\interpreter\linkResolver.cpp, line 759]
Event: 1.605 Thread 0x000001d26f420380 Exception <a 'java/lang/UnsatisfiedLinkError'{0x00000000ec02b280}: 'void org.eclipse.equinox.launcher.JNIBridge._update_splash()'> (0x00000000ec02b280) 
thrown [s\src\hotspot\share\prims\nativeLookup.cpp, line 543]
Event: 1.669 Thread 0x000001d27bfad130 Exception <a 'java/lang/NoSuchMethodError'{0x00000000ec2bfa20}: 'java.lang.Object java.lang.invoke.DirectMethodHandle$Holder.invokeStaticInit(java.lang.Object)'> (0x00000000ec2bfa20) 
thrown [s\src\hotspot\share\interpreter\linkResolver.cpp, line 759]
Event: 1.717 Thread 0x000001d27bfad130 Exception <a 'java/lang/NullPointerException'{0x00000000eab028b8}> (0x00000000eab028b8) 
thrown [s\src\hotspot\share\interpreter\linkResolver.cpp, line 1350]
Event: 1.717 Thread 0x000001d27bfad130 Exception <a 'java/lang/NullPointerException'{0x00000000eab02b90}> (0x00000000eab02b90) 
thrown [s\src\hotspot\share\interpreter\linkResolver.cpp, line 1350]

VM Operations (20 events):
Event: 0.579 Executing VM operation: HandshakeAllThreads
Event: 0.579 Executing VM operation: HandshakeAllThreads done
Event: 0.797 Executing VM operation: HandshakeAllThreads
Event: 0.797 Executing VM operation: HandshakeAllThreads done
Event: 0.837 Executing VM operation: ICBufferFull
Event: 0.838 Executing VM operation: ICBufferFull done
Event: 0.918 Executing VM operation: ParallelGCFailedAllocation
Event: 0.927 Executing VM operation: ParallelGCFailedAllocation done
Event: 1.357 Executing VM operation: HandshakeAllThreads
Event: 1.358 Executing VM operation: HandshakeAllThreads done
Event: 1.358 Executing VM operation: HandshakeAllThreads
Event: 1.359 Executing VM operation: HandshakeAllThreads done
Event: 1.369 Executing VM operation: HandshakeAllThreads
Event: 1.369 Executing VM operation: HandshakeAllThreads done
Event: 1.398 Executing VM operation: HandshakeAllThreads
Event: 1.398 Executing VM operation: HandshakeAllThreads done
Event: 1.707 Executing VM operation: HandshakeAllThreads
Event: 1.707 Executing VM operation: HandshakeAllThreads done
Event: 1.712 Executing VM operation: ParallelGCFailedAllocation
Event: 1.717 Executing VM operation: ParallelGCFailedAllocation done

Events (20 events):
Event: 1.765 loading class com/sun/org/apache/xerces/internal/util/XMLChar
Event: 1.765 loading class com/sun/org/apache/xerces/internal/util/XMLChar done
Event: 1.766 loading class com/sun/org/apache/xerces/internal/util/XMLSymbols
Event: 1.766 loading class com/sun/org/apache/xerces/internal/util/XMLSymbols done
Event: 1.766 loading class com/sun/org/apache/xerces/internal/parsers/AbstractSAXParser$LocatorProxy
Event: 1.766 loading class org/xml/sax/ext/Locator2
Event: 1.766 loading class org/xml/sax/Locator
Event: 1.767 loading class org/xml/sax/Locator done
Event: 1.767 loading class org/xml/sax/ext/Locator2 done
Event: 1.767 loading class com/sun/org/apache/xerces/internal/parsers/AbstractSAXParser$LocatorProxy done
Event: 1.767 loading class com/sun/org/apache/xerces/internal/impl/XMLScanner$NameType
Event: 1.767 loading class com/sun/org/apache/xerces/internal/impl/XMLScanner$NameType done
Event: 1.767 loading class com/sun/org/apache/xerces/internal/impl/Constants
Event: 1.767 loading class com/sun/org/apache/xerces/internal/impl/Constants done
Event: 1.767 loading class com/sun/org/apache/xerces/internal/impl/Constants$ArrayEnumeration
Event: 1.767 loading class com/sun/org/apache/xerces/internal/impl/Constants$ArrayEnumeration done
Event: 1.772 loading class com/sun/org/apache/xerces/internal/impl/io/MalformedByteSequenceException
Event: 1.772 loading class java/io/CharConversionException
Event: 1.772 loading class java/io/CharConversionException done
Event: 1.772 loading class com/sun/org/apache/xerces/internal/impl/io/MalformedByteSequenceException done


Dynamic libraries:
0x00007ff793c60000 - 0x00007ff793c6e000 	c:\Users\devan\.vscode\extensions\redhat.java-1.29.0-win32-x64\jre\17.0.10-win32-x86_64\bin\java.exe
0x00007ffb3e370000 - 0x00007ffb3e587000 	C:\WINDOWS\SYSTEM32\ntdll.dll
0x00007ffb3d530000 - 0x00007ffb3d5f4000 	C:\WINDOWS\System32\KERNEL32.DLL
0x00007ffb3bd10000 - 0x00007ffb3c0b6000 	C:\WINDOWS\System32\KERNELBASE.dll
0x00007ffb3b900000 - 0x00007ffb3ba11000 	C:\WINDOWS\System32\ucrtbase.dll
0x00007ffb0e9a0000 - 0x00007ffb0e9b7000 	c:\Users\devan\.vscode\extensions\redhat.java-1.29.0-win32-x64\jre\17.0.10-win32-x86_64\bin\jli.dll
0x00007ffb08130000 - 0x00007ffb0814b000 	c:\Users\devan\.vscode\extensions\redhat.java-1.29.0-win32-x64\jre\17.0.10-win32-x86_64\bin\VCRUNTIME140.dll
0x00007ffb3c1c0000 - 0x00007ffb3c36e000 	C:\WINDOWS\System32\USER32.dll
0x00007ffb3b6e0000 - 0x00007ffb3b706000 	C:\WINDOWS\System32\win32u.dll
0x00007ffb317d0000 - 0x00007ffb31a63000 	C:\WINDOWS\WinSxS\amd64_microsoft.windows.common-controls_6595b64144ccf1df_6.0.22621.2506_none_270c5ae97388e100\COMCTL32.dll
0x00007ffb3d4f0000 - 0x00007ffb3d519000 	C:\WINDOWS\System32\GDI32.dll
0x00007ffb3dd10000 - 0x00007ffb3ddb7000 	C:\WINDOWS\System32\msvcrt.dll
0x00007ffb3bb80000 - 0x00007ffb3bc98000 	C:\WINDOWS\System32\gdi32full.dll
0x00007ffb3bae0000 - 0x00007ffb3bb7a000 	C:\WINDOWS\System32\msvcp_win.dll
0x00007ffb3dec0000 - 0x00007ffb3def1000 	C:\WINDOWS\System32\IMM32.DLL
0x00007ffb2c610000 - 0x00007ffb2c61c000 	c:\Users\devan\.vscode\extensions\redhat.java-1.29.0-win32-x64\jre\17.0.10-win32-x86_64\bin\vcruntime140_1.dll
0x00007ffaff5f0000 - 0x00007ffaff67d000 	c:\Users\devan\.vscode\extensions\redhat.java-1.29.0-win32-x64\jre\17.0.10-win32-x86_64\bin\msvcp140.dll
0x00007ffaab130000 - 0x00007ffaabd92000 	c:\Users\devan\.vscode\extensions\redhat.java-1.29.0-win32-x64\jre\17.0.10-win32-x86_64\bin\server\jvm.dll
0x00007ffb3d7d0000 - 0x00007ffb3d883000 	C:\WINDOWS\System32\ADVAPI32.dll
0x00007ffb3c880000 - 0x00007ffb3c928000 	C:\WINDOWS\System32\sechost.dll
0x00007ffb3b6b0000 - 0x00007ffb3b6d8000 	C:\WINDOWS\System32\bcrypt.dll
0x00007ffb3c6a0000 - 0x00007ffb3c7b7000 	C:\WINDOWS\System32\RPCRT4.dll
0x00007ffb32df0000 - 0x00007ffb32e24000 	C:\WINDOWS\SYSTEM32\WINMM.dll
0x00007ffb3b300000 - 0x00007ffb3b34d000 	C:\WINDOWS\SYSTEM32\POWRPROF.dll
0x00007ffb1b810000 - 0x00007ffb1b819000 	C:\WINDOWS\SYSTEM32\WSOCK32.dll
0x00007ffb3d600000 - 0x00007ffb3d671000 	C:\WINDOWS\System32\WS2_32.dll
0x00007ffb33d50000 - 0x00007ffb33d5a000 	C:\WINDOWS\SYSTEM32\VERSION.dll
0x00007ffb3b2e0000 - 0x00007ffb3b2f3000 	C:\WINDOWS\SYSTEM32\UMPDC.dll
0x00007ffb3a6e0000 - 0x00007ffb3a6f8000 	C:\WINDOWS\SYSTEM32\kernel.appcore.dll
0x00007ffb2c4f0000 - 0x00007ffb2c4fa000 	c:\Users\devan\.vscode\extensions\redhat.java-1.29.0-win32-x64\jre\17.0.10-win32-x86_64\bin\jimage.dll
0x00007ffb2f550000 - 0x00007ffb2f783000 	C:\WINDOWS\SYSTEM32\DBGHELP.DLL
0x00007ffb3df00000 - 0x00007ffb3e289000 	C:\WINDOWS\System32\combase.dll
0x00007ffb3cba0000 - 0x00007ffb3cc77000 	C:\WINDOWS\System32\OLEAUT32.dll
0x00007ffb2d230000 - 0x00007ffb2d262000 	C:\WINDOWS\SYSTEM32\dbgcore.DLL
0x00007ffb3b710000 - 0x00007ffb3b78a000 	C:\WINDOWS\System32\bcryptPrimitives.dll
0x00007ffb2c4c0000 - 0x00007ffb2c4ce000 	c:\Users\devan\.vscode\extensions\redhat.java-1.29.0-win32-x64\jre\17.0.10-win32-x86_64\bin\instrument.dll
0x00007ffb080e0000 - 0x00007ffb08105000 	c:\Users\devan\.vscode\extensions\redhat.java-1.29.0-win32-x64\jre\17.0.10-win32-x86_64\bin\java.dll
0x00007ffb078e0000 - 0x00007ffb078f8000 	c:\Users\devan\.vscode\extensions\redhat.java-1.29.0-win32-x64\jre\17.0.10-win32-x86_64\bin\zip.dll
0x00007ffb3cc80000 - 0x00007ffb3d4da000 	C:\WINDOWS\System32\SHELL32.dll
0x00007ffb395b0000 - 0x00007ffb39ea6000 	C:\WINDOWS\SYSTEM32\windows.storage.dll
0x00007ffb39470000 - 0x00007ffb395ae000 	C:\WINDOWS\SYSTEM32\wintypes.dll
0x00007ffb3c0c0000 - 0x00007ffb3c1b3000 	C:\WINDOWS\System32\SHCORE.dll
0x00007ffb3c810000 - 0x00007ffb3c86e000 	C:\WINDOWS\System32\shlwapi.dll
0x00007ffb3b5e0000 - 0x00007ffb3b606000 	C:\WINDOWS\SYSTEM32\profapi.dll
0x00007ffb047b0000 - 0x00007ffb047c9000 	C:\Users\devan\.vscode\extensions\redhat.java-1.29.0-win32-x64\jre\17.0.10-win32-x86_64\bin\net.dll
0x00007ffb35170000 - 0x00007ffb352a7000 	C:\WINDOWS\SYSTEM32\WINHTTP.dll
0x00007ffb3ab60000 - 0x00007ffb3abc9000 	C:\WINDOWS\system32\mswsock.dll
0x00007ffb067e0000 - 0x00007ffb067f6000 	C:\Users\devan\.vscode\extensions\redhat.java-1.29.0-win32-x64\jre\17.0.10-win32-x86_64\bin\nio.dll
0x00007ffb2c490000 - 0x00007ffb2c4a0000 	c:\Users\devan\.vscode\extensions\redhat.java-1.29.0-win32-x64\jre\17.0.10-win32-x86_64\bin\verify.dll
0x00007ffadac10000 - 0x00007ffadac4e000 	C:\Users\devan\AppData\Roaming\Code\User\globalStorage\redhat.java\1.29.0\config_ss_win\org.eclipse.equinox.launcher\org.eclipse.equinox.launcher.win32.win32.x86_64_1.2.900.v20240213-1244\eclipse_11900.dll
0x00007ffb3c400000 - 0x00007ffb3c5a0000 	C:\WINDOWS\System32\ole32.dll

dbghelp: loaded successfully - version: 4.0.5 - missing functions: none
symbol engine: initialized successfully - sym options: 0x614 - pdb path: .;c:\Users\devan\.vscode\extensions\redhat.java-1.29.0-win32-x64\jre\17.0.10-win32-x86_64\bin;C:\WINDOWS\SYSTEM32;C:\WINDOWS\WinSxS\amd64_microsoft.windows.common-controls_6595b64144ccf1df_6.0.22621.2506_none_270c5ae97388e100;c:\Users\devan\.vscode\extensions\redhat.java-1.29.0-win32-x64\jre\17.0.10-win32-x86_64\bin\server;C:\Users\devan\AppData\Roaming\Code\User\globalStorage\redhat.java\1.29.0\config_ss_win\org.eclipse.equinox.launcher\org.eclipse.equinox.launcher.win32.win32.x86_64_1.2.900.v20240213-1244

VM Arguments:
jvm_args: --add-modules=ALL-SYSTEM --add-opens=java.base/java.util=ALL-UNNAMED --add-opens=java.base/java.lang=ALL-UNNAMED --add-opens=java.base/sun.nio.fs=ALL-UNNAMED -Declipse.application=org.eclipse.jdt.ls.core.id1 -Dosgi.bundles.defaultStartLevel=4 -Declipse.product=org.eclipse.jdt.ls.core.product -Djava.import.generatesMetadataFilesAtProjectRoot=false -DDetectVMInstallationsJob.disabled=true -Dfile.encoding=utf8 -XX:+UseParallelGC -XX:GCTimeRatio=4 -XX:AdaptiveSizePolicyWeight=90 -Dsun.zip.disableMemoryMapping=true -Xmx1G -Xms100m -Xlog:disable -javaagent:c:\Users\devan\.vscode\extensions\redhat.java-1.29.0-win32-x64\lombok\lombok-1.18.32.jar 
java_command: c:\Users\devan\.vscode\extensions\redhat.java-1.29.0-win32-x64\server\plugins\org.eclipse.equinox.launcher_1.6.800.v20240304-1850.jar -configuration c:\Users\devan\AppData\Roaming\Code\User\globalStorage\redhat.java\1.29.0\config_ss_win -data c:\Users\devan\AppData\Roaming\Code\User\workspaceStorage\4d92966fc4af52e91468190edff9a261\redhat.java\ss_ws --stdio
java_class_path (initial): c:\Users\devan\.vscode\extensions\redhat.java-1.29.0-win32-x64\server\plugins\org.eclipse.equinox.launcher_1.6.800.v20240304-1850.jar
Launcher Type: SUN_STANDARD

[Global flags]
    uintx AdaptiveSizePolicyWeight                 = 90                                        {product} {command line}
     intx CICompilerCount                          = 12                                        {product} {ergonomic}
    uintx GCTimeRatio                              = 4                                         {product} {command line}
   size_t InitialHeapSize                          = 104857600                                 {product} {command line}
   size_t MaxHeapSize                              = 1073741824                                {product} {command line}
   size_t MaxNewSize                               = 357564416                                 {product} {ergonomic}
   size_t MinHeapDeltaBytes                        = 524288                                    {product} {ergonomic}
   size_t MinHeapSize                              = 104857600                                 {product} {command line}
   size_t NewSize                                  = 34603008                                  {product} {ergonomic}
    uintx NonNMethodCodeHeapSize                   = 7602480                                {pd product} {ergonomic}
    uintx NonProfiledCodeHeapSize                  = 122027880                              {pd product} {ergonomic}
   size_t OldSize                                  = 70254592                                  {product} {ergonomic}
    uintx ProfiledCodeHeapSize                     = 122027880                              {pd product} {ergonomic}
    uintx ReservedCodeCacheSize                    = 251658240                              {pd product} {ergonomic}
     bool SegmentedCodeCache                       = true                                      {product} {ergonomic}
   size_t SoftMaxHeapSize                          = 1073741824                             {manageable} {ergonomic}
     bool UseCompressedClassPointers               = true                           {product lp64_product} {ergonomic}
     bool UseCompressedOops                        = true                           {product lp64_product} {ergonomic}
     bool UseLargePagesIndividualAllocation        = false                                  {pd product} {ergonomic}
     bool UseParallelGC                            = true                                      {product} {command line}

Logging:
Log output configuration:
 #0: stdout all=off uptime,level,tags
 #1: stderr all=off uptime,level,tags

Environment Variables:
JAVA_HOME=C:\Program Files\Microsoft\jdk-17.0.10.7-hotspot\
PATH=C:\Users\devan\AppData\Roaming\.dotnet;C:\Program Files\Microsoft\jdk-17.0.10.7-hotspot\bin;C:\Program Files\NVIDIA GPU Computing Toolkit\CUDA\v8.0\bin;C:\Program Files\NVIDIA GPU Computing Toolkit\CUDA\v8.0\libnvvp;C:\Program Files (x86)\Qualcomm\QDART\\bin;C:\Program Files (x86)\Common Files\Oracle\Java\javapath;C:\Program Files\Common Files\Oracle\Java\javapath;C:\Windows\system32;C:\Windows;C:\Windows\System32\Wbem;C:\Windows\System32\WindowsPowerShell\v1.0\;C:\Windows\System32\OpenSSH\;C:\Program Files (x86)\NVIDIA Corporation\PhysX\Common;C:\Program Files\NVIDIA Corporation\NVIDIA NvDLISR;C:\WINDOWS\system32;C:\WINDOWS;C:\WINDOWS\System32\Wbem;C:\WINDOWS\System32\WindowsPowerShell\v1.0\;C:\WINDOWS\System32\OpenSSH\;C:\Users\devan\AppData\Local\Microsoft\WindowsApps;C:\Users\devan\AppData\Local\Programs\Microsoft VS Code\bin;C:\adb;C:\Program Files\dotnet\;C:\Program Files\Java\jdk-17.0.1\bin;C:\Program Files\PuTTY\;C:\Xilinx\Vivado\2021.1\bin;C:\mingw32\bin;C:\Program Files\NVIDIA Corporation\Nsight Compute 2023.3.1\;C:\WINDOWS\system32;C:\WINDOWS;C:\WINDOWS\System32\Wbem;C:\WINDOWS\System32\WindowsPowerShell\v1.0\;C:\WINDOWS\System32\OpenSSH\;C:\Program Files\nodejs\;C:\ProgramData\chocolatey\bin;C:\Program Files\Docker\Docker\resources\bin;C:\Program Files\Microsoft SQL Server\150\Tools\Binn\;C:\Program Files\Microsoft SQL Server\Client SDK\ODBC\170\Tools\Binn\;C:\Program Files (x86)\Microsoft SQL Server\160\DTS\Binn\;C:\Program Files (x86)\Microsoft SQL Server\160\Tools\Binn\;C:\Program Files\Microsoft SQL Server\160\Tools\Binn\;C:\Program Files\Microsoft SQL Server\160\DTS\Binn\;C:\Program Files\Git\cmd;C:\Users\devan\AppData\Roaming\.dotnet;C:\Users\devan\AppData\Local\Android\Sdk\platform-tools;C:\Users\devan\AppData\Local\Android\Sdk\tools;C:\Program Files\MySQL\MySQL Shell 8.0\bin\;C:\Users\devan\AppData\Local\Programs\Python\Python310\Scripts\;C:\Users\devan\AppData\Local\Programs\Python\Python310\;%USERPROFILE%\AppData\Local\Microsoft\WindowsApps;C
USERNAME=devang
OS=Windows_NT
PROCESSOR_IDENTIFIER=AMD64 Family 23 Model 96 Stepping 1, AuthenticAMD
TMP=C:\Users\devan\AppData\Local\Temp
TEMP=C:\Users\devan\AppData\Local\Temp



Periodic native trim disabled


---------------  S Y S T E M  ---------------

OS:
 Windows 11 , 64 bit Build 22621 (10.0.22621.2506)
OS uptime: 0 days 1:44 hours
Hyper-V role detected

CPU: total 16 (initial active 16) (16 cores per cpu, 2 threads per core) family 23 model 96 stepping 1 microcode 0x0, cx8, cmov, fxsr, ht, mmx, 3dnowpref, sse, sse2, sse3, ssse3, sse4a, sse4.1, sse4.2, popcnt, lzcnt, tsc, tscinvbit, avx, avx2, aes, clmul, bmi1, bmi2, adx, sha, fma, vzeroupper, clflush, clflushopt, hv
Processor Information for all 16 processors :
  Max Mhz: 2901, Current Mhz: 2901, Mhz Limit: 2901

Memory: 4k page, system-wide physical 15790M (4543M free)
TotalPageFile size 15790M (AvailPageFile size 227M)
current process WorkingSet (physical memory assigned to process): 93M, peak: 93M
current process commit charge ("private bytes"): 224M, peak: 224M

vm_info: OpenJDK 64-Bit Server VM (17.0.10+7) for windows-amd64 JRE (17.0.10+7), built on Jan 16 2024 23:25:11 by "admin" with MS VC++ 16.10 / 16.11 (VS2019)

END.
