#
# There is insufficient memory for the Java Runtime Environment to continue.
# Native memory allocation (malloc) failed to allocate 271216 bytes for Chunk::new
# Possible reasons:
#   The system is out of physical RAM or swap space
#   The process is running with CompressedOops enabled, and the Java Heap may be blocking the growth of the native heap
# Possible solutions:
#   Reduce memory load on the system
#   Increase physical memory or swap space
#   Check if swap backing store is full
#   Decrease Java heap size (-Xmx/-Xms)
#   Decrease number of Java threads
#   Decrease Java thread stack sizes (-Xss)
#   Set larger code cache with -XX:ReservedCodeCacheSize=
#   JVM is running with Unscaled Compressed Oops mode in which the Java heap is
#     placed in the first 4GB address space. The Java Heap base address is the
#     maximum limit for the native heap growth. Please use -XX:HeapBaseMinAddress
#     to set the Java Heap base and to place the Java Heap above 4GB virtual address.
# This output file may be truncated or incomplete.
#
#  Out of Memory Error (arena.cpp:191), pid=15636, tid=11940
#
# JRE version: OpenJDK Runtime Environment Temurin-17.0.10+7 (17.0.10+7) (build 17.0.10+7)
# Java VM: OpenJDK 64-Bit Server VM Temurin-17.0.10+7 (17.0.10+7, mixed mode, tiered, compressed oops, compressed class ptrs, parallel gc, windows-amd64)
# No core dump will be written. Minidumps are not enabled by default on client versions of Windows
#

---------------  S U M M A R Y ------------

Command Line: --add-modules=ALL-SYSTEM --add-opens=java.base/java.util=ALL-UNNAMED --add-opens=java.base/java.lang=ALL-UNNAMED --add-opens=java.base/sun.nio.fs=ALL-UNNAMED -Declipse.application=org.eclipse.jdt.ls.core.id1 -Dosgi.bundles.defaultStartLevel=4 -Declipse.product=org.eclipse.jdt.ls.core.product -Djava.import.generatesMetadataFilesAtProjectRoot=false -DDetectVMInstallationsJob.disabled=true -Dfile.encoding=utf8 -XX:+UseParallelGC -XX:GCTimeRatio=4 -XX:AdaptiveSizePolicyWeight=90 -Dsun.zip.disableMemoryMapping=true -Xmx1G -Xms100m -Xlog:disable -javaagent:c:\Users\devan\.vscode\extensions\redhat.java-1.29.0-win32-x64\lombok\lombok-1.18.32.jar -XX:+HeapDumpOnOutOfMemoryError -XX:HeapDumpPath=c:\Users\devan\AppData\Roaming\Code\User\workspaceStorage\5777b845f8ef420473e6a91478c2b9a2\redhat.java -Daether.dependencyCollector.impl=bf c:\Users\devan\.vscode\extensions\redhat.java-1.29.0-win32-x64\server\plugins\org.eclipse.equinox.launcher_1.6.800.v20240304-1850.jar -configuration c:\Users\devan\AppData\Roaming\Code\User\globalStorage\redhat.java\1.29.0\config_win -data c:\Users\devan\AppData\Roaming\Code\User\workspaceStorage\5777b845f8ef420473e6a91478c2b9a2\redhat.java\jdt_ws --stdio

Host: AMD Ryzen 7 4800H with Radeon Graphics         , 16 cores, 15G,  Windows 11 , 64 bit Build 22621 (10.0.22621.2506)
Time: Fri Apr 12 19:43:42 2024 Russia TZ 10 Standard Time elapsed time: 1646.581614 seconds (0d 0h 27m 26s)

---------------  T H R E A D  ---------------

Current thread (0x00000169fb21d220):  JavaThread "C2 CompilerThread0" daemon [_thread_in_native, id=11940, stack(0x0000004062700000,0x0000004062800000)]


Current CompileTask:
C2:1646581 10310       4       org.eclipse.core.runtime.Path::<init> (161 bytes)

Stack: [0x0000004062700000,0x0000004062800000]
Native frames: (J=compiled Java code, j=interpreted, Vv=VM code, C=native code)
V  [jvm.dll+0x67d2c9]
V  [jvm.dll+0x834afa]
V  [jvm.dll+0x8365be]
V  [jvm.dll+0x836c23]
V  [jvm.dll+0x2477ff]
V  [jvm.dll+0xac514]
V  [jvm.dll+0xacb5c]
V  [jvm.dll+0x2aed1f]
V  [jvm.dll+0x584b67]
V  [jvm.dll+0x2228a2]
V  [jvm.dll+0x222c8f]
V  [jvm.dll+0x21bdb6]
V  [jvm.dll+0x219201]
V  [jvm.dll+0x1a502d]
V  [jvm.dll+0x2290de]
V  [jvm.dll+0x2272ac]
V  [jvm.dll+0x7e9bb7]
V  [jvm.dll+0x7e3fba]
V  [jvm.dll+0x67c1b5]
C  [ucrtbase.dll+0x29363]
C  [KERNEL32.DLL+0x1257d]
C  [ntdll.dll+0x5aa58]


---------------  P R O C E S S  ---------------

Threads class SMR info:
_java_thread_list=0x00000169829264c0, length=27, elements={
0x00000169e2194cc0, 0x00000169f6015260, 0x00000169f6016880, 0x00000169fb216250,
0x00000169fb2170d0, 0x00000169fb217f50, 0x00000169fb219c80, 0x00000169fb21d220,
0x00000169fb220f60, 0x00000169fb22b960, 0x00000169e21f88c0, 0x00000169fd428710,
0x00000169fd859de0, 0x00000169fdbc4d60, 0x00000169fdc13580, 0x00000169fdf6a060,
0x00000169fe36be00, 0x00000169fe2aec70, 0x00000169fe2b0ad0, 0x00000169fe2ae760,
0x00000169fe2b00b0, 0x00000169fe2ad830, 0x00000169fe2af690, 0x00000169ff8e3fc0,
0x00000169ff8e44d0, 0x00000169ff8e5400, 0x00000169ff8e6d50
}

Java Threads: ( => current thread )
  0x00000169e2194cc0 JavaThread "main" [_thread_blocked, id=20392, stack(0x0000004061e00000,0x0000004061f00000)]
  0x00000169f6015260 JavaThread "Reference Handler" daemon [_thread_blocked, id=14380, stack(0x0000004062100000,0x0000004062200000)]
  0x00000169f6016880 JavaThread "Finalizer" daemon [_thread_blocked, id=19204, stack(0x0000004062200000,0x0000004062300000)]
  0x00000169fb216250 JavaThread "Signal Dispatcher" daemon [_thread_blocked, id=21032, stack(0x0000004062300000,0x0000004062400000)]
  0x00000169fb2170d0 JavaThread "Attach Listener" daemon [_thread_blocked, id=8160, stack(0x0000004062400000,0x0000004062500000)]
  0x00000169fb217f50 JavaThread "Service Thread" daemon [_thread_blocked, id=13252, stack(0x0000004062500000,0x0000004062600000)]
  0x00000169fb219c80 JavaThread "Monitor Deflation Thread" daemon [_thread_blocked, id=2384, stack(0x0000004062600000,0x0000004062700000)]
=>0x00000169fb21d220 JavaThread "C2 CompilerThread0" daemon [_thread_in_native, id=11940, stack(0x0000004062700000,0x0000004062800000)]
  0x00000169fb220f60 JavaThread "C1 CompilerThread0" daemon [_thread_blocked, id=20848, stack(0x0000004062800000,0x0000004062900000)]
  0x00000169fb22b960 JavaThread "Sweeper thread" daemon [_thread_blocked, id=2552, stack(0x0000004062900000,0x0000004062a00000)]
  0x00000169e21f88c0 JavaThread "Common-Cleaner" daemon [_thread_blocked, id=13824, stack(0x0000004062a00000,0x0000004062b00000)]
  0x00000169fd428710 JavaThread "Notification Thread" daemon [_thread_blocked, id=2976, stack(0x0000004062f00000,0x0000004063000000)]
  0x00000169fd859de0 JavaThread "Active Thread: Equinox Container: 65c35abb-a4b5-4d59-8104-95c83129d739" [_thread_blocked, id=21336, stack(0x0000004063600000,0x0000004063700000)]
  0x00000169fdbc4d60 JavaThread "Framework Event Dispatcher: Equinox Container: 65c35abb-a4b5-4d59-8104-95c83129d739" daemon [_thread_blocked, id=13140, stack(0x0000004063700000,0x0000004063800000)]
  0x00000169fdc13580 JavaThread "Start Level: Equinox Container: 65c35abb-a4b5-4d59-8104-95c83129d739" daemon [_thread_blocked, id=16052, stack(0x0000004063800000,0x0000004063900000)]
  0x00000169fdf6a060 JavaThread "Bundle File Closer" daemon [_thread_blocked, id=21288, stack(0x0000004063c00000,0x0000004063d00000)]
  0x00000169fe36be00 JavaThread "SCR Component Actor" daemon [_thread_blocked, id=888, stack(0x0000004063e00000,0x0000004063f00000)]
  0x00000169fe2aec70 JavaThread "Worker-JM" [_thread_blocked, id=912, stack(0x0000004063400000,0x0000004063500000)]
  0x00000169fe2b0ad0 JavaThread "Worker-0" [_thread_blocked, id=2488, stack(0x0000004064500000,0x0000004064600000)]
  0x00000169fe2ae760 JavaThread "Java indexing" daemon [_thread_blocked, id=14856, stack(0x0000004064700000,0x0000004064800000)]
  0x00000169fe2b00b0 JavaThread "JNA Cleaner" daemon [_thread_blocked, id=8832, stack(0x0000004064a00000,0x0000004064b00000)]
  0x00000169fe2ad830 JavaThread "pool-2-thread-1" [_thread_blocked, id=17744, stack(0x0000004064b00000,0x0000004064c00000)]
  0x00000169fe2af690 JavaThread "WorkspaceEventsHandler" [_thread_in_Java, id=4704, stack(0x0000004065000000,0x0000004065100000)]
  0x00000169ff8e3fc0 JavaThread "pool-1-thread-1" [_thread_in_native, id=11976, stack(0x0000004065100000,0x0000004065200000)]
  0x00000169ff8e44d0 JavaThread "Timer-0" [_thread_blocked, id=3944, stack(0x0000004065200000,0x0000004065300000)]
  0x00000169ff8e5400 JavaThread "Timer-1" [_thread_blocked, id=10468, stack(0x0000004064c00000,0x0000004064d00000)]
  0x00000169ff8e6d50 JavaThread "Worker-3" [_thread_blocked, id=9268, stack(0x0000004065600000,0x0000004065700000)]

Other Threads:
  0x00000169f6000350 VMThread "VM Thread" [stack: 0x0000004062000000,0x0000004062100000] [id=18220]
  0x00000169fd50cb20 WatcherThread [stack: 0x0000004063000000,0x0000004063100000] [id=11384]
  0x00000169e21acad0 GCTaskThread "GC Thread#0" [stack: 0x0000004061f00000,0x0000004062000000] [id=15200]
  0x00000169fb3fced0 GCTaskThread "GC Thread#1" [stack: 0x0000004062d00000,0x0000004062e00000] [id=8120]
  0x00000169fb3fd190 GCTaskThread "GC Thread#2" [stack: 0x0000004062e00000,0x0000004062f00000] [id=15324]
  0x00000169fd9e7600 GCTaskThread "GC Thread#3" [stack: 0x0000004063100000,0x0000004063200000] [id=16060]
  0x00000169fd9e78c0 GCTaskThread "GC Thread#4" [stack: 0x0000004063200000,0x0000004063300000] [id=14300]
  0x00000169fda0db70 GCTaskThread "GC Thread#5" [stack: 0x0000004063300000,0x0000004063400000] [id=11256]
  0x00000169fe055610 GCTaskThread "GC Thread#6" [stack: 0x0000004063900000,0x0000004063a00000] [id=15264]
  0x00000169fe0558d0 GCTaskThread "GC Thread#7" [stack: 0x0000004063a00000,0x0000004063b00000] [id=10820]
  0x00000169fe308920 GCTaskThread "GC Thread#8" [stack: 0x0000004063d00000,0x0000004063e00000] [id=15052]
  0x00000169fe0e93d0 GCTaskThread "GC Thread#9" [stack: 0x0000004063500000,0x0000004063600000] [id=17708]
  0x00000169fe0e9690 GCTaskThread "GC Thread#10" [stack: 0x0000004063f00000,0x0000004064000000] [id=9236]
  0x00000169fdebf5c0 GCTaskThread "GC Thread#11" [stack: 0x0000004064000000,0x0000004064100000] [id=13660]
  0x00000169fe8b8b60 GCTaskThread "GC Thread#12" [stack: 0x0000004064300000,0x0000004064400000] [id=15760]

Threads with active compile tasks:
C2 CompilerThread0  1646598 10310       4       org.eclipse.core.runtime.Path::<init> (161 bytes)

VM state: not at safepoint (normal execution)

VM Mutex/Monitor currently owned by a thread: None

Heap address: 0x00000000c0000000, size: 1024 MB, Compressed Oops mode: 32-bit

CDS archive(s) not mapped
Compressed class space mapped at: 0x0000000100000000-0x0000000140000000, reserved size: 1073741824
Narrow klass base: 0x0000000000000000, Narrow klass shift: 3, Narrow klass range: 0x140000000

GC Precious Log:
 CPUs: 16 total, 16 available
 Memory: 15790M
 Large Page Support: Disabled
 NUMA Support: Disabled
 Compressed Oops: Enabled (32-bit)
 Alignments: Space 512K, Generation 512K, Heap 2M
 Heap Min Capacity: 100M
 Heap Initial Capacity: 100M
 Heap Max Capacity: 1G
 Pre-touch: Disabled
 Parallel Workers: 13

Heap:
 PSYoungGen      total 22528K, used 16568K [0x00000000eab00000, 0x00000000ec680000, 0x0000000100000000)
  eden space 18432K, 67% used [0x00000000eab00000,0x00000000eb734f70,0x00000000ebd00000)
  from space 4096K, 99% used [0x00000000ec180000,0x00000000ec5791c0,0x00000000ec580000)
  to   space 4608K, 0% used [0x00000000ebd00000,0x00000000ebd00000,0x00000000ec180000)
 ParOldGen       total 90112K, used 59652K [0x00000000c0000000, 0x00000000c5800000, 0x00000000eab00000)
  object space 90112K, 66% used [0x00000000c0000000,0x00000000c3a411e0,0x00000000c5800000)
 Metaspace       used 72251K, committed 73408K, reserved 1114112K
  class space    used 7994K, committed 8448K, reserved 1048576K

Card table byte_map: [0x00000169e1b50000,0x00000169e1d60000] _byte_map_base: 0x00000169e1550000

Marking Bits: (ParMarkBitMap*) 0x00007ffd570ad7d0
 Begin Bits: [0x00000169f3e20000, 0x00000169f4e20000)
 End Bits:   [0x00000169f4e20000, 0x00000169f5e20000)

Polling page: 0x00000169e1940000

Metaspace:

Usage:
  Non-class:     62.75 MB used.
      Class:      7.81 MB used.
       Both:     70.56 MB used.

Virtual space:
  Non-class space:       64.00 MB reserved,      63.44 MB (>99%) committed,  1 nodes.
      Class space:        1.00 GB reserved,       8.25 MB ( <1%) committed,  1 nodes.
             Both:        1.06 GB reserved,      71.69 MB (  7%) committed. 

Chunk freelists:
   Non-Class:  463.00 KB
       Class:  7.61 MB
        Both:  8.06 MB

MaxMetaspaceSize: unlimited
CompressedClassSpaceSize: 1.00 GB
Initial GC threshold: 21.00 MB
Current GC threshold: 117.50 MB
CDS: off
MetaspaceReclaimPolicy: balanced
 - commit_granule_bytes: 65536.
 - commit_granule_words: 8192.
 - virtual_space_node_default_size: 8388608.
 - enlarge_chunks_in_place: 1.
 - new_chunks_are_fully_committed: 0.
 - uncommit_free_chunks: 1.
 - use_allocation_guard: 0.
 - handle_deallocations: 1.


Internal statistics:

num_allocs_failed_limit: 9.
num_arena_births: 690.
num_arena_deaths: 32.
num_vsnodes_births: 2.
num_vsnodes_deaths: 0.
num_space_committed: 1147.
num_space_uncommitted: 0.
num_chunks_returned_to_freelist: 47.
num_chunks_taken_from_freelist: 3531.
num_chunk_merges: 13.
num_chunk_splits: 2259.
num_chunks_enlarged: 1434.
num_inconsistent_stats: 0.

CodeHeap 'non-profiled nmethods': size=119168Kb used=5786Kb max_used=5786Kb free=113382Kb
 bounds [0x00000169ec9c0000, 0x00000169ecf80000, 0x00000169f3e20000]
CodeHeap 'profiled nmethods': size=119104Kb used=18236Kb max_used=19105Kb free=100867Kb
 bounds [0x00000169e4e20000, 0x00000169e60d0000, 0x00000169ec270000]
CodeHeap 'non-nmethods': size=7488Kb used=1360Kb max_used=3156Kb free=6127Kb
 bounds [0x00000169ec270000, 0x00000169ec590000, 0x00000169ec9c0000]
 total_blobs=9185 nmethods=8480 adapters=617
 compilation: enabled
              stopped_count=0, restarted_count=0
 full_count=0

Compilation events (20 events):
Event: 1646.489 Thread 0x00000169fb21d220 nmethod 10301 0x00000169ece29b10 code [0x00000169ece29c80, 0x00000169ece29d18]
Event: 1646.490 Thread 0x00000169fb220f60 10302       3       org.eclipse.core.internal.filesystem.local.LocalFile::getName (8 bytes)
Event: 1646.490 Thread 0x00000169fb220f60 nmethod 10302 0x00000169e5ede210 code [0x00000169e5ede3c0, 0x00000169e5ede508]
Event: 1646.492 Thread 0x00000169fb220f60 10303       3       org.eclipse.core.internal.resources.AliasManager::findResources (34 bytes)
Event: 1646.492 Thread 0x00000169fb21d220 10308   !   4       java.io.WinNTFileSystem::resolve (362 bytes)
Event: 1646.493 Thread 0x00000169fb220f60 nmethod 10303 0x00000169e5edd210 code [0x00000169e5edd460, 0x00000169e5edde88]
Event: 1646.493 Thread 0x00000169fb220f60 10304       3       org.eclipse.core.internal.resources.AliasManager$$Lambda$491/0x00000001005afa80::<init> (10 bytes)
Event: 1646.493 Thread 0x00000169fb220f60 nmethod 10304 0x00000169e5edce10 code [0x00000169e5edcfa0, 0x00000169e5edd118]
Event: 1646.493 Thread 0x00000169fb220f60 10305       3       org.eclipse.core.internal.resources.AliasManager$LocationMap::matchingResourcesDo (89 bytes)
Event: 1646.493 Thread 0x00000169fb220f60 nmethod 10305 0x00000169e5edbc90 code [0x00000169e5edbee0, 0x00000169e5edcb78]
Event: 1646.493 Thread 0x00000169fb220f60 10306       3       org.eclipse.core.runtime.IPath::fromPortableString (5 bytes)
Event: 1646.494 Thread 0x00000169fb220f60 nmethod 10306 0x00000169e571bc10 code [0x00000169e571bda0, 0x00000169e571bea8]
Event: 1646.494 Thread 0x00000169fb220f60 10307       3       org.eclipse.core.runtime.Path::parsePortableString (175 bytes)
Event: 1646.495 Thread 0x00000169fb220f60 nmethod 10307 0x00000169e5ed9d90 code [0x00000169e5eda0e0, 0x00000169e5edb4d8]
Event: 1646.505 Thread 0x00000169fb21d220 nmethod 10308 0x00000169ece28890 code [0x00000169ece28aa0, 0x00000169ece29540]
Event: 1646.527 Thread 0x00000169fb220f60 10309       3       java.net.URI::normalize (65 bytes)
Event: 1646.528 Thread 0x00000169fb220f60 nmethod 10309 0x00000169e5ed9290 code [0x00000169e5ed94e0, 0x00000169e5ed9b28]
Event: 1646.569 Thread 0x00000169fb21d220 10310       4       org.eclipse.core.runtime.Path::<init> (161 bytes)
Event: 1646.577 Thread 0x00000169fb220f60 10312       3       java.nio.HeapByteBuffer::<init> (21 bytes)
Event: 1646.577 Thread 0x00000169fb220f60 nmethod 10312 0x00000169e5ed8d90 code [0x00000169e5ed8f40, 0x00000169e5ed9168]

GC Heap History (20 events):
Event: 11.549 GC heap before
{Heap before GC invocations=36 (full 3):
 PSYoungGen      total 20992K, used 20982K [0x00000000eab00000, 0x00000000ec600000, 0x0000000100000000)
  eden space 19968K, 99% used [0x00000000eab00000,0x00000000ebe7f8c8,0x00000000ebe80000)
  from space 1024K, 99% used [0x00000000ec500000,0x00000000ec5fdfc8,0x00000000ec600000)
  to   space 2560K, 0% used [0x00000000ec100000,0x00000000ec100000,0x00000000ec380000)
 ParOldGen       total 68608K, used 50370K [0x00000000c0000000, 0x00000000c4300000, 0x00000000eab00000)
  object space 68608K, 73% used [0x00000000c0000000,0x00000000c3130870,0x00000000c4300000)
 Metaspace       used 63229K, committed 64384K, reserved 1114112K
  class space    used 7201K, committed 7680K, reserved 1048576K
}
Event: 11.551 GC heap after
{Heap after GC invocations=36 (full 3):
 PSYoungGen      total 22528K, used 752K [0x00000000eab00000, 0x00000000ec580000, 0x0000000100000000)
  eden space 19968K, 0% used [0x00000000eab00000,0x00000000eab00000,0x00000000ebe80000)
  from space 2560K, 29% used [0x00000000ec100000,0x00000000ec1bc010,0x00000000ec380000)
  to   space 1536K, 0% used [0x00000000ec400000,0x00000000ec400000,0x00000000ec580000)
 ParOldGen       total 68608K, used 51304K [0x00000000c0000000, 0x00000000c4300000, 0x00000000eab00000)
  object space 68608K, 74% used [0x00000000c0000000,0x00000000c321a190,0x00000000c4300000)
 Metaspace       used 63229K, committed 64384K, reserved 1114112K
  class space    used 7201K, committed 7680K, reserved 1048576K
}
Event: 11.980 GC heap before
{Heap before GC invocations=37 (full 3):
 PSYoungGen      total 22528K, used 20670K [0x00000000eab00000, 0x00000000ec580000, 0x0000000100000000)
  eden space 19968K, 99% used [0x00000000eab00000,0x00000000ebe738e0,0x00000000ebe80000)
  from space 2560K, 29% used [0x00000000ec100000,0x00000000ec1bc010,0x00000000ec380000)
  to   space 1536K, 0% used [0x00000000ec400000,0x00000000ec400000,0x00000000ec580000)
 ParOldGen       total 68608K, used 51304K [0x00000000c0000000, 0x00000000c4300000, 0x00000000eab00000)
  object space 68608K, 74% used [0x00000000c0000000,0x00000000c321a190,0x00000000c4300000)
 Metaspace       used 64873K, committed 66048K, reserved 1114112K
  class space    used 7411K, committed 7872K, reserved 1048576K
}
Event: 11.981 GC heap after
{Heap after GC invocations=37 (full 3):
 PSYoungGen      total 20992K, used 1019K [0x00000000eab00000, 0x00000000ec500000, 0x0000000100000000)
  eden space 19968K, 0% used [0x00000000eab00000,0x00000000eab00000,0x00000000ebe80000)
  from space 1024K, 99% used [0x00000000ec400000,0x00000000ec4fec50,0x00000000ec500000)
  to   space 1536K, 0% used [0x00000000ec200000,0x00000000ec200000,0x00000000ec380000)
 ParOldGen       total 68608K, used 51819K [0x00000000c0000000, 0x00000000c4300000, 0x00000000eab00000)
  object space 68608K, 75% used [0x00000000c0000000,0x00000000c329aea0,0x00000000c4300000)
 Metaspace       used 64873K, committed 66048K, reserved 1114112K
  class space    used 7411K, committed 7872K, reserved 1048576K
}
Event: 12.239 GC heap before
{Heap before GC invocations=38 (full 3):
 PSYoungGen      total 20992K, used 20987K [0x00000000eab00000, 0x00000000ec500000, 0x0000000100000000)
  eden space 19968K, 100% used [0x00000000eab00000,0x00000000ebe80000,0x00000000ebe80000)
  from space 1024K, 99% used [0x00000000ec400000,0x00000000ec4fec50,0x00000000ec500000)
  to   space 1536K, 0% used [0x00000000ec200000,0x00000000ec200000,0x00000000ec380000)
 ParOldGen       total 68608K, used 51819K [0x00000000c0000000, 0x00000000c4300000, 0x00000000eab00000)
  object space 68608K, 75% used [0x00000000c0000000,0x00000000c329aea0,0x00000000c4300000)
 Metaspace       used 65792K, committed 66880K, reserved 1114112K
  class space    used 7518K, committed 7936K, reserved 1048576K
}
Event: 12.239 GC heap after
{Heap after GC invocations=38 (full 3):
 PSYoungGen      total 21504K, used 416K [0x00000000eab00000, 0x00000000ec480000, 0x0000000100000000)
  eden space 19968K, 0% used [0x00000000eab00000,0x00000000eab00000,0x00000000ebe80000)
  from space 1536K, 27% used [0x00000000ec200000,0x00000000ec268000,0x00000000ec380000)
  to   space 1024K, 0% used [0x00000000ec380000,0x00000000ec380000,0x00000000ec480000)
 ParOldGen       total 68608K, used 52605K [0x00000000c0000000, 0x00000000c4300000, 0x00000000eab00000)
  object space 68608K, 76% used [0x00000000c0000000,0x00000000c335f6a0,0x00000000c4300000)
 Metaspace       used 65792K, committed 66880K, reserved 1114112K
  class space    used 7518K, committed 7936K, reserved 1048576K
}
Event: 12.357 GC heap before
{Heap before GC invocations=39 (full 3):
 PSYoungGen      total 21504K, used 20384K [0x00000000eab00000, 0x00000000ec480000, 0x0000000100000000)
  eden space 19968K, 100% used [0x00000000eab00000,0x00000000ebe80000,0x00000000ebe80000)
  from space 1536K, 27% used [0x00000000ec200000,0x00000000ec268000,0x00000000ec380000)
  to   space 1024K, 0% used [0x00000000ec380000,0x00000000ec380000,0x00000000ec480000)
 ParOldGen       total 68608K, used 52605K [0x00000000c0000000, 0x00000000c4300000, 0x00000000eab00000)
  object space 68608K, 76% used [0x00000000c0000000,0x00000000c335f6a0,0x00000000c4300000)
 Metaspace       used 66692K, committed 67712K, reserved 1114112K
  class space    used 7591K, committed 8000K, reserved 1048576K
}
Event: 12.358 GC heap after
{Heap after GC invocations=39 (full 3):
 PSYoungGen      total 20992K, used 917K [0x00000000eab00000, 0x00000000ec480000, 0x0000000100000000)
  eden space 19968K, 0% used [0x00000000eab00000,0x00000000eab00000,0x00000000ebe80000)
  from space 1024K, 89% used [0x00000000ec380000,0x00000000ec465790,0x00000000ec480000)
  to   space 1024K, 0% used [0x00000000ec280000,0x00000000ec280000,0x00000000ec380000)
 ParOldGen       total 68608K, used 53402K [0x00000000c0000000, 0x00000000c4300000, 0x00000000eab00000)
  object space 68608K, 77% used [0x00000000c0000000,0x00000000c3426b60,0x00000000c4300000)
 Metaspace       used 66692K, committed 67712K, reserved 1114112K
  class space    used 7591K, committed 8000K, reserved 1048576K
}
Event: 12.418 GC heap before
{Heap before GC invocations=40 (full 3):
 PSYoungGen      total 20992K, used 20883K [0x00000000eab00000, 0x00000000ec480000, 0x0000000100000000)
  eden space 19968K, 99% used [0x00000000eab00000,0x00000000ebe7f858,0x00000000ebe80000)
  from space 1024K, 89% used [0x00000000ec380000,0x00000000ec465790,0x00000000ec480000)
  to   space 1024K, 0% used [0x00000000ec280000,0x00000000ec280000,0x00000000ec380000)
 ParOldGen       total 68608K, used 53402K [0x00000000c0000000, 0x00000000c4300000, 0x00000000eab00000)
  object space 68608K, 77% used [0x00000000c0000000,0x00000000c3426b60,0x00000000c4300000)
 Metaspace       used 66705K, committed 67776K, reserved 1114112K
  class space    used 7591K, committed 8000K, reserved 1048576K
}
Event: 12.419 GC heap after
{Heap after GC invocations=40 (full 3):
 PSYoungGen      total 20992K, used 1005K [0x00000000eab00000, 0x00000000ec400000, 0x0000000100000000)
  eden space 19968K, 0% used [0x00000000eab00000,0x00000000eab00000,0x00000000ebe80000)
  from space 1024K, 98% used [0x00000000ec280000,0x00000000ec37b520,0x00000000ec380000)
  to   space 512K, 0% used [0x00000000ec380000,0x00000000ec380000,0x00000000ec400000)
 ParOldGen       total 68608K, used 54006K [0x00000000c0000000, 0x00000000c4300000, 0x00000000eab00000)
  object space 68608K, 78% used [0x00000000c0000000,0x00000000c34bdac0,0x00000000c4300000)
 Metaspace       used 66705K, committed 67776K, reserved 1114112K
  class space    used 7591K, committed 8000K, reserved 1048576K
}
Event: 12.798 GC heap before
{Heap before GC invocations=41 (full 3):
 PSYoungGen      total 20992K, used 20973K [0x00000000eab00000, 0x00000000ec400000, 0x0000000100000000)
  eden space 19968K, 100% used [0x00000000eab00000,0x00000000ebe80000,0x00000000ebe80000)
  from space 1024K, 98% used [0x00000000ec280000,0x00000000ec37b520,0x00000000ec380000)
  to   space 512K, 0% used [0x00000000ec380000,0x00000000ec380000,0x00000000ec400000)
 ParOldGen       total 68608K, used 54006K [0x00000000c0000000, 0x00000000c4300000, 0x00000000eab00000)
  object space 68608K, 78% used [0x00000000c0000000,0x00000000c34bdac0,0x00000000c4300000)
 Metaspace       used 68704K, committed 69824K, reserved 1114112K
  class space    used 7755K, committed 8256K, reserved 1048576K
}
Event: 12.802 GC heap after
{Heap after GC invocations=41 (full 3):
 PSYoungGen      total 19456K, used 488K [0x00000000eab00000, 0x00000000eca80000, 0x0000000100000000)
  eden space 18944K, 0% used [0x00000000eab00000,0x00000000eab00000,0x00000000ebd80000)
  from space 512K, 95% used [0x00000000ec380000,0x00000000ec3fa080,0x00000000ec400000)
  to   space 6144K, 0% used [0x00000000ebd80000,0x00000000ebd80000,0x00000000ec380000)
 ParOldGen       total 68608K, used 58784K [0x00000000c0000000, 0x00000000c4300000, 0x00000000eab00000)
  object space 68608K, 85% used [0x00000000c0000000,0x00000000c3968288,0x00000000c4300000)
 Metaspace       used 68704K, committed 69824K, reserved 1114112K
  class space    used 7755K, committed 8256K, reserved 1048576K
}
Event: 13.213 GC heap before
{Heap before GC invocations=42 (full 3):
 PSYoungGen      total 19456K, used 19432K [0x00000000eab00000, 0x00000000eca80000, 0x0000000100000000)
  eden space 18944K, 100% used [0x00000000eab00000,0x00000000ebd80000,0x00000000ebd80000)
  from space 512K, 95% used [0x00000000ec380000,0x00000000ec3fa080,0x00000000ec400000)
  to   space 6144K, 0% used [0x00000000ebd80000,0x00000000ebd80000,0x00000000ec380000)
 ParOldGen       total 68608K, used 58784K [0x00000000c0000000, 0x00000000c4300000, 0x00000000eab00000)
  object space 68608K, 85% used [0x00000000c0000000,0x00000000c3968288,0x00000000c4300000)
 Metaspace       used 70097K, committed 71232K, reserved 1114112K
  class space    used 7859K, committed 8320K, reserved 1048576K
}
Event: 13.218 GC heap after
{Heap after GC invocations=42 (full 3):
 PSYoungGen      total 23552K, used 4601K [0x00000000eab00000, 0x00000000ec780000, 0x0000000100000000)
  eden space 18944K, 0% used [0x00000000eab00000,0x00000000eab00000,0x00000000ebd80000)
  from space 4608K, 99% used [0x00000000ebd80000,0x00000000ec1fe588,0x00000000ec200000)
  to   space 5120K, 0% used [0x00000000ec280000,0x00000000ec280000,0x00000000ec780000)
 ParOldGen       total 68608K, used 59277K [0x00000000c0000000, 0x00000000c4300000, 0x00000000eab00000)
  object space 68608K, 86% used [0x00000000c0000000,0x00000000c39e37b0,0x00000000c4300000)
 Metaspace       used 70097K, committed 71232K, reserved 1114112K
  class space    used 7859K, committed 8320K, reserved 1048576K
}
Event: 13.608 GC heap before
{Heap before GC invocations=43 (full 3):
 PSYoungGen      total 23552K, used 23545K [0x00000000eab00000, 0x00000000ec780000, 0x0000000100000000)
  eden space 18944K, 100% used [0x00000000eab00000,0x00000000ebd80000,0x00000000ebd80000)
  from space 4608K, 99% used [0x00000000ebd80000,0x00000000ec1fe588,0x00000000ec200000)
  to   space 5120K, 0% used [0x00000000ec280000,0x00000000ec280000,0x00000000ec780000)
 ParOldGen       total 68608K, used 59277K [0x00000000c0000000, 0x00000000c4300000, 0x00000000eab00000)
  object space 68608K, 86% used [0x00000000c0000000,0x00000000c39e37b0,0x00000000c4300000)
 Metaspace       used 71088K, committed 72192K, reserved 1114112K
  class space    used 7927K, committed 8384K, reserved 1048576K
}
Event: 13.613 GC heap after
{Heap after GC invocations=43 (full 3):
 PSYoungGen      total 22528K, used 3167K [0x00000000eab00000, 0x00000000ec600000, 0x0000000100000000)
  eden space 18944K, 0% used [0x00000000eab00000,0x00000000eab00000,0x00000000ebd80000)
  from space 3584K, 88% used [0x00000000ec280000,0x00000000ec597f90,0x00000000ec600000)
  to   space 4096K, 0% used [0x00000000ebe00000,0x00000000ebe00000,0x00000000ec200000)
 ParOldGen       total 68608K, used 63678K [0x00000000c0000000, 0x00000000c4300000, 0x00000000eab00000)
  object space 68608K, 92% used [0x00000000c0000000,0x00000000c3e2fa38,0x00000000c4300000)
 Metaspace       used 71088K, committed 72192K, reserved 1114112K
  class space    used 7927K, committed 8384K, reserved 1048576K
}
Event: 13.613 GC heap before
{Heap before GC invocations=44 (full 4):
 PSYoungGen      total 22528K, used 3167K [0x00000000eab00000, 0x00000000ec600000, 0x0000000100000000)
  eden space 18944K, 0% used [0x00000000eab00000,0x00000000eab00000,0x00000000ebd80000)
  from space 3584K, 88% used [0x00000000ec280000,0x00000000ec597f90,0x00000000ec600000)
  to   space 4096K, 0% used [0x00000000ebe00000,0x00000000ebe00000,0x00000000ec200000)
 ParOldGen       total 68608K, used 63678K [0x00000000c0000000, 0x00000000c4300000, 0x00000000eab00000)
  object space 68608K, 92% used [0x00000000c0000000,0x00000000c3e2fa38,0x00000000c4300000)
 Metaspace       used 71088K, committed 72192K, reserved 1114112K
  class space    used 7927K, committed 8384K, reserved 1048576K
}
Event: 13.666 GC heap after
{Heap after GC invocations=44 (full 4):
 PSYoungGen      total 19456K, used 0K [0x00000000eab00000, 0x00000000ec580000, 0x0000000100000000)
  eden space 18944K, 0% used [0x00000000eab00000,0x00000000eab00000,0x00000000ebd80000)
  from space 512K, 0% used [0x00000000ebe00000,0x00000000ebe00000,0x00000000ebe80000)
  to   space 4096K, 0% used [0x00000000ec180000,0x00000000ec180000,0x00000000ec580000)
 ParOldGen       total 90112K, used 59479K [0x00000000c0000000, 0x00000000c5800000, 0x00000000eab00000)
  object space 90112K, 66% used [0x00000000c0000000,0x00000000c3a15dd0,0x00000000c5800000)
 Metaspace       used 71088K, committed 72192K, reserved 1114112K
  class space    used 7927K, committed 8384K, reserved 1048576K
}
Event: 14.179 GC heap before
{Heap before GC invocations=45 (full 4):
 PSYoungGen      total 19456K, used 18944K [0x00000000eab00000, 0x00000000ec580000, 0x0000000100000000)
  eden space 18944K, 100% used [0x00000000eab00000,0x00000000ebd80000,0x00000000ebd80000)
  from space 512K, 0% used [0x00000000ebe00000,0x00000000ebe00000,0x00000000ebe80000)
  to   space 4096K, 0% used [0x00000000ec180000,0x00000000ec180000,0x00000000ec580000)
 ParOldGen       total 90112K, used 59479K [0x00000000c0000000, 0x00000000c5800000, 0x00000000eab00000)
  object space 90112K, 66% used [0x00000000c0000000,0x00000000c3a15dd0,0x00000000c5800000)
 Metaspace       used 71663K, committed 72768K, reserved 1114112K
  class space    used 7935K, committed 8384K, reserved 1048576K
}
Event: 14.181 GC heap after
{Heap after GC invocations=45 (full 4):
 PSYoungGen      total 22528K, used 4068K [0x00000000eab00000, 0x00000000ec680000, 0x0000000100000000)
  eden space 18432K, 0% used [0x00000000eab00000,0x00000000eab00000,0x00000000ebd00000)
  from space 4096K, 99% used [0x00000000ec180000,0x00000000ec5791c0,0x00000000ec580000)
  to   space 4608K, 0% used [0x00000000ebd00000,0x00000000ebd00000,0x00000000ec180000)
 ParOldGen       total 90112K, used 59652K [0x00000000c0000000, 0x00000000c5800000, 0x00000000eab00000)
  object space 90112K, 66% used [0x00000000c0000000,0x00000000c3a411e0,0x00000000c5800000)
 Metaspace       used 71663K, committed 72768K, reserved 1114112K
  class space    used 7935K, committed 8384K, reserved 1048576K
}

Dll operation events (13 events):
Event: 0.011 Loaded shared library c:\Users\devan\.vscode\extensions\redhat.java-1.29.0-win32-x64\jre\17.0.10-win32-x86_64\bin\java.dll
Event: 0.192 Loaded shared library c:\Users\devan\.vscode\extensions\redhat.java-1.29.0-win32-x64\jre\17.0.10-win32-x86_64\bin\zip.dll
Event: 0.196 Loaded shared library C:\Users\devan\.vscode\extensions\redhat.java-1.29.0-win32-x64\jre\17.0.10-win32-x86_64\bin\instrument.dll
Event: 0.214 Loaded shared library C:\Users\devan\.vscode\extensions\redhat.java-1.29.0-win32-x64\jre\17.0.10-win32-x86_64\bin\net.dll
Event: 0.216 Loaded shared library C:\Users\devan\.vscode\extensions\redhat.java-1.29.0-win32-x64\jre\17.0.10-win32-x86_64\bin\nio.dll
Event: 0.226 Loaded shared library C:\Users\devan\.vscode\extensions\redhat.java-1.29.0-win32-x64\jre\17.0.10-win32-x86_64\bin\zip.dll
Event: 0.249 Loaded shared library C:\Users\devan\.vscode\extensions\redhat.java-1.29.0-win32-x64\jre\17.0.10-win32-x86_64\bin\jimage.dll
Event: 0.334 Loaded shared library c:\Users\devan\.vscode\extensions\redhat.java-1.29.0-win32-x64\jre\17.0.10-win32-x86_64\bin\verify.dll
Event: 1.990 Loaded shared library C:\Users\devan\AppData\Roaming\Code\User\globalStorage\redhat.java\1.29.0\config_win\org.eclipse.equinox.launcher\org.eclipse.equinox.launcher.win32.win32.x86_64_1.2.900.v20240213-1244\eclipse_11900.dll
Event: 6.657 Loaded shared library C:\Users\devan\AppData\Local\Temp\jna--1335164507\jna14021460404865634550.dll
Event: 9.970 Loaded shared library C:\Users\devan\.gradle\native\68d5fa5c4cc2d200863cafc0d521ce42e7d3e7ee720ec0a83991735586a16f82\windows-amd64\native-platform.dll
Event: 10.621 Loaded shared library C:\Users\devan\.vscode\extensions\redhat.java-1.29.0-win32-x64\jre\17.0.10-win32-x86_64\bin\management.dll
Event: 10.623 Loaded shared library C:\Users\devan\.vscode\extensions\redhat.java-1.29.0-win32-x64\jre\17.0.10-win32-x86_64\bin\management_ext.dll

Deoptimization events (20 events):
Event: 311.412 Thread 0x00000169fe2b0ad0 DEOPT PACKING pc=0x00000169e5e322c2 sp=0x00000040645fe880
Event: 311.412 Thread 0x00000169fe2b0ad0 DEOPT UNPACKING pc=0x00000169ec2c6e43 sp=0x00000040645fddc8 mode 0
Event: 311.412 Thread 0x00000169fe2b0ad0 DEOPT PACKING pc=0x00000169e5e322c2 sp=0x00000040645fe880
Event: 311.412 Thread 0x00000169fe2b0ad0 DEOPT UNPACKING pc=0x00000169ec2c6e43 sp=0x00000040645fddc8 mode 0
Event: 311.413 Thread 0x00000169fe2b0ad0 DEOPT PACKING pc=0x00000169e5e322c2 sp=0x00000040645fe880
Event: 311.413 Thread 0x00000169fe2b0ad0 DEOPT UNPACKING pc=0x00000169ec2c6e43 sp=0x00000040645fddc8 mode 0
Event: 311.419 Thread 0x00000169fe2b0ad0 Uncommon trap: trap_request=0xffffff45 fr.pc=0x00000169ecbdcc04 relative=0x00000000000004c4
Event: 311.419 Thread 0x00000169fe2b0ad0 Uncommon trap: reason=unstable_if action=reinterpret pc=0x00000169ecbdcc04 method=java.lang.String.decodeASCII([BI[CII)I @ 7 c2
Event: 311.419 Thread 0x00000169fe2b0ad0 DEOPT PACKING pc=0x00000169ecbdcc04 sp=0x00000040645feae0
Event: 311.419 Thread 0x00000169fe2b0ad0 DEOPT UNPACKING pc=0x00000169ec2c66a3 sp=0x00000040645fe908 mode 2
Event: 311.419 Thread 0x00000169fe2b0ad0 Uncommon trap: trap_request=0xffffff45 fr.pc=0x00000169ecbef9a4 relative=0x0000000000000e64
Event: 311.419 Thread 0x00000169fe2b0ad0 Uncommon trap: reason=unstable_if action=reinterpret pc=0x00000169ecbef9a4 method=java.nio.charset.CharsetDecoder.decode(Ljava/nio/ByteBuffer;Ljava/nio/CharBuffer;Z)Ljava/nio/charset/CoderResult; @ 93 c2
Event: 311.419 Thread 0x00000169fe2b0ad0 DEOPT PACKING pc=0x00000169ecbef9a4 sp=0x00000040645feb40
Event: 311.419 Thread 0x00000169fe2b0ad0 DEOPT UNPACKING pc=0x00000169ec2c66a3 sp=0x00000040645fea20 mode 2
Event: 311.421 Thread 0x00000169fe2b0ad0 Uncommon trap: trap_request=0xffffff45 fr.pc=0x00000169ece47a64 relative=0x00000000000002c4
Event: 311.421 Thread 0x00000169fe2b0ad0 Uncommon trap: reason=unstable_if action=reinterpret pc=0x00000169ece47a64 method=java.io.BufferedOutputStream.write([BII)V @ 6 c2
Event: 311.421 Thread 0x00000169fe2b0ad0 DEOPT PACKING pc=0x00000169ece47a64 sp=0x00000040645fe260
Event: 311.421 Thread 0x00000169fe2b0ad0 DEOPT UNPACKING pc=0x00000169ec2c66a3 sp=0x00000040645fe228 mode 2
Event: 1204.433 Thread 0x00000169fe2b0ad0 DEOPT PACKING pc=0x00000169e5925050 sp=0x00000040645fe9b0
Event: 1204.433 Thread 0x00000169fe2b0ad0 DEOPT UNPACKING pc=0x00000169ec2c6e43 sp=0x00000040645fde10 mode 0

Classes unloaded (16 events):
Event: 6.331 Thread 0x00000169f6000350 Unloading class 0x0000000100391000 'java/lang/invoke/LambdaForm$MH+0x0000000100391000'
Event: 6.331 Thread 0x00000169f6000350 Unloading class 0x0000000100390400 'java/lang/invoke/LambdaForm$MH+0x0000000100390400'
Event: 6.331 Thread 0x00000169f6000350 Unloading class 0x000000010038fc00 'java/lang/invoke/LambdaForm$MH+0x000000010038fc00'
Event: 6.331 Thread 0x00000169f6000350 Unloading class 0x000000010038f400 'java/lang/invoke/LambdaForm$MH+0x000000010038f400'
Event: 6.331 Thread 0x00000169f6000350 Unloading class 0x000000010038f000 'java/lang/invoke/LambdaForm$DMH+0x000000010038f000'
Event: 6.331 Thread 0x00000169f6000350 Unloading class 0x000000010038e400 'java/lang/invoke/LambdaForm$MH+0x000000010038e400'
Event: 6.331 Thread 0x00000169f6000350 Unloading class 0x000000010038dc00 'java/lang/invoke/LambdaForm$MH+0x000000010038dc00'
Event: 6.331 Thread 0x00000169f6000350 Unloading class 0x0000000100389c00 'java/lang/invoke/LambdaForm$MH+0x0000000100389c00'
Event: 6.331 Thread 0x00000169f6000350 Unloading class 0x0000000100389400 'java/lang/invoke/LambdaForm$MH+0x0000000100389400'
Event: 6.331 Thread 0x00000169f6000350 Unloading class 0x0000000100250400 'java/lang/invoke/LambdaForm$MH+0x0000000100250400'
Event: 6.331 Thread 0x00000169f6000350 Unloading class 0x0000000100250000 'java/lang/invoke/LambdaForm$MH+0x0000000100250000'
Event: 6.331 Thread 0x00000169f6000350 Unloading class 0x000000010024bc00 'java/lang/invoke/LambdaForm$MH+0x000000010024bc00'
Event: 6.331 Thread 0x00000169f6000350 Unloading class 0x000000010024b800 'java/lang/invoke/LambdaForm$MH+0x000000010024b800'
Event: 6.332 Thread 0x00000169f6000350 Unloading class 0x000000010024b400 'java/lang/invoke/LambdaForm$BMH+0x000000010024b400'
Event: 6.332 Thread 0x00000169f6000350 Unloading class 0x000000010024b000 'java/lang/invoke/LambdaForm$DMH+0x000000010024b000'
Event: 6.332 Thread 0x00000169f6000350 Unloading class 0x0000000100248400 'java/lang/invoke/LambdaForm$DMH+0x0000000100248400'

Classes redefined (0 events):
No events

Internal exceptions (20 events):
Event: 14.088 Thread 0x00000169ff8e2160 Exception <a 'sun/nio/fs/WindowsException'{0x00000000eb9bd138}> (0x00000000eb9bd138) 
thrown [s\src\hotspot\share\prims\jni.cpp, line 516]
Event: 14.094 Thread 0x00000169ff8e2160 Exception <a 'sun/nio/fs/WindowsException'{0x00000000eba233b0}> (0x00000000eba233b0) 
thrown [s\src\hotspot\share\prims\jni.cpp, line 516]
Event: 14.102 Thread 0x00000169ff8e2160 Exception <a 'sun/nio/fs/WindowsException'{0x00000000eba3a8c0}> (0x00000000eba3a8c0) 
thrown [s\src\hotspot\share\prims\jni.cpp, line 516]
Event: 14.108 Thread 0x00000169ff8e2160 Exception <a 'sun/nio/fs/WindowsException'{0x00000000ebabe8f8}> (0x00000000ebabe8f8) 
thrown [s\src\hotspot\share\prims\jni.cpp, line 516]
Event: 14.129 Thread 0x00000169ff8e2160 Exception <a 'sun/nio/fs/WindowsException'{0x00000000ebbc0478}> (0x00000000ebbc0478) 
thrown [s\src\hotspot\share\prims\jni.cpp, line 516]
Event: 14.138 Thread 0x00000169ff8e2160 Exception <a 'sun/nio/fs/WindowsException'{0x00000000ebbd0e30}> (0x00000000ebbd0e30) 
thrown [s\src\hotspot\share\prims\jni.cpp, line 516]
Event: 14.146 Thread 0x00000169ff8e2160 Exception <a 'sun/nio/fs/WindowsException'{0x00000000ebc7d0b0}> (0x00000000ebc7d0b0) 
thrown [s\src\hotspot\share\prims\jni.cpp, line 516]
Event: 14.150 Thread 0x00000169ff8e2160 Exception <a 'sun/nio/fs/WindowsException'{0x00000000ebc957d8}> (0x00000000ebc957d8) 
thrown [s\src\hotspot\share\prims\jni.cpp, line 516]
Event: 14.155 Thread 0x00000169ff8e2160 Exception <a 'sun/nio/fs/WindowsException'{0x00000000ebce06b0}> (0x00000000ebce06b0) 
thrown [s\src\hotspot\share\prims\jni.cpp, line 516]
Event: 14.159 Thread 0x00000169ff8e2160 Exception <a 'sun/nio/fs/WindowsException'{0x00000000ebcf97c8}> (0x00000000ebcf97c8) 
thrown [s\src\hotspot\share\prims\jni.cpp, line 516]
Event: 14.163 Thread 0x00000169ff8e2160 Exception <a 'sun/nio/fs/WindowsException'{0x00000000ebd136e0}> (0x00000000ebd136e0) 
thrown [s\src\hotspot\share\prims\jni.cpp, line 516]
Event: 14.168 Thread 0x00000169ff8e2160 Exception <a 'sun/nio/fs/WindowsException'{0x00000000ebd46ce0}> (0x00000000ebd46ce0) 
thrown [s\src\hotspot\share\prims\jni.cpp, line 516]
Event: 14.172 Thread 0x00000169ff8e2160 Exception <a 'sun/nio/fs/WindowsException'{0x00000000ebd64f00}> (0x00000000ebd64f00) 
thrown [s\src\hotspot\share\prims\jni.cpp, line 516]
Event: 14.176 Thread 0x00000169ff8e2160 Exception <a 'sun/nio/fs/WindowsException'{0x00000000ebd75e50}> (0x00000000ebd75e50) 
thrown [s\src\hotspot\share\prims\jni.cpp, line 516]
Event: 14.188 Thread 0x00000169ff8e2160 Implicit null exception at 0x00000169ecea739f to 0x00000169ecea7acc
Event: 14.197 Thread 0x00000169fe2afba0 Exception <a 'java/io/FileNotFoundException'{0x00000000eabcd648}> (0x00000000eabcd648) 
thrown [s\src\hotspot\share\prims\jni.cpp, line 516]
Event: 14.197 Thread 0x00000169fe2afba0 Exception <a 'java/io/FileNotFoundException'{0x00000000eabce3c0}> (0x00000000eabce3c0) 
thrown [s\src\hotspot\share\prims\jni.cpp, line 516]
Event: 311.394 Thread 0x00000169fe2b0ad0 Implicit null exception at 0x00000169ecde62d5 to 0x00000169ecde6668
Event: 311.405 Thread 0x00000169fe2b0ad0 Exception <a 'java/lang/NoSuchMethodError'{0x00000000eb27d260}: 'java.lang.Object java.lang.invoke.DirectMethodHandle$Holder.newInvokeSpecial(java.lang.Object, java.lang.Object, java.lang.Object, java.lang.Object, java.lang.Object, java.lang.Object, java.lang.Object, java.lang.Object)'> (0x00000000eb27d260) 
thrown [s\src\hotspot\share\interpreter\linkResolver.cpp, line 759]
Event: 311.405 Thread 0x00000169fe2b0ad0 Exception <a 'java/lang/NoSuchMethodError'{0x00000000eb281a18}: 'java.lang.Object java.lang.invoke.Invokers$Holder.linkToTargetMethod(java.lang.Object, java.lang.Object, java.lang.Object, java.lang.Object, java.lang.Object, java.lang.Object, java.lang.Object, java.lang.Object)'> (0x00000000eb281a18) 
thrown [s\src\hotspot\share\interpreter\linkResolver.cpp, line 759]

VM Operations (20 events):
Event: 1142.336 Executing VM operation: HandshakeAllThreads
Event: 1142.336 Executing VM operation: HandshakeAllThreads done
Event: 1202.511 Executing VM operation: HandshakeAllThreads
Event: 1202.511 Executing VM operation: HandshakeAllThreads done
Event: 1204.511 Executing VM operation: Cleanup
Event: 1204.511 Executing VM operation: Cleanup done
Event: 1262.549 Executing VM operation: HandshakeAllThreads
Event: 1262.549 Executing VM operation: HandshakeAllThreads done
Event: 1322.648 Executing VM operation: HandshakeAllThreads
Event: 1322.648 Executing VM operation: HandshakeAllThreads done
Event: 1382.807 Executing VM operation: HandshakeAllThreads
Event: 1382.807 Executing VM operation: HandshakeAllThreads done
Event: 1442.900 Executing VM operation: HandshakeAllThreads
Event: 1442.900 Executing VM operation: HandshakeAllThreads done
Event: 1503.129 Executing VM operation: HandshakeAllThreads
Event: 1503.129 Executing VM operation: HandshakeAllThreads done
Event: 1563.150 Executing VM operation: HandshakeAllThreads
Event: 1563.151 Executing VM operation: HandshakeAllThreads done
Event: 1623.282 Executing VM operation: HandshakeAllThreads
Event: 1623.283 Executing VM operation: HandshakeAllThreads done

Events (20 events):
Event: 311.398 loading class java/util/stream/Nodes$ToArrayTask
Event: 311.398 loading class java/util/stream/Nodes$ToArrayTask done
Event: 311.398 loading class java/util/stream/Nodes$ToArrayTask$OfRef done
Event: 311.399 Thread 0x00000169ff8e7260 Thread exited: 0x00000169ff8e7260
Event: 311.399 Thread 0x00000169ff8e5e20 Thread exited: 0x00000169ff8e5e20
Event: 311.399 loading class java/io/ObjectOutputStream$BlockDataOutputStream
Event: 311.399 loading class java/io/ObjectOutputStream$BlockDataOutputStream done
Event: 311.399 loading class java/io/ObjectOutputStream$HandleTable
Event: 311.400 loading class java/io/ObjectOutputStream$HandleTable done
Event: 311.400 loading class java/io/ObjectOutputStream$ReplaceTable
Event: 311.400 loading class java/io/ObjectOutputStream$ReplaceTable done
Event: 311.411 Thread 0x00000169ff6bf0f0 Thread added: 0x00000169ff6bf0f0
Event: 311.411 Thread 0x00000169ff6bdbb0 Thread added: 0x00000169ff6bdbb0
Event: 311.420 loading class java/nio/charset/MalformedInputException
Event: 311.420 loading class java/nio/charset/CharacterCodingException
Event: 311.420 loading class java/nio/charset/CharacterCodingException done
Event: 311.420 loading class java/nio/charset/MalformedInputException done
Event: 311.531 Thread 0x00000169ff6bdbb0 Thread exited: 0x00000169ff6bdbb0
Event: 311.531 Thread 0x00000169ff6bf0f0 Thread exited: 0x00000169ff6bf0f0
Event: 314.214 Thread 0x00000169ff8e5910 Thread exited: 0x00000169ff8e5910


Dynamic libraries:
0x00007ff7e9390000 - 0x00007ff7e939e000 	c:\Users\devan\.vscode\extensions\redhat.java-1.29.0-win32-x64\jre\17.0.10-win32-x86_64\bin\java.exe
0x00007ffdcac10000 - 0x00007ffdcae27000 	C:\WINDOWS\SYSTEM32\ntdll.dll
0x00007ffdc98d0000 - 0x00007ffdc9994000 	C:\WINDOWS\System32\KERNEL32.DLL
0x00007ffdc8510000 - 0x00007ffdc88b6000 	C:\WINDOWS\System32\KERNELBASE.dll
0x00007ffdc81e0000 - 0x00007ffdc82f1000 	C:\WINDOWS\System32\ucrtbase.dll
0x00007ffdacdc0000 - 0x00007ffdacdd7000 	c:\Users\devan\.vscode\extensions\redhat.java-1.29.0-win32-x64\jre\17.0.10-win32-x86_64\bin\jli.dll
0x00007ffdaa920000 - 0x00007ffdaa93b000 	c:\Users\devan\.vscode\extensions\redhat.java-1.29.0-win32-x64\jre\17.0.10-win32-x86_64\bin\VCRUNTIME140.dll
0x00007ffdc90a0000 - 0x00007ffdc924e000 	C:\WINDOWS\System32\USER32.dll
0x00007ffdbe860000 - 0x00007ffdbeaf3000 	C:\WINDOWS\WinSxS\amd64_microsoft.windows.common-controls_6595b64144ccf1df_6.0.22621.2506_none_270c5ae97388e100\COMCTL32.dll
0x00007ffdc8040000 - 0x00007ffdc8066000 	C:\WINDOWS\System32\win32u.dll
0x00007ffdc9c20000 - 0x00007ffdc9cc7000 	C:\WINDOWS\System32\msvcrt.dll
0x00007ffdc8960000 - 0x00007ffdc8989000 	C:\WINDOWS\System32\GDI32.dll
0x00007ffdc8300000 - 0x00007ffdc8418000 	C:\WINDOWS\System32\gdi32full.dll
0x00007ffdc88c0000 - 0x00007ffdc895a000 	C:\WINDOWS\System32\msvcp_win.dll
0x00007ffdc8f70000 - 0x00007ffdc8fa1000 	C:\WINDOWS\System32\IMM32.DLL
0x00007ffdbb960000 - 0x00007ffdbb96c000 	c:\Users\devan\.vscode\extensions\redhat.java-1.29.0-win32-x64\jre\17.0.10-win32-x86_64\bin\vcruntime140_1.dll
0x00007ffd76dc0000 - 0x00007ffd76e4d000 	c:\Users\devan\.vscode\extensions\redhat.java-1.29.0-win32-x64\jre\17.0.10-win32-x86_64\bin\msvcp140.dll
0x00007ffd56510000 - 0x00007ffd57172000 	c:\Users\devan\.vscode\extensions\redhat.java-1.29.0-win32-x64\jre\17.0.10-win32-x86_64\bin\server\jvm.dll
0x00007ffdc8eb0000 - 0x00007ffdc8f63000 	C:\WINDOWS\System32\ADVAPI32.dll
0x00007ffdc9dd0000 - 0x00007ffdc9e78000 	C:\WINDOWS\System32\sechost.dll
0x00007ffdc7f50000 - 0x00007ffdc7f78000 	C:\WINDOWS\System32\bcrypt.dll
0x00007ffdc9730000 - 0x00007ffdc9847000 	C:\WINDOWS\System32\RPCRT4.dll
0x00007ffdac860000 - 0x00007ffdac869000 	C:\WINDOWS\SYSTEM32\WSOCK32.dll
0x00007ffdbf890000 - 0x00007ffdbf8c4000 	C:\WINDOWS\SYSTEM32\WINMM.dll
0x00007ffdc7400000 - 0x00007ffdc744d000 	C:\WINDOWS\SYSTEM32\POWRPROF.dll
0x00007ffdc9850000 - 0x00007ffdc98c1000 	C:\WINDOWS\System32\WS2_32.dll
0x00007ffdc1420000 - 0x00007ffdc142a000 	C:\WINDOWS\SYSTEM32\VERSION.dll
0x00007ffdc73d0000 - 0x00007ffdc73e3000 	C:\WINDOWS\SYSTEM32\UMPDC.dll
0x00007ffdc6fd0000 - 0x00007ffdc6fe8000 	C:\WINDOWS\SYSTEM32\kernel.appcore.dll
0x00007ffdb7350000 - 0x00007ffdb735a000 	c:\Users\devan\.vscode\extensions\redhat.java-1.29.0-win32-x64\jre\17.0.10-win32-x86_64\bin\jimage.dll
0x00007ffdba8b0000 - 0x00007ffdbaae3000 	C:\WINDOWS\SYSTEM32\DBGHELP.DLL
0x00007ffdca6f0000 - 0x00007ffdcaa79000 	C:\WINDOWS\System32\combase.dll
0x00007ffdc8fc0000 - 0x00007ffdc9097000 	C:\WINDOWS\System32\OLEAUT32.dll
0x00007ffdbc9a0000 - 0x00007ffdbc9d2000 	C:\WINDOWS\SYSTEM32\dbgcore.DLL
0x00007ffdc8490000 - 0x00007ffdc850a000 	C:\WINDOWS\System32\bcryptPrimitives.dll
0x00007ffdaf730000 - 0x00007ffdaf73e000 	c:\Users\devan\.vscode\extensions\redhat.java-1.29.0-win32-x64\jre\17.0.10-win32-x86_64\bin\instrument.dll
0x00007ffd80f30000 - 0x00007ffd80f55000 	c:\Users\devan\.vscode\extensions\redhat.java-1.29.0-win32-x64\jre\17.0.10-win32-x86_64\bin\java.dll
0x00007ffd9b2e0000 - 0x00007ffd9b2f8000 	c:\Users\devan\.vscode\extensions\redhat.java-1.29.0-win32-x64\jre\17.0.10-win32-x86_64\bin\zip.dll
0x00007ffdc9e90000 - 0x00007ffdca6ea000 	C:\WINDOWS\System32\SHELL32.dll
0x00007ffdc5e50000 - 0x00007ffdc6746000 	C:\WINDOWS\SYSTEM32\windows.storage.dll
0x00007ffdc5d10000 - 0x00007ffdc5e4e000 	C:\WINDOWS\SYSTEM32\wintypes.dll
0x00007ffdc9cd0000 - 0x00007ffdc9dc3000 	C:\WINDOWS\System32\SHCORE.dll
0x00007ffdc8c20000 - 0x00007ffdc8c7e000 	C:\WINDOWS\System32\shlwapi.dll
0x00007ffdc7e80000 - 0x00007ffdc7ea6000 	C:\WINDOWS\SYSTEM32\profapi.dll
0x00007ffdc0b60000 - 0x00007ffdc0b79000 	C:\Users\devan\.vscode\extensions\redhat.java-1.29.0-win32-x64\jre\17.0.10-win32-x86_64\bin\net.dll
0x00007ffdc1dc0000 - 0x00007ffdc1ef7000 	C:\WINDOWS\SYSTEM32\WINHTTP.dll
0x00007ffdc74f0000 - 0x00007ffdc7559000 	C:\WINDOWS\system32\mswsock.dll
0x00007ffdc00f0000 - 0x00007ffdc0106000 	C:\Users\devan\.vscode\extensions\redhat.java-1.29.0-win32-x64\jre\17.0.10-win32-x86_64\bin\nio.dll
0x00007ffdc00e0000 - 0x00007ffdc00f0000 	c:\Users\devan\.vscode\extensions\redhat.java-1.29.0-win32-x64\jre\17.0.10-win32-x86_64\bin\verify.dll
0x00007ffd654b0000 - 0x00007ffd654ee000 	C:\Users\devan\AppData\Roaming\Code\User\globalStorage\redhat.java\1.29.0\config_win\org.eclipse.equinox.launcher\org.eclipse.equinox.launcher.win32.win32.x86_64_1.2.900.v20240213-1244\eclipse_11900.dll
0x00007ffdc8990000 - 0x00007ffdc8b30000 	C:\WINDOWS\System32\ole32.dll
0x00007ffdc7750000 - 0x00007ffdc776b000 	C:\WINDOWS\SYSTEM32\CRYPTSP.dll
0x00007ffdc6f30000 - 0x00007ffdc6f65000 	C:\WINDOWS\system32\rsaenh.dll
0x00007ffdc75e0000 - 0x00007ffdc760c000 	C:\WINDOWS\SYSTEM32\USERENV.dll
0x00007ffdc7740000 - 0x00007ffdc774c000 	C:\WINDOWS\SYSTEM32\CRYPTBASE.dll
0x00007ffdc6a20000 - 0x00007ffdc6a4d000 	C:\WINDOWS\SYSTEM32\IPHLPAPI.DLL
0x00007ffdc8fb0000 - 0x00007ffdc8fb9000 	C:\WINDOWS\System32\NSI.dll
0x00007ffdc1c80000 - 0x00007ffdc1c99000 	C:\WINDOWS\SYSTEM32\dhcpcsvc6.DLL
0x00007ffdc1c60000 - 0x00007ffdc1c7f000 	C:\WINDOWS\SYSTEM32\dhcpcsvc.DLL
0x00007ffdc6a60000 - 0x00007ffdc6b59000 	C:\WINDOWS\SYSTEM32\DNSAPI.dll
0x00007ffd7c360000 - 0x00007ffd7c3a5000 	C:\Users\devan\AppData\Local\Temp\jna--1335164507\jna14021460404865634550.dll
0x00007ffdc9c10000 - 0x00007ffdc9c18000 	C:\WINDOWS\System32\PSAPI.DLL
0x00007ffd62080000 - 0x00007ffd620a7000 	C:\Users\devan\.gradle\native\68d5fa5c4cc2d200863cafc0d521ce42e7d3e7ee720ec0a83991735586a16f82\windows-amd64\native-platform.dll
0x00007ffdaad00000 - 0x00007ffdaad09000 	C:\Users\devan\.vscode\extensions\redhat.java-1.29.0-win32-x64\jre\17.0.10-win32-x86_64\bin\management.dll
0x00007ffdaa210000 - 0x00007ffdaa21b000 	C:\Users\devan\.vscode\extensions\redhat.java-1.29.0-win32-x64\jre\17.0.10-win32-x86_64\bin\management_ext.dll

dbghelp: loaded successfully - version: 4.0.5 - missing functions: none
symbol engine: initialized successfully - sym options: 0x614 - pdb path: .;c:\Users\devan\.vscode\extensions\redhat.java-1.29.0-win32-x64\jre\17.0.10-win32-x86_64\bin;C:\WINDOWS\SYSTEM32;C:\WINDOWS\WinSxS\amd64_microsoft.windows.common-controls_6595b64144ccf1df_6.0.22621.2506_none_270c5ae97388e100;c:\Users\devan\.vscode\extensions\redhat.java-1.29.0-win32-x64\jre\17.0.10-win32-x86_64\bin\server;C:\Users\devan\AppData\Roaming\Code\User\globalStorage\redhat.java\1.29.0\config_win\org.eclipse.equinox.launcher\org.eclipse.equinox.launcher.win32.win32.x86_64_1.2.900.v20240213-1244;C:\Users\devan\AppData\Local\Temp\jna--1335164507;C:\Users\devan\.gradle\native\68d5fa5c4cc2d200863cafc0d521ce42e7d3e7ee720ec0a83991735586a16f82\windows-amd64

VM Arguments:
jvm_args: --add-modules=ALL-SYSTEM --add-opens=java.base/java.util=ALL-UNNAMED --add-opens=java.base/java.lang=ALL-UNNAMED --add-opens=java.base/sun.nio.fs=ALL-UNNAMED -Declipse.application=org.eclipse.jdt.ls.core.id1 -Dosgi.bundles.defaultStartLevel=4 -Declipse.product=org.eclipse.jdt.ls.core.product -Djava.import.generatesMetadataFilesAtProjectRoot=false -DDetectVMInstallationsJob.disabled=true -Dfile.encoding=utf8 -XX:+UseParallelGC -XX:GCTimeRatio=4 -XX:AdaptiveSizePolicyWeight=90 -Dsun.zip.disableMemoryMapping=true -Xmx1G -Xms100m -Xlog:disable -javaagent:c:\Users\devan\.vscode\extensions\redhat.java-1.29.0-win32-x64\lombok\lombok-1.18.32.jar -XX:+HeapDumpOnOutOfMemoryError -XX:HeapDumpPath=c:\Users\devan\AppData\Roaming\Code\User\workspaceStorage\5777b845f8ef420473e6a91478c2b9a2\redhat.java -Daether.dependencyCollector.impl=bf 
java_command: c:\Users\devan\.vscode\extensions\redhat.java-1.29.0-win32-x64\server\plugins\org.eclipse.equinox.launcher_1.6.800.v20240304-1850.jar -configuration c:\Users\devan\AppData\Roaming\Code\User\globalStorage\redhat.java\1.29.0\config_win -data c:\Users\devan\AppData\Roaming\Code\User\workspaceStorage\5777b845f8ef420473e6a91478c2b9a2\redhat.java\jdt_ws --stdio
java_class_path (initial): c:\Users\devan\.vscode\extensions\redhat.java-1.29.0-win32-x64\server\plugins\org.eclipse.equinox.launcher_1.6.800.v20240304-1850.jar
Launcher Type: SUN_STANDARD

[Global flags]
    uintx AdaptiveSizePolicyWeight                 = 90                                        {product} {command line}
     intx CICompilerCount                          = 12                                        {product} {ergonomic}
    uintx GCTimeRatio                              = 4                                         {product} {command line}
     bool HeapDumpOnOutOfMemoryError               = true                                   {manageable} {command line}
    ccstr HeapDumpPath                             = c:\Users\devan\AppData\Roaming\Code\User\workspaceStorage\5777b845f8ef420473e6a91478c2b9a2\redhat.java         {manageable} {command line}
   size_t InitialHeapSize                          = 104857600                                 {product} {command line}
   size_t MaxHeapSize                              = 1073741824                                {product} {command line}
   size_t MaxNewSize                               = 357564416                                 {product} {ergonomic}
   size_t MinHeapDeltaBytes                        = 524288                                    {product} {ergonomic}
   size_t MinHeapSize                              = 104857600                                 {product} {command line}
   size_t NewSize                                  = 34603008                                  {product} {ergonomic}
    uintx NonNMethodCodeHeapSize                   = 7602480                                {pd product} {ergonomic}
    uintx NonProfiledCodeHeapSize                  = 122027880                              {pd product} {ergonomic}
   size_t OldSize                                  = 70254592                                  {product} {ergonomic}
    uintx ProfiledCodeHeapSize                     = 122027880                              {pd product} {ergonomic}
    uintx ReservedCodeCacheSize                    = 251658240                              {pd product} {ergonomic}
     bool SegmentedCodeCache                       = true                                      {product} {ergonomic}
   size_t SoftMaxHeapSize                          = 1073741824                             {manageable} {ergonomic}
     bool UseCompressedClassPointers               = true                           {product lp64_product} {ergonomic}
     bool UseCompressedOops                        = true                           {product lp64_product} {ergonomic}
     bool UseLargePagesIndividualAllocation        = false                                  {pd product} {ergonomic}
     bool UseParallelGC                            = true                                      {product} {command line}

Logging:
Log output configuration:
 #0: stdout all=off uptime,level,tags
 #1: stderr all=off uptime,level,tags

Environment Variables:
JAVA_HOME=C:\Program Files\Microsoft\jdk-17.0.10.7-hotspot\
PATH=C:\Users\devan\AppData\Roaming\.dotnet;C:\Program Files\Microsoft\jdk-17.0.10.7-hotspot\bin;C:\Program Files\NVIDIA GPU Computing Toolkit\CUDA\v8.0\bin;C:\Program Files\NVIDIA GPU Computing Toolkit\CUDA\v8.0\libnvvp;C:\Program Files (x86)\Qualcomm\QDART\\bin;C:\Program Files (x86)\Common Files\Oracle\Java\javapath;C:\Program Files\Common Files\Oracle\Java\javapath;C:\Windows\system32;C:\Windows;C:\Windows\System32\Wbem;C:\Windows\System32\WindowsPowerShell\v1.0\;C:\Windows\System32\OpenSSH\;C:\Program Files (x86)\NVIDIA Corporation\PhysX\Common;C:\Program Files\NVIDIA Corporation\NVIDIA NvDLISR;C:\WINDOWS\system32;C:\WINDOWS;C:\WINDOWS\System32\Wbem;C:\WINDOWS\System32\WindowsPowerShell\v1.0\;C:\WINDOWS\System32\OpenSSH\;C:\Users\devan\AppData\Local\Microsoft\WindowsApps;C:\Users\devan\AppData\Local\Programs\Microsoft VS Code\bin;C:\adb;C:\Program Files\dotnet\;C:\Program Files\Java\jdk-17.0.1\bin;C:\Program Files\PuTTY\;C:\Xilinx\Vivado\2021.1\bin;C:\mingw32\bin;C:\Program Files\NVIDIA Corporation\Nsight Compute 2023.3.1\;C:\WINDOWS\system32;C:\WINDOWS;C:\WINDOWS\System32\Wbem;C:\WINDOWS\System32\WindowsPowerShell\v1.0\;C:\WINDOWS\System32\OpenSSH\;C:\Program Files\nodejs\;C:\ProgramData\chocolatey\bin;C:\Program Files\Docker\Docker\resources\bin;C:\Program Files\Microsoft SQL Server\150\Tools\Binn\;C:\Program Files\Microsoft SQL Server\Client SDK\ODBC\170\Tools\Binn\;C:\Program Files (x86)\Microsoft SQL Server\160\DTS\Binn\;C:\Program Files (x86)\Microsoft SQL Server\160\Tools\Binn\;C:\Program Files\Microsoft SQL Server\160\Tools\Binn\;C:\Program Files\Microsoft SQL Server\160\DTS\Binn\;C:\Program Files\Git\cmd;C:\Users\devan\AppData\Roaming\.dotnet;C:\Users\devan\AppData\Local\Android\Sdk\platform-tools;C:\Users\devan\AppData\Local\Android\Sdk\tools;C:\Program Files\MySQL\MySQL Shell 8.0\bin\;C:\Users\devan\AppData\Local\Programs\Python\Python310\Scripts\;C:\Users\devan\AppData\Local\Programs\Python\Python310\;%USERPROFILE%\AppData\Local\Microsoft\WindowsApps;C
USERNAME=devang
OS=Windows_NT
PROCESSOR_IDENTIFIER=AMD64 Family 23 Model 96 Stepping 1, AuthenticAMD
TMP=C:\Users\devan\AppData\Local\Temp
TEMP=C:\Users\devan\AppData\Local\Temp



Periodic native trim disabled


---------------  S Y S T E M  ---------------

OS:
 Windows 11 , 64 bit Build 22621 (10.0.22621.2506)
OS uptime: 0 days 1:38 hours
Hyper-V role detected

CPU: total 16 (initial active 16) (16 cores per cpu, 2 threads per core) family 23 model 96 stepping 1 microcode 0x0, cx8, cmov, fxsr, ht, mmx, 3dnowpref, sse, sse2, sse3, ssse3, sse4a, sse4.1, sse4.2, popcnt, lzcnt, tsc, tscinvbit, avx, avx2, aes, clmul, bmi1, bmi2, adx, sha, fma, vzeroupper, clflush, clflushopt, hv
Processor Information for all 16 processors :
  Max Mhz: 2901, Current Mhz: 2901, Mhz Limit: 2901

Memory: 4k page, system-wide physical 15790M (5183M free)
TotalPageFile size 15790M (AvailPageFile size 0M)
current process WorkingSet (physical memory assigned to process): 275M, peak: 365M
current process commit charge ("private bytes"): 356M, peak: 447M

vm_info: OpenJDK 64-Bit Server VM (17.0.10+7) for windows-amd64 JRE (17.0.10+7), built on Jan 16 2024 23:25:11 by "admin" with MS VC++ 16.10 / 16.11 (VS2019)

END.
