#
# There is insufficient memory for the Java Runtime Environment to continue.
# Native memory allocation (mmap) failed to map 65536 bytes for Failed to commit metaspace.
# Possible reasons:
#   The system is out of physical RAM or swap space
#   The process is running with CompressedOops enabled, and the Java Heap may be blocking the growth of the native heap
# Possible solutions:
#   Reduce memory load on the system
#   Increase physical memory or swap space
#   Check if swap backing store is full
#   Decrease Java heap size (-Xmx/-Xms)
#   Decrease number of Java threads
#   Decrease Java thread stack sizes (-Xss)
#   Set larger code cache with -XX:ReservedCodeCacheSize=
#   JVM is running with Unscaled Compressed Oops mode in which the Java heap is
#     placed in the first 4GB address space. The Java Heap base address is the
#     maximum limit for the native heap growth. Please use -XX:HeapBaseMinAddress
#     to set the Java Heap base and to place the Java Heap above 4GB virtual address.
# This output file may be truncated or incomplete.
#
#  Out of Memory Error (virtualSpaceNode.cpp:110), pid=8396, tid=20520
#
# JRE version: OpenJDK Runtime Environment Temurin-17.0.10+7 (17.0.10+7) (build 17.0.10+7)
# Java VM: OpenJDK 64-Bit Server VM Temurin-17.0.10+7 (17.0.10+7, mixed mode, tiered, compressed oops, compressed class ptrs, parallel gc, windows-amd64)
# No core dump will be written. Minidumps are not enabled by default on client versions of Windows
#

---------------  S U M M A R Y ------------

Command Line: --add-modules=ALL-SYSTEM --add-opens=java.base/java.util=ALL-UNNAMED --add-opens=java.base/java.lang=ALL-UNNAMED --add-opens=java.base/sun.nio.fs=ALL-UNNAMED -Declipse.application=org.eclipse.jdt.ls.core.id1 -Dosgi.bundles.defaultStartLevel=4 -Declipse.product=org.eclipse.jdt.ls.core.product -Djava.import.generatesMetadataFilesAtProjectRoot=false -DDetectVMInstallationsJob.disabled=true -Dfile.encoding=utf8 -XX:+UseParallelGC -XX:GCTimeRatio=4 -XX:AdaptiveSizePolicyWeight=90 -Dsun.zip.disableMemoryMapping=true -Xmx1G -Xms100m -Xlog:disable -javaagent:c:\Users\devan\.vscode\extensions\redhat.java-1.29.0-win32-x64\lombok\lombok-1.18.32.jar -XX:+HeapDumpOnOutOfMemoryError -XX:HeapDumpPath=c:\Users\devan\AppData\Roaming\Code\User\workspaceStorage\5777b845f8ef420473e6a91478c2b9a2\redhat.java -Daether.dependencyCollector.impl=bf c:\Users\devan\.vscode\extensions\redhat.java-1.29.0-win32-x64\server\plugins\org.eclipse.equinox.launcher_1.6.800.v20240304-1850.jar -configuration c:\Users\devan\AppData\Roaming\Code\User\globalStorage\redhat.java\1.29.0\config_win -data c:\Users\devan\AppData\Roaming\Code\User\workspaceStorage\5777b845f8ef420473e6a91478c2b9a2\redhat.java\jdt_ws --stdio

Host: AMD Ryzen 7 4800H with Radeon Graphics         , 16 cores, 15G,  Windows 11 , 64 bit Build 22621 (10.0.22621.2506)
Time: Thu Apr 11 21:21:58 2024 Russia TZ 10 Standard Time elapsed time: 0.132425 seconds (0d 0h 0m 0s)

---------------  T H R E A D  ---------------

Current thread (0x000002773eac51c0):  JavaThread "main" [_thread_in_vm, id=20520, stack(0x000000d9f8a00000,0x000000d9f8b00000)]

Stack: [0x000000d9f8a00000,0x000000d9f8b00000]
Native frames: (J=compiled Java code, j=interpreted, Vv=VM code, C=native code)
V  [jvm.dll+0x67d2c9]
V  [jvm.dll+0x834afa]
V  [jvm.dll+0x8365be]
V  [jvm.dll+0x836c23]
V  [jvm.dll+0x2477ff]
V  [jvm.dll+0x8307bb]
V  [jvm.dll+0x621d16]
V  [jvm.dll+0x621d7a]
V  [jvm.dll+0x6245aa]
V  [jvm.dll+0x6226b6]
V  [jvm.dll+0x62c5a7]
V  [jvm.dll+0x1eb80b]
V  [jvm.dll+0x1ebd45]
V  [jvm.dll+0x1ec800]
V  [jvm.dll+0x1e1c01]
V  [jvm.dll+0x5427ce]
V  [jvm.dll+0x1f2647]
V  [jvm.dll+0x7adf9b]
V  [jvm.dll+0x7af36c]
V  [jvm.dll+0x7af6b8]
V  [jvm.dll+0x23face]
V  [jvm.dll+0x38260e]
C  0x0000027748bbae05

The last pc belongs to new (printed below).
Java frames: (J=compiled Java code, j=interpreted, Vv=VM code)
j  java.util.jar.Manifest.read(Ljava/io/InputStream;Ljava/lang/String;)V+0 java.base@17.0.10
j  java.util.jar.Manifest.<init>(Ljava/util/jar/JarVerifier;Ljava/io/InputStream;Ljava/lang/String;)V+29 java.base@17.0.10
j  java.util.jar.Manifest.<init>(Ljava/io/InputStream;Ljava/lang/String;)V+4 java.base@17.0.10
j  java.util.jar.JarFile.getManifestFromReference()Ljava/util/jar/Manifest;+143 java.base@17.0.10
j  java.util.jar.JarFile.getManifest()Ljava/util/jar/Manifest;+1 java.base@17.0.10
j  jdk.internal.loader.URLClassPath$JarLoader$2.getManifest()Ljava/util/jar/Manifest;+22 java.base@17.0.10
j  jdk.internal.loader.BuiltinClassLoader.defineClass(Ljava/lang/String;Ljdk/internal/loader/Resource;)Ljava/lang/Class;+29 java.base@17.0.10
j  jdk.internal.loader.BuiltinClassLoader.findClassOnClassPathOrNull(Ljava/lang/String;)Ljava/lang/Class;+37 java.base@17.0.10
j  jdk.internal.loader.BuiltinClassLoader.loadClassOrNull(Ljava/lang/String;Z)Ljava/lang/Class;+111 java.base@17.0.10
j  jdk.internal.loader.BuiltinClassLoader.loadClass(Ljava/lang/String;Z)Ljava/lang/Class;+3 java.base@17.0.10
j  jdk.internal.loader.ClassLoaders$AppClassLoader.loadClass(Ljava/lang/String;Z)Ljava/lang/Class;+36 java.base@17.0.10
j  java.lang.ClassLoader.loadClass(Ljava/lang/String;)Ljava/lang/Class;+3 java.base@17.0.10
j  sun.instrument.InstrumentationImpl.loadClassAndStartAgent(Ljava/lang/String;Ljava/lang/String;Ljava/lang/String;)V+8 java.instrument@17.0.10
j  sun.instrument.InstrumentationImpl.loadClassAndCallPremain(Ljava/lang/String;Ljava/lang/String;)V+6 java.instrument@17.0.10
v  ~StubRoutines::call_stub
new  187 new  [0x0000027748bbac80, 0x0000027748bbaea0]  544 bytes
[MachCode]
  0x0000027748bbac80: 4883 ec08 | c5fa 1104 | 24eb 1f48 | 83ec 10c5 | fb11 0424 | eb14 4883 | ec10 4889 | 0424 48c7 
  0x0000027748bbaca0: 4424 0800 | 0000 00eb | 0150 410f | b755 010f | cac1 ea10 | 488b 4de8 | 488b 4908 | 488b 4908 
  0x0000027748bbacc0: 488b 4108 | 807c 1004 | 070f 85d6 | 0000 0066 | 8b54 d148 | 488b 4928 | 488b 4cd1 | 0851 80b9 
  0x0000027748bbace0: 3301 0000 | 040f 85b9 | 0000 008b | 5108 f7c2 | 0100 0000 | 0f85 aa00 | 0000 498b | 8708 0100 
  0x0000027748bbad00: 0048 8d1c | 1049 3b9f | 1801 0000 | 0f87 9200 | 0000 4989 | 9f08 0100 | 00e9 0000 | 0000 4883 
  0x0000027748bbad20: ea10 0f84 | 0f00 0000 | 33c9 c1ea | 0348 894c | d008 48ff | ca75 f648 | c700 0100 | 0000 5933 
  0x0000027748bbad40: f689 700c | 48c1 e903 | 8948 0849 | ba7a 3559 | 87ff 7f00 | 0041 803a | 000f 8440 | 0000 0050 
  0x0000027748bbad60: 488b c848 | 83ec 20f7 | c40f 0000 | 000f 841a | 0000 0048 | 83ec 0849 | ba20 300f | 87ff 7f00 
  0x0000027748bbad80: 0041 ffd2 | 4883 c408 | e90d 0000 | 0049 ba20 | 300f 87ff | 7f00 0041 | ffd2 4883 | c420 58e9 
  0x0000027748bbada0: cd00 0000 | 5948 8b55 | e848 8b52 | 0848 8b52 | 0845 0fb7 | 4501 410f | c841 c1e8 | 10e8 0500 
  0x0000027748bbadc0: 0000 e9aa | 0000 0048 | 8d44 2408 | 4c89 6dc0 | 498b cfc5 | f877 4989 | afa8 0200 | 0049 8987 
  0x0000027748bbade0: 9802 0000 | 4883 ec20 | f7c4 0f00 | 0000 0f84 | 1a00 0000 | 4883 ec08 | 49ba c025 | d986 ff7f 
  0x0000027748bbae00: 0000 41ff | d248 83c4 | 08e9 0d00 | 0000 49ba | c025 d986 | ff7f 0000 | 41ff d248 | 83c4 2049 
  0x0000027748bbae20: c787 9802 | 0000 0000 | 0000 49c7 | 87a8 0200 | 0000 0000 | 0049 c787 | a002 0000 | 0000 0000 
  0x0000027748bbae40: c5f8 7749 | 817f 0800 | 0000 000f | 8405 0000 | 00e9 aa60 | feff 498b | 87f0 0200 | 0049 c787 
  0x0000027748bbae60: f002 0000 | 0000 0000 | 4c8b 6dc0 | 4c8b 75c8 | c341 0fb6 | 5d03 4983 | c503 49ba | 90a1 5b87 
  0x0000027748bbae80: ff7f 0000 | 41ff 24da | 0000 0000 | 0000 0000 | 0000 0000 | 0000 0000 | 0000 0000 | 0000 0000 
[/MachCode]

---------------  P R O C E S S  ---------------

Threads class SMR info:
_java_thread_list=0x0000027757c07640, length=13, elements={
0x000002773eac51c0, 0x0000027752948020, 0x0000027752949550, 0x0000027757aba310,
0x0000027757abae40, 0x0000027757abbbd0, 0x0000027757abe3b0, 0x0000027757ac2970,
0x0000027757ae8ff0, 0x0000027757af4880, 0x0000027757bd9990, 0x000002773eb271e0,
0x0000027757caf170
}

Java Threads: ( => current thread )
=>0x000002773eac51c0 JavaThread "main" [_thread_in_vm, id=20520, stack(0x000000d9f8a00000,0x000000d9f8b00000)]
  0x0000027752948020 JavaThread "Reference Handler" daemon [_thread_blocked, id=20436, stack(0x000000d9f8d00000,0x000000d9f8e00000)]
  0x0000027752949550 JavaThread "Finalizer" daemon [_thread_blocked, id=10032, stack(0x000000d9f8e00000,0x000000d9f8f00000)]
  0x0000027757aba310 JavaThread "Signal Dispatcher" daemon [_thread_blocked, id=10784, stack(0x000000d9f8f00000,0x000000d9f9000000)]
  0x0000027757abae40 JavaThread "Attach Listener" daemon [_thread_blocked, id=14052, stack(0x000000d9f9000000,0x000000d9f9100000)]
  0x0000027757abbbd0 JavaThread "Service Thread" daemon [_thread_blocked, id=8744, stack(0x000000d9f9100000,0x000000d9f9200000)]
  0x0000027757abe3b0 JavaThread "Monitor Deflation Thread" daemon [_thread_blocked, id=16448, stack(0x000000d9f9200000,0x000000d9f9300000)]
  0x0000027757ac2970 JavaThread "C2 CompilerThread0" daemon [_thread_blocked, id=18208, stack(0x000000d9f9300000,0x000000d9f9400000)]
  0x0000027757ae8ff0 JavaThread "C1 CompilerThread0" daemon [_thread_blocked, id=7312, stack(0x000000d9f9400000,0x000000d9f9500000)]
  0x0000027757af4880 JavaThread "Sweeper thread" daemon [_thread_blocked, id=17004, stack(0x000000d9f9500000,0x000000d9f9600000)]
  0x0000027757bd9990 JavaThread "Common-Cleaner" daemon [_thread_blocked, id=12772, stack(0x000000d9f9600000,0x000000d9f9700000)]
  0x000002773eb271e0 JavaThread "C1 CompilerThread1" daemon [_thread_blocked, id=19484, stack(0x000000d9f9700000,0x000000d9f9800000)]
  0x0000027757caf170 JavaThread "C2 CompilerThread1" daemon [_thread_blocked, id=15716, stack(0x000000d9f9800000,0x000000d9f9900000)]

Other Threads:
  0x000002773eb6eb20 VMThread "VM Thread" [stack: 0x000000d9f8c00000,0x000000d9f8d00000] [id=20856]
  0x000002773eadda40 GCTaskThread "GC Thread#0" [stack: 0x000000d9f8b00000,0x000000d9f8c00000] [id=16296]

Threads with active compile tasks:

VM state: not at safepoint (normal execution)

VM Mutex/Monitor currently owned by a thread:  ([mutex/lock_event])
[0x000002773eabfc10] Metaspace_lock - owner thread: 0x000002773eac51c0

Heap address: 0x00000000c0000000, size: 1024 MB, Compressed Oops mode: 32-bit

CDS archive(s) not mapped
Compressed class space mapped at: 0x0000000100000000-0x0000000140000000, reserved size: 1073741824
Narrow klass base: 0x0000000000000000, Narrow klass shift: 3, Narrow klass range: 0x140000000

GC Precious Log:
 CPUs: 16 total, 16 available
 Memory: 15790M
 Large Page Support: Disabled
 NUMA Support: Disabled
 Compressed Oops: Enabled (32-bit)
 Alignments: Space 512K, Generation 512K, Heap 2M
 Heap Min Capacity: 100M
 Heap Initial Capacity: 100M
 Heap Max Capacity: 1G
 Pre-touch: Disabled
 Parallel Workers: 13

Heap:
 PSYoungGen      total 29696K, used 3180K [0x00000000eab00000, 0x00000000ecc00000, 0x0000000100000000)
  eden space 25600K, 12% used [0x00000000eab00000,0x00000000eae1b138,0x00000000ec400000)
  from space 4096K, 0% used [0x00000000ec800000,0x00000000ec800000,0x00000000ecc00000)
  to   space 4096K, 0% used [0x00000000ec400000,0x00000000ec400000,0x00000000ec800000)
 ParOldGen       total 68608K, used 0K [0x00000000c0000000, 0x00000000c4300000, 0x00000000eab00000)
  object space 68608K, 0% used [0x00000000c0000000,0x00000000c0000000,0x00000000c4300000)
 Metaspace       used 5303K, committed 5376K, reserved 1114112K
  class space    used 501K, committed 512K, reserved 1048576K

Card table byte_map: [0x000002773e480000,0x000002773e690000] _byte_map_base: 0x000002773de80000

Marking Bits: (ParMarkBitMap*) 0x00007fff875ad7d0
 Begin Bits: [0x0000027750750000, 0x0000027751750000)
 End Bits:   [0x0000027751750000, 0x0000027752750000)

Polling page: 0x000002773e270000

Metaspace:

Usage:
  Non-class:      4.69 MB used.
      Class:    501.32 KB used.
       Both:      5.18 MB used.

Virtual space:
  Non-class space:       64.00 MB reserved,       4.75 MB (  7%) committed,  1 nodes.
      Class space:        1.00 GB reserved,     512.00 KB ( <1%) committed,  1 nodes.
             Both:        1.06 GB reserved,       5.25 MB ( <1%) committed. 

Chunk freelists:
   Non-Class:  11.00 MB
       Class:  15.50 MB
        Both:  26.50 MB

MaxMetaspaceSize: unlimited
CompressedClassSpaceSize: 1.00 GB
Initial GC threshold: 21.00 MB
Current GC threshold: 21.00 MB
CDS: off
MetaspaceReclaimPolicy: balanced
 - commit_granule_bytes: 65536.
 - commit_granule_words: 8192.
 - virtual_space_node_default_size: 8388608.
 - enlarge_chunks_in_place: 1.
 - new_chunks_are_fully_committed: 0.
 - uncommit_free_chunks: 1.
 - use_allocation_guard: 0.
 - handle_deallocations: 1.


Internal statistics:

num_allocs_failed_limit: 0.
num_arena_births: 6.
num_arena_deaths: 0.
num_vsnodes_births: 2.
num_vsnodes_deaths: 0.
num_space_committed: 84.
num_space_uncommitted: 0.
num_chunks_returned_to_freelist: 0.
num_chunks_taken_from_freelist: 13.
num_chunk_merges: 0.
num_chunk_splits: 5.
num_chunks_enlarged: 2.
num_inconsistent_stats: 0.

CodeHeap 'non-profiled nmethods': size=119168Kb used=64Kb max_used=64Kb free=119103Kb
 bounds [0x00000277492f0000, 0x0000027749560000, 0x0000027750750000]
CodeHeap 'profiled nmethods': size=119104Kb used=257Kb max_used=257Kb free=118846Kb
 bounds [0x0000027741750000, 0x00000277419c0000, 0x0000027748ba0000]
CodeHeap 'non-nmethods': size=7488Kb used=1654Kb max_used=1668Kb free=5833Kb
 bounds [0x0000027748ba0000, 0x0000027748e10000, 0x00000277492f0000]
 total_blobs=593 nmethods=224 adapters=283
 compilation: enabled
              stopped_count=0, restarted_count=0
 full_count=0

Compilation events (20 events):
Event: 0.129 Thread 0x000002773eb271e0  220       3       java.util.zip.ZipUtils::CENSIG (8 bytes)
Event: 0.129 Thread 0x0000027757ae8ff0 nmethod 214 0x000002774178ab10 code [0x000002774178aca0, 0x000002774178ae58]
Event: 0.129 Thread 0x0000027757ae8ff0  215       3       java.util.zip.ZipFile$Source::zipCoderForPos (39 bytes)
Event: 0.129 Thread 0x000002773eb271e0 nmethod 220 0x000002774178af90 code [0x000002774178b140, 0x000002774178b418]
Event: 0.129 Thread 0x000002773eb271e0  216       3       java.util.zip.ZipUtils::CENHOW (9 bytes)
Event: 0.129 Thread 0x000002773eb271e0 nmethod 216 0x000002774178b590 code [0x000002774178b720, 0x000002774178b8d8]
Event: 0.129 Thread 0x0000027757caf170  223 %     4       java.util.zip.ZipCoder$UTF8ZipCoder::checkedHash @ 14 (91 bytes)
Event: 0.129 Thread 0x000002773eb271e0  217       3       java.util.zip.ZipUtils::CENFLG (9 bytes)
Event: 0.129 Thread 0x0000027757ae8ff0 nmethod 215 0x000002774178ba10 code [0x000002774178bbe0, 0x000002774178bfc8]
Event: 0.129 Thread 0x0000027757ac2970 nmethod 212 0x00000277492ffa90 code [0x00000277492ffc00, 0x00000277492ffcb8]
Event: 0.129 Thread 0x000002773eb271e0 nmethod 217 0x000002774178c190 code [0x000002774178c320, 0x000002774178c4d8]
Event: 0.129 Thread 0x0000027757ae8ff0  218       3       java.util.zip.ZipUtils::CENCOM (9 bytes)
Event: 0.129 Thread 0x000002773eb271e0  219   !   3       java.util.zip.ZipFile$Source::checkAndAddEntry (262 bytes)
Event: 0.129 Thread 0x0000027757ae8ff0 nmethod 218 0x000002774178c610 code [0x000002774178c7a0, 0x000002774178c958]
Event: 0.129 Thread 0x0000027757ae8ff0  221       3       java.util.zip.ZipFile$Source::isMetaName (141 bytes)
Event: 0.130 Thread 0x0000027757ae8ff0 nmethod 221 0x000002774178ca90 code [0x000002774178cc40, 0x000002774178d158]
Event: 0.130 Thread 0x0000027757ae8ff0  222       3       java.util.zip.ZipFile$Source::nextEntryPos (22 bytes)
Event: 0.130 Thread 0x0000027757ae8ff0 nmethod 222 0x000002774178d310 code [0x000002774178d4c0, 0x000002774178d7f8]
Event: 0.130 Thread 0x0000027757ae8ff0  224       3       java.lang.CharacterDataLatin1::toLowerCase (39 bytes)
Event: 0.130 Thread 0x0000027757ae8ff0 nmethod 224 0x000002774178d990 code [0x000002774178db40, 0x000002774178dd98]

GC Heap History (0 events):
No events

Dll operation events (6 events):
Event: 0.006 Loaded shared library c:\Users\devan\.vscode\extensions\redhat.java-1.29.0-win32-x64\jre\17.0.10-win32-x86_64\bin\java.dll
Event: 0.109 Loaded shared library c:\Users\devan\.vscode\extensions\redhat.java-1.29.0-win32-x64\jre\17.0.10-win32-x86_64\bin\zip.dll
Event: 0.111 Loaded shared library C:\Users\devan\.vscode\extensions\redhat.java-1.29.0-win32-x64\jre\17.0.10-win32-x86_64\bin\instrument.dll
Event: 0.121 Loaded shared library C:\Users\devan\.vscode\extensions\redhat.java-1.29.0-win32-x64\jre\17.0.10-win32-x86_64\bin\net.dll
Event: 0.122 Loaded shared library C:\Users\devan\.vscode\extensions\redhat.java-1.29.0-win32-x64\jre\17.0.10-win32-x86_64\bin\nio.dll
Event: 0.127 Loaded shared library C:\Users\devan\.vscode\extensions\redhat.java-1.29.0-win32-x64\jre\17.0.10-win32-x86_64\bin\zip.dll

Deoptimization events (0 events):
No events

Classes unloaded (0 events):
No events

Classes redefined (0 events):
No events

Internal exceptions (1 events):
Event: 0.093 Thread 0x000002773eac51c0 Exception <a 'java/lang/NoSuchMethodError'{0x00000000eacb6490}: 'void java.lang.invoke.DirectMethodHandle$Holder.invokeStatic(java.lang.Object, java.lang.Object, java.lang.Object)'> (0x00000000eacb6490) 
thrown [s\src\hotspot\share\interpreter\linkResolver.cpp, line 759]

VM Operations (2 events):
Event: 0.096 Executing VM operation: HandshakeAllThreads
Event: 0.096 Executing VM operation: HandshakeAllThreads done

Events (20 events):
Event: 0.126 loading class java/util/zip/ZipFile$ZipFileInflaterInputStream done
Event: 0.126 loading class java/util/zip/Inflater
Event: 0.126 loading class java/util/zip/Inflater done
Event: 0.127 loading class java/util/zip/Inflater$InflaterZStreamRef
Event: 0.127 loading class java/util/zip/Inflater$InflaterZStreamRef done
Event: 0.127 loading class java/util/zip/ZipFile$InflaterCleanupAction
Event: 0.127 loading class java/util/zip/ZipFile$InflaterCleanupAction done
Event: 0.127 loading class sun/security/util/SignatureFileVerifier
Event: 0.127 loading class sun/security/util/SignatureFileVerifier done
Event: 0.127 loading class sun/security/util/Debug
Event: 0.127 loading class sun/security/util/Debug done
Event: 0.128 loading class sun/security/action/GetIntegerAction
Event: 0.128 loading class sun/security/action/GetIntegerAction done
Event: 0.130 loading class jdk/internal/loader/URLClassPath$JarLoader$2
Event: 0.130 loading class jdk/internal/loader/Resource
Event: 0.130 loading class jdk/internal/loader/Resource done
Event: 0.130 loading class jdk/internal/loader/URLClassPath$JarLoader$2 done
Event: 0.130 loading class java/util/jar/Attributes
Event: 0.130 loading class java/util/jar/Attributes done
Event: 0.130 loading class java/util/jar/Manifest$FastInputStream


Dynamic libraries:
0x00007ff65ae40000 - 0x00007ff65ae4e000 	c:\Users\devan\.vscode\extensions\redhat.java-1.29.0-win32-x64\jre\17.0.10-win32-x86_64\bin\java.exe
0x00007ff813f10000 - 0x00007ff814127000 	C:\WINDOWS\SYSTEM32\ntdll.dll
0x00007ff812930000 - 0x00007ff8129f4000 	C:\WINDOWS\System32\KERNEL32.DLL
0x00007ff8113a0000 - 0x00007ff811746000 	C:\WINDOWS\System32\KERNELBASE.dll
0x00007ff811b40000 - 0x00007ff811c51000 	C:\WINDOWS\System32\ucrtbase.dll
0x00007ffff39b0000 - 0x00007ffff39c7000 	c:\Users\devan\.vscode\extensions\redhat.java-1.29.0-win32-x64\jre\17.0.10-win32-x86_64\bin\jli.dll
0x00007ffff0e20000 - 0x00007ffff0e3b000 	c:\Users\devan\.vscode\extensions\redhat.java-1.29.0-win32-x64\jre\17.0.10-win32-x86_64\bin\VCRUNTIME140.dll
0x00007ff812780000 - 0x00007ff81292e000 	C:\WINDOWS\System32\USER32.dll
0x00007ff811750000 - 0x00007ff811776000 	C:\WINDOWS\System32\win32u.dll
0x00007ff809140000 - 0x00007ff8093d3000 	C:\WINDOWS\WinSxS\amd64_microsoft.windows.common-controls_6595b64144ccf1df_6.0.22621.2506_none_270c5ae97388e100\COMCTL32.dll
0x00007ff813a50000 - 0x00007ff813a79000 	C:\WINDOWS\System32\GDI32.dll
0x00007ff8138d0000 - 0x00007ff813977000 	C:\WINDOWS\System32\msvcrt.dll
0x00007ff811a20000 - 0x00007ff811b38000 	C:\WINDOWS\System32\gdi32full.dll
0x00007ff811300000 - 0x00007ff81139a000 	C:\WINDOWS\System32\msvcp_win.dll
0x00007ff812be0000 - 0x00007ff812c11000 	C:\WINDOWS\System32\IMM32.DLL
0x00007ff8090a0000 - 0x00007ff8090ac000 	c:\Users\devan\.vscode\extensions\redhat.java-1.29.0-win32-x64\jre\17.0.10-win32-x86_64\bin\vcruntime140_1.dll
0x00007fffc6390000 - 0x00007fffc641d000 	c:\Users\devan\.vscode\extensions\redhat.java-1.29.0-win32-x64\jre\17.0.10-win32-x86_64\bin\msvcp140.dll
0x00007fff86a10000 - 0x00007fff87672000 	c:\Users\devan\.vscode\extensions\redhat.java-1.29.0-win32-x64\jre\17.0.10-win32-x86_64\bin\server\jvm.dll
0x00007ff812e80000 - 0x00007ff812f33000 	C:\WINDOWS\System32\ADVAPI32.dll
0x00007ff813980000 - 0x00007ff813a28000 	C:\WINDOWS\System32\sechost.dll
0x00007ff811250000 - 0x00007ff811278000 	C:\WINDOWS\System32\bcrypt.dll
0x00007ff8137b0000 - 0x00007ff8138c7000 	C:\WINDOWS\System32\RPCRT4.dll
0x00007ff810ea0000 - 0x00007ff810eed000 	C:\WINDOWS\SYSTEM32\POWRPROF.dll
0x00007ff809ef0000 - 0x00007ff809f24000 	C:\WINDOWS\SYSTEM32\WINMM.dll
0x00007ffff8bd0000 - 0x00007ffff8bd9000 	C:\WINDOWS\SYSTEM32\WSOCK32.dll
0x00007ff808d60000 - 0x00007ff808d6a000 	C:\WINDOWS\SYSTEM32\VERSION.dll
0x00007ff812a00000 - 0x00007ff812a71000 	C:\WINDOWS\System32\WS2_32.dll
0x00007ff810e80000 - 0x00007ff810e93000 	C:\WINDOWS\SYSTEM32\UMPDC.dll
0x00007ff810260000 - 0x00007ff810278000 	C:\WINDOWS\SYSTEM32\kernel.appcore.dll
0x00007ff808e70000 - 0x00007ff808e7a000 	c:\Users\devan\.vscode\extensions\redhat.java-1.29.0-win32-x64\jre\17.0.10-win32-x86_64\bin\jimage.dll
0x00007ff808030000 - 0x00007ff808263000 	C:\WINDOWS\SYSTEM32\DBGHELP.DLL
0x00007ff8133c0000 - 0x00007ff813749000 	C:\WINDOWS\System32\combase.dll
0x00007ff811cc0000 - 0x00007ff811d97000 	C:\WINDOWS\System32\OLEAUT32.dll
0x00007ff8058e0000 - 0x00007ff805912000 	C:\WINDOWS\SYSTEM32\dbgcore.DLL
0x00007ff811280000 - 0x00007ff8112fa000 	C:\WINDOWS\System32\bcryptPrimitives.dll
0x00007ff808dc0000 - 0x00007ff808dce000 	c:\Users\devan\.vscode\extensions\redhat.java-1.29.0-win32-x64\jre\17.0.10-win32-x86_64\bin\instrument.dll
0x00007fffe94f0000 - 0x00007fffe9515000 	c:\Users\devan\.vscode\extensions\redhat.java-1.29.0-win32-x64\jre\17.0.10-win32-x86_64\bin\java.dll
0x00007fffeef20000 - 0x00007fffeef38000 	c:\Users\devan\.vscode\extensions\redhat.java-1.29.0-win32-x64\jre\17.0.10-win32-x86_64\bin\zip.dll
0x00007ff811e00000 - 0x00007ff81265a000 	C:\WINDOWS\System32\SHELL32.dll
0x00007ff80f150000 - 0x00007ff80fa46000 	C:\WINDOWS\SYSTEM32\windows.storage.dll
0x00007ff80f010000 - 0x00007ff80f14e000 	C:\WINDOWS\SYSTEM32\wintypes.dll
0x00007ff813dd0000 - 0x00007ff813ec3000 	C:\WINDOWS\System32\SHCORE.dll
0x00007ff811da0000 - 0x00007ff811dfe000 	C:\WINDOWS\System32\shlwapi.dll
0x00007ff811180000 - 0x00007ff8111a6000 	C:\WINDOWS\SYSTEM32\profapi.dll
0x00007fffebec0000 - 0x00007fffebed9000 	C:\Users\devan\.vscode\extensions\redhat.java-1.29.0-win32-x64\jre\17.0.10-win32-x86_64\bin\net.dll
0x00007ff80b170000 - 0x00007ff80b2a7000 	C:\WINDOWS\SYSTEM32\WINHTTP.dll
0x00007ff810700000 - 0x00007ff810769000 	C:\WINDOWS\system32\mswsock.dll
0x00007fffeb1d0000 - 0x00007fffeb1e6000 	C:\Users\devan\.vscode\extensions\redhat.java-1.29.0-win32-x64\jre\17.0.10-win32-x86_64\bin\nio.dll

dbghelp: loaded successfully - version: 4.0.5 - missing functions: none
symbol engine: initialized successfully - sym options: 0x614 - pdb path: .;c:\Users\devan\.vscode\extensions\redhat.java-1.29.0-win32-x64\jre\17.0.10-win32-x86_64\bin;C:\WINDOWS\SYSTEM32;C:\WINDOWS\WinSxS\amd64_microsoft.windows.common-controls_6595b64144ccf1df_6.0.22621.2506_none_270c5ae97388e100;c:\Users\devan\.vscode\extensions\redhat.java-1.29.0-win32-x64\jre\17.0.10-win32-x86_64\bin\server

VM Arguments:
jvm_args: --add-modules=ALL-SYSTEM --add-opens=java.base/java.util=ALL-UNNAMED --add-opens=java.base/java.lang=ALL-UNNAMED --add-opens=java.base/sun.nio.fs=ALL-UNNAMED -Declipse.application=org.eclipse.jdt.ls.core.id1 -Dosgi.bundles.defaultStartLevel=4 -Declipse.product=org.eclipse.jdt.ls.core.product -Djava.import.generatesMetadataFilesAtProjectRoot=false -DDetectVMInstallationsJob.disabled=true -Dfile.encoding=utf8 -XX:+UseParallelGC -XX:GCTimeRatio=4 -XX:AdaptiveSizePolicyWeight=90 -Dsun.zip.disableMemoryMapping=true -Xmx1G -Xms100m -Xlog:disable -javaagent:c:\Users\devan\.vscode\extensions\redhat.java-1.29.0-win32-x64\lombok\lombok-1.18.32.jar -XX:+HeapDumpOnOutOfMemoryError -XX:HeapDumpPath=c:\Users\devan\AppData\Roaming\Code\User\workspaceStorage\5777b845f8ef420473e6a91478c2b9a2\redhat.java -Daether.dependencyCollector.impl=bf 
java_command: c:\Users\devan\.vscode\extensions\redhat.java-1.29.0-win32-x64\server\plugins\org.eclipse.equinox.launcher_1.6.800.v20240304-1850.jar -configuration c:\Users\devan\AppData\Roaming\Code\User\globalStorage\redhat.java\1.29.0\config_win -data c:\Users\devan\AppData\Roaming\Code\User\workspaceStorage\5777b845f8ef420473e6a91478c2b9a2\redhat.java\jdt_ws --stdio
java_class_path (initial): c:\Users\devan\.vscode\extensions\redhat.java-1.29.0-win32-x64\server\plugins\org.eclipse.equinox.launcher_1.6.800.v20240304-1850.jar
Launcher Type: SUN_STANDARD

[Global flags]
    uintx AdaptiveSizePolicyWeight                 = 90                                        {product} {command line}
     intx CICompilerCount                          = 12                                        {product} {ergonomic}
    uintx GCTimeRatio                              = 4                                         {product} {command line}
     bool HeapDumpOnOutOfMemoryError               = true                                   {manageable} {command line}
    ccstr HeapDumpPath                             = c:\Users\devan\AppData\Roaming\Code\User\workspaceStorage\5777b845f8ef420473e6a91478c2b9a2\redhat.java         {manageable} {command line}
   size_t InitialHeapSize                          = 104857600                                 {product} {command line}
   size_t MaxHeapSize                              = 1073741824                                {product} {command line}
   size_t MaxNewSize                               = 357564416                                 {product} {ergonomic}
   size_t MinHeapDeltaBytes                        = 524288                                    {product} {ergonomic}
   size_t MinHeapSize                              = 104857600                                 {product} {command line}
   size_t NewSize                                  = 34603008                                  {product} {ergonomic}
    uintx NonNMethodCodeHeapSize                   = 7602480                                {pd product} {ergonomic}
    uintx NonProfiledCodeHeapSize                  = 122027880                              {pd product} {ergonomic}
   size_t OldSize                                  = 70254592                                  {product} {ergonomic}
    uintx ProfiledCodeHeapSize                     = 122027880                              {pd product} {ergonomic}
    uintx ReservedCodeCacheSize                    = 251658240                              {pd product} {ergonomic}
     bool SegmentedCodeCache                       = true                                      {product} {ergonomic}
   size_t SoftMaxHeapSize                          = 1073741824                             {manageable} {ergonomic}
     bool UseCompressedClassPointers               = true                           {product lp64_product} {ergonomic}
     bool UseCompressedOops                        = true                           {product lp64_product} {ergonomic}
     bool UseLargePagesIndividualAllocation        = false                                  {pd product} {ergonomic}
     bool UseParallelGC                            = true                                      {product} {command line}

Logging:
Log output configuration:
 #0: stdout all=off uptime,level,tags
 #1: stderr all=off uptime,level,tags

Environment Variables:
JAVA_HOME=C:\Program Files\Microsoft\jdk-17.0.10.7-hotspot\
PATH=C:\Users\devan\AppData\Roaming\.dotnet;C:\Program Files\Microsoft\jdk-17.0.10.7-hotspot\bin;C:\Program Files\NVIDIA GPU Computing Toolkit\CUDA\v8.0\bin;C:\Program Files\NVIDIA GPU Computing Toolkit\CUDA\v8.0\libnvvp;C:\Program Files (x86)\Qualcomm\QDART\\bin;C:\Program Files (x86)\Common Files\Oracle\Java\javapath;C:\Program Files\Common Files\Oracle\Java\javapath;C:\Windows\system32;C:\Windows;C:\Windows\System32\Wbem;C:\Windows\System32\WindowsPowerShell\v1.0\;C:\Windows\System32\OpenSSH\;C:\Program Files (x86)\NVIDIA Corporation\PhysX\Common;C:\Program Files\NVIDIA Corporation\NVIDIA NvDLISR;C:\WINDOWS\system32;C:\WINDOWS;C:\WINDOWS\System32\Wbem;C:\WINDOWS\System32\WindowsPowerShell\v1.0\;C:\WINDOWS\System32\OpenSSH\;C:\Users\devan\AppData\Local\Microsoft\WindowsApps;C:\Users\devan\AppData\Local\Programs\Microsoft VS Code\bin;C:\adb;C:\Program Files\dotnet\;C:\Program Files\Java\jdk-17.0.1\bin;C:\Program Files\PuTTY\;C:\Xilinx\Vivado\2021.1\bin;C:\mingw32\bin;C:\Program Files\NVIDIA Corporation\Nsight Compute 2023.3.1\;C:\WINDOWS\system32;C:\WINDOWS;C:\WINDOWS\System32\Wbem;C:\WINDOWS\System32\WindowsPowerShell\v1.0\;C:\WINDOWS\System32\OpenSSH\;C:\Program Files\nodejs\;C:\ProgramData\chocolatey\bin;C:\Program Files\Docker\Docker\resources\bin;C:\Program Files\Microsoft SQL Server\150\Tools\Binn\;C:\Program Files\Microsoft SQL Server\Client SDK\ODBC\170\Tools\Binn\;C:\Program Files (x86)\Microsoft SQL Server\160\DTS\Binn\;C:\Program Files (x86)\Microsoft SQL Server\160\Tools\Binn\;C:\Program Files\Microsoft SQL Server\160\Tools\Binn\;C:\Program Files\Microsoft SQL Server\160\DTS\Binn\;C:\Program Files\Git\cmd;C:\Users\devan\AppData\Roaming\.dotnet;C:\Users\devan\AppData\Local\Android\Sdk\platform-tools;C:\Users\devan\AppData\Local\Android\Sdk\tools;C:\Program Files\MySQL\MySQL Shell 8.0\bin\;C:\Users\devan\AppData\Local\Programs\Python\Python310\Scripts\;C:\Users\devan\AppData\Local\Programs\Python\Python310\;%USERPROFILE%\AppData\Local\Microsoft\WindowsApps;C
USERNAME=devang
OS=Windows_NT
PROCESSOR_IDENTIFIER=AMD64 Family 23 Model 96 Stepping 1, AuthenticAMD
TMP=C:\Users\devan\AppData\Local\Temp
TEMP=C:\Users\devan\AppData\Local\Temp



Periodic native trim disabled


---------------  S Y S T E M  ---------------

OS:
 Windows 11 , 64 bit Build 22621 (10.0.22621.2506)
OS uptime: 0 days 18:57 hours
Hyper-V role detected

CPU: total 16 (initial active 16) (16 cores per cpu, 2 threads per core) family 23 model 96 stepping 1 microcode 0x0, cx8, cmov, fxsr, ht, mmx, 3dnowpref, sse, sse2, sse3, ssse3, sse4a, sse4.1, sse4.2, popcnt, lzcnt, tsc, tscinvbit, avx, avx2, aes, clmul, bmi1, bmi2, adx, sha, fma, vzeroupper, clflush, clflushopt, hv
Processor Information for all 16 processors :
  Max Mhz: 2901, Current Mhz: 2901, Mhz Limit: 2901

Memory: 4k page, system-wide physical 15790M (4656M free)
TotalPageFile size 15790M (AvailPageFile size 4M)
current process WorkingSet (physical memory assigned to process): 33M, peak: 33M
current process commit charge ("private bytes"): 201M, peak: 201M

vm_info: OpenJDK 64-Bit Server VM (17.0.10+7) for windows-amd64 JRE (17.0.10+7), built on Jan 16 2024 23:25:11 by "admin" with MS VC++ 16.10 / 16.11 (VS2019)

END.
