#
# There is insufficient memory for the Java Runtime Environment to continue.
# Native memory allocation (mmap) failed to map 65536 bytes for Failed to commit metaspace.
# Possible reasons:
#   The system is out of physical RAM or swap space
#   The process is running with CompressedOops enabled, and the Java Heap may be blocking the growth of the native heap
# Possible solutions:
#   Reduce memory load on the system
#   Increase physical memory or swap space
#   Check if swap backing store is full
#   Decrease Java heap size (-Xmx/-Xms)
#   Decrease number of Java threads
#   Decrease Java thread stack sizes (-Xss)
#   Set larger code cache with -XX:ReservedCodeCacheSize=
#   JVM is running with Unscaled Compressed Oops mode in which the Java heap is
#     placed in the first 4GB address space. The Java Heap base address is the
#     maximum limit for the native heap growth. Please use -XX:HeapBaseMinAddress
#     to set the Java Heap base and to place the Java Heap above 4GB virtual address.
# This output file may be truncated or incomplete.
#
#  Out of Memory Error (virtualSpaceNode.cpp:110), pid=17272, tid=14416
#
# JRE version: OpenJDK Runtime Environment Temurin-17.0.10+7 (17.0.10+7) (build 17.0.10+7)
# Java VM: OpenJDK 64-Bit Server VM Temurin-17.0.10+7 (17.0.10+7, mixed mode, tiered, compressed oops, compressed class ptrs, parallel gc, windows-amd64)
# No core dump will be written. Minidumps are not enabled by default on client versions of Windows
#

---------------  S U M M A R Y ------------

Command Line: --add-modules=ALL-SYSTEM --add-opens=java.base/java.util=ALL-UNNAMED --add-opens=java.base/java.lang=ALL-UNNAMED --add-opens=java.base/sun.nio.fs=ALL-UNNAMED -Declipse.application=org.eclipse.jdt.ls.core.id1 -Dosgi.bundles.defaultStartLevel=4 -Declipse.product=org.eclipse.jdt.ls.core.product -Djava.import.generatesMetadataFilesAtProjectRoot=false -DDetectVMInstallationsJob.disabled=true -Dfile.encoding=utf8 -XX:+UseParallelGC -XX:GCTimeRatio=4 -XX:AdaptiveSizePolicyWeight=90 -Dsun.zip.disableMemoryMapping=true -Xmx1G -Xms100m -Xlog:disable -javaagent:c:\Users\devan\.vscode\extensions\redhat.java-1.29.0-win32-x64\lombok\lombok-1.18.32.jar c:\Users\devan\.vscode\extensions\redhat.java-1.29.0-win32-x64\server\plugins\org.eclipse.equinox.launcher_1.6.800.v20240304-1850.jar -configuration c:\Users\devan\AppData\Roaming\Code\User\globalStorage\redhat.java\1.29.0\config_ss_win -data c:\Users\devan\AppData\Roaming\Code\User\workspaceStorage\5777b845f8ef420473e6a91478c2b9a2\redhat.java\ss_ws --stdio

Host: AMD Ryzen 7 4800H with Radeon Graphics         , 16 cores, 15G,  Windows 11 , 64 bit Build 22621 (10.0.22621.2506)
Time: Thu Apr 11 21:21:56 2024 Russia TZ 10 Standard Time elapsed time: 0.113557 seconds (0d 0h 0m 0s)

---------------  T H R E A D  ---------------

Current thread (0x000001f90da33810):  JavaThread "main" [_thread_in_vm, id=14416, stack(0x0000009b84a00000,0x0000009b84b00000)]

Stack: [0x0000009b84a00000,0x0000009b84b00000]
Native frames: (J=compiled Java code, j=interpreted, Vv=VM code, C=native code)
V  [jvm.dll+0x67d2c9]
V  [jvm.dll+0x834afa]
V  [jvm.dll+0x8365be]
V  [jvm.dll+0x836c23]
V  [jvm.dll+0x2477ff]
V  [jvm.dll+0x8307bb]
V  [jvm.dll+0x621d16]
V  [jvm.dll+0x621d7a]
V  [jvm.dll+0x6245aa]
V  [jvm.dll+0x6226b6]
V  [jvm.dll+0x23d160]
V  [jvm.dll+0x1ec25b]
V  [jvm.dll+0x1e1c01]
V  [jvm.dll+0x5427ce]
V  [jvm.dll+0x1f2647]
V  [jvm.dll+0x7adf9b]
V  [jvm.dll+0x7af36c]
V  [jvm.dll+0x7af6b8]
V  [jvm.dll+0x23face]
V  [jvm.dll+0x23fd1f]
V  [jvm.dll+0x5609e3]
V  [jvm.dll+0x562e94]
V  [jvm.dll+0x38621b]
V  [jvm.dll+0x385cd2]
C  0x000001f9192f8695

The last pc belongs to getstatic (printed below).
Java frames: (J=compiled Java code, j=interpreted, Vv=VM code)
j  java.lang.invoke.InnerClassLambdaMetafactory.<clinit>()V+16 java.base@17.0.10
v  ~StubRoutines::call_stub
j  java.lang.invoke.LambdaMetafactory.metafactory(Ljava/lang/invoke/MethodHandles$Lookup;Ljava/lang/String;Ljava/lang/invoke/MethodType;Ljava/lang/invoke/MethodType;Ljava/lang/invoke/MethodHandle;Ljava/lang/invoke/MethodType;)Ljava/lang/invoke/CallSite;+0 java.base@17.0.10
j  java.lang.invoke.DirectMethodHandle$Holder.invokeStatic(Ljava/lang/Object;Ljava/lang/Object;Ljava/lang/Object;Ljava/lang/Object;Ljava/lang/Object;Ljava/lang/Object;Ljava/lang/Object;)Ljava/lang/Object;+20 java.base@17.0.10
j  java.lang.invoke.Invokers$Holder.invokeExact_MT(Ljava/lang/Object;Ljava/lang/Object;Ljava/lang/Object;Ljava/lang/Object;Ljava/lang/Object;Ljava/lang/Object;Ljava/lang/Object;Ljava/lang/Object;)Ljava/lang/Object;+28 java.base@17.0.10
j  java.lang.invoke.BootstrapMethodInvoker.invoke(Ljava/lang/Class;Ljava/lang/invoke/MethodHandle;Ljava/lang/String;Ljava/lang/Object;Ljava/lang/Object;Ljava/lang/Class;)Ljava/lang/Object;+319 java.base@17.0.10
j  java.lang.invoke.CallSite.makeSite(Ljava/lang/invoke/MethodHandle;Ljava/lang/String;Ljava/lang/invoke/MethodType;Ljava/lang/Object;Ljava/lang/Class;)Ljava/lang/invoke/CallSite;+8 java.base@17.0.10
j  java.lang.invoke.MethodHandleNatives.linkCallSiteImpl(Ljava/lang/Class;Ljava/lang/invoke/MethodHandle;Ljava/lang/String;Ljava/lang/invoke/MethodType;Ljava/lang/Object;[Ljava/lang/Object;)Ljava/lang/invoke/MemberName;+6 java.base@17.0.10
j  java.lang.invoke.MethodHandleNatives.linkCallSite(Ljava/lang/Object;ILjava/lang/Object;Ljava/lang/Object;Ljava/lang/Object;Ljava/lang/Object;[Ljava/lang/Object;)Ljava/lang/invoke/MemberName;+46 java.base@17.0.10
v  ~StubRoutines::call_stub
j  jdk.internal.module.DefaultRoots.compute(Ljava/lang/module/ModuleFinder;Ljava/lang/module/ModuleFinder;)Ljava/util/Set;+11 java.base@17.0.10
j  jdk.internal.module.ModuleBootstrap.boot2()Ljava/lang/ModuleLayer;+727 java.base@17.0.10
j  jdk.internal.module.ModuleBootstrap.boot()Ljava/lang/ModuleLayer;+64 java.base@17.0.10
j  java.lang.System.initPhase2(ZZ)I+0 java.base@17.0.10
v  ~StubRoutines::call_stub
getstatic  178 getstatic  [0x000001f9192f85e0, 0x000001f9192f87e0]  512 bytes
[MachCode]
  0x000001f9192f85e0: 4883 ec08 | c5fa 1104 | 24eb 1f48 | 83ec 10c5 | fb11 0424 | eb14 4883 | ec10 4889 | 0424 48c7 
  0x000001f9192f8600: 4424 0800 | 0000 00eb | 0150 410f | b755 0148 | 8b4d d0c1 | e202 8b5c | d120 c1eb | 1081 e3ff 
  0x000001f9192f8620: 0000 0081 | fbb2 0000 | 000f 84b6 | 0000 00bb | b200 0000 | e805 0000 | 00e9 9b00 | 0000 488b 
  0x000001f9192f8640: d348 8d44 | 2408 4c89 | 6dc0 498b | cfc5 f877 | 4989 afa8 | 0200 0049 | 8987 9802 | 0000 4883 
  0x000001f9192f8660: ec20 f7c4 | 0f00 0000 | 0f84 1a00 | 0000 4883 | ec08 49ba | 705c d986 | ff7f 0000 | 41ff d248 
  0x000001f9192f8680: 83c4 08e9 | 0d00 0000 | 49ba 705c | d986 ff7f | 0000 41ff | d248 83c4 | 2049 c787 | 9802 0000 
  0x000001f9192f86a0: 0000 0000 | 49c7 87a8 | 0200 0000 | 0000 0049 | c787 a002 | 0000 0000 | 0000 c5f8 | 7749 817f 
  0x000001f9192f86c0: 0800 0000 | 000f 8405 | 0000 00e9 | 3088 feff | 4c8b 6dc0 | 4c8b 75c8 | c341 0fb7 | 5501 488b 
  0x000001f9192f86e0: 4dd0 c1e2 | 0248 8b5c | d130 8b44 | d138 4c8b | 4cd1 284d | 8b49 704d | 8b09 c1e8 | 1c83 e00f 
  0x000001f9192f8700: 0f85 0b00 | 0000 410f | be04 1950 | e9b1 0000 | 0083 f801 | 0f85 0b00 | 0000 410f | b604 1950 
  0x000001f9192f8720: e99d 0000 | 0083 f808 | 0f85 0a00 | 0000 418b | 0419 50e9 | 8a00 0000 | 83f8 040f | 850a 0000 
  0x000001f9192f8740: 0041 8b04 | 1950 e977 | 0000 0083 | f802 0f85 | 0b00 0000 | 410f b704 | 1950 e963 | 0000 0083 
  0x000001f9192f8760: f803 0f85 | 0b00 0000 | 410f bf04 | 1950 e94f | 0000 0083 | f805 0f85 | 1a00 0000 | 498b 0419 
  0x000001f9192f8780: 4883 ec10 | 4889 0424 | 48c7 4424 | 0800 0000 | 00e9 2c00 | 0000 83f8 | 060f 8514 | 0000 00c4 
  0x000001f9192f87a0: c17a 1004 | 1948 83ec | 08c5 fa11 | 0424 e90f | 0000 00c4 | c17b 1004 | 1948 83ec | 10c5 fb11 
  0x000001f9192f87c0: 0424 410f | b65d 0349 | 83c5 0349 | ba90 a95b | 87ff 7f00 | 0041 ff24 | da0f 1f80 | 0000 0000 
[/MachCode]

---------------  P R O C E S S  ---------------

Threads class SMR info:
_java_thread_list=0x000001f9289b2390, length=10, elements={
0x000001f90da33810, 0x000001f9238033e0, 0x000001f923804a00, 0x000001f928979630,
0x000001f923806310, 0x000001f923807b40, 0x000001f9289a3440, 0x000001f9289a4040,
0x000001f9289a7ab0, 0x000001f9289b0b90
}

Java Threads: ( => current thread )
=>0x000001f90da33810 JavaThread "main" [_thread_in_vm, id=14416, stack(0x0000009b84a00000,0x0000009b84b00000)]
  0x000001f9238033e0 JavaThread "Reference Handler" daemon [_thread_blocked, id=9340, stack(0x0000009b84d00000,0x0000009b84e00000)]
  0x000001f923804a00 JavaThread "Finalizer" daemon [_thread_blocked, id=1572, stack(0x0000009b84e00000,0x0000009b84f00000)]
  0x000001f928979630 JavaThread "Signal Dispatcher" daemon [_thread_blocked, id=14192, stack(0x0000009b84f00000,0x0000009b85000000)]
  0x000001f923806310 JavaThread "Attach Listener" daemon [_thread_blocked, id=14520, stack(0x0000009b85000000,0x0000009b85100000)]
  0x000001f923807b40 JavaThread "Service Thread" daemon [_thread_blocked, id=13504, stack(0x0000009b85100000,0x0000009b85200000)]
  0x000001f9289a3440 JavaThread "Monitor Deflation Thread" daemon [_thread_blocked, id=21416, stack(0x0000009b85200000,0x0000009b85300000)]
  0x000001f9289a4040 JavaThread "C2 CompilerThread0" daemon [_thread_blocked, id=2200, stack(0x0000009b85300000,0x0000009b85400000)]
  0x000001f9289a7ab0 JavaThread "C1 CompilerThread0" daemon [_thread_blocked, id=3080, stack(0x0000009b85400000,0x0000009b85500000)]
  0x000001f9289b0b90 JavaThread "Sweeper thread" daemon [_thread_blocked, id=6496, stack(0x0000009b85500000,0x0000009b85600000)]

Other Threads:
  0x000001f90dadea00 VMThread "VM Thread" [stack: 0x0000009b84c00000,0x0000009b84d00000] [id=17892]
  0x000001f90da47a60 GCTaskThread "GC Thread#0" [stack: 0x0000009b84b00000,0x0000009b84c00000] [id=16108]

Threads with active compile tasks:

VM state: not at safepoint (normal execution)

VM Mutex/Monitor currently owned by a thread:  ([mutex/lock_event])
[0x000001f90da2e020] Metaspace_lock - owner thread: 0x000001f90da33810

Heap address: 0x00000000c0000000, size: 1024 MB, Compressed Oops mode: 32-bit

CDS archive(s) not mapped
Compressed class space mapped at: 0x0000000100000000-0x0000000140000000, reserved size: 1073741824
Narrow klass base: 0x0000000000000000, Narrow klass shift: 3, Narrow klass range: 0x140000000

GC Precious Log:
 CPUs: 16 total, 16 available
 Memory: 15790M
 Large Page Support: Disabled
 NUMA Support: Disabled
 Compressed Oops: Enabled (32-bit)
 Alignments: Space 512K, Generation 512K, Heap 2M
 Heap Min Capacity: 100M
 Heap Initial Capacity: 100M
 Heap Max Capacity: 1G
 Pre-touch: Disabled
 Parallel Workers: 13

Heap:
 PSYoungGen      total 29696K, used 1536K [0x00000000eab00000, 0x00000000ecc00000, 0x0000000100000000)
  eden space 25600K, 6% used [0x00000000eab00000,0x00000000eac801a8,0x00000000ec400000)
  from space 4096K, 0% used [0x00000000ec800000,0x00000000ec800000,0x00000000ecc00000)
  to   space 4096K, 0% used [0x00000000ec400000,0x00000000ec400000,0x00000000ec800000)
 ParOldGen       total 68608K, used 0K [0x00000000c0000000, 0x00000000c4300000, 0x00000000eab00000)
  object space 68608K, 0% used [0x00000000c0000000,0x00000000c0000000,0x00000000c4300000)
 Metaspace       used 3502K, committed 3520K, reserved 1114112K
  class space    used 305K, committed 320K, reserved 1048576K

Card table byte_map: [0x000001f921080000,0x000001f921290000] _byte_map_base: 0x000001f920a80000

Marking Bits: (ParMarkBitMap*) 0x00007fff875ad7d0
 Begin Bits: [0x000001f9213f0000, 0x000001f9223f0000)
 End Bits:   [0x000001f9223f0000, 0x000001f9233f0000)

Polling page: 0x000001f90dae0000

Metaspace:

Usage:
  Non-class:      3.12 MB used.
      Class:    305.20 KB used.
       Both:      3.42 MB used.

Virtual space:
  Non-class space:       64.00 MB reserved,       3.12 MB (  5%) committed,  1 nodes.
      Class space:        1.00 GB reserved,     320.00 KB ( <1%) committed,  1 nodes.
             Both:        1.06 GB reserved,       3.44 MB ( <1%) committed. 

Chunk freelists:
   Non-Class:  12.00 MB
       Class:  15.62 MB
        Both:  27.62 MB

MaxMetaspaceSize: unlimited
CompressedClassSpaceSize: 1.00 GB
Initial GC threshold: 21.00 MB
Current GC threshold: 21.00 MB
CDS: off
MetaspaceReclaimPolicy: balanced
 - commit_granule_bytes: 65536.
 - commit_granule_words: 8192.
 - virtual_space_node_default_size: 8388608.
 - enlarge_chunks_in_place: 1.
 - new_chunks_are_fully_committed: 0.
 - uncommit_free_chunks: 1.
 - use_allocation_guard: 0.
 - handle_deallocations: 1.


Internal statistics:

num_allocs_failed_limit: 0.
num_arena_births: 2.
num_arena_deaths: 0.
num_vsnodes_births: 2.
num_vsnodes_deaths: 0.
num_space_committed: 55.
num_space_uncommitted: 0.
num_chunks_returned_to_freelist: 0.
num_chunks_taken_from_freelist: 4.
num_chunk_merges: 0.
num_chunk_splits: 2.
num_chunks_enlarged: 0.
num_inconsistent_stats: 0.

CodeHeap 'non-profiled nmethods': size=119168Kb used=11Kb max_used=11Kb free=119157Kb
 bounds [0x000001f919a30000, 0x000001f919ca0000, 0x000001f920e90000]
CodeHeap 'profiled nmethods': size=119104Kb used=52Kb max_used=52Kb free=119051Kb
 bounds [0x000001f911e90000, 0x000001f912100000, 0x000001f9192e0000]
CodeHeap 'non-nmethods': size=7488Kb used=1046Kb max_used=1046Kb free=6441Kb
 bounds [0x000001f9192e0000, 0x000001f919550000, 0x000001f919a30000]
 total_blobs=354 nmethods=45 adapters=224
 compilation: enabled
              stopped_count=0, restarted_count=0
 full_count=0

Compilation events (20 events):
Event: 0.081 Thread 0x000001f9289a7ab0 nmethod 26 0x000001f911e97310 code [0x000001f911e974e0, 0x000001f911e978b8]
Event: 0.081 Thread 0x000001f9289a7ab0   27       3       java.lang.StringLatin1::charAt (28 bytes)
Event: 0.081 Thread 0x000001f9289a7ab0 nmethod 27 0x000001f911e97a10 code [0x000001f911e97bc0, 0x000001f911e97dc8]
Event: 0.082 Thread 0x000001f9289a7ab0   28       1       java.lang.module.ModuleReference::descriptor (5 bytes)
Event: 0.082 Thread 0x000001f9289a7ab0 nmethod 28 0x000001f919a30990 code [0x000001f919a30b20, 0x000001f919a30bf8]
Event: 0.082 Thread 0x000001f9289a7ab0   29       3       java.net.URI::hash (33 bytes)
Event: 0.082 Thread 0x000001f9289a7ab0 nmethod 29 0x000001f911e97f10 code [0x000001f911e98100, 0x000001f911e98598]
Event: 0.092 Thread 0x000001f9289a7ab0   30       3       java.util.concurrent.ConcurrentHashMap::tabAt (22 bytes)
Event: 0.092 Thread 0x000001f9289a7ab0 nmethod 30 0x000001f911e98790 code [0x000001f911e98940, 0x000001f911e98bd8]
Event: 0.092 Thread 0x000001f9289a7ab0   34       3       java.util.ImmutableCollections$SetN$SetNIterator::next (90 bytes)
Event: 0.093 Thread 0x000001f9289a7ab0 nmethod 34 0x000001f911e98c90 code [0x000001f911e98e40, 0x000001f911e99168]
Event: 0.093 Thread 0x000001f9289a7ab0   31       3       jdk.internal.misc.Unsafe::getReferenceAcquire (7 bytes)
Event: 0.093 Thread 0x000001f9289a7ab0 nmethod 31 0x000001f911e99310 code [0x000001f911e994a0, 0x000001f911e995b8]
Event: 0.093 Thread 0x000001f9289a7ab0   33       3       java.util.concurrent.ConcurrentHashMap::spread (10 bytes)
Event: 0.093 Thread 0x000001f9289a7ab0 nmethod 33 0x000001f911e99690 code [0x000001f911e99820, 0x000001f911e99918]
Event: 0.107 Thread 0x000001f9289a7ab0   36       1       java.lang.Enum::ordinal (5 bytes)
Event: 0.107 Thread 0x000001f9289a7ab0 nmethod 36 0x000001f919a31390 code [0x000001f919a31520, 0x000001f919a315f8]
Event: 0.109 Thread 0x000001f9289a7ab0   39       3       java.util.concurrent.ConcurrentHashMap::addCount (279 bytes)
Event: 0.110 Thread 0x000001f9289a7ab0 nmethod 39 0x000001f911e99990 code [0x000001f911e99be0, 0x000001f911e9a568]
Event: 0.110 Thread 0x000001f9289a7ab0   41   !   3       java.util.concurrent.ConcurrentHashMap::putVal (433 bytes)

GC Heap History (0 events):
No events

Dll operation events (1 events):
Event: 0.008 Loaded shared library c:\Users\devan\.vscode\extensions\redhat.java-1.29.0-win32-x64\jre\17.0.10-win32-x86_64\bin\java.dll

Deoptimization events (0 events):
No events

Classes unloaded (0 events):
No events

Classes redefined (0 events):
No events

Internal exceptions (0 events):
No events

VM Operations (0 events):
No events

Events (20 events):
Event: 0.108 loading class java/lang/WeakPairMap$Pair$Lookup done
Event: 0.108 loading class java/util/function/Predicate
Event: 0.108 loading class java/util/function/Predicate done
Event: 0.108 loading class java/lang/invoke/BootstrapMethodInvoker
Event: 0.109 loading class java/lang/invoke/BootstrapMethodInvoker done
Event: 0.109 loading class java/lang/invoke/VarHandle$AccessMode
Event: 0.109 loading class java/lang/invoke/VarHandle$AccessMode done
Event: 0.109 loading class java/lang/invoke/VarHandle$AccessType
Event: 0.109 loading class java/lang/invoke/VarHandle$AccessType done
Event: 0.109 loading class java/lang/invoke/Invokers$Holder
Event: 0.109 loading class java/lang/invoke/Invokers$Holder done
Event: 0.110 loading class java/lang/invoke/MethodHandleImpl$1
Event: 0.110 loading class jdk/internal/access/JavaLangInvokeAccess
Event: 0.110 loading class jdk/internal/access/JavaLangInvokeAccess done
Event: 0.110 loading class java/lang/invoke/MethodHandleImpl$1 done
Event: 0.110 loading class java/lang/invoke/InnerClassLambdaMetafactory
Event: 0.111 loading class java/lang/invoke/AbstractValidatingLambdaMetafactory
Event: 0.111 loading class java/lang/invoke/AbstractValidatingLambdaMetafactory done
Event: 0.111 loading class java/lang/invoke/InnerClassLambdaMetafactory done
Event: 0.111 loading class jdk/internal/org/objectweb/asm/Type


Dynamic libraries:
0x00007ff65ae40000 - 0x00007ff65ae4e000 	c:\Users\devan\.vscode\extensions\redhat.java-1.29.0-win32-x64\jre\17.0.10-win32-x86_64\bin\java.exe
0x00007ff813f10000 - 0x00007ff814127000 	C:\WINDOWS\SYSTEM32\ntdll.dll
0x00007ff812930000 - 0x00007ff8129f4000 	C:\WINDOWS\System32\KERNEL32.DLL
0x00007ff8113a0000 - 0x00007ff811746000 	C:\WINDOWS\System32\KERNELBASE.dll
0x00007ff811b40000 - 0x00007ff811c51000 	C:\WINDOWS\System32\ucrtbase.dll
0x00007ffff39b0000 - 0x00007ffff39c7000 	c:\Users\devan\.vscode\extensions\redhat.java-1.29.0-win32-x64\jre\17.0.10-win32-x86_64\bin\jli.dll
0x00007ffff0e20000 - 0x00007ffff0e3b000 	c:\Users\devan\.vscode\extensions\redhat.java-1.29.0-win32-x64\jre\17.0.10-win32-x86_64\bin\VCRUNTIME140.dll
0x00007ff812780000 - 0x00007ff81292e000 	C:\WINDOWS\System32\USER32.dll
0x00007ff811750000 - 0x00007ff811776000 	C:\WINDOWS\System32\win32u.dll
0x00007ff809140000 - 0x00007ff8093d3000 	C:\WINDOWS\WinSxS\amd64_microsoft.windows.common-controls_6595b64144ccf1df_6.0.22621.2506_none_270c5ae97388e100\COMCTL32.dll
0x00007ff813a50000 - 0x00007ff813a79000 	C:\WINDOWS\System32\GDI32.dll
0x00007ff8138d0000 - 0x00007ff813977000 	C:\WINDOWS\System32\msvcrt.dll
0x00007ff811a20000 - 0x00007ff811b38000 	C:\WINDOWS\System32\gdi32full.dll
0x00007ff811300000 - 0x00007ff81139a000 	C:\WINDOWS\System32\msvcp_win.dll
0x00007ff812be0000 - 0x00007ff812c11000 	C:\WINDOWS\System32\IMM32.DLL
0x00007ff8090a0000 - 0x00007ff8090ac000 	c:\Users\devan\.vscode\extensions\redhat.java-1.29.0-win32-x64\jre\17.0.10-win32-x86_64\bin\vcruntime140_1.dll
0x00007fffc6390000 - 0x00007fffc641d000 	c:\Users\devan\.vscode\extensions\redhat.java-1.29.0-win32-x64\jre\17.0.10-win32-x86_64\bin\msvcp140.dll
0x00007fff86a10000 - 0x00007fff87672000 	c:\Users\devan\.vscode\extensions\redhat.java-1.29.0-win32-x64\jre\17.0.10-win32-x86_64\bin\server\jvm.dll
0x00007ff812e80000 - 0x00007ff812f33000 	C:\WINDOWS\System32\ADVAPI32.dll
0x00007ff813980000 - 0x00007ff813a28000 	C:\WINDOWS\System32\sechost.dll
0x00007ff811250000 - 0x00007ff811278000 	C:\WINDOWS\System32\bcrypt.dll
0x00007ff8137b0000 - 0x00007ff8138c7000 	C:\WINDOWS\System32\RPCRT4.dll
0x00007ff810ea0000 - 0x00007ff810eed000 	C:\WINDOWS\SYSTEM32\POWRPROF.dll
0x00007ff809ef0000 - 0x00007ff809f24000 	C:\WINDOWS\SYSTEM32\WINMM.dll
0x00007ff808d60000 - 0x00007ff808d6a000 	C:\WINDOWS\SYSTEM32\VERSION.dll
0x00007ffff8bd0000 - 0x00007ffff8bd9000 	C:\WINDOWS\SYSTEM32\WSOCK32.dll
0x00007ff812a00000 - 0x00007ff812a71000 	C:\WINDOWS\System32\WS2_32.dll
0x00007ff810e80000 - 0x00007ff810e93000 	C:\WINDOWS\SYSTEM32\UMPDC.dll
0x00007ff810260000 - 0x00007ff810278000 	C:\WINDOWS\SYSTEM32\kernel.appcore.dll
0x00007ff808e70000 - 0x00007ff808e7a000 	c:\Users\devan\.vscode\extensions\redhat.java-1.29.0-win32-x64\jre\17.0.10-win32-x86_64\bin\jimage.dll
0x00007ff808030000 - 0x00007ff808263000 	C:\WINDOWS\SYSTEM32\DBGHELP.DLL
0x00007ff8133c0000 - 0x00007ff813749000 	C:\WINDOWS\System32\combase.dll
0x00007ff811cc0000 - 0x00007ff811d97000 	C:\WINDOWS\System32\OLEAUT32.dll
0x00007ff8058e0000 - 0x00007ff805912000 	C:\WINDOWS\SYSTEM32\dbgcore.DLL
0x00007ff811280000 - 0x00007ff8112fa000 	C:\WINDOWS\System32\bcryptPrimitives.dll
0x00007ff808dc0000 - 0x00007ff808dce000 	c:\Users\devan\.vscode\extensions\redhat.java-1.29.0-win32-x64\jre\17.0.10-win32-x86_64\bin\instrument.dll
0x00007fffe94f0000 - 0x00007fffe9515000 	c:\Users\devan\.vscode\extensions\redhat.java-1.29.0-win32-x64\jre\17.0.10-win32-x86_64\bin\java.dll
0x00007fffeef20000 - 0x00007fffeef38000 	c:\Users\devan\.vscode\extensions\redhat.java-1.29.0-win32-x64\jre\17.0.10-win32-x86_64\bin\zip.dll
0x00007ff811e00000 - 0x00007ff81265a000 	C:\WINDOWS\System32\SHELL32.dll
0x00007ff80f150000 - 0x00007ff80fa46000 	C:\WINDOWS\SYSTEM32\windows.storage.dll
0x00007ff80f010000 - 0x00007ff80f14e000 	C:\WINDOWS\SYSTEM32\wintypes.dll
0x00007ff813dd0000 - 0x00007ff813ec3000 	C:\WINDOWS\System32\SHCORE.dll
0x00007ff811da0000 - 0x00007ff811dfe000 	C:\WINDOWS\System32\shlwapi.dll
0x00007ff811180000 - 0x00007ff8111a6000 	C:\WINDOWS\SYSTEM32\profapi.dll

dbghelp: loaded successfully - version: 4.0.5 - missing functions: none
symbol engine: initialized successfully - sym options: 0x614 - pdb path: .;c:\Users\devan\.vscode\extensions\redhat.java-1.29.0-win32-x64\jre\17.0.10-win32-x86_64\bin;C:\WINDOWS\SYSTEM32;C:\WINDOWS\WinSxS\amd64_microsoft.windows.common-controls_6595b64144ccf1df_6.0.22621.2506_none_270c5ae97388e100;c:\Users\devan\.vscode\extensions\redhat.java-1.29.0-win32-x64\jre\17.0.10-win32-x86_64\bin\server

VM Arguments:
jvm_args: --add-modules=ALL-SYSTEM --add-opens=java.base/java.util=ALL-UNNAMED --add-opens=java.base/java.lang=ALL-UNNAMED --add-opens=java.base/sun.nio.fs=ALL-UNNAMED -Declipse.application=org.eclipse.jdt.ls.core.id1 -Dosgi.bundles.defaultStartLevel=4 -Declipse.product=org.eclipse.jdt.ls.core.product -Djava.import.generatesMetadataFilesAtProjectRoot=false -DDetectVMInstallationsJob.disabled=true -Dfile.encoding=utf8 -XX:+UseParallelGC -XX:GCTimeRatio=4 -XX:AdaptiveSizePolicyWeight=90 -Dsun.zip.disableMemoryMapping=true -Xmx1G -Xms100m -Xlog:disable -javaagent:c:\Users\devan\.vscode\extensions\redhat.java-1.29.0-win32-x64\lombok\lombok-1.18.32.jar 
java_command: c:\Users\devan\.vscode\extensions\redhat.java-1.29.0-win32-x64\server\plugins\org.eclipse.equinox.launcher_1.6.800.v20240304-1850.jar -configuration c:\Users\devan\AppData\Roaming\Code\User\globalStorage\redhat.java\1.29.0\config_ss_win -data c:\Users\devan\AppData\Roaming\Code\User\workspaceStorage\5777b845f8ef420473e6a91478c2b9a2\redhat.java\ss_ws --stdio
java_class_path (initial): c:\Users\devan\.vscode\extensions\redhat.java-1.29.0-win32-x64\server\plugins\org.eclipse.equinox.launcher_1.6.800.v20240304-1850.jar
Launcher Type: SUN_STANDARD

[Global flags]
    uintx AdaptiveSizePolicyWeight                 = 90                                        {product} {command line}
     intx CICompilerCount                          = 12                                        {product} {ergonomic}
    uintx GCTimeRatio                              = 4                                         {product} {command line}
   size_t InitialHeapSize                          = 104857600                                 {product} {command line}
   size_t MaxHeapSize                              = 1073741824                                {product} {command line}
   size_t MaxNewSize                               = 357564416                                 {product} {ergonomic}
   size_t MinHeapDeltaBytes                        = 524288                                    {product} {ergonomic}
   size_t MinHeapSize                              = 104857600                                 {product} {command line}
   size_t NewSize                                  = 34603008                                  {product} {ergonomic}
    uintx NonNMethodCodeHeapSize                   = 7602480                                {pd product} {ergonomic}
    uintx NonProfiledCodeHeapSize                  = 122027880                              {pd product} {ergonomic}
   size_t OldSize                                  = 70254592                                  {product} {ergonomic}
    uintx ProfiledCodeHeapSize                     = 122027880                              {pd product} {ergonomic}
    uintx ReservedCodeCacheSize                    = 251658240                              {pd product} {ergonomic}
     bool SegmentedCodeCache                       = true                                      {product} {ergonomic}
   size_t SoftMaxHeapSize                          = 1073741824                             {manageable} {ergonomic}
     bool UseCompressedClassPointers               = true                           {product lp64_product} {ergonomic}
     bool UseCompressedOops                        = true                           {product lp64_product} {ergonomic}
     bool UseLargePagesIndividualAllocation        = false                                  {pd product} {ergonomic}
     bool UseParallelGC                            = true                                      {product} {command line}

Logging:
Log output configuration:
 #0: stdout all=off uptime,level,tags
 #1: stderr all=off uptime,level,tags

Environment Variables:
JAVA_HOME=C:\Program Files\Microsoft\jdk-17.0.10.7-hotspot\
PATH=C:\Users\devan\AppData\Roaming\.dotnet;C:\Program Files\Microsoft\jdk-17.0.10.7-hotspot\bin;C:\Program Files\NVIDIA GPU Computing Toolkit\CUDA\v8.0\bin;C:\Program Files\NVIDIA GPU Computing Toolkit\CUDA\v8.0\libnvvp;C:\Program Files (x86)\Qualcomm\QDART\\bin;C:\Program Files (x86)\Common Files\Oracle\Java\javapath;C:\Program Files\Common Files\Oracle\Java\javapath;C:\Windows\system32;C:\Windows;C:\Windows\System32\Wbem;C:\Windows\System32\WindowsPowerShell\v1.0\;C:\Windows\System32\OpenSSH\;C:\Program Files (x86)\NVIDIA Corporation\PhysX\Common;C:\Program Files\NVIDIA Corporation\NVIDIA NvDLISR;C:\WINDOWS\system32;C:\WINDOWS;C:\WINDOWS\System32\Wbem;C:\WINDOWS\System32\WindowsPowerShell\v1.0\;C:\WINDOWS\System32\OpenSSH\;C:\Users\devan\AppData\Local\Microsoft\WindowsApps;C:\Users\devan\AppData\Local\Programs\Microsoft VS Code\bin;C:\adb;C:\Program Files\dotnet\;C:\Program Files\Java\jdk-17.0.1\bin;C:\Program Files\PuTTY\;C:\Xilinx\Vivado\2021.1\bin;C:\mingw32\bin;C:\Program Files\NVIDIA Corporation\Nsight Compute 2023.3.1\;C:\WINDOWS\system32;C:\WINDOWS;C:\WINDOWS\System32\Wbem;C:\WINDOWS\System32\WindowsPowerShell\v1.0\;C:\WINDOWS\System32\OpenSSH\;C:\Program Files\nodejs\;C:\ProgramData\chocolatey\bin;C:\Program Files\Docker\Docker\resources\bin;C:\Program Files\Microsoft SQL Server\150\Tools\Binn\;C:\Program Files\Microsoft SQL Server\Client SDK\ODBC\170\Tools\Binn\;C:\Program Files (x86)\Microsoft SQL Server\160\DTS\Binn\;C:\Program Files (x86)\Microsoft SQL Server\160\Tools\Binn\;C:\Program Files\Microsoft SQL Server\160\Tools\Binn\;C:\Program Files\Microsoft SQL Server\160\DTS\Binn\;C:\Program Files\Git\cmd;C:\Users\devan\AppData\Roaming\.dotnet;C:\Users\devan\AppData\Local\Android\Sdk\platform-tools;C:\Users\devan\AppData\Local\Android\Sdk\tools;C:\Program Files\MySQL\MySQL Shell 8.0\bin\;C:\Users\devan\AppData\Local\Programs\Python\Python310\Scripts\;C:\Users\devan\AppData\Local\Programs\Python\Python310\;%USERPROFILE%\AppData\Local\Microsoft\WindowsApps;C
USERNAME=devang
OS=Windows_NT
PROCESSOR_IDENTIFIER=AMD64 Family 23 Model 96 Stepping 1, AuthenticAMD
TMP=C:\Users\devan\AppData\Local\Temp
TEMP=C:\Users\devan\AppData\Local\Temp



Periodic native trim disabled


---------------  S Y S T E M  ---------------

OS:
 Windows 11 , 64 bit Build 22621 (10.0.22621.2506)
OS uptime: 0 days 18:57 hours
Hyper-V role detected

CPU: total 16 (initial active 16) (16 cores per cpu, 2 threads per core) family 23 model 96 stepping 1 microcode 0x0, cx8, cmov, fxsr, ht, mmx, 3dnowpref, sse, sse2, sse3, ssse3, sse4a, sse4.1, sse4.2, popcnt, lzcnt, tsc, tscinvbit, avx, avx2, aes, clmul, bmi1, bmi2, adx, sha, fma, vzeroupper, clflush, clflushopt, hv
Processor Information for all 16 processors :
  Max Mhz: 2901, Current Mhz: 2901, Mhz Limit: 2901

Memory: 4k page, system-wide physical 15790M (4631M free)
TotalPageFile size 15790M (AvailPageFile size 32M)
current process WorkingSet (physical memory assigned to process): 27M, peak: 27M
current process commit charge ("private bytes"): 197M, peak: 197M

vm_info: OpenJDK 64-Bit Server VM (17.0.10+7) for windows-amd64 JRE (17.0.10+7), built on Jan 16 2024 23:25:11 by "admin" with MS VC++ 16.10 / 16.11 (VS2019)

END.
