#
# There is insufficient memory for the Java Runtime Environment to continue.
# Native memory allocation (mmap) failed to map 260046848 bytes for G1 virtual space
# Possible reasons:
#   The system is out of physical RAM or swap space
#   The process is running with CompressedOops enabled, and the Java Heap may be blocking the growth of the native heap
# Possible solutions:
#   Reduce memory load on the system
#   Increase physical memory or swap space
#   Check if swap backing store is full
#   Decrease Java heap size (-Xmx/-Xms)
#   Decrease number of Java threads
#   Decrease Java thread stack sizes (-Xss)
#   Set larger code cache with -XX:ReservedCodeCacheSize=
#   JVM is running with Zero Based Compressed Oops mode in which the Java heap is
#     placed in the first 32GB address space. The Java Heap base address is the
#     maximum limit for the native heap growth. Please use -XX:HeapBaseMinAddress
#     to set the Java Heap base and to place the Java Heap above 32GB virtual address.
# This output file may be truncated or incomplete.
#
#  Out of Memory Error (os_windows.cpp:3613), pid=21040, tid=21080
#
# JRE version:  (17.0.10+7) (build )
# Java VM: OpenJDK 64-Bit Server VM (17.0.10+7-LTS, mixed mode, sharing, tiered, compressed oops, compressed class ptrs, g1 gc, windows-amd64)
# No core dump will be written. Minidumps are not enabled by default on client versions of Windows
#

---------------  S U M M A R Y ------------

Command Line: org.jetbrains.kotlin.cli.jvm.K2JVMCompiler @C:\Users\devan\Videos\projects\solarman\solarApp\node_modules\@react-native\gradle-plugin\build\20240412_13816810923321089279.compiler.options

Host: AMD Ryzen 7 4800H with Radeon Graphics         , 16 cores, 15G,  Windows 11 , 64 bit Build 22621 (10.0.22621.2506)
Time: Fri Apr 12 19:44:07 2024 Russia TZ 10 Standard Time elapsed time: 0.010981 seconds (0d 0h 0m 0s)

---------------  T H R E A D  ---------------

Current thread (0x000001bd55f309e0):  JavaThread "Unknown thread" [_thread_in_vm, id=21080, stack(0x0000001431b00000,0x0000001431c00000)]

Stack: [0x0000001431b00000,0x0000001431c00000]
Native frames: (J=compiled Java code, j=interpreted, Vv=VM code, C=native code)
V  [jvm.dll+0x67f829]
V  [jvm.dll+0x83750a]
V  [jvm.dll+0x838fce]
V  [jvm.dll+0x839633]
V  [jvm.dll+0x247cbf]
V  [jvm.dll+0x67c669]
V  [jvm.dll+0x6710da]
V  [jvm.dll+0x309b8b]
V  [jvm.dll+0x311036]
V  [jvm.dll+0x360d5e]
V  [jvm.dll+0x360f8f]
V  [jvm.dll+0x2e0798]
V  [jvm.dll+0x2e1704]
V  [jvm.dll+0x808d91]
V  [jvm.dll+0x36ec11]
V  [jvm.dll+0x7e7826]
V  [jvm.dll+0x3f245f]
V  [jvm.dll+0x3f4091]
C  [jli.dll+0x528f]
C  [ucrtbase.dll+0x29363]
C  [KERNEL32.DLL+0x1257d]
C  [ntdll.dll+0x5aa58]


---------------  P R O C E S S  ---------------

Threads class SMR info:
_java_thread_list=0x00007ffd60731ed8, length=0, elements={
}

Java Threads: ( => current thread )

Other Threads:
  0x000001bd55f9bf30 GCTaskThread "GC Thread#0" [stack: 0x0000001431c00000,0x0000001431d00000] [id=3848]
  0x000001bd55fac540 ConcurrentGCThread "G1 Main Marker" [stack: 0x0000001431d00000,0x0000001431e00000] [id=19512]
  0x000001bd55facf60 ConcurrentGCThread "G1 Conc#0" [stack: 0x0000001431e00000,0x0000001431f00000] [id=13304]

[error occurred during error reporting (printing all threads), id 0xc0000005, EXCEPTION_ACCESS_VIOLATION (0xc0000005) at pc=0x00007ffd5fef11d7]

VM state: not at safepoint (not fully initialized)

VM Mutex/Monitor currently owned by a thread:  ([mutex/lock_event])
[0x000001bd55f2aee0] Heap_lock - owner thread: 0x000001bd55f309e0

Heap address: 0x0000000709400000, size: 3948 MB, Compressed Oops mode: Zero based, Oop shift amount: 3

CDS archive(s) mapped at: [0x0000000000000000-0x0000000000000000-0x0000000000000000), size 0, SharedBaseAddress: 0x0000000800000000, ArchiveRelocationMode: 1.
Narrow klass base: 0x0000000000000000, Narrow klass shift: 0, Narrow klass range: 0x0

GC Precious Log:
<Empty>

Heap:
 garbage-first heap   total 0K, used 0K [0x0000000709400000, 0x0000000800000000)
  region size 2048K, 0 young (0K), 0 survivors (0K)

[error occurred during error reporting (printing heap information), id 0xc0000005, EXCEPTION_ACCESS_VIOLATION (0xc0000005) at pc=0x00007ffd602d9869]

GC Heap History (0 events):
No events

Dll operation events (1 events):
Event: 0.007 Loaded shared library C:\Program Files\Microsoft\jdk-17.0.10.7-hotspot\bin\java.dll

Deoptimization events (0 events):
No events

Classes unloaded (0 events):
No events

Classes redefined (0 events):
No events

Internal exceptions (0 events):
No events

VM Operations (0 events):
No events

Events (0 events):
No events


Dynamic libraries:
0x00007ff6e58e0000 - 0x00007ff6e58ee000 	C:\Program Files\Microsoft\jdk-17.0.10.7-hotspot\bin\java.exe
0x00007ffdcac10000 - 0x00007ffdcae27000 	C:\WINDOWS\SYSTEM32\ntdll.dll
0x00007ffdc98d0000 - 0x00007ffdc9994000 	C:\WINDOWS\System32\KERNEL32.DLL
0x00007ffdc8510000 - 0x00007ffdc88b6000 	C:\WINDOWS\System32\KERNELBASE.dll
0x00007ffdc81e0000 - 0x00007ffdc82f1000 	C:\WINDOWS\System32\ucrtbase.dll
0x00007ffdbec40000 - 0x00007ffdbec57000 	C:\Program Files\Microsoft\jdk-17.0.10.7-hotspot\bin\jli.dll
0x00007ffdbb770000 - 0x00007ffdbb78b000 	C:\Program Files\Microsoft\jdk-17.0.10.7-hotspot\bin\VCRUNTIME140.dll
0x00007ffdc90a0000 - 0x00007ffdc924e000 	C:\WINDOWS\System32\USER32.dll
0x00007ffdc8040000 - 0x00007ffdc8066000 	C:\WINDOWS\System32\win32u.dll
0x00007ffdbe860000 - 0x00007ffdbeaf3000 	C:\WINDOWS\WinSxS\amd64_microsoft.windows.common-controls_6595b64144ccf1df_6.0.22621.2506_none_270c5ae97388e100\COMCTL32.dll
0x00007ffdc8960000 - 0x00007ffdc8989000 	C:\WINDOWS\System32\GDI32.dll
0x00007ffdc9c20000 - 0x00007ffdc9cc7000 	C:\WINDOWS\System32\msvcrt.dll
0x00007ffdc8300000 - 0x00007ffdc8418000 	C:\WINDOWS\System32\gdi32full.dll
0x00007ffdc88c0000 - 0x00007ffdc895a000 	C:\WINDOWS\System32\msvcp_win.dll
0x00007ffdc8f70000 - 0x00007ffdc8fa1000 	C:\WINDOWS\System32\IMM32.DLL
0x00007ffdc0c40000 - 0x00007ffdc0c4c000 	C:\Program Files\Microsoft\jdk-17.0.10.7-hotspot\bin\vcruntime140_1.dll
0x00007ffdad540000 - 0x00007ffdad5cd000 	C:\Program Files\Microsoft\jdk-17.0.10.7-hotspot\bin\msvcp140.dll
0x00007ffd5fc00000 - 0x00007ffd60865000 	C:\Program Files\Microsoft\jdk-17.0.10.7-hotspot\bin\server\jvm.dll
0x00007ffdc8eb0000 - 0x00007ffdc8f63000 	C:\WINDOWS\System32\ADVAPI32.dll
0x00007ffdc9dd0000 - 0x00007ffdc9e78000 	C:\WINDOWS\System32\sechost.dll
0x00007ffdc7f50000 - 0x00007ffdc7f78000 	C:\WINDOWS\System32\bcrypt.dll
0x00007ffdc9730000 - 0x00007ffdc9847000 	C:\WINDOWS\System32\RPCRT4.dll
0x00007ffdc7400000 - 0x00007ffdc744d000 	C:\WINDOWS\SYSTEM32\POWRPROF.dll
0x00007ffdac860000 - 0x00007ffdac869000 	C:\WINDOWS\SYSTEM32\WSOCK32.dll
0x00007ffdbf890000 - 0x00007ffdbf8c4000 	C:\WINDOWS\SYSTEM32\WINMM.dll
0x00007ffdc9850000 - 0x00007ffdc98c1000 	C:\WINDOWS\System32\WS2_32.dll
0x00007ffdc1420000 - 0x00007ffdc142a000 	C:\WINDOWS\SYSTEM32\VERSION.dll
0x00007ffdc73d0000 - 0x00007ffdc73e3000 	C:\WINDOWS\SYSTEM32\UMPDC.dll
0x00007ffdc6fd0000 - 0x00007ffdc6fe8000 	C:\WINDOWS\SYSTEM32\kernel.appcore.dll
0x00007ffdc0110000 - 0x00007ffdc011a000 	C:\Program Files\Microsoft\jdk-17.0.10.7-hotspot\bin\jimage.dll
0x00007ffdba8b0000 - 0x00007ffdbaae3000 	C:\WINDOWS\SYSTEM32\DBGHELP.DLL
0x00007ffdca6f0000 - 0x00007ffdcaa79000 	C:\WINDOWS\System32\combase.dll
0x00007ffdc8fc0000 - 0x00007ffdc9097000 	C:\WINDOWS\System32\OLEAUT32.dll
0x00007ffdbc9a0000 - 0x00007ffdbc9d2000 	C:\WINDOWS\SYSTEM32\dbgcore.DLL
0x00007ffdc8490000 - 0x00007ffdc850a000 	C:\WINDOWS\System32\bcryptPrimitives.dll
0x00007ffdb7360000 - 0x00007ffdb7385000 	C:\Program Files\Microsoft\jdk-17.0.10.7-hotspot\bin\java.dll

dbghelp: loaded successfully - version: 4.0.5 - missing functions: none
symbol engine: initialized successfully - sym options: 0x614 - pdb path: .;C:\Program Files\Microsoft\jdk-17.0.10.7-hotspot\bin;C:\WINDOWS\SYSTEM32;C:\WINDOWS\WinSxS\amd64_microsoft.windows.common-controls_6595b64144ccf1df_6.0.22621.2506_none_270c5ae97388e100;C:\Program Files\Microsoft\jdk-17.0.10.7-hotspot\bin\server

VM Arguments:
java_command: org.jetbrains.kotlin.cli.jvm.K2JVMCompiler @C:\Users\devan\Videos\projects\solarman\solarApp\node_modules\@react-native\gradle-plugin\build\20240412_13816810923321089279.compiler.options
java_class_path (initial): C:\Users\devan\.gradle\caches\modules-2\files-2.1\org.jetbrains.kotlin\kotlin-compiler-embeddable\1.8.0\eb9118d4bcceaa2a94b2ae2a33a4ddba7c9a947f\kotlin-compiler-embeddable-1.8.0.jar;C:\Users\devan\.gradle\caches\modules-2\files-2.1\org.jetbrains.kotlin\kotlin-stdlib\1.8.0\1796921c7a3e2e2665a83e6c8d33399336cd39bc\kotlin-stdlib-1.8.0.jar;C:\Users\devan\.gradle\caches\modules-2\files-2.1\org.jetbrains.kotlin\kotlin-script-runtime\1.8.0\b2f7e760d283cb339974851c222a4c1d48f2d3d\kotlin-script-runtime-1.8.0.jar;C:\Users\devan\.gradle\caches\modules-2\files-2.1\org.jetbrains.kotlin\kotlin-reflect\1.6.10\1cbe9c92c12a94eea200d23c2bbaedaf3daf5132\kotlin-reflect-1.6.10.jar;C:\Users\devan\.gradle\caches\modules-2\files-2.1\org.jetbrains.kotlin\kotlin-daemon-embeddable\1.8.0\d255216c551685dc3a7e852b53617f5f01aaaa5c\kotlin-daemon-embeddable-1.8.0.jar;C:\Users\devan\.gradle\caches\modules-2\files-2.1\org.jetbrains.intellij.deps\trove4j\1.0.20200330\3afb14d5f9ceb459d724e907a21145e8ff394f02\trove4j-1.0.20200330.jar;C:\Users\devan\.gradle\caches\modules-2\files-2.1\net.java.dev.jna\jna\5.6.0\330f2244e9030119ab3030fc3fededc86713d9cc\jna-5.6.0.jar;C:\Users\devan\.gradle\caches\modules-2\files-2.1\org.jetbrains.kotlin\kotlin-stdlib-common\1.8.0\f7197e7cc76453ac59f8b0f8d5137cc600becd36\kotlin-stdlib-common-1.8.0.jar;C:\Users\devan\.gradle\caches\modules-2\files-2.1\org.jetbrains\annotations\13.0\919f0dfe192fb4e063e7dacadee7f8bb9a2672a9\annotations-13.0.jar
Launcher Type: SUN_STANDARD

[Global flags]
     intx CICompilerCount                          = 12                                        {product} {ergonomic}
     uint ConcGCThreads                            = 3                                         {product} {ergonomic}
     uint G1ConcRefinementThreads                  = 13                                        {product} {ergonomic}
   size_t G1HeapRegionSize                         = 2097152                                   {product} {ergonomic}
    uintx GCDrainStackTargetSize                   = 64                                        {product} {ergonomic}
   size_t InitialHeapSize                          = 260046848                                 {product} {ergonomic}
   size_t MarkStackSize                            = 4194304                                   {product} {ergonomic}
   size_t MaxHeapSize                              = 4139778048                                {product} {ergonomic}
   size_t MinHeapDeltaBytes                        = 2097152                                   {product} {ergonomic}
   size_t MinHeapSize                              = 8388608                                   {product} {ergonomic}
    uintx NonNMethodCodeHeapSize                   = 7602480                                {pd product} {ergonomic}
    uintx NonProfiledCodeHeapSize                  = 122027880                              {pd product} {ergonomic}
    uintx ProfiledCodeHeapSize                     = 122027880                              {pd product} {ergonomic}
    uintx ReservedCodeCacheSize                    = 251658240                              {pd product} {ergonomic}
     bool SegmentedCodeCache                       = true                                      {product} {ergonomic}
   size_t SoftMaxHeapSize                          = 4139778048                             {manageable} {ergonomic}
     bool UseCompressedClassPointers               = true                           {product lp64_product} {ergonomic}
     bool UseCompressedOops                        = true                           {product lp64_product} {ergonomic}
     bool UseG1GC                                  = true                                      {product} {ergonomic}
     bool UseLargePagesIndividualAllocation        = false                                  {pd product} {ergonomic}

Logging:
Log output configuration:
 #0: stdout all=warning uptime,level,tags
 #1: stderr all=off uptime,level,tags

Environment Variables:
JAVA_HOME=C:\Program Files\Microsoft\jdk-17.0.10.7-hotspot\
PATH=C:\Users\devan\AppData\Roaming\.dotnet;C:\Program Files\Microsoft\jdk-17.0.10.7-hotspot\bin;C:\Program Files\NVIDIA GPU Computing Toolkit\CUDA\v8.0\bin;C:\Program Files\NVIDIA GPU Computing Toolkit\CUDA\v8.0\libnvvp;C:\Program Files (x86)\Qualcomm\QDART\\bin;C:\Program Files (x86)\Common Files\Oracle\Java\javapath;C:\Program Files\Common Files\Oracle\Java\javapath;C:\Windows\system32;C:\Windows;C:\Windows\System32\Wbem;C:\Windows\System32\WindowsPowerShell\v1.0\;C:\Windows\System32\OpenSSH\;C:\Program Files (x86)\NVIDIA Corporation\PhysX\Common;C:\Program Files\NVIDIA Corporation\NVIDIA NvDLISR;C:\WINDOWS\system32;C:\WINDOWS;C:\WINDOWS\System32\Wbem;C:\WINDOWS\System32\WindowsPowerShell\v1.0\;C:\WINDOWS\System32\OpenSSH\;C:\Users\devan\AppData\Local\Microsoft\WindowsApps;C:\Users\devan\AppData\Local\Programs\Microsoft VS Code\bin;C:\adb;C:\Program Files\dotnet\;C:\Program Files\Java\jdk-17.0.1\bin;C:\Program Files\PuTTY\;C:\Xilinx\Vivado\2021.1\bin;C:\mingw32\bin;C:\Program Files\NVIDIA Corporation\Nsight Compute 2023.3.1\;C:\WINDOWS\system32;C:\WINDOWS;C:\WINDOWS\System32\Wbem;C:\WINDOWS\System32\WindowsPowerShell\v1.0\;C:\WINDOWS\System32\OpenSSH\;C:\Program Files\nodejs\;C:\ProgramData\chocolatey\bin;C:\Program Files\Docker\Docker\resources\bin;C:\Program Files\Microsoft SQL Server\150\Tools\Binn\;C:\Program Files\Microsoft SQL Server\Client SDK\ODBC\170\Tools\Binn\;C:\Program Files (x86)\Microsoft SQL Server\160\DTS\Binn\;C:\Program Files (x86)\Microsoft SQL Server\160\Tools\Binn\;C:\Program Files\Microsoft SQL Server\160\Tools\Binn\;C:\Program Files\Microsoft SQL Server\160\DTS\Binn\;C:\Program Files\Git\cmd;C:\Users\devan\AppData\Roaming\.dotnet;C:\Users\devan\AppData\Local\Android\Sdk\platform-tools;C:\Users\devan\AppData\Local\Android\Sdk\tools;C:\Program Files\MySQL\MySQL Shell 8.0\bin\;C:\Users\devan\AppData\Local\Programs\Python\Python310\Scripts\;C:\Users\devan\AppData\Local\Programs\Python\Python310\;%USERPROFILE%\AppData\Local\Microsoft\WindowsApps;C
USERNAME=devang
OS=Windows_NT
PROCESSOR_IDENTIFIER=AMD64 Family 23 Model 96 Stepping 1, AuthenticAMD
TMP=C:\Users\devan\AppData\Local\Temp
TEMP=C:\Users\devan\AppData\Local\Temp



Periodic native trim disabled


---------------  S Y S T E M  ---------------

OS:
 Windows 11 , 64 bit Build 22621 (10.0.22621.2506)
OS uptime: 0 days 1:39 hours
Hyper-V role detected

CPU: total 16 (initial active 16) (16 cores per cpu, 2 threads per core) family 23 model 96 stepping 1 microcode 0x0, cx8, cmov, fxsr, ht, mmx, 3dnowpref, sse, sse2, sse3, ssse3, sse4a, sse4.1, sse4.2, popcnt, lzcnt, tsc, tscinvbit, avx, avx2, aes, clmul, bmi1, bmi2, adx, sha, fma, vzeroupper, clflush, clflushopt, hv
Processor Information for all 16 processors :
  Max Mhz: 2901, Current Mhz: 2901, Mhz Limit: 2901

Memory: 4k page, system-wide physical 15790M (5111M free)
TotalPageFile size 15790M (AvailPageFile size 33M)
current process WorkingSet (physical memory assigned to process): 11M, peak: 11M
current process commit charge ("private bytes"): 71M, peak: 319M

vm_info: OpenJDK 64-Bit Server VM (17.0.10+7-LTS) for windows-amd64 JRE (17.0.10+7-LTS), built on Jan 10 2024 19:47:12 by "MicrosoftCorporation" with MS VC++ 16.10 / 16.11 (VS2019)

END.
