#
# There is insufficient memory for the Java Runtime Environment to continue.
# Native memory allocation (mmap) failed to map 65536 bytes for Failed to commit metaspace.
# Possible reasons:
#   The system is out of physical RAM or swap space
#   The process is running with CompressedOops enabled, and the Java Heap may be blocking the growth of the native heap
# Possible solutions:
#   Reduce memory load on the system
#   Increase physical memory or swap space
#   Check if swap backing store is full
#   Decrease Java heap size (-Xmx/-Xms)
#   Decrease number of Java threads
#   Decrease Java thread stack sizes (-Xss)
#   Set larger code cache with -XX:ReservedCodeCacheSize=
#   JVM is running with Unscaled Compressed Oops mode in which the Java heap is
#     placed in the first 4GB address space. The Java Heap base address is the
#     maximum limit for the native heap growth. Please use -XX:HeapBaseMinAddress
#     to set the Java Heap base and to place the Java Heap above 4GB virtual address.
# This output file may be truncated or incomplete.
#
#  Out of Memory Error (virtualSpaceNode.cpp:110), pid=5364, tid=13032
#
# JRE version: OpenJDK Runtime Environment Microsoft-8902769 (17.0.10+7) (build 17.0.10+7-LTS)
# Java VM: OpenJDK 64-Bit Server VM Microsoft-8902769 (17.0.10+7-LTS, mixed mode, sharing, tiered, compressed oops, compressed class ptrs, g1 gc, windows-amd64)
# No core dump will be written. Minidumps are not enabled by default on client versions of Windows
#

---------------  S U M M A R Y ------------

Command Line: -Xmx64m -Xms64m -Dorg.gradle.appname=gradlew org.gradle.wrapper.GradleWrapperMain app:installDebug -PreactNativeDevServerPort=8081

Host: AMD Ryzen 7 4800H with Radeon Graphics         , 16 cores, 15G,  Windows 11 , 64 bit Build 22621 (10.0.22621.2506)
Time: Mon Apr  1 12:20:17 2024 Russia TZ 10 Standard Time elapsed time: 0.203999 seconds (0d 0h 0m 0s)

---------------  T H R E A D  ---------------

Current thread (0x000001ad451daca0):  JavaThread "C1 CompilerThread1" daemon [_thread_in_vm, id=13032, stack(0x0000006578700000,0x0000006578800000)]


Current CompileTask:
C1:    204  328   !   3       java.util.jar.JarFile::checkForSpecialAttributes (163 bytes)

Stack: [0x0000006578700000,0x0000006578800000]
Native frames: (J=compiled Java code, j=interpreted, Vv=VM code, C=native code)
V  [jvm.dll+0x67f829]
V  [jvm.dll+0x83750a]
V  [jvm.dll+0x838fce]
V  [jvm.dll+0x839633]
V  [jvm.dll+0x247cbf]
V  [jvm.dll+0x8331cb]
V  [jvm.dll+0x624286]
V  [jvm.dll+0x6242ea]
V  [jvm.dll+0x626b1a]
V  [jvm.dll+0x624c26]
V  [jvm.dll+0x635f5a]
V  [jvm.dll+0x62ed3a]
V  [jvm.dll+0x1cdc80]
V  [jvm.dll+0x1cde70]
V  [jvm.dll+0x1483b1]
V  [jvm.dll+0x1481f5]
V  [jvm.dll+0x13fa28]
V  [jvm.dll+0x141fe5]
V  [jvm.dll+0x1401cc]
V  [jvm.dll+0x148ccd]
V  [jvm.dll+0x1481f5]
V  [jvm.dll+0x13fa28]
V  [jvm.dll+0x141fe5]
V  [jvm.dll+0x1401cc]
V  [jvm.dll+0x148ccd]
V  [jvm.dll+0x1481f5]
V  [jvm.dll+0x13fa28]
V  [jvm.dll+0x141fe5]
V  [jvm.dll+0x1401cc]
V  [jvm.dll+0x148ccd]
V  [jvm.dll+0x1481f5]
V  [jvm.dll+0x13fa28]
V  [jvm.dll+0x141fe5]
V  [jvm.dll+0x1401cc]
V  [jvm.dll+0x148ccd]
V  [jvm.dll+0x1481f5]
V  [jvm.dll+0x13fa28]
V  [jvm.dll+0x141fe5]
V  [jvm.dll+0x1402c4]
V  [jvm.dll+0x13a20f]
V  [jvm.dll+0x149e56]
V  [jvm.dll+0x135990]
V  [jvm.dll+0x135cf0]
V  [jvm.dll+0x135fb6]
V  [jvm.dll+0x13544a]
V  [jvm.dll+0x137101]
V  [jvm.dll+0x22957e]
V  [jvm.dll+0x22774c]
V  [jvm.dll+0x7ec5d7]
V  [jvm.dll+0x7e69da]
V  [jvm.dll+0x67e715]
C  [ucrtbase.dll+0x29363]
C  [KERNEL32.DLL+0x1257d]
C  [ntdll.dll+0x5aa58]


---------------  P R O C E S S  ---------------

Threads class SMR info:
_java_thread_list=0x000001ad451cc580, length=13, elements={
0x000001ad61244c20, 0x000001ad7b723770, 0x000001ad7b724500, 0x000001ad7b736ea0,
0x000001ad7b738880, 0x000001ad7b73b260, 0x000001ad7b73db40, 0x000001ad7b740800,
0x000001ad7b74e710, 0x000001ad7b771a60, 0x000001ad451daca0, 0x000001ad451f4e50,
0x000001ad451f6c20
}

Java Threads: ( => current thread )
  0x000001ad61244c20 JavaThread "main" [_thread_in_vm, id=12596, stack(0x0000006577700000,0x0000006577800000)]
  0x000001ad7b723770 JavaThread "Reference Handler" daemon [_thread_blocked, id=15884, stack(0x0000006577e00000,0x0000006577f00000)]
  0x000001ad7b724500 JavaThread "Finalizer" daemon [_thread_blocked, id=2840, stack(0x0000006577f00000,0x0000006578000000)]
  0x000001ad7b736ea0 JavaThread "Signal Dispatcher" daemon [_thread_blocked, id=16444, stack(0x0000006578000000,0x0000006578100000)]
  0x000001ad7b738880 JavaThread "Attach Listener" daemon [_thread_blocked, id=24492, stack(0x0000006578100000,0x0000006578200000)]
  0x000001ad7b73b260 JavaThread "Service Thread" daemon [_thread_blocked, id=9768, stack(0x0000006578200000,0x0000006578300000)]
  0x000001ad7b73db40 JavaThread "Monitor Deflation Thread" daemon [_thread_blocked, id=20636, stack(0x0000006578300000,0x0000006578400000)]
  0x000001ad7b740800 JavaThread "C2 CompilerThread0" daemon [_thread_blocked, id=15812, stack(0x0000006578400000,0x0000006578500000)]
  0x000001ad7b74e710 JavaThread "C1 CompilerThread0" daemon [_thread_blocked, id=5956, stack(0x0000006578500000,0x0000006578600000)]
  0x000001ad7b771a60 JavaThread "Sweeper thread" daemon [_thread_blocked, id=18004, stack(0x0000006578600000,0x0000006578700000)]
=>0x000001ad451daca0 JavaThread "C1 CompilerThread1" daemon [_thread_in_vm, id=13032, stack(0x0000006578700000,0x0000006578800000)]
  0x000001ad451f4e50 JavaThread "Notification Thread" daemon [_thread_blocked, id=13780, stack(0x0000006578800000,0x0000006578900000)]
  0x000001ad451f6c20 JavaThread "Common-Cleaner" daemon [_thread_blocked, id=2748, stack(0x0000006578a00000,0x0000006578b00000)]

Other Threads:
  0x000001ad7b71ec40 VMThread "VM Thread" [stack: 0x0000006577d00000,0x0000006577e00000] [id=1680]
  0x000001ad451f5d50 WatcherThread [stack: 0x0000006578900000,0x0000006578a00000] [id=5904]
  0x000001ad612684c0 GCTaskThread "GC Thread#0" [stack: 0x0000006577800000,0x0000006577900000] [id=23804]
  0x000001ad61269b20 ConcurrentGCThread "G1 Main Marker" [stack: 0x0000006577900000,0x0000006577a00000] [id=21384]
  0x000001ad6126a450 ConcurrentGCThread "G1 Conc#0" [stack: 0x0000006577a00000,0x0000006577b00000] [id=20124]
  0x000001ad612edd50 ConcurrentGCThread "G1 Refine#0" [stack: 0x0000006577b00000,0x0000006577c00000] [id=1916]
  0x000001ad612ee690 ConcurrentGCThread "G1 Service" [stack: 0x0000006577c00000,0x0000006577d00000] [id=19720]

Threads with active compile tasks:
C1 CompilerThread1      236  328   !   3       java.util.jar.JarFile::checkForSpecialAttributes (163 bytes)

VM state: not at safepoint (normal execution)

VM Mutex/Monitor currently owned by a thread:  ([mutex/lock_event])
[0x000001ad61231dd0] Metaspace_lock - owner thread: 0x000001ad451daca0
[0x000001ad61240a20] MethodData_lock - owner thread: 0x000001ad451daca0

Heap address: 0x00000000fc000000, size: 64 MB, Compressed Oops mode: 32-bit

CDS archive(s) mapped at: [0x000001ad00000000-0x000001ad00bb0000-0x000001ad00bb0000), size 12255232, SharedBaseAddress: 0x000001ad00000000, ArchiveRelocationMode: 1.
Compressed class space mapped at: 0x000001ad01000000-0x000001ad41000000, reserved size: 1073741824
Narrow klass base: 0x000001ad00000000, Narrow klass shift: 0, Narrow klass range: 0x100000000

GC Precious Log:
 CPUs: 16 total, 16 available
 Memory: 15790M
 Large Page Support: Disabled
 NUMA Support: Disabled
 Compressed Oops: Enabled (32-bit)
 Heap Region Size: 1M
 Heap Min Capacity: 64M
 Heap Initial Capacity: 64M
 Heap Max Capacity: 64M
 Pre-touch: Disabled
 Parallel Workers: 13
 Concurrent Workers: 3
 Concurrent Refinement Workers: 13
 Periodic GC: Disabled

Heap:
 garbage-first heap   total 65536K, used 2048K [0x00000000fc000000, 0x0000000100000000)
  region size 1024K, 4 young (4096K), 0 survivors (0K)
 Metaspace       used 1528K, committed 1600K, reserved 1114112K
  class space    used 147K, committed 192K, reserved 1048576K

Heap Regions: E=young(eden), S=young(survivor), O=old, HS=humongous(starts), HC=humongous(continues), CS=collection set, F=free, OA=open archive, CA=closed archive, TAMS=top-at-mark-start (previous, next)
|   0|0x00000000fc000000, 0x00000000fc000000, 0x00000000fc100000|  0%| F|  |TAMS 0x00000000fc000000, 0x00000000fc000000| Untracked 
|   1|0x00000000fc100000, 0x00000000fc100000, 0x00000000fc200000|  0%| F|  |TAMS 0x00000000fc100000, 0x00000000fc100000| Untracked 
|   2|0x00000000fc200000, 0x00000000fc200000, 0x00000000fc300000|  0%| F|  |TAMS 0x00000000fc200000, 0x00000000fc200000| Untracked 
|   3|0x00000000fc300000, 0x00000000fc300000, 0x00000000fc400000|  0%| F|  |TAMS 0x00000000fc300000, 0x00000000fc300000| Untracked 
|   4|0x00000000fc400000, 0x00000000fc400000, 0x00000000fc500000|  0%| F|  |TAMS 0x00000000fc400000, 0x00000000fc400000| Untracked 
|   5|0x00000000fc500000, 0x00000000fc500000, 0x00000000fc600000|  0%| F|  |TAMS 0x00000000fc500000, 0x00000000fc500000| Untracked 
|   6|0x00000000fc600000, 0x00000000fc600000, 0x00000000fc700000|  0%| F|  |TAMS 0x00000000fc600000, 0x00000000fc600000| Untracked 
|   7|0x00000000fc700000, 0x00000000fc700000, 0x00000000fc800000|  0%| F|  |TAMS 0x00000000fc700000, 0x00000000fc700000| Untracked 
|   8|0x00000000fc800000, 0x00000000fc800000, 0x00000000fc900000|  0%| F|  |TAMS 0x00000000fc800000, 0x00000000fc800000| Untracked 
|   9|0x00000000fc900000, 0x00000000fc900000, 0x00000000fca00000|  0%| F|  |TAMS 0x00000000fc900000, 0x00000000fc900000| Untracked 
|  10|0x00000000fca00000, 0x00000000fca00000, 0x00000000fcb00000|  0%| F|  |TAMS 0x00000000fca00000, 0x00000000fca00000| Untracked 
|  11|0x00000000fcb00000, 0x00000000fcb00000, 0x00000000fcc00000|  0%| F|  |TAMS 0x00000000fcb00000, 0x00000000fcb00000| Untracked 
|  12|0x00000000fcc00000, 0x00000000fcc00000, 0x00000000fcd00000|  0%| F|  |TAMS 0x00000000fcc00000, 0x00000000fcc00000| Untracked 
|  13|0x00000000fcd00000, 0x00000000fcd00000, 0x00000000fce00000|  0%| F|  |TAMS 0x00000000fcd00000, 0x00000000fcd00000| Untracked 
|  14|0x00000000fce00000, 0x00000000fce00000, 0x00000000fcf00000|  0%| F|  |TAMS 0x00000000fce00000, 0x00000000fce00000| Untracked 
|  15|0x00000000fcf00000, 0x00000000fcf00000, 0x00000000fd000000|  0%| F|  |TAMS 0x00000000fcf00000, 0x00000000fcf00000| Untracked 
|  16|0x00000000fd000000, 0x00000000fd000000, 0x00000000fd100000|  0%| F|  |TAMS 0x00000000fd000000, 0x00000000fd000000| Untracked 
|  17|0x00000000fd100000, 0x00000000fd100000, 0x00000000fd200000|  0%| F|  |TAMS 0x00000000fd100000, 0x00000000fd100000| Untracked 
|  18|0x00000000fd200000, 0x00000000fd200000, 0x00000000fd300000|  0%| F|  |TAMS 0x00000000fd200000, 0x00000000fd200000| Untracked 
|  19|0x00000000fd300000, 0x00000000fd300000, 0x00000000fd400000|  0%| F|  |TAMS 0x00000000fd300000, 0x00000000fd300000| Untracked 
|  20|0x00000000fd400000, 0x00000000fd400000, 0x00000000fd500000|  0%| F|  |TAMS 0x00000000fd400000, 0x00000000fd400000| Untracked 
|  21|0x00000000fd500000, 0x00000000fd500000, 0x00000000fd600000|  0%| F|  |TAMS 0x00000000fd500000, 0x00000000fd500000| Untracked 
|  22|0x00000000fd600000, 0x00000000fd600000, 0x00000000fd700000|  0%| F|  |TAMS 0x00000000fd600000, 0x00000000fd600000| Untracked 
|  23|0x00000000fd700000, 0x00000000fd700000, 0x00000000fd800000|  0%| F|  |TAMS 0x00000000fd700000, 0x00000000fd700000| Untracked 
|  24|0x00000000fd800000, 0x00000000fd800000, 0x00000000fd900000|  0%| F|  |TAMS 0x00000000fd800000, 0x00000000fd800000| Untracked 
|  25|0x00000000fd900000, 0x00000000fd900000, 0x00000000fda00000|  0%| F|  |TAMS 0x00000000fd900000, 0x00000000fd900000| Untracked 
|  26|0x00000000fda00000, 0x00000000fda00000, 0x00000000fdb00000|  0%| F|  |TAMS 0x00000000fda00000, 0x00000000fda00000| Untracked 
|  27|0x00000000fdb00000, 0x00000000fdb00000, 0x00000000fdc00000|  0%| F|  |TAMS 0x00000000fdb00000, 0x00000000fdb00000| Untracked 
|  28|0x00000000fdc00000, 0x00000000fdc00000, 0x00000000fdd00000|  0%| F|  |TAMS 0x00000000fdc00000, 0x00000000fdc00000| Untracked 
|  29|0x00000000fdd00000, 0x00000000fdd00000, 0x00000000fde00000|  0%| F|  |TAMS 0x00000000fdd00000, 0x00000000fdd00000| Untracked 
|  30|0x00000000fde00000, 0x00000000fde00000, 0x00000000fdf00000|  0%| F|  |TAMS 0x00000000fde00000, 0x00000000fde00000| Untracked 
|  31|0x00000000fdf00000, 0x00000000fdf00000, 0x00000000fe000000|  0%| F|  |TAMS 0x00000000fdf00000, 0x00000000fdf00000| Untracked 
|  32|0x00000000fe000000, 0x00000000fe000000, 0x00000000fe100000|  0%| F|  |TAMS 0x00000000fe000000, 0x00000000fe000000| Untracked 
|  33|0x00000000fe100000, 0x00000000fe100000, 0x00000000fe200000|  0%| F|  |TAMS 0x00000000fe100000, 0x00000000fe100000| Untracked 
|  34|0x00000000fe200000, 0x00000000fe200000, 0x00000000fe300000|  0%| F|  |TAMS 0x00000000fe200000, 0x00000000fe200000| Untracked 
|  35|0x00000000fe300000, 0x00000000fe300000, 0x00000000fe400000|  0%| F|  |TAMS 0x00000000fe300000, 0x00000000fe300000| Untracked 
|  36|0x00000000fe400000, 0x00000000fe400000, 0x00000000fe500000|  0%| F|  |TAMS 0x00000000fe400000, 0x00000000fe400000| Untracked 
|  37|0x00000000fe500000, 0x00000000fe500000, 0x00000000fe600000|  0%| F|  |TAMS 0x00000000fe500000, 0x00000000fe500000| Untracked 
|  38|0x00000000fe600000, 0x00000000fe600000, 0x00000000fe700000|  0%| F|  |TAMS 0x00000000fe600000, 0x00000000fe600000| Untracked 
|  39|0x00000000fe700000, 0x00000000fe700000, 0x00000000fe800000|  0%| F|  |TAMS 0x00000000fe700000, 0x00000000fe700000| Untracked 
|  40|0x00000000fe800000, 0x00000000fe800000, 0x00000000fe900000|  0%| F|  |TAMS 0x00000000fe800000, 0x00000000fe800000| Untracked 
|  41|0x00000000fe900000, 0x00000000fe900000, 0x00000000fea00000|  0%| F|  |TAMS 0x00000000fe900000, 0x00000000fe900000| Untracked 
|  42|0x00000000fea00000, 0x00000000fea00000, 0x00000000feb00000|  0%| F|  |TAMS 0x00000000fea00000, 0x00000000fea00000| Untracked 
|  43|0x00000000feb00000, 0x00000000feb00000, 0x00000000fec00000|  0%| F|  |TAMS 0x00000000feb00000, 0x00000000feb00000| Untracked 
|  44|0x00000000fec00000, 0x00000000fec00000, 0x00000000fed00000|  0%| F|  |TAMS 0x00000000fec00000, 0x00000000fec00000| Untracked 
|  45|0x00000000fed00000, 0x00000000fed00000, 0x00000000fee00000|  0%| F|  |TAMS 0x00000000fed00000, 0x00000000fed00000| Untracked 
|  46|0x00000000fee00000, 0x00000000fee00000, 0x00000000fef00000|  0%| F|  |TAMS 0x00000000fee00000, 0x00000000fee00000| Untracked 
|  47|0x00000000fef00000, 0x00000000fef00000, 0x00000000ff000000|  0%| F|  |TAMS 0x00000000fef00000, 0x00000000fef00000| Untracked 
|  48|0x00000000ff000000, 0x00000000ff000000, 0x00000000ff100000|  0%| F|  |TAMS 0x00000000ff000000, 0x00000000ff000000| Untracked 
|  49|0x00000000ff100000, 0x00000000ff100000, 0x00000000ff200000|  0%| F|  |TAMS 0x00000000ff100000, 0x00000000ff100000| Untracked 
|  50|0x00000000ff200000, 0x00000000ff200000, 0x00000000ff300000|  0%| F|  |TAMS 0x00000000ff200000, 0x00000000ff200000| Untracked 
|  51|0x00000000ff300000, 0x00000000ff300000, 0x00000000ff400000|  0%| F|  |TAMS 0x00000000ff300000, 0x00000000ff300000| Untracked 
|  52|0x00000000ff400000, 0x00000000ff400000, 0x00000000ff500000|  0%| F|  |TAMS 0x00000000ff400000, 0x00000000ff400000| Untracked 
|  53|0x00000000ff500000, 0x00000000ff500000, 0x00000000ff600000|  0%| F|  |TAMS 0x00000000ff500000, 0x00000000ff500000| Untracked 
|  54|0x00000000ff600000, 0x00000000ff600000, 0x00000000ff700000|  0%| F|  |TAMS 0x00000000ff600000, 0x00000000ff600000| Untracked 
|  55|0x00000000ff700000, 0x00000000ff700000, 0x00000000ff800000|  0%| F|  |TAMS 0x00000000ff700000, 0x00000000ff700000| Untracked 
|  56|0x00000000ff800000, 0x00000000ff800000, 0x00000000ff900000|  0%| F|  |TAMS 0x00000000ff800000, 0x00000000ff800000| Untracked 
|  57|0x00000000ff900000, 0x00000000ff900000, 0x00000000ffa00000|  0%| F|  |TAMS 0x00000000ff900000, 0x00000000ff900000| Untracked 
|  58|0x00000000ffa00000, 0x00000000ffa00000, 0x00000000ffb00000|  0%| F|  |TAMS 0x00000000ffa00000, 0x00000000ffa00000| Untracked 
|  59|0x00000000ffb00000, 0x00000000ffb00000, 0x00000000ffc00000|  0%| F|  |TAMS 0x00000000ffb00000, 0x00000000ffb00000| Untracked 
|  60|0x00000000ffc00000, 0x00000000ffd00000, 0x00000000ffd00000|100%| E|  |TAMS 0x00000000ffc00000, 0x00000000ffc00000| Complete 
|  61|0x00000000ffd00000, 0x00000000ffe00000, 0x00000000ffe00000|100%| E|  |TAMS 0x00000000ffd00000, 0x00000000ffd00000| Complete 
|  62|0x00000000ffe00000, 0x00000000fff00000, 0x00000000fff00000|100%| E|CS|TAMS 0x00000000ffe00000, 0x00000000ffe00000| Complete 
|  63|0x00000000fff00000, 0x0000000100000000, 0x0000000100000000|100%| E|CS|TAMS 0x00000000fff00000, 0x00000000fff00000| Complete 

Card table byte_map: [0x000001ad5f1c0000,0x000001ad5f1e0000] _byte_map_base: 0x000001ad5e9e0000

Marking Bits (Prev, Next): (CMBitMap*) 0x000001ad612689f0, (CMBitMap*) 0x000001ad61268a30
 Prev Bits: [0x000001ad785f0000, 0x000001ad786f0000)
 Next Bits: [0x000001ad786f0000, 0x000001ad787f0000)

Polling page: 0x000001ad5f170000

Metaspace:

Usage:
  Non-class:      1.35 MB used.
      Class:    147.88 KB used.
       Both:      1.49 MB used.

Virtual space:
  Non-class space:       64.00 MB reserved,       1.38 MB (  2%) committed,  1 nodes.
      Class space:        1.00 GB reserved,     192.00 KB ( <1%) committed,  1 nodes.
             Both:        1.06 GB reserved,       1.56 MB ( <1%) committed. 

Chunk freelists:
   Non-Class:  11.77 MB
       Class:  15.69 MB
        Both:  27.46 MB

MaxMetaspaceSize: unlimited
CompressedClassSpaceSize: 1.00 GB
Initial GC threshold: 21.00 MB
Current GC threshold: 21.00 MB
CDS: on
MetaspaceReclaimPolicy: balanced
 - commit_granule_bytes: 65536.
 - commit_granule_words: 8192.
 - virtual_space_node_default_size: 8388608.
 - enlarge_chunks_in_place: 1.
 - new_chunks_are_fully_committed: 0.
 - uncommit_free_chunks: 1.
 - use_allocation_guard: 0.
 - handle_deallocations: 1.


Internal statistics:

num_allocs_failed_limit: 0.
num_arena_births: 10.
num_arena_deaths: 0.
num_vsnodes_births: 2.
num_vsnodes_deaths: 0.
num_space_committed: 25.
num_space_uncommitted: 0.
num_chunks_returned_to_freelist: 0.
num_chunks_taken_from_freelist: 35.
num_chunk_merges: 0.
num_chunk_splits: 18.
num_chunks_enlarged: 12.
num_inconsistent_stats: 0.

CodeHeap 'non-profiled nmethods': size=119168Kb used=75Kb max_used=75Kb free=119092Kb
 bounds [0x000001ad708f0000, 0x000001ad70b60000, 0x000001ad77d50000]
CodeHeap 'profiled nmethods': size=119104Kb used=516Kb max_used=516Kb free=118587Kb
 bounds [0x000001ad68d50000, 0x000001ad68fc0000, 0x000001ad701a0000]
CodeHeap 'non-nmethods': size=7488Kb used=1682Kb max_used=1697Kb free=5805Kb
 bounds [0x000001ad701a0000, 0x000001ad70410000, 0x000001ad708f0000]
 total_blobs=728 nmethods=327 adapters=313
 compilation: enabled
              stopped_count=0, restarted_count=0
 full_count=0

Compilation events (20 events):
Event: 0.200 Thread 0x000001ad451daca0  318       3       java.nio.Buffer::scope (17 bytes)
Event: 0.200 Thread 0x000001ad7b74e710  319       3       java.nio.Buffer::checkIndex (22 bytes)
Event: 0.200 Thread 0x000001ad451daca0 nmethod 318 0x000001ad68dce010 code [0x000001ad68dce1c0, 0x000001ad68dce368]
Event: 0.200 Thread 0x000001ad7b74e710 nmethod 319 0x000001ad68dce410 code [0x000001ad68dce5c0, 0x000001ad68dce828]
Event: 0.200 Thread 0x000001ad451daca0  320       3       java.nio.DirectLongBufferU::ix (10 bytes)
Event: 0.200 Thread 0x000001ad451daca0 nmethod 320 0x000001ad68dce910 code [0x000001ad68dceaa0, 0x000001ad68dcebb8]
Event: 0.201 Thread 0x000001ad451daca0  321       3       java.util.WeakHashMap::maskNull (12 bytes)
Event: 0.201 Thread 0x000001ad7b74e710  322       3       java.util.WeakHashMap::hash (28 bytes)
Event: 0.201 Thread 0x000001ad451daca0 nmethod 321 0x000001ad68dcec90 code [0x000001ad68dcee20, 0x000001ad68dcef58]
Event: 0.201 Thread 0x000001ad451daca0  323       3       java.util.WeakHashMap::getTable (9 bytes)
Event: 0.201 Thread 0x000001ad7b74e710 nmethod 322 0x000001ad68dcf010 code [0x000001ad68dcf1c0, 0x000001ad68dcf3a8]
Event: 0.201 Thread 0x000001ad7b740800  326       4       java.lang.StringLatin1::equals (36 bytes)
Event: 0.201 Thread 0x000001ad7b74e710  324   !   3       java.util.WeakHashMap::expungeStaleEntries (139 bytes)
Event: 0.201 Thread 0x000001ad451daca0 nmethod 323 0x000001ad68dcf490 code [0x000001ad68dcf620, 0x000001ad68dcf768]
Event: 0.201 Thread 0x000001ad451daca0  325       3       java.util.WeakHashMap::indexFor (6 bytes)
Event: 0.201 Thread 0x000001ad451daca0 nmethod 325 0x000001ad68dcf810 code [0x000001ad68dcf9a0, 0x000001ad68dcfa98]
Event: 0.201 Thread 0x000001ad451daca0  327       3       java.lang.String::replace (42 bytes)
Event: 0.201 Thread 0x000001ad7b74e710 nmethod 324 0x000001ad68dcfb10 code [0x000001ad68dcfd20, 0x000001ad68dd0728]
Event: 0.202 Thread 0x000001ad451daca0 nmethod 327 0x000001ad68dd0c10 code [0x000001ad68dd0de0, 0x000001ad68dd1118]
Event: 0.202 Thread 0x000001ad451daca0  328   !   3       java.util.jar.JarFile::checkForSpecialAttributes (163 bytes)

GC Heap History (0 events):
No events

Dll operation events (5 events):
Event: 0.007 Loaded shared library C:\Program Files\Microsoft\jdk-17.0.10.7-hotspot\bin\java.dll
Event: 0.027 Loaded shared library C:\Program Files\Microsoft\jdk-17.0.10.7-hotspot\bin\jsvml.dll
Event: 0.066 Loaded shared library C:\Program Files\Microsoft\jdk-17.0.10.7-hotspot\bin\net.dll
Event: 0.068 Loaded shared library C:\Program Files\Microsoft\jdk-17.0.10.7-hotspot\bin\nio.dll
Event: 0.071 Loaded shared library C:\Program Files\Microsoft\jdk-17.0.10.7-hotspot\bin\zip.dll

Deoptimization events (8 events):
Event: 0.162 Thread 0x000001ad61244c20 DEOPT PACKING pc=0x000001ad68d69667 sp=0x00000065777fa1b0
Event: 0.162 Thread 0x000001ad61244c20 DEOPT UNPACKING pc=0x000001ad701f7143 sp=0x00000065777f95d0 mode 0
Event: 0.169 Thread 0x000001ad61244c20 DEOPT PACKING pc=0x000001ad68d68b51 sp=0x00000065777f8560
Event: 0.169 Thread 0x000001ad61244c20 DEOPT UNPACKING pc=0x000001ad701f7143 sp=0x00000065777f79d8 mode 0
Event: 0.172 Thread 0x000001ad61244c20 DEOPT PACKING pc=0x000001ad68db450c sp=0x00000065777fa640
Event: 0.172 Thread 0x000001ad61244c20 DEOPT UNPACKING pc=0x000001ad701f7143 sp=0x00000065777f9ad0 mode 0
Event: 0.172 Thread 0x000001ad61244c20 DEOPT PACKING pc=0x000001ad68db450c sp=0x00000065777fa640
Event: 0.172 Thread 0x000001ad61244c20 DEOPT UNPACKING pc=0x000001ad701f7143 sp=0x00000065777f9ad0 mode 0

Classes unloaded (0 events):
No events

Classes redefined (0 events):
No events

Internal exceptions (1 events):
Event: 0.176 Thread 0x000001ad61244c20 Exception <a 'java/lang/NoSuchMethodError'{0x00000000ffc74738}: 'int java.lang.invoke.DirectMethodHandle$Holder.invokeStaticInit(java.lang.Object, java.lang.Object)'> (0x00000000ffc74738) 
thrown [s\src\hotspot\share\interpreter\linkResolver.cpp, line 759]

VM Operations (2 events):
Event: 0.072 Executing VM operation: HandshakeAllThreads
Event: 0.072 Executing VM operation: HandshakeAllThreads done

Events (20 events):
Event: 0.159 loading class sun/net/www/URLConnection done
Event: 0.159 loading class sun/net/www/protocol/file/FileURLConnection done
Event: 0.159 loading class sun/net/www/MessageHeader
Event: 0.159 loading class sun/net/www/MessageHeader done
Event: 0.159 loading class java/io/FilePermission$1
Event: 0.159 loading class jdk/internal/access/JavaIOFilePermissionAccess
Event: 0.159 loading class jdk/internal/access/JavaIOFilePermissionAccess done
Event: 0.159 loading class java/io/FilePermission$1 done
Event: 0.160 loading class java/io/FilePermissionCollection
Event: 0.160 loading class java/io/FilePermissionCollection done
Event: 0.160 loading class java/util/Vector
Event: 0.160 loading class java/util/Vector done
Event: 0.160 loading class java/io/FilePermissionCollection$1
Event: 0.160 loading class java/io/FilePermissionCollection$1 done
Event: 0.161 loading class sun/security/util/ManifestEntryVerifier
Event: 0.161 loading class sun/security/util/ManifestEntryVerifier done
Event: 0.179 loading class java/net/MalformedURLException
Event: 0.179 loading class java/net/MalformedURLException done
Event: 0.181 loading class java/io/FileFilter
Event: 0.181 loading class java/io/FileFilter done


Dynamic libraries:
0x00007ff6bfa90000 - 0x00007ff6bfa9e000 	C:\Program Files\Microsoft\jdk-17.0.10.7-hotspot\bin\java.exe
0x00007ffc7c590000 - 0x00007ffc7c7a7000 	C:\WINDOWS\SYSTEM32\ntdll.dll
0x00007ffc7b3d0000 - 0x00007ffc7b494000 	C:\WINDOWS\System32\KERNEL32.DLL
0x00007ffc79a50000 - 0x00007ffc79df6000 	C:\WINDOWS\System32\KERNELBASE.dll
0x00007ffc7a1c0000 - 0x00007ffc7a2d1000 	C:\WINDOWS\System32\ucrtbase.dll
0x00007ffc46630000 - 0x00007ffc4664b000 	C:\Program Files\Microsoft\jdk-17.0.10.7-hotspot\bin\VCRUNTIME140.dll
0x00007ffc3ee90000 - 0x00007ffc3eea7000 	C:\Program Files\Microsoft\jdk-17.0.10.7-hotspot\bin\jli.dll
0x00007ffc7c140000 - 0x00007ffc7c2ee000 	C:\WINDOWS\System32\USER32.dll
0x00007ffc798d0000 - 0x00007ffc798f6000 	C:\WINDOWS\System32\win32u.dll
0x00007ffc71a20000 - 0x00007ffc71cb3000 	C:\WINDOWS\WinSxS\amd64_microsoft.windows.common-controls_6595b64144ccf1df_6.0.22621.2506_none_270c5ae97388e100\COMCTL32.dll
0x00007ffc7b3a0000 - 0x00007ffc7b3c9000 	C:\WINDOWS\System32\GDI32.dll
0x00007ffc7b9c0000 - 0x00007ffc7ba67000 	C:\WINDOWS\System32\msvcrt.dll
0x00007ffc79f70000 - 0x00007ffc7a088000 	C:\WINDOWS\System32\gdi32full.dll
0x00007ffc799b0000 - 0x00007ffc79a4a000 	C:\WINDOWS\System32\msvcp_win.dll
0x00007ffc7a2e0000 - 0x00007ffc7a311000 	C:\WINDOWS\System32\IMM32.DLL
0x00007ffc711a0000 - 0x00007ffc711ac000 	C:\Program Files\Microsoft\jdk-17.0.10.7-hotspot\bin\vcruntime140_1.dll
0x00007ffc2b140000 - 0x00007ffc2b1cd000 	C:\Program Files\Microsoft\jdk-17.0.10.7-hotspot\bin\msvcp140.dll
0x00007ffbfb380000 - 0x00007ffbfbfe5000 	C:\Program Files\Microsoft\jdk-17.0.10.7-hotspot\bin\server\jvm.dll
0x00007ffc7b2e0000 - 0x00007ffc7b393000 	C:\WINDOWS\System32\ADVAPI32.dll
0x00007ffc7ae30000 - 0x00007ffc7aed8000 	C:\WINDOWS\System32\sechost.dll
0x00007ffc79900000 - 0x00007ffc79928000 	C:\WINDOWS\System32\bcrypt.dll
0x00007ffc7b4a0000 - 0x00007ffc7b5b7000 	C:\WINDOWS\System32\RPCRT4.dll
0x00007ffc72080000 - 0x00007ffc720b4000 	C:\WINDOWS\SYSTEM32\WINMM.dll
0x00007ffc4c840000 - 0x00007ffc4c849000 	C:\WINDOWS\SYSTEM32\WSOCK32.dll
0x00007ffc6fd20000 - 0x00007ffc6fd2a000 	C:\WINDOWS\SYSTEM32\VERSION.dll
0x00007ffc79540000 - 0x00007ffc7958d000 	C:\WINDOWS\SYSTEM32\POWRPROF.dll
0x00007ffc7b7e0000 - 0x00007ffc7b851000 	C:\WINDOWS\System32\WS2_32.dll
0x00007ffc79500000 - 0x00007ffc79513000 	C:\WINDOWS\SYSTEM32\UMPDC.dll
0x00007ffc788e0000 - 0x00007ffc788f8000 	C:\WINDOWS\SYSTEM32\kernel.appcore.dll
0x00007ffc59830000 - 0x00007ffc5983a000 	C:\Program Files\Microsoft\jdk-17.0.10.7-hotspot\bin\jimage.dll
0x00007ffc6eed0000 - 0x00007ffc6f103000 	C:\WINDOWS\SYSTEM32\DBGHELP.DLL
0x00007ffc7aee0000 - 0x00007ffc7b269000 	C:\WINDOWS\System32\combase.dll
0x00007ffc7b860000 - 0x00007ffc7b937000 	C:\WINDOWS\System32\OLEAUT32.dll
0x00007ffc6d5f0000 - 0x00007ffc6d622000 	C:\WINDOWS\SYSTEM32\dbgcore.DLL
0x00007ffc79930000 - 0x00007ffc799aa000 	C:\WINDOWS\System32\bcryptPrimitives.dll
0x00007ffc3a680000 - 0x00007ffc3a6a5000 	C:\Program Files\Microsoft\jdk-17.0.10.7-hotspot\bin\java.dll
0x00007ffc26000000 - 0x00007ffc260d7000 	C:\Program Files\Microsoft\jdk-17.0.10.7-hotspot\bin\jsvml.dll
0x00007ffc7a570000 - 0x00007ffc7adca000 	C:\WINDOWS\System32\SHELL32.dll
0x00007ffc777d0000 - 0x00007ffc780c6000 	C:\WINDOWS\SYSTEM32\windows.storage.dll
0x00007ffc77690000 - 0x00007ffc777ce000 	C:\WINDOWS\SYSTEM32\wintypes.dll
0x00007ffc7ba70000 - 0x00007ffc7bb63000 	C:\WINDOWS\System32\SHCORE.dll
0x00007ffc7add0000 - 0x00007ffc7ae2e000 	C:\WINDOWS\System32\shlwapi.dll
0x00007ffc79800000 - 0x00007ffc79826000 	C:\WINDOWS\SYSTEM32\profapi.dll
0x00007ffc39810000 - 0x00007ffc39829000 	C:\Program Files\Microsoft\jdk-17.0.10.7-hotspot\bin\net.dll
0x00007ffc738a0000 - 0x00007ffc739d7000 	C:\WINDOWS\SYSTEM32\WINHTTP.dll
0x00007ffc78d80000 - 0x00007ffc78de9000 	C:\WINDOWS\system32\mswsock.dll
0x00007ffc390f0000 - 0x00007ffc39106000 	C:\Program Files\Microsoft\jdk-17.0.10.7-hotspot\bin\nio.dll
0x00007ffc3b630000 - 0x00007ffc3b648000 	C:\Program Files\Microsoft\jdk-17.0.10.7-hotspot\bin\zip.dll

dbghelp: loaded successfully - version: 4.0.5 - missing functions: none
symbol engine: initialized successfully - sym options: 0x614 - pdb path: .;C:\Program Files\Microsoft\jdk-17.0.10.7-hotspot\bin;C:\WINDOWS\SYSTEM32;C:\WINDOWS\WinSxS\amd64_microsoft.windows.common-controls_6595b64144ccf1df_6.0.22621.2506_none_270c5ae97388e100;C:\Program Files\Microsoft\jdk-17.0.10.7-hotspot\bin\server

VM Arguments:
jvm_args: -Xmx64m -Xms64m -Dorg.gradle.appname=gradlew 
java_command: org.gradle.wrapper.GradleWrapperMain app:installDebug -PreactNativeDevServerPort=8081
java_class_path (initial): C:\Users\devan\Videos\projects\solarman\solarApp\android\\gradle\wrapper\gradle-wrapper.jar
Launcher Type: SUN_STANDARD

[Global flags]
     intx CICompilerCount                          = 12                                        {product} {ergonomic}
     uint ConcGCThreads                            = 3                                         {product} {ergonomic}
     uint G1ConcRefinementThreads                  = 13                                        {product} {ergonomic}
   size_t G1HeapRegionSize                         = 1048576                                   {product} {ergonomic}
    uintx GCDrainStackTargetSize                   = 64                                        {product} {ergonomic}
   size_t InitialHeapSize                          = 67108864                                  {product} {command line}
   size_t MarkStackSize                            = 4194304                                   {product} {ergonomic}
   size_t MaxHeapSize                              = 67108864                                  {product} {command line}
   size_t MaxNewSize                               = 39845888                                  {product} {ergonomic}
   size_t MinHeapDeltaBytes                        = 1048576                                   {product} {ergonomic}
   size_t MinHeapSize                              = 67108864                                  {product} {command line}
    uintx NonNMethodCodeHeapSize                   = 7602480                                {pd product} {ergonomic}
    uintx NonProfiledCodeHeapSize                  = 122027880                              {pd product} {ergonomic}
    uintx ProfiledCodeHeapSize                     = 122027880                              {pd product} {ergonomic}
    uintx ReservedCodeCacheSize                    = 251658240                              {pd product} {ergonomic}
     bool SegmentedCodeCache                       = true                                      {product} {ergonomic}
   size_t SoftMaxHeapSize                          = 67108864                               {manageable} {ergonomic}
     bool UseCompressedClassPointers               = true                           {product lp64_product} {ergonomic}
     bool UseCompressedOops                        = true                           {product lp64_product} {ergonomic}
     bool UseG1GC                                  = true                                      {product} {ergonomic}
     bool UseLargePagesIndividualAllocation        = false                                  {pd product} {ergonomic}

Logging:
Log output configuration:
 #0: stdout all=warning uptime,level,tags
 #1: stderr all=off uptime,level,tags

Environment Variables:
JAVA_HOME=C:\Program Files\Microsoft\jdk-17.0.10.7-hotspot\
CLASSPATH=C:\Users\devan\Videos\projects\solarman\solarApp\android\\gradle\wrapper\gradle-wrapper.jar
PATH=C:\Users\devan\Videos\projects\solarman\solarApp\node_modules\.bin;C:\Users\devan\Videos\projects\solarman\solarApp\node_modules\.bin;C:\Users\devan\Videos\projects\solarman\node_modules\.bin;C:\Users\devan\Videos\projects\node_modules\.bin;C:\Users\devan\Videos\node_modules\.bin;C:\Users\devan\node_modules\.bin;C:\Users\node_modules\.bin;C:\node_modules\.bin;C:\Users\devan\AppData\Roaming\npm\node_modules\npm\node_modules\@npmcli\run-script\lib\node-gyp-bin;C:\Users\devan\Videos\projects\solarman\solarApp\node_modules\.bin;C:\Users\devan\Videos\projects\solarman\node_modules\.bin;C:\Users\devan\Videos\projects\node_modules\.bin;C:\Users\devan\Videos\node_modules\.bin;C:\Users\devan\node_modules\.bin;C:\Users\node_modules\.bin;C:\node_modules\.bin;C:\Users\devan\AppData\Roaming\npm\node_modules\npm\node_modules\@npmcli\run-script\lib\node-gyp-bin;C:\Users\devan\AppData\Roaming\.dotnet;C:\Program Files\Microsoft\jdk-17.0.10.7-hotspot\bin;C:\Program Files\NVIDIA GPU Computing Toolkit\CUDA\v8.0\bin;C:\Program Files\NVIDIA GPU Computing Toolkit\CUDA\v8.0\libnvvp;C:\Program Files (x86)\Qualcomm\QDART\\bin;C:\Program Files (x86)\Common Files\Oracle\Java\javapath;C:\Program Files\Common Files\Oracle\Java\javapath;C:\Windows\system32;C:\Windows;C:\Windows\System32\Wbem;C:\Windows\System32\WindowsPowerShell\v1.0\;C:\Windows\System32\OpenSSH\;C:\Program Files (x86)\NVIDIA Corporation\PhysX\Common;C:\Program Files\NVIDIA Corporation\NVIDIA NvDLISR;C:\WINDOWS\system32;C:\WINDOWS;C:\WINDOWS\System32\Wbem;C:\WINDOWS\System32\WindowsPowerShell\v1.0\;C:\WINDOWS\System32\OpenSSH\;C:\Users\devan\AppData\Local\Microsoft\WindowsApps;C:\Users\devan\AppData\Local\Programs\Microsoft VS Code\bin;C:\adb;C:\Program Files\dotnet\;C:\Program Files\Java\jdk-17.0.1\bin;C:\Program Files\PuTTY\;C:\Xilinx\Vivado\2021.1\bin;C:\mingw32\bin;C:\Program Files\NVIDIA Corporation\Nsight Compute 2023.3.1\;C:\WINDOWS\system32;C:\WINDOWS;C:\WINDOWS\System32\Wbem;C:\WINDOWS\System32\WindowsPowerShell\v1.0\;
USERNAME=devang
OS=Windows_NT
PROCESSOR_IDENTIFIER=AMD64 Family 23 Model 96 Stepping 1, AuthenticAMD
TMP=C:\Users\devan\AppData\Local\Temp
TEMP=C:\Users\devan\AppData\Local\Temp



Periodic native trim disabled


---------------  S Y S T E M  ---------------

OS:
 Windows 11 , 64 bit Build 22621 (10.0.22621.2506)
OS uptime: 0 days 3:44 hours
Hyper-V role detected

CPU: total 16 (initial active 16) (16 cores per cpu, 2 threads per core) family 23 model 96 stepping 1 microcode 0x0, cx8, cmov, fxsr, ht, mmx, 3dnowpref, sse, sse2, sse3, ssse3, sse4a, sse4.1, sse4.2, popcnt, lzcnt, tsc, tscinvbit, avx, avx2, aes, clmul, bmi1, bmi2, adx, sha, fma, vzeroupper, clflush, clflushopt, hv
Processor Information for all 16 processors :
  Max Mhz: 2901, Current Mhz: 2901, Mhz Limit: 2901

Memory: 4k page, system-wide physical 15790M (5394M free)
TotalPageFile size 15790M (AvailPageFile size 0M)
current process WorkingSet (physical memory assigned to process): 41M, peak: 41M
current process commit charge ("private bytes"): 155M, peak: 155M

vm_info: OpenJDK 64-Bit Server VM (17.0.10+7-LTS) for windows-amd64 JRE (17.0.10+7-LTS), built on Jan 10 2024 19:47:12 by "MicrosoftCorporation" with MS VC++ 16.10 / 16.11 (VS2019)

END.
