#
# There is insufficient memory for the Java Runtime Environment to continue.
# Native memory allocation (malloc) failed to allocate 274928 bytes for Chunk::new
# Possible reasons:
#   The system is out of physical RAM or swap space
#   The process is running with CompressedOops enabled, and the Java Heap may be blocking the growth of the native heap
# Possible solutions:
#   Reduce memory load on the system
#   Increase physical memory or swap space
#   Check if swap backing store is full
#   Decrease Java heap size (-Xmx/-Xms)
#   Decrease number of Java threads
#   Decrease Java thread stack sizes (-Xss)
#   Set larger code cache with -XX:ReservedCodeCacheSize=
#   JVM is running with Unscaled Compressed Oops mode in which the Java heap is
#     placed in the first 4GB address space. The Java Heap base address is the
#     maximum limit for the native heap growth. Please use -XX:HeapBaseMinAddress
#     to set the Java Heap base and to place the Java Heap above 4GB virtual address.
# This output file may be truncated or incomplete.
#
#  Out of Memory Error (arena.cpp:191), pid=18000, tid=4680
#
# JRE version: OpenJDK Runtime Environment Temurin-17.0.10+7 (17.0.10+7) (build 17.0.10+7)
# Java VM: OpenJDK 64-Bit Server VM Temurin-17.0.10+7 (17.0.10+7, mixed mode, tiered, compressed oops, compressed class ptrs, parallel gc, windows-amd64)
# No core dump will be written. Minidumps are not enabled by default on client versions of Windows
#

---------------  S U M M A R Y ------------

Command Line: --add-modules=ALL-SYSTEM --add-opens=java.base/java.util=ALL-UNNAMED --add-opens=java.base/java.lang=ALL-UNNAMED --add-opens=java.base/sun.nio.fs=ALL-UNNAMED -Declipse.application=org.eclipse.jdt.ls.core.id1 -Dosgi.bundles.defaultStartLevel=4 -Declipse.product=org.eclipse.jdt.ls.core.product -Djava.import.generatesMetadataFilesAtProjectRoot=false -DDetectVMInstallationsJob.disabled=true -Dfile.encoding=utf8 -XX:+UseParallelGC -XX:GCTimeRatio=4 -XX:AdaptiveSizePolicyWeight=90 -Dsun.zip.disableMemoryMapping=true -Xmx1G -Xms100m -Xlog:disable -javaagent:c:\Users\devan\.vscode\extensions\redhat.java-1.29.0-win32-x64\lombok\lombok-1.18.32.jar -XX:+HeapDumpOnOutOfMemoryError -XX:HeapDumpPath=c:\Users\devan\AppData\Roaming\Code\User\workspaceStorage\5777b845f8ef420473e6a91478c2b9a2\redhat.java -Daether.dependencyCollector.impl=bf c:\Users\devan\.vscode\extensions\redhat.java-1.29.0-win32-x64\server\plugins\org.eclipse.equinox.launcher_1.6.800.v20240304-1850.jar -configuration c:\Users\devan\AppData\Roaming\Code\User\globalStorage\redhat.java\1.29.0\config_win -data c:\Users\devan\AppData\Roaming\Code\User\workspaceStorage\5777b845f8ef420473e6a91478c2b9a2\redhat.java\jdt_ws --stdio

Host: AMD Ryzen 7 4800H with Radeon Graphics         , 16 cores, 15G,  Windows 11 , 64 bit Build 22621 (10.0.22621.2506)
Time: Thu Apr 11 21:20:35 2024 Russia TZ 10 Standard Time elapsed time: 1.977174 seconds (0d 0h 0m 1s)

---------------  T H R E A D  ---------------

Current thread (0x0000025cbdbae8a0):  JavaThread "C2 CompilerThread0" daemon [_thread_in_native, id=4680, stack(0x0000008b51200000,0x0000008b51300000)]


Current CompileTask:
C2:   1977 1589       4       java.io.WinNTFileSystem::normalize (143 bytes)

Stack: [0x0000008b51200000,0x0000008b51300000]
Native frames: (J=compiled Java code, j=interpreted, Vv=VM code, C=native code)
V  [jvm.dll+0x67d2c9]
V  [jvm.dll+0x834afa]
V  [jvm.dll+0x8365be]
V  [jvm.dll+0x836c23]
V  [jvm.dll+0x2477ff]
V  [jvm.dll+0xac514]
V  [jvm.dll+0xacb5c]
V  [jvm.dll+0x3667d7]
V  [jvm.dll+0x1bcc06]
V  [jvm.dll+0x21a049]
V  [jvm.dll+0x219311]
V  [jvm.dll+0x1a502d]
V  [jvm.dll+0x2290de]
V  [jvm.dll+0x2272ac]
V  [jvm.dll+0x7e9bb7]
V  [jvm.dll+0x7e3fba]
V  [jvm.dll+0x67c1b5]
C  [ucrtbase.dll+0x29363]
C  [KERNEL32.DLL+0x1257d]
C  [ntdll.dll+0x5aa58]


---------------  P R O C E S S  ---------------

Threads class SMR info:
_java_thread_list=0x0000025cc06d0d30, length=19, elements={
0x0000025ca4b226e0, 0x0000025cb89ae380, 0x0000025ca4bce9d0, 0x0000025cbdba8260,
0x0000025cbdba8ff0, 0x0000025cbdba9e70, 0x0000025cbdbabba0, 0x0000025cbdbae8a0,
0x0000025cbdbafa40, 0x0000025cbdc18e80, 0x0000025cbdc20ee0, 0x0000025cbdcea0c0,
0x0000025cbde9df50, 0x0000025cbde9e470, 0x0000025cbfc596c0, 0x0000025cbff29000,
0x0000025cc0122310, 0x0000025cc05b6420, 0x0000025cc067b770
}

Java Threads: ( => current thread )
  0x0000025ca4b226e0 JavaThread "main" [_thread_in_Java, id=13716, stack(0x0000008b50900000,0x0000008b50a00000)]
  0x0000025cb89ae380 JavaThread "Reference Handler" daemon [_thread_blocked, id=10784, stack(0x0000008b50c00000,0x0000008b50d00000)]
  0x0000025ca4bce9d0 JavaThread "Finalizer" daemon [_thread_blocked, id=204, stack(0x0000008b50d00000,0x0000008b50e00000)]
  0x0000025cbdba8260 JavaThread "Signal Dispatcher" daemon [_thread_blocked, id=3420, stack(0x0000008b50e00000,0x0000008b50f00000)]
  0x0000025cbdba8ff0 JavaThread "Attach Listener" daemon [_thread_blocked, id=18904, stack(0x0000008b50f00000,0x0000008b51000000)]
  0x0000025cbdba9e70 JavaThread "Service Thread" daemon [_thread_blocked, id=17004, stack(0x0000008b51000000,0x0000008b51100000)]
  0x0000025cbdbabba0 JavaThread "Monitor Deflation Thread" daemon [_thread_blocked, id=21188, stack(0x0000008b51100000,0x0000008b51200000)]
=>0x0000025cbdbae8a0 JavaThread "C2 CompilerThread0" daemon [_thread_in_native, id=4680, stack(0x0000008b51200000,0x0000008b51300000)]
  0x0000025cbdbafa40 JavaThread "C1 CompilerThread0" daemon [_thread_blocked, id=14052, stack(0x0000008b51300000,0x0000008b51400000)]
  0x0000025cbdc18e80 JavaThread "Sweeper thread" daemon [_thread_blocked, id=14164, stack(0x0000008b51400000,0x0000008b51500000)]
  0x0000025cbdc20ee0 JavaThread "Common-Cleaner" daemon [_thread_blocked, id=2568, stack(0x0000008b51500000,0x0000008b51600000)]
  0x0000025cbdcea0c0 JavaThread "C1 CompilerThread1" daemon [_thread_blocked, id=3524, stack(0x0000008b51600000,0x0000008b51700000)]
  0x0000025cbde9df50 JavaThread "C1 CompilerThread2" daemon [_thread_blocked, id=10032, stack(0x0000008b51900000,0x0000008b51a00000)]
  0x0000025cbde9e470 JavaThread "C1 CompilerThread3" daemon [_thread_blocked, id=7312, stack(0x0000008b51a00000,0x0000008b51b00000)]
  0x0000025cbfc596c0 JavaThread "Notification Thread" daemon [_thread_blocked, id=8396, stack(0x0000008b51800000,0x0000008b51900000)]
  0x0000025cbff29000 JavaThread "C2 CompilerThread1" daemon [_thread_in_native, id=20696, stack(0x0000008b51700000,0x0000008b51800000)]
  0x0000025cc0122310 JavaThread "C2 CompilerThread2" daemon [_thread_in_native, id=12248, stack(0x0000008b51c00000,0x0000008b51d00000)]
  0x0000025cc05b6420 JavaThread "Active Thread: Equinox Container: 370698b5-3802-469a-8c32-a739e42bf1bd" [_thread_blocked, id=11628, stack(0x0000008b52200000,0x0000008b52300000)]
  0x0000025cc067b770 JavaThread "Framework Event Dispatcher: Equinox Container: 370698b5-3802-469a-8c32-a739e42bf1bd" daemon [_thread_blocked, id=3532, stack(0x0000008b52300000,0x0000008b52400000)]

Other Threads:
  0x0000025cb8998fd0 VMThread "VM Thread" [stack: 0x0000008b50b00000,0x0000008b50c00000] [id=15716]
  0x0000025cbfc11ca0 WatcherThread [stack: 0x0000008b51b00000,0x0000008b51c00000] [id=20436]
  0x0000025ca4b392d0 GCTaskThread "GC Thread#0" [stack: 0x0000008b50a00000,0x0000008b50b00000] [id=14256]
  0x0000025cc060c860 GCTaskThread "GC Thread#1" [stack: 0x0000008b51d00000,0x0000008b51e00000] [id=15348]
  0x0000025cc02214d0 GCTaskThread "GC Thread#2" [stack: 0x0000008b51e00000,0x0000008b51f00000] [id=16448]
  0x0000025cc0221790 GCTaskThread "GC Thread#3" [stack: 0x0000008b51f00000,0x0000008b52000000] [id=15500]
  0x0000025cc01ba850 GCTaskThread "GC Thread#4" [stack: 0x0000008b52000000,0x0000008b52100000] [id=18208]
  0x0000025cc01bab10 GCTaskThread "GC Thread#5" [stack: 0x0000008b52100000,0x0000008b52200000] [id=13116]

Threads with active compile tasks:
C2 CompilerThread0     1990 1589       4       java.io.WinNTFileSystem::normalize (143 bytes)
C2 CompilerThread1     1990 1635       4       java.lang.StringLatin1::regionMatchesCI (98 bytes)
C2 CompilerThread2     1990 1615       4       java.io.WinNTFileSystem::normalize (224 bytes)

VM state: not at safepoint (normal execution)

VM Mutex/Monitor currently owned by a thread: None

Heap address: 0x00000000c0000000, size: 1024 MB, Compressed Oops mode: 32-bit

CDS archive(s) not mapped
Compressed class space mapped at: 0x0000000100000000-0x0000000140000000, reserved size: 1073741824
Narrow klass base: 0x0000000000000000, Narrow klass shift: 3, Narrow klass range: 0x140000000

GC Precious Log:
 CPUs: 16 total, 16 available
 Memory: 15790M
 Large Page Support: Disabled
 NUMA Support: Disabled
 Compressed Oops: Enabled (32-bit)
 Alignments: Space 512K, Generation 512K, Heap 2M
 Heap Min Capacity: 100M
 Heap Initial Capacity: 100M
 Heap Max Capacity: 1G
 Pre-touch: Disabled
 Parallel Workers: 13

Heap:
 PSYoungGen      total 29696K, used 27165K [0x00000000eab00000, 0x00000000ecc00000, 0x0000000100000000)
  eden space 25600K, 93% used [0x00000000eab00000,0x00000000ec27e328,0x00000000ec400000)
  from space 4096K, 75% used [0x00000000ec400000,0x00000000ec709288,0x00000000ec800000)
  to   space 4096K, 0% used [0x00000000ec800000,0x00000000ec800000,0x00000000ecc00000)
 ParOldGen       total 68608K, used 8K [0x00000000c0000000, 0x00000000c4300000, 0x00000000eab00000)
  object space 68608K, 0% used [0x00000000c0000000,0x00000000c0002000,0x00000000c4300000)
 Metaspace       used 13946K, committed 14144K, reserved 1114112K
  class space    used 1378K, committed 1472K, reserved 1048576K

Card table byte_map: [0x0000025ca44b0000,0x0000025ca46c0000] _byte_map_base: 0x0000025ca3eb0000

Marking Bits: (ParMarkBitMap*) 0x00007fff875ad7d0
 Begin Bits: [0x0000025cb67b0000, 0x0000025cb77b0000)
 End Bits:   [0x0000025cb77b0000, 0x0000025cb87b0000)

Polling page: 0x0000025ca2a30000

Metaspace:

Usage:
  Non-class:     12.27 MB used.
      Class:      1.35 MB used.
       Both:     13.62 MB used.

Virtual space:
  Non-class space:       64.00 MB reserved,      12.38 MB ( 19%) committed,  1 nodes.
      Class space:        1.00 GB reserved,       1.44 MB ( <1%) committed,  1 nodes.
             Both:        1.06 GB reserved,      13.81 MB (  1%) committed. 

Chunk freelists:
   Non-Class:  3.27 MB
       Class:  14.48 MB
        Both:  17.74 MB

MaxMetaspaceSize: unlimited
CompressedClassSpaceSize: 1.00 GB
Initial GC threshold: 21.00 MB
Current GC threshold: 21.00 MB
CDS: off
MetaspaceReclaimPolicy: balanced
 - commit_granule_bytes: 65536.
 - commit_granule_words: 8192.
 - virtual_space_node_default_size: 8388608.
 - enlarge_chunks_in_place: 1.
 - new_chunks_are_fully_committed: 0.
 - uncommit_free_chunks: 1.
 - use_allocation_guard: 0.
 - handle_deallocations: 1.


Internal statistics:

num_allocs_failed_limit: 0.
num_arena_births: 54.
num_arena_deaths: 0.
num_vsnodes_births: 2.
num_vsnodes_deaths: 0.
num_space_committed: 221.
num_space_uncommitted: 0.
num_chunks_returned_to_freelist: 0.
num_chunks_taken_from_freelist: 223.
num_chunk_merges: 0.
num_chunk_splits: 151.
num_chunks_enlarged: 122.
num_inconsistent_stats: 0.

CodeHeap 'non-profiled nmethods': size=119168Kb used=688Kb max_used=688Kb free=118479Kb
 bounds [0x0000025caf350000, 0x0000025caf5c0000, 0x0000025cb67b0000]
CodeHeap 'profiled nmethods': size=119104Kb used=3087Kb max_used=3087Kb free=116016Kb
 bounds [0x0000025ca77b0000, 0x0000025ca7ac0000, 0x0000025caec00000]
CodeHeap 'non-nmethods': size=7488Kb used=2848Kb max_used=2867Kb free=4640Kb
 bounds [0x0000025caec00000, 0x0000025caeed0000, 0x0000025caf350000]
 total_blobs=2091 nmethods=1637 adapters=365
 compilation: enabled
              stopped_count=0, restarted_count=0
 full_count=0

Compilation events (20 events):
Event: 1.957 Thread 0x0000025cbdbafa40 1618       3       java.net.URL::<init> (11 bytes)
Event: 1.958 Thread 0x0000025cbdbafa40 nmethod 1618 0x0000025ca7a97990 code [0x0000025ca7a97b40, 0x0000025ca7a97c88]
Event: 1.964 Thread 0x0000025cbdbafa40 1619       1       sun.nio.fs.NativeBuffer::size (5 bytes)
Event: 1.964 Thread 0x0000025cbdbafa40 nmethod 1619 0x0000025caf3fa110 code [0x0000025caf3fa2a0, 0x0000025caf3fa378]
Event: 1.965 Thread 0x0000025cbdbafa40 1620       3       sun.nio.fs.WindowsPathParser::normalize (233 bytes)
Event: 1.966 Thread 0x0000025cbde9e470 1621       3       sun.net.util.IPAddressUtil::checkExternalForm (70 bytes)
Event: 1.967 Thread 0x0000025cbde9e470 nmethod 1621 0x0000025ca7a97d10 code [0x0000025ca7a97fe0, 0x0000025ca7a98c58]
Event: 1.968 Thread 0x0000025cbde9e470 1622       1       sun.nio.fs.NativeBuffer::setOwner (6 bytes)
Event: 1.969 Thread 0x0000025cbdcea0c0 1623       3       org.eclipse.core.runtime.adaptor.EclipseStarter::createURL (6 bytes)
Event: 1.969 Thread 0x0000025cbde9e470 nmethod 1622 0x0000025caf3fa410 code [0x0000025caf3fa5a0, 0x0000025caf3fa678]
Event: 1.969 Thread 0x0000025cbde9e470 1624       3       org.eclipse.osgi.storage.url.reference.Handler::parseURL (47 bytes)
Event: 1.969 Thread 0x0000025cbdcea0c0 nmethod 1623 0x0000025ca7a99110 code [0x0000025ca7a992a0, 0x0000025ca7a993c8]
Event: 1.969 Thread 0x0000025cbde9e470 nmethod 1624 0x0000025ca7a99490 code [0x0000025ca7a99660, 0x0000025ca7a99998]
Event: 1.970 Thread 0x0000025cbdcea0c0 1625       3       org.eclipse.osgi.framework.util.FilePath::hasTrailingSlash (13 bytes)
Event: 1.970 Thread 0x0000025cbdcea0c0 nmethod 1625 0x0000025ca7a9de10 code [0x0000025ca7a9dfa0, 0x0000025ca7a9e118]
Event: 1.970 Thread 0x0000025cbdbafa40 nmethod 1620 0x0000025ca7a99b10 code [0x0000025ca7a9a0e0, 0x0000025ca7a9cce8]
Event: 1.971 Thread 0x0000025cbff29000 1626       4       java.lang.System::getSecurityManager (12 bytes)
Event: 1.972 Thread 0x0000025cbff29000 nmethod 1626 0x0000025caf3fa710 code [0x0000025caf3fa880, 0x0000025caf3fa8f8]
Event: 1.974 Thread 0x0000025cbde9e470 1627       1       org.eclipse.osgi.internal.framework.EquinoxBundle$EquinoxModule::getBundle (5 bytes)
Event: 1.974 Thread 0x0000025cbde9e470 nmethod 1627 0x0000025caf3faa10 code [0x0000025caf3faba0, 0x0000025caf3fac78]

GC Heap History (2 events):
Event: 1.149 GC heap before
{Heap before GC invocations=1 (full 0):
 PSYoungGen      total 29696K, used 25600K [0x00000000eab00000, 0x00000000ecc00000, 0x0000000100000000)
  eden space 25600K, 100% used [0x00000000eab00000,0x00000000ec400000,0x00000000ec400000)
  from space 4096K, 0% used [0x00000000ec800000,0x00000000ec800000,0x00000000ecc00000)
  to   space 4096K, 0% used [0x00000000ec400000,0x00000000ec400000,0x00000000ec800000)
 ParOldGen       total 68608K, used 0K [0x00000000c0000000, 0x00000000c4300000, 0x00000000eab00000)
  object space 68608K, 0% used [0x00000000c0000000,0x00000000c0000000,0x00000000c4300000)
 Metaspace       used 10632K, committed 10816K, reserved 1114112K
  class space    used 1060K, committed 1152K, reserved 1048576K
}
Event: 1.164 GC heap after
{Heap after GC invocations=1 (full 0):
 PSYoungGen      total 29696K, used 3108K [0x00000000eab00000, 0x00000000ecc00000, 0x0000000100000000)
  eden space 25600K, 0% used [0x00000000eab00000,0x00000000eab00000,0x00000000ec400000)
  from space 4096K, 75% used [0x00000000ec400000,0x00000000ec709288,0x00000000ec800000)
  to   space 4096K, 0% used [0x00000000ec800000,0x00000000ec800000,0x00000000ecc00000)
 ParOldGen       total 68608K, used 8K [0x00000000c0000000, 0x00000000c4300000, 0x00000000eab00000)
  object space 68608K, 0% used [0x00000000c0000000,0x00000000c0002000,0x00000000c4300000)
 Metaspace       used 10632K, committed 10816K, reserved 1114112K
  class space    used 1060K, committed 1152K, reserved 1048576K
}

Dll operation events (8 events):
Event: 0.018 Loaded shared library c:\Users\devan\.vscode\extensions\redhat.java-1.29.0-win32-x64\jre\17.0.10-win32-x86_64\bin\java.dll
Event: 0.248 Loaded shared library c:\Users\devan\.vscode\extensions\redhat.java-1.29.0-win32-x64\jre\17.0.10-win32-x86_64\bin\zip.dll
Event: 0.251 Loaded shared library C:\Users\devan\.vscode\extensions\redhat.java-1.29.0-win32-x64\jre\17.0.10-win32-x86_64\bin\instrument.dll
Event: 0.265 Loaded shared library C:\Users\devan\.vscode\extensions\redhat.java-1.29.0-win32-x64\jre\17.0.10-win32-x86_64\bin\net.dll
Event: 0.267 Loaded shared library C:\Users\devan\.vscode\extensions\redhat.java-1.29.0-win32-x64\jre\17.0.10-win32-x86_64\bin\nio.dll
Event: 0.277 Loaded shared library C:\Users\devan\.vscode\extensions\redhat.java-1.29.0-win32-x64\jre\17.0.10-win32-x86_64\bin\zip.dll
Event: 0.296 Loaded shared library C:\Users\devan\.vscode\extensions\redhat.java-1.29.0-win32-x64\jre\17.0.10-win32-x86_64\bin\jimage.dll
Event: 0.370 Loaded shared library c:\Users\devan\.vscode\extensions\redhat.java-1.29.0-win32-x64\jre\17.0.10-win32-x86_64\bin\verify.dll

Deoptimization events (20 events):
Event: 1.535 Thread 0x0000025ca4b226e0 Uncommon trap: trap_request=0xffffffc6 fr.pc=0x0000025caf37a81c relative=0x000000000000027c
Event: 1.535 Thread 0x0000025ca4b226e0 Uncommon trap: reason=bimorphic_or_optimized_type_check action=maybe_recompile pc=0x0000025caf37a81c method=java.util.Collections$UnmodifiableCollection$1.next()Ljava/lang/Object; @ 4 c2
Event: 1.535 Thread 0x0000025ca4b226e0 DEOPT PACKING pc=0x0000025caf37a81c sp=0x0000008b509f82a0
Event: 1.535 Thread 0x0000025ca4b226e0 DEOPT UNPACKING pc=0x0000025caec566a3 sp=0x0000008b509f8250 mode 2
Event: 1.535 Thread 0x0000025ca4b226e0 Uncommon trap: trap_request=0xffffffc6 fr.pc=0x0000025caf37a81c relative=0x000000000000027c
Event: 1.535 Thread 0x0000025ca4b226e0 Uncommon trap: reason=bimorphic_or_optimized_type_check action=maybe_recompile pc=0x0000025caf37a81c method=java.util.Collections$UnmodifiableCollection$1.next()Ljava/lang/Object; @ 4 c2
Event: 1.535 Thread 0x0000025ca4b226e0 DEOPT PACKING pc=0x0000025caf37a81c sp=0x0000008b509f82a0
Event: 1.535 Thread 0x0000025ca4b226e0 DEOPT UNPACKING pc=0x0000025caec566a3 sp=0x0000008b509f8250 mode 2
Event: 1.818 Thread 0x0000025ca4b226e0 Uncommon trap: trap_request=0xffffffde fr.pc=0x0000025caf3b3b50 relative=0x0000000000000910
Event: 1.818 Thread 0x0000025ca4b226e0 Uncommon trap: reason=class_check action=maybe_recompile pc=0x0000025caf3b3b50 method=java.util.HashMap.putVal(ILjava/lang/Object;Ljava/lang/Object;ZZ)Ljava/lang/Object; @ 253 c2
Event: 1.818 Thread 0x0000025ca4b226e0 DEOPT PACKING pc=0x0000025caf3b3b50 sp=0x0000008b509fe0d0
Event: 1.818 Thread 0x0000025ca4b226e0 DEOPT UNPACKING pc=0x0000025caec566a3 sp=0x0000008b509fe050 mode 2
Event: 1.819 Thread 0x0000025ca4b226e0 Uncommon trap: trap_request=0xffffffde fr.pc=0x0000025caf3b3b50 relative=0x0000000000000910
Event: 1.819 Thread 0x0000025ca4b226e0 Uncommon trap: reason=class_check action=maybe_recompile pc=0x0000025caf3b3b50 method=java.util.HashMap.putVal(ILjava/lang/Object;Ljava/lang/Object;ZZ)Ljava/lang/Object; @ 253 c2
Event: 1.819 Thread 0x0000025ca4b226e0 DEOPT PACKING pc=0x0000025caf3b3b50 sp=0x0000008b509fe0d0
Event: 1.819 Thread 0x0000025ca4b226e0 DEOPT UNPACKING pc=0x0000025caec566a3 sp=0x0000008b509fe050 mode 2
Event: 1.950 Thread 0x0000025ca4b226e0 DEOPT PACKING pc=0x0000025ca78ad0c3 sp=0x0000008b509fe6e0
Event: 1.950 Thread 0x0000025ca4b226e0 DEOPT UNPACKING pc=0x0000025caec56e43 sp=0x0000008b509fdc00 mode 0
Event: 1.966 Thread 0x0000025ca4b226e0 DEOPT PACKING pc=0x0000025ca78ad0c3 sp=0x0000008b509fe6f0
Event: 1.966 Thread 0x0000025ca4b226e0 DEOPT UNPACKING pc=0x0000025caec56e43 sp=0x0000008b509fdc10 mode 0

Classes unloaded (0 events):
No events

Classes redefined (0 events):
No events

Internal exceptions (20 events):
Event: 0.788 Thread 0x0000025ca4b226e0 Exception <a 'java/io/FileNotFoundException'{0x00000000eba02638}> (0x00000000eba02638) 
thrown [s\src\hotspot\share\prims\jni.cpp, line 516]
Event: 0.794 Thread 0x0000025ca4b226e0 Implicit null exception at 0x0000025caf3738f2 to 0x0000025caf373e10
Event: 0.795 Thread 0x0000025ca4b226e0 Implicit null exception at 0x0000025caf3747f2 to 0x0000025caf374d20
Event: 0.798 Thread 0x0000025ca4b226e0 Exception <a 'java/io/FileNotFoundException'{0x00000000eba3cf08}> (0x00000000eba3cf08) 
thrown [s\src\hotspot\share\prims\jni.cpp, line 516]
Event: 1.043 Thread 0x0000025ca4b226e0 Exception <a 'java/lang/ClassNotFoundException'{0x00000000ec243220}: sun/net/www/protocol/c/Handler> (0x00000000ec243220) 
thrown [s\src\hotspot\share\classfile\systemDictionary.cpp, line 256]
Event: 1.044 Thread 0x0000025ca4b226e0 Exception <a 'java/lang/ClassNotFoundException'{0x00000000ec244590}: sun/net/www/protocol/c/Handler> (0x00000000ec244590) 
thrown [s\src\hotspot\share\classfile\systemDictionary.cpp, line 256]
Event: 1.044 Thread 0x0000025ca4b226e0 Exception <a 'java/lang/ClassNotFoundException'{0x00000000ec245758}: sun/net/www/protocol/c/Handler> (0x00000000ec245758) 
thrown [s\src\hotspot\share\classfile\systemDictionary.cpp, line 256]
Event: 1.054 Thread 0x0000025ca4b226e0 Exception <a 'java/io/FileNotFoundException'{0x00000000ec26e3e0}> (0x00000000ec26e3e0) 
thrown [s\src\hotspot\share\prims\jni.cpp, line 516]
Event: 1.123 Thread 0x0000025ca4b226e0 Implicit null exception at 0x0000025caf3ab37b to 0x0000025caf3abd04
Event: 1.124 Thread 0x0000025ca4b226e0 Implicit null exception at 0x0000025caf3a2c6c to 0x0000025caf3a2e48
Event: 1.124 Thread 0x0000025ca4b226e0 Implicit null exception at 0x0000025caf3a25ec to 0x0000025caf3a27bc
Event: 1.124 Thread 0x0000025ca4b226e0 Implicit null exception at 0x0000025caf39a88f to 0x0000025caf39a905
Event: 1.239 Thread 0x0000025ca4b226e0 Exception <a 'java/lang/NoSuchMethodError'{0x00000000eac817e8}: 'int java.lang.invoke.DirectMethodHandle$Holder.invokeStaticInit(java.lang.Object, java.lang.Object, java.lang.Object, java.lang.Object)'> (0x00000000eac817e8) 
thrown [s\src\hotspot\share\interpreter\linkResolver.cpp, line 759]
Event: 1.243 Thread 0x0000025ca4b226e0 Exception <a 'java/lang/NoSuchMethodError'{0x00000000eac8bf60}: 'java.lang.Object java.lang.invoke.DirectMethodHandle$Holder.invokeInterface(java.lang.Object, java.lang.Object)'> (0x00000000eac8bf60) 
thrown [s\src\hotspot\share\interpreter\linkResolver.cpp, line 759]
Event: 1.245 Thread 0x0000025ca4b226e0 Exception <a 'java/lang/IncompatibleClassChangeError'{0x00000000eac8f758}: Found class java.lang.Object, but interface was expected> (0x00000000eac8f758) 
thrown [s\src\hotspot\share\interpreter\linkResolver.cpp, line 826]
Event: 1.248 Thread 0x0000025ca4b226e0 Exception <a 'java/lang/NoSuchMethodError'{0x00000000eac93c48}: 'void java.lang.invoke.DirectMethodHandle$Holder.invokeStatic(java.lang.Object, java.lang.Object)'> (0x00000000eac93c48) 
thrown [s\src\hotspot\share\interpreter\linkResolver.cpp, line 759]
Event: 1.250 Thread 0x0000025ca4b226e0 Exception <a 'java/lang/NoSuchMethodError'{0x00000000eac97448}: 'void java.lang.invoke.DirectMethodHandle$Holder.invokeStaticInit(java.lang.Object, java.lang.Object)'> (0x00000000eac97448) 
thrown [s\src\hotspot\share\interpreter\linkResolver.cpp, line 759]
Event: 1.253 Thread 0x0000025ca4b226e0 Exception <a 'java/lang/NoSuchMethodError'{0x00000000eac9eb98}: 'int java.lang.invoke.DirectMethodHandle$Holder.invokeStaticInit(java.lang.Object, java.lang.Object)'> (0x00000000eac9eb98) 
thrown [s\src\hotspot\share\interpreter\linkResolver.cpp, line 759]
Event: 1.319 Thread 0x0000025ca4b226e0 Exception <a 'java/lang/NoSuchMethodError'{0x00000000eae29ee8}: 'void java.lang.invoke.DirectMethodHandle$Holder.invokeSpecial(java.lang.Object, java.lang.Object, java.lang.Object)'> (0x00000000eae29ee8) 
thrown [s\src\hotspot\share\interpreter\linkResolver.cpp, line 759]
Event: 1.785 Thread 0x0000025ca4b226e0 Exception <a 'java/lang/NoSuchMethodError'{0x00000000ebc69080}: 'java.lang.Object java.lang.invoke.DirectMethodHandle$Holder.newInvokeSpecial(java.lang.Object, int, java.lang.Object)'> (0x00000000ebc69080) 
thrown [s\src\hotspot\share\interpreter\linkResolver.cpp, line 759]

VM Operations (20 events):
Event: 0.314 Executing VM operation: HandshakeAllThreads
Event: 0.314 Executing VM operation: HandshakeAllThreads done
Event: 0.750 Executing VM operation: HandshakeAllThreads
Event: 0.750 Executing VM operation: HandshakeAllThreads done
Event: 0.772 Executing VM operation: HandshakeAllThreads
Event: 0.772 Executing VM operation: HandshakeAllThreads done
Event: 1.005 Executing VM operation: ICBufferFull
Event: 1.005 Executing VM operation: ICBufferFull done
Event: 1.016 Executing VM operation: HandshakeAllThreads
Event: 1.016 Executing VM operation: HandshakeAllThreads done
Event: 1.149 Executing VM operation: ParallelGCFailedAllocation
Event: 1.164 Executing VM operation: ParallelGCFailedAllocation done
Event: 1.736 Executing VM operation: HandshakeAllThreads
Event: 1.736 Executing VM operation: HandshakeAllThreads done
Event: 1.737 Executing VM operation: HandshakeAllThreads
Event: 1.737 Executing VM operation: HandshakeAllThreads done
Event: 1.746 Executing VM operation: HandshakeAllThreads
Event: 1.746 Executing VM operation: HandshakeAllThreads done
Event: 1.775 Executing VM operation: HandshakeAllThreads
Event: 1.775 Executing VM operation: HandshakeAllThreads done

Events (20 events):
Event: 1.824 loading class java/net/ContentHandlerFactory
Event: 1.824 loading class java/net/ContentHandlerFactory done
Event: 1.828 loading class java/net/ContentHandler
Event: 1.828 loading class java/net/ContentHandler done
Event: 1.849 loading class javax/xml/parsers/ParserConfigurationException
Event: 1.849 loading class javax/xml/parsers/ParserConfigurationException done
Event: 1.854 loading class java/security/KeyStoreException
Event: 1.854 loading class java/security/KeyStoreException done
Event: 1.884 loading class java/util/LinkedList$Node
Event: 1.884 loading class java/util/LinkedList$Node done
Event: 1.885 loading class java/util/LinkedList$ListItr
Event: 1.885 loading class java/util/LinkedList$ListItr done
Event: 1.895 loading class sun/nio/fs/WindowsChannelFactory
Event: 1.896 loading class sun/nio/fs/WindowsChannelFactory done
Event: 1.896 loading class sun/nio/fs/WindowsChannelFactory$1
Event: 1.896 loading class sun/nio/fs/WindowsChannelFactory$1 done
Event: 1.896 loading class sun/nio/fs/WindowsChannelFactory$Flags
Event: 1.896 loading class sun/nio/fs/WindowsChannelFactory$Flags done
Event: 1.896 loading class sun/nio/ch/FileChannelImpl$Closer
Event: 1.896 loading class sun/nio/ch/FileChannelImpl$Closer done


Dynamic libraries:
0x00007ff65ae40000 - 0x00007ff65ae4e000 	c:\Users\devan\.vscode\extensions\redhat.java-1.29.0-win32-x64\jre\17.0.10-win32-x86_64\bin\java.exe
0x00007ff813f10000 - 0x00007ff814127000 	C:\WINDOWS\SYSTEM32\ntdll.dll
0x00007ff812930000 - 0x00007ff8129f4000 	C:\WINDOWS\System32\KERNEL32.DLL
0x00007ff8113a0000 - 0x00007ff811746000 	C:\WINDOWS\System32\KERNELBASE.dll
0x00007ff811b40000 - 0x00007ff811c51000 	C:\WINDOWS\System32\ucrtbase.dll
0x00007ffff39b0000 - 0x00007ffff39c7000 	c:\Users\devan\.vscode\extensions\redhat.java-1.29.0-win32-x64\jre\17.0.10-win32-x86_64\bin\jli.dll
0x00007ffff0e20000 - 0x00007ffff0e3b000 	c:\Users\devan\.vscode\extensions\redhat.java-1.29.0-win32-x64\jre\17.0.10-win32-x86_64\bin\VCRUNTIME140.dll
0x00007ff812780000 - 0x00007ff81292e000 	C:\WINDOWS\System32\USER32.dll
0x00007ff809140000 - 0x00007ff8093d3000 	C:\WINDOWS\WinSxS\amd64_microsoft.windows.common-controls_6595b64144ccf1df_6.0.22621.2506_none_270c5ae97388e100\COMCTL32.dll
0x00007ff811750000 - 0x00007ff811776000 	C:\WINDOWS\System32\win32u.dll
0x00007ff8138d0000 - 0x00007ff813977000 	C:\WINDOWS\System32\msvcrt.dll
0x00007ff813a50000 - 0x00007ff813a79000 	C:\WINDOWS\System32\GDI32.dll
0x00007ff811a20000 - 0x00007ff811b38000 	C:\WINDOWS\System32\gdi32full.dll
0x00007ff811300000 - 0x00007ff81139a000 	C:\WINDOWS\System32\msvcp_win.dll
0x00007ff812be0000 - 0x00007ff812c11000 	C:\WINDOWS\System32\IMM32.DLL
0x00007ff8090a0000 - 0x00007ff8090ac000 	c:\Users\devan\.vscode\extensions\redhat.java-1.29.0-win32-x64\jre\17.0.10-win32-x86_64\bin\vcruntime140_1.dll
0x00007fffc6390000 - 0x00007fffc641d000 	c:\Users\devan\.vscode\extensions\redhat.java-1.29.0-win32-x64\jre\17.0.10-win32-x86_64\bin\msvcp140.dll
0x00007fff86a10000 - 0x00007fff87672000 	c:\Users\devan\.vscode\extensions\redhat.java-1.29.0-win32-x64\jre\17.0.10-win32-x86_64\bin\server\jvm.dll
0x00007ff812e80000 - 0x00007ff812f33000 	C:\WINDOWS\System32\ADVAPI32.dll
0x00007ff813980000 - 0x00007ff813a28000 	C:\WINDOWS\System32\sechost.dll
0x00007ff811250000 - 0x00007ff811278000 	C:\WINDOWS\System32\bcrypt.dll
0x00007ff8137b0000 - 0x00007ff8138c7000 	C:\WINDOWS\System32\RPCRT4.dll
0x00007ff809ef0000 - 0x00007ff809f24000 	C:\WINDOWS\SYSTEM32\WINMM.dll
0x00007ff810ea0000 - 0x00007ff810eed000 	C:\WINDOWS\SYSTEM32\POWRPROF.dll
0x00007ffff8bd0000 - 0x00007ffff8bd9000 	C:\WINDOWS\SYSTEM32\WSOCK32.dll
0x00007ff808d60000 - 0x00007ff808d6a000 	C:\WINDOWS\SYSTEM32\VERSION.dll
0x00007ff812a00000 - 0x00007ff812a71000 	C:\WINDOWS\System32\WS2_32.dll
0x00007ff810e80000 - 0x00007ff810e93000 	C:\WINDOWS\SYSTEM32\UMPDC.dll
0x00007ff810260000 - 0x00007ff810278000 	C:\WINDOWS\SYSTEM32\kernel.appcore.dll
0x00007ff808e70000 - 0x00007ff808e7a000 	c:\Users\devan\.vscode\extensions\redhat.java-1.29.0-win32-x64\jre\17.0.10-win32-x86_64\bin\jimage.dll
0x00007ff808030000 - 0x00007ff808263000 	C:\WINDOWS\SYSTEM32\DBGHELP.DLL
0x00007ff8133c0000 - 0x00007ff813749000 	C:\WINDOWS\System32\combase.dll
0x00007ff811cc0000 - 0x00007ff811d97000 	C:\WINDOWS\System32\OLEAUT32.dll
0x00007ff8058e0000 - 0x00007ff805912000 	C:\WINDOWS\SYSTEM32\dbgcore.DLL
0x00007ff811280000 - 0x00007ff8112fa000 	C:\WINDOWS\System32\bcryptPrimitives.dll
0x00007ff808dc0000 - 0x00007ff808dce000 	c:\Users\devan\.vscode\extensions\redhat.java-1.29.0-win32-x64\jre\17.0.10-win32-x86_64\bin\instrument.dll
0x00007fffe94f0000 - 0x00007fffe9515000 	c:\Users\devan\.vscode\extensions\redhat.java-1.29.0-win32-x64\jre\17.0.10-win32-x86_64\bin\java.dll
0x00007fffeef20000 - 0x00007fffeef38000 	c:\Users\devan\.vscode\extensions\redhat.java-1.29.0-win32-x64\jre\17.0.10-win32-x86_64\bin\zip.dll
0x00007ff811e00000 - 0x00007ff81265a000 	C:\WINDOWS\System32\SHELL32.dll
0x00007ff80f150000 - 0x00007ff80fa46000 	C:\WINDOWS\SYSTEM32\windows.storage.dll
0x00007ff80f010000 - 0x00007ff80f14e000 	C:\WINDOWS\SYSTEM32\wintypes.dll
0x00007ff813dd0000 - 0x00007ff813ec3000 	C:\WINDOWS\System32\SHCORE.dll
0x00007ff811da0000 - 0x00007ff811dfe000 	C:\WINDOWS\System32\shlwapi.dll
0x00007ff811180000 - 0x00007ff8111a6000 	C:\WINDOWS\SYSTEM32\profapi.dll
0x00007fffebec0000 - 0x00007fffebed9000 	C:\Users\devan\.vscode\extensions\redhat.java-1.29.0-win32-x64\jre\17.0.10-win32-x86_64\bin\net.dll
0x00007ff80b170000 - 0x00007ff80b2a7000 	C:\WINDOWS\SYSTEM32\WINHTTP.dll
0x00007ff810700000 - 0x00007ff810769000 	C:\WINDOWS\system32\mswsock.dll
0x00007fffeb1d0000 - 0x00007fffeb1e6000 	C:\Users\devan\.vscode\extensions\redhat.java-1.29.0-win32-x64\jre\17.0.10-win32-x86_64\bin\nio.dll
0x00007ff808360000 - 0x00007ff808370000 	c:\Users\devan\.vscode\extensions\redhat.java-1.29.0-win32-x64\jre\17.0.10-win32-x86_64\bin\verify.dll

dbghelp: loaded successfully - version: 4.0.5 - missing functions: none
symbol engine: initialized successfully - sym options: 0x614 - pdb path: .;c:\Users\devan\.vscode\extensions\redhat.java-1.29.0-win32-x64\jre\17.0.10-win32-x86_64\bin;C:\WINDOWS\SYSTEM32;C:\WINDOWS\WinSxS\amd64_microsoft.windows.common-controls_6595b64144ccf1df_6.0.22621.2506_none_270c5ae97388e100;c:\Users\devan\.vscode\extensions\redhat.java-1.29.0-win32-x64\jre\17.0.10-win32-x86_64\bin\server

VM Arguments:
jvm_args: --add-modules=ALL-SYSTEM --add-opens=java.base/java.util=ALL-UNNAMED --add-opens=java.base/java.lang=ALL-UNNAMED --add-opens=java.base/sun.nio.fs=ALL-UNNAMED -Declipse.application=org.eclipse.jdt.ls.core.id1 -Dosgi.bundles.defaultStartLevel=4 -Declipse.product=org.eclipse.jdt.ls.core.product -Djava.import.generatesMetadataFilesAtProjectRoot=false -DDetectVMInstallationsJob.disabled=true -Dfile.encoding=utf8 -XX:+UseParallelGC -XX:GCTimeRatio=4 -XX:AdaptiveSizePolicyWeight=90 -Dsun.zip.disableMemoryMapping=true -Xmx1G -Xms100m -Xlog:disable -javaagent:c:\Users\devan\.vscode\extensions\redhat.java-1.29.0-win32-x64\lombok\lombok-1.18.32.jar -XX:+HeapDumpOnOutOfMemoryError -XX:HeapDumpPath=c:\Users\devan\AppData\Roaming\Code\User\workspaceStorage\5777b845f8ef420473e6a91478c2b9a2\redhat.java -Daether.dependencyCollector.impl=bf 
java_command: c:\Users\devan\.vscode\extensions\redhat.java-1.29.0-win32-x64\server\plugins\org.eclipse.equinox.launcher_1.6.800.v20240304-1850.jar -configuration c:\Users\devan\AppData\Roaming\Code\User\globalStorage\redhat.java\1.29.0\config_win -data c:\Users\devan\AppData\Roaming\Code\User\workspaceStorage\5777b845f8ef420473e6a91478c2b9a2\redhat.java\jdt_ws --stdio
java_class_path (initial): c:\Users\devan\.vscode\extensions\redhat.java-1.29.0-win32-x64\server\plugins\org.eclipse.equinox.launcher_1.6.800.v20240304-1850.jar
Launcher Type: SUN_STANDARD

[Global flags]
    uintx AdaptiveSizePolicyWeight                 = 90                                        {product} {command line}
     intx CICompilerCount                          = 12                                        {product} {ergonomic}
    uintx GCTimeRatio                              = 4                                         {product} {command line}
     bool HeapDumpOnOutOfMemoryError               = true                                   {manageable} {command line}
    ccstr HeapDumpPath                             = c:\Users\devan\AppData\Roaming\Code\User\workspaceStorage\5777b845f8ef420473e6a91478c2b9a2\redhat.java         {manageable} {command line}
   size_t InitialHeapSize                          = 104857600                                 {product} {command line}
   size_t MaxHeapSize                              = 1073741824                                {product} {command line}
   size_t MaxNewSize                               = 357564416                                 {product} {ergonomic}
   size_t MinHeapDeltaBytes                        = 524288                                    {product} {ergonomic}
   size_t MinHeapSize                              = 104857600                                 {product} {command line}
   size_t NewSize                                  = 34603008                                  {product} {ergonomic}
    uintx NonNMethodCodeHeapSize                   = 7602480                                {pd product} {ergonomic}
    uintx NonProfiledCodeHeapSize                  = 122027880                              {pd product} {ergonomic}
   size_t OldSize                                  = 70254592                                  {product} {ergonomic}
    uintx ProfiledCodeHeapSize                     = 122027880                              {pd product} {ergonomic}
    uintx ReservedCodeCacheSize                    = 251658240                              {pd product} {ergonomic}
     bool SegmentedCodeCache                       = true                                      {product} {ergonomic}
   size_t SoftMaxHeapSize                          = 1073741824                             {manageable} {ergonomic}
     bool UseCompressedClassPointers               = true                           {product lp64_product} {ergonomic}
     bool UseCompressedOops                        = true                           {product lp64_product} {ergonomic}
     bool UseLargePagesIndividualAllocation        = false                                  {pd product} {ergonomic}
     bool UseParallelGC                            = true                                      {product} {command line}

Logging:
Log output configuration:
 #0: stdout all=off uptime,level,tags
 #1: stderr all=off uptime,level,tags

Environment Variables:
JAVA_HOME=C:\Program Files\Microsoft\jdk-17.0.10.7-hotspot\
PATH=C:\Users\devan\AppData\Roaming\.dotnet;C:\Program Files\Microsoft\jdk-17.0.10.7-hotspot\bin;C:\Program Files\NVIDIA GPU Computing Toolkit\CUDA\v8.0\bin;C:\Program Files\NVIDIA GPU Computing Toolkit\CUDA\v8.0\libnvvp;C:\Program Files (x86)\Qualcomm\QDART\\bin;C:\Program Files (x86)\Common Files\Oracle\Java\javapath;C:\Program Files\Common Files\Oracle\Java\javapath;C:\Windows\system32;C:\Windows;C:\Windows\System32\Wbem;C:\Windows\System32\WindowsPowerShell\v1.0\;C:\Windows\System32\OpenSSH\;C:\Program Files (x86)\NVIDIA Corporation\PhysX\Common;C:\Program Files\NVIDIA Corporation\NVIDIA NvDLISR;C:\WINDOWS\system32;C:\WINDOWS;C:\WINDOWS\System32\Wbem;C:\WINDOWS\System32\WindowsPowerShell\v1.0\;C:\WINDOWS\System32\OpenSSH\;C:\Users\devan\AppData\Local\Microsoft\WindowsApps;C:\Users\devan\AppData\Local\Programs\Microsoft VS Code\bin;C:\adb;C:\Program Files\dotnet\;C:\Program Files\Java\jdk-17.0.1\bin;C:\Program Files\PuTTY\;C:\Xilinx\Vivado\2021.1\bin;C:\mingw32\bin;C:\Program Files\NVIDIA Corporation\Nsight Compute 2023.3.1\;C:\WINDOWS\system32;C:\WINDOWS;C:\WINDOWS\System32\Wbem;C:\WINDOWS\System32\WindowsPowerShell\v1.0\;C:\WINDOWS\System32\OpenSSH\;C:\Program Files\nodejs\;C:\ProgramData\chocolatey\bin;C:\Program Files\Docker\Docker\resources\bin;C:\Program Files\Microsoft SQL Server\150\Tools\Binn\;C:\Program Files\Microsoft SQL Server\Client SDK\ODBC\170\Tools\Binn\;C:\Program Files (x86)\Microsoft SQL Server\160\DTS\Binn\;C:\Program Files (x86)\Microsoft SQL Server\160\Tools\Binn\;C:\Program Files\Microsoft SQL Server\160\Tools\Binn\;C:\Program Files\Microsoft SQL Server\160\DTS\Binn\;C:\Program Files\Git\cmd;C:\Users\devan\AppData\Roaming\.dotnet;C:\Users\devan\AppData\Local\Android\Sdk\platform-tools;C:\Users\devan\AppData\Local\Android\Sdk\tools;C:\Program Files\MySQL\MySQL Shell 8.0\bin\;C:\Users\devan\AppData\Local\Programs\Python\Python310\Scripts\;C:\Users\devan\AppData\Local\Programs\Python\Python310\;%USERPROFILE%\AppData\Local\Microsoft\WindowsApps;C
USERNAME=devang
OS=Windows_NT
PROCESSOR_IDENTIFIER=AMD64 Family 23 Model 96 Stepping 1, AuthenticAMD
TMP=C:\Users\devan\AppData\Local\Temp
TEMP=C:\Users\devan\AppData\Local\Temp



Periodic native trim disabled


---------------  S Y S T E M  ---------------

OS:
 Windows 11 , 64 bit Build 22621 (10.0.22621.2506)
OS uptime: 0 days 18:55 hours
Hyper-V role detected

CPU: total 16 (initial active 16) (16 cores per cpu, 2 threads per core) family 23 model 96 stepping 1 microcode 0x0, cx8, cmov, fxsr, ht, mmx, 3dnowpref, sse, sse2, sse3, ssse3, sse4a, sse4.1, sse4.2, popcnt, lzcnt, tsc, tscinvbit, avx, avx2, aes, clmul, bmi1, bmi2, adx, sha, fma, vzeroupper, clflush, clflushopt, hv
Processor Information for all 16 processors :
  Max Mhz: 2901, Current Mhz: 2901, Mhz Limit: 2901

Memory: 4k page, system-wide physical 15790M (5001M free)
TotalPageFile size 15790M (AvailPageFile size 4M)
current process WorkingSet (physical memory assigned to process): 90M, peak: 90M
current process commit charge ("private bytes"): 227M, peak: 227M

vm_info: OpenJDK 64-Bit Server VM (17.0.10+7) for windows-amd64 JRE (17.0.10+7), built on Jan 16 2024 23:25:11 by "admin" with MS VC++ 16.10 / 16.11 (VS2019)

END.
