#
# There is insufficient memory for the Java Runtime Environment to continue.
# Native memory allocation (malloc) failed to allocate 999536 bytes for Chunk::new
# Possible reasons:
#   The system is out of physical RAM or swap space
#   The process is running with CompressedOops enabled, and the Java Heap may be blocking the growth of the native heap
# Possible solutions:
#   Reduce memory load on the system
#   Increase physical memory or swap space
#   Check if swap backing store is full
#   Decrease Java heap size (-Xmx/-Xms)
#   Decrease number of Java threads
#   Decrease Java thread stack sizes (-Xss)
#   Set larger code cache with -XX:ReservedCodeCacheSize=
#   JVM is running with Unscaled Compressed Oops mode in which the Java heap is
#     placed in the first 4GB address space. The Java Heap base address is the
#     maximum limit for the native heap growth. Please use -XX:HeapBaseMinAddress
#     to set the Java Heap base and to place the Java Heap above 4GB virtual address.
# This output file may be truncated or incomplete.
#
#  Out of Memory Error (arena.cpp:191), pid=3408, tid=12176
#
# JRE version: OpenJDK Runtime Environment Microsoft-8902769 (17.0.10+7) (build 17.0.10+7-LTS)
# Java VM: OpenJDK 64-Bit Server VM Microsoft-8902769 (17.0.10+7-LTS, mixed mode, sharing, tiered, compressed oops, compressed class ptrs, g1 gc, windows-amd64)
# No core dump will be written. Minidumps are not enabled by default on client versions of Windows
#

---------------  S U M M A R Y ------------

Command Line: -XX:MaxMetaspaceSize=512m --add-opens=java.base/java.util=ALL-UNNAMED --add-opens=java.base/java.lang=ALL-UNNAMED --add-opens=java.base/java.lang.invoke=ALL-UNNAMED --add-opens=java.prefs/java.util.prefs=ALL-UNNAMED --add-opens=java.base/java.nio.charset=ALL-UNNAMED --add-opens=java.base/java.net=ALL-UNNAMED --add-opens=java.base/java.util.concurrent.atomic=ALL-UNNAMED -Xmx2048m -Dfile.encoding=utf8 -Duser.country=IN -Duser.language=en -Duser.variant -javaagent:C:\Users\devan\.gradle\wrapper\dists\gradle-8.3-all\6en3ugtfdg5xnpx44z4qbwgas\gradle-8.3\lib\agents\gradle-instrumentation-agent-8.3.jar org.gradle.launcher.daemon.bootstrap.GradleDaemon 8.3

Host: AMD Ryzen 7 4800H with Radeon Graphics         , 16 cores, 15G,  Windows 11 , 64 bit Build 22621 (10.0.22621.2506)
Time: Sat Apr  6 06:37:50 2024 Russia TZ 10 Standard Time elapsed time: 19.987037 seconds (0d 0h 0m 19s)

---------------  T H R E A D  ---------------

Current thread (0x000002c4aa1addd0):  JavaThread "C2 CompilerThread4" daemon [_thread_in_native, id=12176, stack(0x000000fd6f900000,0x000000fd6fa00000)]


Current CompileTask:
C2:  19987 10996       4       com.sun.beans.TypeResolver::resolve (37 bytes)

Stack: [0x000000fd6f900000,0x000000fd6fa00000]
Native frames: (J=compiled Java code, j=interpreted, Vv=VM code, C=native code)
V  [jvm.dll+0x67f829]
V  [jvm.dll+0x83750a]
V  [jvm.dll+0x838fce]
V  [jvm.dll+0x839633]
V  [jvm.dll+0x247cbf]
V  [jvm.dll+0xac524]
V  [jvm.dll+0xacb6c]
V  [jvm.dll+0x2af70f]
V  [jvm.dll+0x587077]
V  [jvm.dll+0x222d32]
V  [jvm.dll+0x21be6d]
V  [jvm.dll+0x219711]
V  [jvm.dll+0x1a5176]
V  [jvm.dll+0x22957e]
V  [jvm.dll+0x22774c]
V  [jvm.dll+0x7ec5d7]
V  [jvm.dll+0x7e69da]
V  [jvm.dll+0x67e715]
C  [ucrtbase.dll+0x29363]
C  [KERNEL32.DLL+0x1257d]
C  [ntdll.dll+0x5aa58]


---------------  P R O C E S S  ---------------

Threads class SMR info:
_java_thread_list=0x000002c4a96d07f0, length=145, elements={
0x000002c4e4162540, 0x000002c4fe7fdfc0, 0x000002c4fe7fee40, 0x000002c4fe819880,
0x000002c4fe81a350, 0x000002c4fe81d030, 0x000002c4fe81e420, 0x000002c4fe81f7d0,
0x000002c4fe8291e0, 0x000002c4fe829be0, 0x000002c4ff1f7380, 0x000002c4ff238170,
0x000002c4ff31dc90, 0x000002c4a401c7a0, 0x000002c4a3e6e0a0, 0x000002c4a4b988e0,
0x000002c4a3dbb410, 0x000002c4a3f87360, 0x000002c4a3f88bd0, 0x000002c4a3f0e460,
0x000002c4a4b96140, 0x000002c4a4b95720, 0x000002c4a4b942e0, 0x000002c4a4b96b60,
0x000002c4a4b947f0, 0x000002c4a4b95c30, 0x000002c4a4b97070, 0x000002c4a4b938c0,
0x000002c4a4b95210, 0x000002c4a4b93dd0, 0x000002c4a4b94d00, 0x000002c4a80773d0,
0x000002c4a8078300, 0x000002c4a8078810, 0x000002c4a8075f90, 0x000002c4a8076ec0,
0x000002c4a8075570, 0x000002c4a8075a80, 0x000002c4a8075060, 0x000002c4a80764a0,
0x000002c4a80769b0, 0x000002c4a5487e50, 0x000002c4a548a6d0, 0x000002c4a553a840,
0x000002c4a5488870, 0x000002c4a5487940, 0x000002c4a5486f20, 0x000002c4a5487430,
0x000002c4a5488360, 0x000002c4a548bb10, 0x000002c4a5488d80, 0x000002c4a5489290,
0x000002c4a54855d0, 0x000002c4a38a83d0, 0x000002c4a548b600, 0x000002c4a548c020,
0x000002c4a548ca40, 0x000002c4a54897a0, 0x000002c4a548abe0, 0x000002c4a5485ae0,
0x000002c4a5489cb0, 0x000002c4a548c530, 0x000002c4a548cf50, 0x000002c4a5485ff0,
0x000002c4a5486500, 0x000002c4a5486a10, 0x000002c4a76b4560, 0x000002c4a76b5eb0,
0x000002c4a76b4050, 0x000002c4a76b4a70, 0x000002c4a76b63c0, 0x000002c4a76b4f80,
0x000002c4a76b5490, 0x000002c4a76b8c40, 0x000002c4a76b17d0, 0x000002c4a76b68d0,
0x000002c4a76b1ce0, 0x000002c4a76b9150, 0x000002c4a76b7d10, 0x000002c4a76b2700,
0x000002c4a76b2c10, 0x000002c4a76b72f0, 0x000002c4a76b6de0, 0x000002c4a76b3120,
0x000002c4a76b3630, 0x000002c4a76b3b40, 0x000002c4a76b7800, 0x000002c4a76b8220,
0x000002c4a76b8730, 0x000002c4a6e870a0, 0x000002c4a6e84d30, 0x000002c4a6e81070,
0x000002c4a6e85c60, 0x000002c4a6e87ac0, 0x000002c4a6e82ed0, 0x000002c4a6e85240,
0x000002c4a6e889f0, 0x000002c4a6e86170, 0x000002c4a6e81a90, 0x000002c4a6e833e0,
0x000002c4a6e829c0, 0x000002c4a6e81fa0, 0x000002c4a6e87fd0, 0x000002c4a6e83e00,
0x000002c4a6e86680, 0x000002c4a6e838f0, 0x000002c4a6e875b0, 0x000002c4a6e85750,
0x000002c4a6e86b90, 0x000002c4a6e884e0, 0x000002c4a6e81580, 0x000002c4a6e824b0,
0x000002c4a6e84310, 0x000002c4a6e84820, 0x000002c4a32c51f0, 0x000002c4a32c7a70,
0x000002c4a32c4ce0, 0x000002c4a32c6b40, 0x000002c4a32cb730, 0x000002c4a32c42c0,
0x000002c4a32cad10, 0x000002c4a32c8eb0, 0x000002c4a32cbc40, 0x000002c4a32c93c0,
0x000002c4a32c47d0, 0x000002c4a32ca2f0, 0x000002c4a32c8490, 0x000002c4a32cb220,
0x000002c4a32c5700, 0x000002c4a32c5c10, 0x000002c4a32ca800, 0x000002c4a32c9de0,
0x000002c4a32c98d0, 0x000002c4a32c89a0, 0x000002c4a32c6120, 0x000002c4a32c7050,
0x000002c4a32c6630, 0x000002c4a32c7560, 0x000002c4a32c7f80, 0x000002c4a70b47d0,
0x000002c4a70b2e80, 0x000002c4ff979f40, 0x000002c4a9135be0, 0x000002c4a9138110,
0x000002c4aa1addd0
}

Java Threads: ( => current thread )
  0x000002c4e4162540 JavaThread "main" [_thread_blocked, id=1820, stack(0x000000fd65300000,0x000000fd65400000)]
  0x000002c4fe7fdfc0 JavaThread "Reference Handler" daemon [_thread_blocked, id=4608, stack(0x000000fd65a00000,0x000000fd65b00000)]
  0x000002c4fe7fee40 JavaThread "Finalizer" daemon [_thread_blocked, id=11316, stack(0x000000fd65b00000,0x000000fd65c00000)]
  0x000002c4fe819880 JavaThread "Signal Dispatcher" daemon [_thread_blocked, id=3656, stack(0x000000fd65c00000,0x000000fd65d00000)]
  0x000002c4fe81a350 JavaThread "Attach Listener" daemon [_thread_blocked, id=20576, stack(0x000000fd65d00000,0x000000fd65e00000)]
  0x000002c4fe81d030 JavaThread "Service Thread" daemon [_thread_blocked, id=2032, stack(0x000000fd65e00000,0x000000fd65f00000)]
  0x000002c4fe81e420 JavaThread "Monitor Deflation Thread" daemon [_thread_blocked, id=14328, stack(0x000000fd65f00000,0x000000fd66000000)]
  0x000002c4fe81f7d0 JavaThread "C2 CompilerThread0" daemon [_thread_in_native, id=7436, stack(0x000000fd66000000,0x000000fd66100000)]
  0x000002c4fe8291e0 JavaThread "C1 CompilerThread0" daemon [_thread_blocked, id=16408, stack(0x000000fd66100000,0x000000fd66200000)]
  0x000002c4fe829be0 JavaThread "Sweeper thread" daemon [_thread_blocked, id=13928, stack(0x000000fd66200000,0x000000fd66300000)]
  0x000002c4ff1f7380 JavaThread "Common-Cleaner" daemon [_thread_blocked, id=21128, stack(0x000000fd66300000,0x000000fd66400000)]
  0x000002c4ff238170 JavaThread "C1 CompilerThread1" daemon [_thread_blocked, id=13800, stack(0x000000fd66400000,0x000000fd66500000)]
  0x000002c4ff31dc90 JavaThread "Notification Thread" daemon [_thread_blocked, id=11848, stack(0x000000fd66700000,0x000000fd66800000)]
  0x000002c4a401c7a0 JavaThread "Daemon health stats" [_thread_blocked, id=17732, stack(0x000000fd66f00000,0x000000fd67000000)]
  0x000002c4a3e6e0a0 JavaThread "Incoming local TCP Connector on port 4301" [_thread_in_native, id=12324, stack(0x000000fd67000000,0x000000fd67100000)]
  0x000002c4a4b988e0 JavaThread "Daemon periodic checks" [_thread_blocked, id=9688, stack(0x000000fd67100000,0x000000fd67200000)]
  0x000002c4a3dbb410 JavaThread "Daemon" [_thread_blocked, id=2420, stack(0x000000fd67200000,0x000000fd67300000)]
  0x000002c4a3f87360 JavaThread "Handler for socket connection from /127.0.0.1:4301 to /127.0.0.1:4303" [_thread_in_native, id=19900, stack(0x000000fd67300000,0x000000fd67400000)]
  0x000002c4a3f88bd0 JavaThread "Cancel handler" [_thread_blocked, id=12240, stack(0x000000fd67400000,0x000000fd67500000)]
  0x000002c4a3f0e460 JavaThread "Daemon worker" [_thread_in_native, id=22460, stack(0x000000fd67500000,0x000000fd67600000)]
  0x000002c4a4b96140 JavaThread "Asynchronous log dispatcher for DefaultDaemonConnection: socket connection from /127.0.0.1:4301 to /127.0.0.1:4303" [_thread_blocked, id=4536, stack(0x000000fd67600000,0x000000fd67700000)]
  0x000002c4a4b95720 JavaThread "Stdin handler" [_thread_blocked, id=11712, stack(0x000000fd67700000,0x000000fd67800000)]
  0x000002c4a4b942e0 JavaThread "Daemon client event forwarder" [_thread_blocked, id=15228, stack(0x000000fd67800000,0x000000fd67900000)]
  0x000002c4a4b96b60 JavaThread "Cache worker for journal cache (C:\Users\devan\.gradle\caches\journal-1)" [_thread_blocked, id=12984, stack(0x000000fd66900000,0x000000fd66a00000)]
  0x000002c4a4b947f0 JavaThread "File lock request listener" [_thread_in_native, id=10556, stack(0x000000fd67900000,0x000000fd67a00000)]
  0x000002c4a4b95c30 JavaThread "Cache worker for file hash cache (C:\Users\devan\.gradle\caches\8.3\fileHashes)" [_thread_blocked, id=15656, stack(0x000000fd67a00000,0x000000fd67b00000)]
  0x000002c4a4b97070 JavaThread "File watcher server" daemon [_thread_in_native, id=11660, stack(0x000000fd67d00000,0x000000fd67e00000)]
  0x000002c4a4b938c0 JavaThread "File watcher consumer" daemon [_thread_blocked, id=22344, stack(0x000000fd67e00000,0x000000fd67f00000)]
  0x000002c4a4b95210 JavaThread "Cache worker for checksums cache (C:\Users\devan\Videos\projects\solarman\solarApp\android\.gradle\8.3\checksums)" [_thread_blocked, id=19836, stack(0x000000fd68900000,0x000000fd68a00000)]
  0x000002c4a4b93dd0 JavaThread "Cache worker for file hash cache (C:\Users\devan\Videos\projects\solarman\solarApp\android\.gradle\8.3\fileHashes)" [_thread_blocked, id=9704, stack(0x000000fd68a00000,0x000000fd68b00000)]
  0x000002c4a4b94d00 JavaThread "Cache worker for cache directory md-supplier (C:\Users\devan\.gradle\caches\8.3\md-supplier)" [_thread_blocked, id=14956, stack(0x000000fd68b00000,0x000000fd68c00000)]
  0x000002c4a80773d0 JavaThread "Cache worker for file content cache (C:\Users\devan\.gradle\caches\8.3\fileContent)" [_thread_blocked, id=21136, stack(0x000000fd68c00000,0x000000fd68d00000)]
  0x000002c4a8078300 JavaThread "Cache worker for cache directory md-rule (C:\Users\devan\.gradle\caches\8.3\md-rule)" [_thread_blocked, id=8756, stack(0x000000fd66600000,0x000000fd66700000)]
  0x000002c4a8078810 JavaThread "Cache worker for execution history cache (C:\Users\devan\.gradle\caches\8.3\executionHistory)" [_thread_blocked, id=21064, stack(0x000000fd67b00000,0x000000fd67c00000)]
  0x000002c4a8075f90 JavaThread "jar transforms" [_thread_blocked, id=11644, stack(0x000000fd68d00000,0x000000fd68e00000)]
  0x000002c4a8076ec0 JavaThread "jar transforms Thread 2" [_thread_blocked, id=11224, stack(0x000000fd68e00000,0x000000fd68f00000)]
  0x000002c4a8075570 JavaThread "jar transforms Thread 3" [_thread_blocked, id=9560, stack(0x000000fd69100000,0x000000fd69200000)]
  0x000002c4a8075a80 JavaThread "jar transforms Thread 4" [_thread_blocked, id=18100, stack(0x000000fd69200000,0x000000fd69300000)]
  0x000002c4a8075060 JavaThread "jar transforms Thread 5" [_thread_blocked, id=16732, stack(0x000000fd69300000,0x000000fd69400000)]
  0x000002c4a80764a0 JavaThread "jar transforms Thread 6" [_thread_blocked, id=15996, stack(0x000000fd69400000,0x000000fd69500000)]
  0x000002c4a80769b0 JavaThread "Cache worker for kotlin-dsl (C:\Users\devan\.gradle\caches\8.3\kotlin-dsl)" [_thread_blocked, id=11736, stack(0x000000fd67c00000,0x000000fd67d00000)]
  0x000002c4a5487e50 JavaThread "jar transforms Thread 7" [_thread_blocked, id=4804, stack(0x000000fd68f00000,0x000000fd69000000)]
  0x000002c4a548a6d0 JavaThread "jar transforms Thread 8" [_thread_blocked, id=7024, stack(0x000000fd69000000,0x000000fd69100000)]
  0x000002c4a553a840 JavaThread "C1 CompilerThread2" daemon [_thread_blocked, id=13236, stack(0x000000fd69700000,0x000000fd69800000)]
  0x000002c4a5488870 JavaThread "Unconstrained build operations" [_thread_blocked, id=21920, stack(0x000000fd66500000,0x000000fd66600000)]
  0x000002c4a5487940 JavaThread "Unconstrained build operations Thread 2" [_thread_blocked, id=19480, stack(0x000000fd66a00000,0x000000fd66b00000)]
  0x000002c4a5486f20 JavaThread "jar transforms Thread 9" [_thread_blocked, id=12068, stack(0x000000fd69500000,0x000000fd69600000)]
  0x000002c4a5487430 JavaThread "jar transforms Thread 10" [_thread_blocked, id=10388, stack(0x000000fd69600000,0x000000fd69700000)]
  0x000002c4a5488360 JavaThread "jar transforms Thread 11" [_thread_blocked, id=13784, stack(0x000000fd69900000,0x000000fd69a00000)]
  0x000002c4a548bb10 JavaThread "jar transforms Thread 12" [_thread_blocked, id=19996, stack(0x000000fd69a00000,0x000000fd69b00000)]
  0x000002c4a5488d80 JavaThread "jar transforms Thread 13" [_thread_blocked, id=16148, stack(0x000000fd69d00000,0x000000fd69e00000)]
  0x000002c4a5489290 JavaThread "jar transforms Thread 14" [_thread_blocked, id=10172, stack(0x000000fd69e00000,0x000000fd69f00000)]
  0x000002c4a54855d0 JavaThread "Cache worker for dependencies-accessors (C:\Users\devan\Videos\projects\solarman\solarApp\android\.gradle\8.3\dependencies-accessors)" [_thread_blocked, id=9392, stack(0x000000fd69f00000,0x000000fd6a000000)]
  0x000002c4a38a83d0 JavaThread "C1 CompilerThread3" daemon [_thread_blocked, id=7724, stack(0x000000fd6a000000,0x000000fd6a100000)]
  0x000002c4a548b600 JavaThread "Cache worker for Build Output Cleanup Cache (C:\Users\devan\Videos\projects\solarman\solarApp\node_modules\@react-native\gradle-plugin\.gradle\buildOutputCleanup)" [_thread_blocked, id=16580, stack(0x000000fd6a100000,0x000000fd6a200000)]
  0x000002c4a548c020 JavaThread "jar transforms Thread 15" [_thread_blocked, id=3384, stack(0x000000fd6a300000,0x000000fd6a400000)]
  0x000002c4a548ca40 JavaThread "jar transforms Thread 16" [_thread_blocked, id=17212, stack(0x000000fd6a400000,0x000000fd6a500000)]
  0x000002c4a54897a0 JavaThread "Unconstrained build operations Thread 3" [_thread_blocked, id=16060, stack(0x000000fd6a500000,0x000000fd6a600000)]
  0x000002c4a548abe0 JavaThread "Unconstrained build operations Thread 4" [_thread_blocked, id=384, stack(0x000000fd6a600000,0x000000fd6a700000)]
  0x000002c4a5485ae0 JavaThread "Unconstrained build operations Thread 5" [_thread_blocked, id=15212, stack(0x000000fd6a700000,0x000000fd6a800000)]
  0x000002c4a5489cb0 JavaThread "Unconstrained build operations Thread 6" [_thread_blocked, id=12532, stack(0x000000fd6a800000,0x000000fd6a900000)]
  0x000002c4a548c530 JavaThread "Unconstrained build operations Thread 7" [_thread_blocked, id=18620, stack(0x000000fd6a900000,0x000000fd6aa00000)]
  0x000002c4a548cf50 JavaThread "Unconstrained build operations Thread 8" [_thread_blocked, id=4232, stack(0x000000fd6aa00000,0x000000fd6ab00000)]
  0x000002c4a5485ff0 JavaThread "Unconstrained build operations Thread 9" [_thread_blocked, id=12856, stack(0x000000fd6ab00000,0x000000fd6ac00000)]
  0x000002c4a5486500 JavaThread "Unconstrained build operations Thread 10" [_thread_blocked, id=4428, stack(0x000000fd6ac00000,0x000000fd6ad00000)]
  0x000002c4a5486a10 JavaThread "Unconstrained build operations Thread 11" [_thread_blocked, id=20372, stack(0x000000fd6ad00000,0x000000fd6ae00000)]
  0x000002c4a76b4560 JavaThread "Unconstrained build operations Thread 12" [_thread_blocked, id=10268, stack(0x000000fd6ae00000,0x000000fd6af00000)]
  0x000002c4a76b5eb0 JavaThread "Unconstrained build operations Thread 13" [_thread_blocked, id=20988, stack(0x000000fd6af00000,0x000000fd6b000000)]
  0x000002c4a76b4050 JavaThread "Unconstrained build operations Thread 14" [_thread_blocked, id=13704, stack(0x000000fd6b000000,0x000000fd6b100000)]
  0x000002c4a76b4a70 JavaThread "Unconstrained build operations Thread 15" [_thread_blocked, id=17352, stack(0x000000fd6b100000,0x000000fd6b200000)]
  0x000002c4a76b63c0 JavaThread "Unconstrained build operations Thread 16" [_thread_blocked, id=4952, stack(0x000000fd6b200000,0x000000fd6b300000)]
  0x000002c4a76b4f80 JavaThread "Unconstrained build operations Thread 17" [_thread_blocked, id=15344, stack(0x000000fd6b300000,0x000000fd6b400000)]
  0x000002c4a76b5490 JavaThread "Memory manager" [_thread_blocked, id=8336, stack(0x000000fd6b400000,0x000000fd6b500000)]
  0x000002c4a76b8c40 JavaThread "Cache worker for Build Output Cleanup Cache (C:\Users\devan\Videos\projects\solarman\solarApp\android\.gradle\buildOutputCleanup)" [_thread_blocked, id=17404, stack(0x000000fd69c00000,0x000000fd69d00000)]
  0x000002c4a76b17d0 JavaThread "ForkJoinPool.commonPool-worker-1" daemon [_thread_blocked, id=2144, stack(0x000000fd6b600000,0x000000fd6b700000)]
  0x000002c4a76b68d0 JavaThread "ForkJoinPool.commonPool-worker-2" daemon [_thread_blocked, id=2316, stack(0x000000fd6b700000,0x000000fd6b800000)]
  0x000002c4a76b1ce0 JavaThread "ForkJoinPool.commonPool-worker-3" daemon [_thread_blocked, id=4276, stack(0x000000fd6b800000,0x000000fd6b900000)]
  0x000002c4a76b9150 JavaThread "ForkJoinPool.commonPool-worker-4" daemon [_thread_blocked, id=6552, stack(0x000000fd6b900000,0x000000fd6ba00000)]
  0x000002c4a76b7d10 JavaThread "ForkJoinPool.commonPool-worker-5" daemon [_thread_blocked, id=6468, stack(0x000000fd6ba00000,0x000000fd6bb00000)]
  0x000002c4a76b2700 JavaThread "ForkJoinPool.commonPool-worker-6" daemon [_thread_blocked, id=20568, stack(0x000000fd6bb00000,0x000000fd6bc00000)]
  0x000002c4a76b2c10 JavaThread "ForkJoinPool.commonPool-worker-7" daemon [_thread_blocked, id=14704, stack(0x000000fd6bc00000,0x000000fd6bd00000)]
  0x000002c4a76b72f0 JavaThread "ForkJoinPool.commonPool-worker-8" daemon [_thread_blocked, id=2784, stack(0x000000fd6bd00000,0x000000fd6be00000)]
  0x000002c4a76b6de0 JavaThread "ForkJoinPool.commonPool-worker-9" daemon [_thread_blocked, id=21088, stack(0x000000fd6be00000,0x000000fd6bf00000)]
  0x000002c4a76b3120 JavaThread "ForkJoinPool.commonPool-worker-10" daemon [_thread_blocked, id=16472, stack(0x000000fd6bf00000,0x000000fd6c000000)]
  0x000002c4a76b3630 JavaThread "ForkJoinPool.commonPool-worker-11" daemon [_thread_blocked, id=8892, stack(0x000000fd6c000000,0x000000fd6c100000)]
  0x000002c4a76b3b40 JavaThread "Exec process" daemon [_thread_blocked, id=19552, stack(0x000000fd6c100000,0x000000fd6c200000)]
  0x000002c4a76b7800 JavaThread "ForkJoinPool.commonPool-worker-12" daemon [_thread_blocked, id=11612, stack(0x000000fd6c200000,0x000000fd6c300000)]
  0x000002c4a76b8220 JavaThread "Exec process Thread 2" daemon [_thread_blocked, id=14960, stack(0x000000fd6c300000,0x000000fd6c400000)]
  0x000002c4a76b8730 JavaThread "Exec process Thread 3" daemon [_thread_blocked, id=14136, stack(0x000000fd6c400000,0x000000fd6c500000)]
  0x000002c4a6e870a0 JavaThread "ForkJoinPool.commonPool-worker-13" daemon [_thread_blocked, id=13988, stack(0x000000fd6c500000,0x000000fd6c600000)]
  0x000002c4a6e84d30 JavaThread "ForkJoinPool.commonPool-worker-14" daemon [_thread_blocked, id=6416, stack(0x000000fd6c600000,0x000000fd6c700000)]
  0x000002c4a6e81070 JavaThread "ForkJoinPool.commonPool-worker-15" daemon [_thread_blocked, id=14936, stack(0x000000fd6c700000,0x000000fd6c800000)]
  0x000002c4a6e85c60 JavaThread "included builds" [_thread_blocked, id=22144, stack(0x000000fd6b500000,0x000000fd6b600000)]
  0x000002c4a6e87ac0 JavaThread "Execution worker" [_thread_blocked, id=5212, stack(0x000000fd6c800000,0x000000fd6c900000)]
  0x000002c4a6e82ed0 JavaThread "Execution worker Thread 2" [_thread_blocked, id=6344, stack(0x000000fd6c900000,0x000000fd6ca00000)]
  0x000002c4a6e85240 JavaThread "Execution worker Thread 3" [_thread_blocked, id=21564, stack(0x000000fd6ca00000,0x000000fd6cb00000)]
  0x000002c4a6e889f0 JavaThread "Execution worker Thread 4" [_thread_blocked, id=2152, stack(0x000000fd6cb00000,0x000000fd6cc00000)]
  0x000002c4a6e86170 JavaThread "Execution worker Thread 5" [_thread_blocked, id=2704, stack(0x000000fd6cc00000,0x000000fd6cd00000)]
  0x000002c4a6e81a90 JavaThread "Execution worker Thread 6" [_thread_blocked, id=19704, stack(0x000000fd6cd00000,0x000000fd6ce00000)]
  0x000002c4a6e833e0 JavaThread "Execution worker Thread 7" [_thread_blocked, id=6160, stack(0x000000fd6ce00000,0x000000fd6cf00000)]
  0x000002c4a6e829c0 JavaThread "Execution worker Thread 8" [_thread_blocked, id=16096, stack(0x000000fd6cf00000,0x000000fd6d000000)]
  0x000002c4a6e81fa0 JavaThread "Execution worker Thread 9" [_thread_blocked, id=21648, stack(0x000000fd6d000000,0x000000fd6d100000)]
  0x000002c4a6e87fd0 JavaThread "Execution worker Thread 10" [_thread_blocked, id=17148, stack(0x000000fd6d100000,0x000000fd6d200000)]
  0x000002c4a6e83e00 JavaThread "Execution worker Thread 11" [_thread_blocked, id=7512, stack(0x000000fd6d200000,0x000000fd6d300000)]
  0x000002c4a6e86680 JavaThread "Execution worker Thread 12" [_thread_blocked, id=15596, stack(0x000000fd6d300000,0x000000fd6d400000)]
  0x000002c4a6e838f0 JavaThread "Execution worker Thread 13" [_thread_blocked, id=14008, stack(0x000000fd6d400000,0x000000fd6d500000)]
  0x000002c4a6e875b0 JavaThread "Execution worker Thread 14" [_thread_blocked, id=5496, stack(0x000000fd6d500000,0x000000fd6d600000)]
  0x000002c4a6e85750 JavaThread "Execution worker Thread 15" [_thread_blocked, id=6736, stack(0x000000fd6d600000,0x000000fd6d700000)]
  0x000002c4a6e86b90 JavaThread "Cache worker for execution history cache (C:\Users\devan\Videos\projects\solarman\solarApp\node_modules\@react-native\gradle-plugin\.gradle\8.3\executionHistory)" [_thread_blocked, id=19808, stack(0x000000fd6d700000,0x000000fd6d800000)]
  0x000002c4a6e884e0 JavaThread "Unconstrained build operations Thread 18" [_thread_blocked, id=10740, stack(0x000000fd6d800000,0x000000fd6d900000)]
  0x000002c4a6e81580 JavaThread "Unconstrained build operations Thread 19" [_thread_blocked, id=15780, stack(0x000000fd6d900000,0x000000fd6da00000)]
  0x000002c4a6e824b0 JavaThread "Unconstrained build operations Thread 20" [_thread_blocked, id=16944, stack(0x000000fd6da00000,0x000000fd6db00000)]
  0x000002c4a6e84310 JavaThread "Unconstrained build operations Thread 21" [_thread_blocked, id=17920, stack(0x000000fd6db00000,0x000000fd6dc00000)]
  0x000002c4a6e84820 JavaThread "Unconstrained build operations Thread 22" [_thread_blocked, id=10500, stack(0x000000fd6dc00000,0x000000fd6dd00000)]
  0x000002c4a32c51f0 JavaThread "Unconstrained build operations Thread 23" [_thread_blocked, id=11124, stack(0x000000fd6dd00000,0x000000fd6de00000)]
  0x000002c4a32c7a70 JavaThread "Unconstrained build operations Thread 24" [_thread_blocked, id=19016, stack(0x000000fd6de00000,0x000000fd6df00000)]
  0x000002c4a32c4ce0 JavaThread "Unconstrained build operations Thread 25" [_thread_blocked, id=8164, stack(0x000000fd6df00000,0x000000fd6e000000)]
  0x000002c4a32c6b40 JavaThread "Unconstrained build operations Thread 26" [_thread_blocked, id=21348, stack(0x000000fd6e000000,0x000000fd6e100000)]
  0x000002c4a32cb730 JavaThread "Unconstrained build operations Thread 27" [_thread_blocked, id=16776, stack(0x000000fd6e100000,0x000000fd6e200000)]
  0x000002c4a32c42c0 JavaThread "Unconstrained build operations Thread 28" [_thread_blocked, id=15580, stack(0x000000fd6e200000,0x000000fd6e300000)]
  0x000002c4a32cad10 JavaThread "Unconstrained build operations Thread 29" [_thread_blocked, id=13068, stack(0x000000fd6e300000,0x000000fd6e400000)]
  0x000002c4a32c8eb0 JavaThread "Unconstrained build operations Thread 30" [_thread_blocked, id=14952, stack(0x000000fd6e400000,0x000000fd6e500000)]
  0x000002c4a32cbc40 JavaThread "Unconstrained build operations Thread 31" [_thread_blocked, id=16352, stack(0x000000fd6e500000,0x000000fd6e600000)]
  0x000002c4a32c93c0 JavaThread "Unconstrained build operations Thread 32" [_thread_blocked, id=10324, stack(0x000000fd6e600000,0x000000fd6e700000)]
  0x000002c4a32c47d0 JavaThread "Unconstrained build operations Thread 33" [_thread_blocked, id=12284, stack(0x000000fd6e700000,0x000000fd6e800000)]
  0x000002c4a32ca2f0 JavaThread "Unconstrained build operations Thread 34" [_thread_blocked, id=11072, stack(0x000000fd6e800000,0x000000fd6e900000)]
  0x000002c4a32c8490 JavaThread "Unconstrained build operations Thread 35" [_thread_blocked, id=18372, stack(0x000000fd6e900000,0x000000fd6ea00000)]
  0x000002c4a32cb220 JavaThread "Unconstrained build operations Thread 36" [_thread_blocked, id=20044, stack(0x000000fd6ea00000,0x000000fd6eb00000)]
  0x000002c4a32c5700 JavaThread "Unconstrained build operations Thread 37" [_thread_blocked, id=13804, stack(0x000000fd6eb00000,0x000000fd6ec00000)]
  0x000002c4a32c5c10 JavaThread "Unconstrained build operations Thread 38" [_thread_blocked, id=21752, stack(0x000000fd6ec00000,0x000000fd6ed00000)]
  0x000002c4a32ca800 JavaThread "Unconstrained build operations Thread 39" [_thread_blocked, id=8880, stack(0x000000fd6ed00000,0x000000fd6ee00000)]
  0x000002c4a32c9de0 JavaThread "Unconstrained build operations Thread 40" [_thread_blocked, id=10488, stack(0x000000fd6ee00000,0x000000fd6ef00000)]
  0x000002c4a32c98d0 JavaThread "Unconstrained build operations Thread 41" [_thread_blocked, id=13604, stack(0x000000fd6ef00000,0x000000fd6f000000)]
  0x000002c4a32c89a0 JavaThread "Unconstrained build operations Thread 42" [_thread_blocked, id=20948, stack(0x000000fd6f000000,0x000000fd6f100000)]
  0x000002c4a32c6120 JavaThread "Unconstrained build operations Thread 43" [_thread_blocked, id=8584, stack(0x000000fd6f100000,0x000000fd6f200000)]
  0x000002c4a32c7050 JavaThread "Unconstrained build operations Thread 44" [_thread_blocked, id=9800, stack(0x000000fd6f200000,0x000000fd6f300000)]
  0x000002c4a32c6630 JavaThread "Unconstrained build operations Thread 45" [_thread_blocked, id=15252, stack(0x000000fd6f300000,0x000000fd6f400000)]
  0x000002c4a32c7560 JavaThread "Unconstrained build operations Thread 46" [_thread_blocked, id=18424, stack(0x000000fd6f400000,0x000000fd6f500000)]
  0x000002c4a32c7f80 JavaThread "Unconstrained build operations Thread 47" [_thread_blocked, id=5832, stack(0x000000fd6f500000,0x000000fd6f600000)]
  0x000002c4a70b47d0 JavaThread "Unconstrained build operations Thread 48" [_thread_blocked, id=20320, stack(0x000000fd6f600000,0x000000fd6f700000)]
  0x000002c4a70b2e80 JavaThread "Unconstrained build operations Thread 49" [_thread_blocked, id=21084, stack(0x000000fd6f700000,0x000000fd6f800000)]
  0x000002c4ff979f40 JavaThread "C2 CompilerThread1" daemon [_thread_in_native, id=21152, stack(0x000000fd69b00000,0x000000fd69c00000)]
  0x000002c4a9135be0 JavaThread "C2 CompilerThread2" daemon [_thread_in_native, id=1552, stack(0x000000fd6a200000,0x000000fd6a300000)]
  0x000002c4a9138110 JavaThread "C2 CompilerThread3" daemon [_thread_in_native, id=22300, stack(0x000000fd6f800000,0x000000fd6f900000)]
=>0x000002c4aa1addd0 JavaThread "C2 CompilerThread4" daemon [_thread_in_native, id=12176, stack(0x000000fd6f900000,0x000000fd6fa00000)]

Other Threads:
  0x000002c4fe7fa8e0 VMThread "VM Thread" [stack: 0x000000fd65900000,0x000000fd65a00000] [id=22508]
  0x000002c4e41633c0 WatcherThread [stack: 0x000000fd66800000,0x000000fd66900000] [id=13500]
  0x000002c4e41c2620 GCTaskThread "GC Thread#0" [stack: 0x000000fd65400000,0x000000fd65500000] [id=10836]
  0x000002c4a371fb20 GCTaskThread "GC Thread#1" [stack: 0x000000fd66b00000,0x000000fd66c00000] [id=11652]
  0x000002c4a36b2200 GCTaskThread "GC Thread#2" [stack: 0x000000fd66c00000,0x000000fd66d00000] [id=21880]
  0x000002c4a36b24c0 GCTaskThread "GC Thread#3" [stack: 0x000000fd66d00000,0x000000fd66e00000] [id=18592]
  0x000002c4a32e3c70 GCTaskThread "GC Thread#4" [stack: 0x000000fd66e00000,0x000000fd66f00000] [id=6400]
  0x000002c4a3627430 GCTaskThread "GC Thread#5" [stack: 0x000000fd67f00000,0x000000fd68000000] [id=2124]
  0x000002c4a36284b0 GCTaskThread "GC Thread#6" [stack: 0x000000fd68000000,0x000000fd68100000] [id=21616]
  0x000002c4a36276f0 GCTaskThread "GC Thread#7" [stack: 0x000000fd68100000,0x000000fd68200000] [id=904]
  0x000002c4a36279b0 GCTaskThread "GC Thread#8" [stack: 0x000000fd68200000,0x000000fd68300000] [id=22428]
  0x000002c4a3627c70 GCTaskThread "GC Thread#9" [stack: 0x000000fd68300000,0x000000fd68400000] [id=2644]
  0x000002c4a3628fb0 GCTaskThread "GC Thread#10" [stack: 0x000000fd68400000,0x000000fd68500000] [id=13264]
  0x000002c4a36281f0 GCTaskThread "GC Thread#11" [stack: 0x000000fd68500000,0x000000fd68600000] [id=19100]
  0x000002c4a3628a30 GCTaskThread "GC Thread#12" [stack: 0x000000fd68600000,0x000000fd68700000] [id=15484]
  0x000002c4e41d3780 ConcurrentGCThread "G1 Main Marker" [stack: 0x000000fd65500000,0x000000fd65600000] [id=6936]
  0x000002c4e41d41a0 ConcurrentGCThread "G1 Conc#0" [stack: 0x000000fd65600000,0x000000fd65700000] [id=16920]
  0x000002c4a3628770 ConcurrentGCThread "G1 Conc#1" [stack: 0x000000fd68700000,0x000000fd68800000] [id=10812]
  0x000002c4a6b8eaa0 ConcurrentGCThread "G1 Conc#2" [stack: 0x000000fd68800000,0x000000fd68900000] [id=11016]
  0x000002c4e420e000 ConcurrentGCThread "G1 Refine#0" [stack: 0x000000fd65700000,0x000000fd65800000] [id=6276]
  0x000002c4e420ea30 ConcurrentGCThread "G1 Service" [stack: 0x000000fd65800000,0x000000fd65900000] [id=11688]

Threads with active compile tasks:
C2 CompilerThread0    20017 10969       4       java.lang.Class::getMethod (59 bytes)
C2 CompilerThread1    20017 10980   !   4       com.sun.beans.TypeResolver::resolve (261 bytes)
C2 CompilerThread2    20017 10896       4       java.beans.Introspector::addMethod (196 bytes)
C2 CompilerThread3    20018 10976       4       java.lang.Class::privateGetPublicMethods (224 bytes)
C2 CompilerThread4    20018 10996       4       com.sun.beans.TypeResolver::resolve (37 bytes)

VM state: not at safepoint (normal execution)

VM Mutex/Monitor currently owned by a thread: None

Heap address: 0x0000000080000000, size: 2048 MB, Compressed Oops mode: 32-bit

CDS archive(s) mapped at: [0x000002c484000000-0x000002c484bb0000-0x000002c484bb0000), size 12255232, SharedBaseAddress: 0x000002c484000000, ArchiveRelocationMode: 1.
Compressed class space mapped at: 0x000002c485000000-0x000002c49f000000, reserved size: 436207616
Narrow klass base: 0x000002c484000000, Narrow klass shift: 0, Narrow klass range: 0x100000000

GC Precious Log:
 CPUs: 16 total, 16 available
 Memory: 15790M
 Large Page Support: Disabled
 NUMA Support: Disabled
 Compressed Oops: Enabled (32-bit)
 Heap Region Size: 1M
 Heap Min Capacity: 8M
 Heap Initial Capacity: 248M
 Heap Max Capacity: 2G
 Pre-touch: Disabled
 Parallel Workers: 13
 Concurrent Workers: 3
 Concurrent Refinement Workers: 13
 Periodic GC: Disabled

Heap:
 garbage-first heap   total 166912K, used 123075K [0x0000000080000000, 0x0000000100000000)
  region size 1024K, 34 young (34816K), 5 survivors (5120K)
 Metaspace       used 84581K, committed 85376K, reserved 557056K
  class space    used 11625K, committed 11968K, reserved 425984K

Heap Regions: E=young(eden), S=young(survivor), O=old, HS=humongous(starts), HC=humongous(continues), CS=collection set, F=free, OA=open archive, CA=closed archive, TAMS=top-at-mark-start (previous, next)
|   0|0x0000000080000000, 0x0000000080100000, 0x0000000080100000|100%|HS|  |TAMS 0x0000000080100000, 0x0000000080000000| Complete 
|   1|0x0000000080100000, 0x0000000080200000, 0x0000000080200000|100%|HC|  |TAMS 0x0000000080200000, 0x0000000080100000| Complete 
|   2|0x0000000080200000, 0x0000000080300000, 0x0000000080300000|100%|HC|  |TAMS 0x0000000080300000, 0x0000000080200000| Complete 
|   3|0x0000000080300000, 0x0000000080400000, 0x0000000080400000|100%|HC|  |TAMS 0x0000000080400000, 0x0000000080300000| Complete 
|   4|0x0000000080400000, 0x0000000080500000, 0x0000000080500000|100%| O|  |TAMS 0x0000000080500000, 0x0000000080400000| Untracked 
|   5|0x0000000080500000, 0x0000000080600000, 0x0000000080600000|100%| O|  |TAMS 0x0000000080600000, 0x0000000080500000| Untracked 
|   6|0x0000000080600000, 0x0000000080700000, 0x0000000080700000|100%| O|  |TAMS 0x0000000080700000, 0x0000000080600000| Untracked 
|   7|0x0000000080700000, 0x0000000080800000, 0x0000000080800000|100%| O|  |TAMS 0x0000000080800000, 0x0000000080700000| Untracked 
|   8|0x0000000080800000, 0x0000000080900000, 0x0000000080900000|100%| O|  |TAMS 0x0000000080900000, 0x0000000080800000| Untracked 
|   9|0x0000000080900000, 0x0000000080a00000, 0x0000000080a00000|100%| O|  |TAMS 0x0000000080a00000, 0x0000000080900000| Untracked 
|  10|0x0000000080a00000, 0x0000000080ac6000, 0x0000000080b00000| 77%| O|  |TAMS 0x0000000080ac6000, 0x0000000080a00000| Untracked 
|  11|0x0000000080b00000, 0x0000000080c00000, 0x0000000080c00000|100%| O|  |TAMS 0x0000000080c00000, 0x0000000080b00000| Untracked 
|  12|0x0000000080c00000, 0x0000000080d00000, 0x0000000080d00000|100%| O|  |TAMS 0x0000000080d00000, 0x0000000080c00000| Untracked 
|  13|0x0000000080d00000, 0x0000000080e00000, 0x0000000080e00000|100%| O|  |TAMS 0x0000000080e00000, 0x0000000080d00000| Untracked 
|  14|0x0000000080e00000, 0x0000000080f00000, 0x0000000080f00000|100%| O|  |TAMS 0x0000000080f00000, 0x0000000080e00000| Untracked 
|  15|0x0000000080f00000, 0x0000000081000000, 0x0000000081000000|100%| O|  |TAMS 0x0000000081000000, 0x0000000080f00000| Untracked 
|  16|0x0000000081000000, 0x0000000081100000, 0x0000000081100000|100%| O|  |TAMS 0x0000000081100000, 0x0000000081000000| Untracked 
|  17|0x0000000081100000, 0x0000000081200000, 0x0000000081200000|100%| O|  |TAMS 0x0000000081200000, 0x0000000081100000| Untracked 
|  18|0x0000000081200000, 0x0000000081300000, 0x0000000081300000|100%| O|  |TAMS 0x0000000081300000, 0x0000000081200000| Untracked 
|  19|0x0000000081300000, 0x0000000081400000, 0x0000000081400000|100%| O|  |TAMS 0x0000000081400000, 0x0000000081300000| Untracked 
|  20|0x0000000081400000, 0x0000000081500000, 0x0000000081500000|100%| O|  |TAMS 0x0000000081500000, 0x0000000081400000| Untracked 
|  21|0x0000000081500000, 0x0000000081600000, 0x0000000081600000|100%| O|  |TAMS 0x0000000081600000, 0x0000000081500000| Untracked 
|  22|0x0000000081600000, 0x0000000081700000, 0x0000000081700000|100%|HS|  |TAMS 0x0000000081600000, 0x0000000081600000| Complete 
|  23|0x0000000081700000, 0x0000000081800000, 0x0000000081800000|100%| O|  |TAMS 0x0000000081800000, 0x0000000081700000| Untracked 
|  24|0x0000000081800000, 0x0000000081900000, 0x0000000081900000|100%| O|  |TAMS 0x0000000081900000, 0x0000000081800000| Untracked 
|  25|0x0000000081900000, 0x0000000081a00000, 0x0000000081a00000|100%| O|  |TAMS 0x0000000081a00000, 0x0000000081900000| Untracked 
|  26|0x0000000081a00000, 0x0000000081b00000, 0x0000000081b00000|100%| O|  |TAMS 0x0000000081b00000, 0x0000000081a00000| Untracked 
|  27|0x0000000081b00000, 0x0000000081c00000, 0x0000000081c00000|100%| O|  |TAMS 0x0000000081c00000, 0x0000000081b00000| Untracked 
|  28|0x0000000081c00000, 0x0000000081d00000, 0x0000000081d00000|100%| O|  |TAMS 0x0000000081d00000, 0x0000000081c00000| Untracked 
|  29|0x0000000081d00000, 0x0000000081e00000, 0x0000000081e00000|100%| O|  |TAMS 0x0000000081e00000, 0x0000000081d00000| Untracked 
|  30|0x0000000081e00000, 0x0000000081f00000, 0x0000000081f00000|100%| O|  |TAMS 0x0000000081f00000, 0x0000000081e00000| Untracked 
|  31|0x0000000081f00000, 0x0000000082000000, 0x0000000082000000|100%| O|  |TAMS 0x0000000082000000, 0x0000000081f00000| Untracked 
|  32|0x0000000082000000, 0x0000000082100000, 0x0000000082100000|100%| O|  |TAMS 0x0000000082100000, 0x0000000082000000| Untracked 
|  33|0x0000000082100000, 0x0000000082200000, 0x0000000082200000|100%| O|  |TAMS 0x0000000082200000, 0x0000000082100000| Untracked 
|  34|0x0000000082200000, 0x0000000082300000, 0x0000000082300000|100%| O|  |TAMS 0x0000000082300000, 0x0000000082200000| Untracked 
|  35|0x0000000082300000, 0x0000000082400000, 0x0000000082400000|100%| O|  |TAMS 0x0000000082400000, 0x0000000082300000| Untracked 
|  36|0x0000000082400000, 0x0000000082500000, 0x0000000082500000|100%| O|  |TAMS 0x0000000082500000, 0x0000000082400000| Untracked 
|  37|0x0000000082500000, 0x0000000082600000, 0x0000000082600000|100%| O|  |TAMS 0x0000000082600000, 0x0000000082500000| Untracked 
|  38|0x0000000082600000, 0x0000000082700000, 0x0000000082700000|100%| O|  |TAMS 0x0000000082700000, 0x0000000082600000| Untracked 
|  39|0x0000000082700000, 0x0000000082800000, 0x0000000082800000|100%| O|  |TAMS 0x0000000082800000, 0x0000000082700000| Untracked 
|  40|0x0000000082800000, 0x0000000082900000, 0x0000000082900000|100%| O|  |TAMS 0x0000000082900000, 0x0000000082800000| Untracked 
|  41|0x0000000082900000, 0x0000000082a00000, 0x0000000082a00000|100%| O|  |TAMS 0x0000000082a00000, 0x0000000082900000| Untracked 
|  42|0x0000000082a00000, 0x0000000082b00000, 0x0000000082b00000|100%|HS|  |TAMS 0x0000000082b00000, 0x0000000082a00000| Complete 
|  43|0x0000000082b00000, 0x0000000082c00000, 0x0000000082c00000|100%|HC|  |TAMS 0x0000000082c00000, 0x0000000082b00000| Complete 
|  44|0x0000000082c00000, 0x0000000082d00000, 0x0000000082d00000|100%|HS|  |TAMS 0x0000000082d00000, 0x0000000082c00000| Complete 
|  45|0x0000000082d00000, 0x0000000082e00000, 0x0000000082e00000|100%|HC|  |TAMS 0x0000000082e00000, 0x0000000082d00000| Complete 
|  46|0x0000000082e00000, 0x0000000082f00000, 0x0000000082f00000|100%|HS|  |TAMS 0x0000000082f00000, 0x0000000082e00000| Complete 
|  47|0x0000000082f00000, 0x0000000083000000, 0x0000000083000000|100%|HC|  |TAMS 0x0000000083000000, 0x0000000082f00000| Complete 
|  48|0x0000000083000000, 0x0000000083100000, 0x0000000083100000|100%|HC|  |TAMS 0x0000000083100000, 0x0000000083000000| Complete 
|  49|0x0000000083100000, 0x0000000083200000, 0x0000000083200000|100%|HC|  |TAMS 0x0000000083200000, 0x0000000083100000| Complete 
|  50|0x0000000083200000, 0x0000000083300000, 0x0000000083300000|100%| O|  |TAMS 0x0000000083300000, 0x0000000083200000| Untracked 
|  51|0x0000000083300000, 0x0000000083400000, 0x0000000083400000|100%| O|  |TAMS 0x0000000083400000, 0x0000000083300000| Untracked 
|  52|0x0000000083400000, 0x0000000083500000, 0x0000000083500000|100%| O|  |TAMS 0x0000000083500000, 0x0000000083400000| Untracked 
|  53|0x0000000083500000, 0x0000000083600000, 0x0000000083600000|100%| O|  |TAMS 0x0000000083600000, 0x0000000083500000| Untracked 
|  54|0x0000000083600000, 0x0000000083700000, 0x0000000083700000|100%| O|  |TAMS 0x0000000083700000, 0x0000000083600000| Untracked 
|  55|0x0000000083700000, 0x0000000083800000, 0x0000000083800000|100%| O|  |TAMS 0x0000000083800000, 0x0000000083700000| Untracked 
|  56|0x0000000083800000, 0x0000000083900000, 0x0000000083900000|100%|HS|  |TAMS 0x0000000083900000, 0x0000000083800000| Complete 
|  57|0x0000000083900000, 0x0000000083a00000, 0x0000000083a00000|100%|HC|  |TAMS 0x0000000083a00000, 0x0000000083900000| Complete 
|  58|0x0000000083a00000, 0x0000000083b00000, 0x0000000083b00000|100%|HC|  |TAMS 0x0000000083b00000, 0x0000000083a00000| Complete 
|  59|0x0000000083b00000, 0x0000000083c00000, 0x0000000083c00000|100%|HC|  |TAMS 0x0000000083c00000, 0x0000000083b00000| Complete 
|  60|0x0000000083c00000, 0x0000000083d00000, 0x0000000083d00000|100%| O|  |TAMS 0x0000000083d00000, 0x0000000083c00000| Untracked 
|  61|0x0000000083d00000, 0x0000000083e00000, 0x0000000083e00000|100%| O|  |TAMS 0x0000000083e00000, 0x0000000083d00000| Untracked 
|  62|0x0000000083e00000, 0x0000000083f00000, 0x0000000083f00000|100%| O|  |TAMS 0x0000000083f00000, 0x0000000083e00000| Untracked 
|  63|0x0000000083f00000, 0x0000000083fffff8, 0x0000000084000000| 99%| O|  |TAMS 0x0000000083f6c000, 0x0000000083f00000| Untracked 
|  64|0x0000000084000000, 0x0000000084100000, 0x0000000084100000|100%|HS|  |TAMS 0x0000000084000000, 0x0000000084000000| Complete 
|  65|0x0000000084100000, 0x0000000084200000, 0x0000000084200000|100%|HS|  |TAMS 0x0000000084100000, 0x0000000084100000| Complete 
|  66|0x0000000084200000, 0x0000000084300000, 0x0000000084300000|100%| O|  |TAMS 0x0000000084200000, 0x0000000084200000| Untracked 
|  67|0x0000000084300000, 0x0000000084400000, 0x0000000084400000|100%|HS|  |TAMS 0x0000000084300000, 0x0000000084300000| Complete 
|  68|0x0000000084400000, 0x0000000084500000, 0x0000000084500000|100%| O|  |TAMS 0x0000000084400000, 0x0000000084400000| Untracked 
|  69|0x0000000084500000, 0x0000000084600000, 0x0000000084600000|100%| O|  |TAMS 0x0000000084500000, 0x0000000084500000| Untracked 
|  70|0x0000000084600000, 0x0000000084700000, 0x0000000084700000|100%| O|  |TAMS 0x0000000084600000, 0x0000000084600000| Untracked 
|  71|0x0000000084700000, 0x0000000084800000, 0x0000000084800000|100%| O|  |TAMS 0x0000000084700000, 0x0000000084700000| Untracked 
|  72|0x0000000084800000, 0x0000000084900000, 0x0000000084900000|100%| O|  |TAMS 0x0000000084800000, 0x0000000084800000| Untracked 
|  73|0x0000000084900000, 0x0000000084a00000, 0x0000000084a00000|100%| O|  |TAMS 0x0000000084900000, 0x0000000084900000| Untracked 
|  74|0x0000000084a00000, 0x0000000084b00000, 0x0000000084b00000|100%| O|  |TAMS 0x0000000084a00000, 0x0000000084a00000| Untracked 
|  75|0x0000000084b00000, 0x0000000084c00000, 0x0000000084c00000|100%| O|  |TAMS 0x0000000084b00000, 0x0000000084b00000| Untracked 
|  76|0x0000000084c00000, 0x0000000084d00000, 0x0000000084d00000|100%| O|  |TAMS 0x0000000084c00000, 0x0000000084c00000| Untracked 
|  77|0x0000000084d00000, 0x0000000084e00000, 0x0000000084e00000|100%| O|  |TAMS 0x0000000084d00000, 0x0000000084d00000| Untracked 
|  78|0x0000000084e00000, 0x0000000084f00000, 0x0000000084f00000|100%| O|  |TAMS 0x0000000084e00000, 0x0000000084e00000| Untracked 
|  79|0x0000000084f00000, 0x0000000085000000, 0x0000000085000000|100%| O|  |TAMS 0x0000000084f00000, 0x0000000084f00000| Untracked 
|  80|0x0000000085000000, 0x0000000085100000, 0x0000000085100000|100%|HS|  |TAMS 0x0000000085000000, 0x0000000085000000| Complete 
|  81|0x0000000085100000, 0x0000000085200000, 0x0000000085200000|100%| O|  |TAMS 0x0000000085100000, 0x0000000085100000| Untracked 
|  82|0x0000000085200000, 0x0000000085300000, 0x0000000085300000|100%| O|  |TAMS 0x0000000085200000, 0x0000000085200000| Untracked 
|  83|0x0000000085300000, 0x0000000085349400, 0x0000000085400000| 28%| O|  |TAMS 0x0000000085300000, 0x0000000085300000| Untracked 
|  84|0x0000000085400000, 0x0000000085500000, 0x0000000085500000|100%| O|  |TAMS 0x0000000085400000, 0x0000000085400000| Untracked 
|  85|0x0000000085500000, 0x0000000085500000, 0x0000000085600000|  0%| F|  |TAMS 0x0000000085500000, 0x0000000085500000| Untracked 
|  86|0x0000000085600000, 0x0000000085700000, 0x0000000085700000|100%| O|  |TAMS 0x0000000085600000, 0x0000000085600000| Untracked 
|  87|0x0000000085700000, 0x0000000085800000, 0x0000000085800000|100%| O|  |TAMS 0x0000000085700000, 0x0000000085700000| Untracked 
|  88|0x0000000085800000, 0x0000000085900000, 0x0000000085900000|100%| O|  |TAMS 0x0000000085800000, 0x0000000085800000| Untracked 
|  89|0x0000000085900000, 0x0000000085a00000, 0x0000000085a00000|100%| O|  |TAMS 0x0000000085900000, 0x0000000085900000| Untracked 
|  90|0x0000000085a00000, 0x0000000085a00000, 0x0000000085b00000|  0%| F|  |TAMS 0x0000000085a00000, 0x0000000085a00000| Untracked 
|  91|0x0000000085b00000, 0x0000000085b00000, 0x0000000085c00000|  0%| F|  |TAMS 0x0000000085b00000, 0x0000000085b00000| Untracked 
|  92|0x0000000085c00000, 0x0000000085c00000, 0x0000000085d00000|  0%| F|  |TAMS 0x0000000085c00000, 0x0000000085c00000| Untracked 
|  93|0x0000000085d00000, 0x0000000085d00000, 0x0000000085e00000|  0%| F|  |TAMS 0x0000000085d00000, 0x0000000085d00000| Untracked 
|  94|0x0000000085e00000, 0x0000000085e00000, 0x0000000085f00000|  0%| F|  |TAMS 0x0000000085e00000, 0x0000000085e00000| Untracked 
|  95|0x0000000085f00000, 0x0000000085f00000, 0x0000000086000000|  0%| F|  |TAMS 0x0000000085f00000, 0x0000000085f00000| Untracked 
|  96|0x0000000086000000, 0x0000000086000000, 0x0000000086100000|  0%| F|  |TAMS 0x0000000086000000, 0x0000000086000000| Untracked 
|  97|0x0000000086100000, 0x0000000086100000, 0x0000000086200000|  0%| F|  |TAMS 0x0000000086100000, 0x0000000086100000| Untracked 
|  98|0x0000000086200000, 0x0000000086200000, 0x0000000086300000|  0%| F|  |TAMS 0x0000000086200000, 0x0000000086200000| Untracked 
|  99|0x0000000086300000, 0x0000000086300000, 0x0000000086400000|  0%| F|  |TAMS 0x0000000086300000, 0x0000000086300000| Untracked 
| 100|0x0000000086400000, 0x0000000086400000, 0x0000000086500000|  0%| F|  |TAMS 0x0000000086400000, 0x0000000086400000| Untracked 
| 101|0x0000000086500000, 0x0000000086500000, 0x0000000086600000|  0%| F|  |TAMS 0x0000000086500000, 0x0000000086500000| Untracked 
| 102|0x0000000086600000, 0x0000000086600000, 0x0000000086700000|  0%| F|  |TAMS 0x0000000086600000, 0x0000000086600000| Untracked 
| 103|0x0000000086700000, 0x0000000086700000, 0x0000000086800000|  0%| F|  |TAMS 0x0000000086700000, 0x0000000086700000| Untracked 
| 104|0x0000000086800000, 0x0000000086800000, 0x0000000086900000|  0%| F|  |TAMS 0x0000000086800000, 0x0000000086800000| Untracked 
| 105|0x0000000086900000, 0x0000000086900000, 0x0000000086a00000|  0%| F|  |TAMS 0x0000000086900000, 0x0000000086900000| Untracked 
| 106|0x0000000086a00000, 0x0000000086a00000, 0x0000000086b00000|  0%| F|  |TAMS 0x0000000086a00000, 0x0000000086a00000| Untracked 
| 107|0x0000000086b00000, 0x0000000086b00000, 0x0000000086c00000|  0%| F|  |TAMS 0x0000000086b00000, 0x0000000086b00000| Untracked 
| 108|0x0000000086c00000, 0x0000000086c00000, 0x0000000086d00000|  0%| F|  |TAMS 0x0000000086c00000, 0x0000000086c00000| Untracked 
| 109|0x0000000086d00000, 0x0000000086d00000, 0x0000000086e00000|  0%| F|  |TAMS 0x0000000086d00000, 0x0000000086d00000| Untracked 
| 110|0x0000000086e00000, 0x0000000086e00000, 0x0000000086f00000|  0%| F|  |TAMS 0x0000000086e00000, 0x0000000086e00000| Untracked 
| 111|0x0000000086f00000, 0x0000000086f00000, 0x0000000087000000|  0%| F|  |TAMS 0x0000000086f00000, 0x0000000086f00000| Untracked 
| 112|0x0000000087000000, 0x0000000087000000, 0x0000000087100000|  0%| F|  |TAMS 0x0000000087000000, 0x0000000087000000| Untracked 
| 113|0x0000000087100000, 0x0000000087100000, 0x0000000087200000|  0%| F|  |TAMS 0x0000000087100000, 0x0000000087100000| Untracked 
| 114|0x0000000087200000, 0x0000000087200000, 0x0000000087300000|  0%| F|  |TAMS 0x0000000087200000, 0x0000000087200000| Untracked 
| 115|0x0000000087300000, 0x0000000087300000, 0x0000000087400000|  0%| F|  |TAMS 0x0000000087300000, 0x0000000087300000| Untracked 
| 116|0x0000000087400000, 0x0000000087400000, 0x0000000087500000|  0%| F|  |TAMS 0x0000000087400000, 0x0000000087400000| Untracked 
| 117|0x0000000087500000, 0x0000000087521868, 0x0000000087600000| 13%| S|CS|TAMS 0x0000000087500000, 0x0000000087500000| Complete 
| 118|0x0000000087600000, 0x0000000087700000, 0x0000000087700000|100%| S|CS|TAMS 0x0000000087600000, 0x0000000087600000| Complete 
| 119|0x0000000087700000, 0x0000000087800000, 0x0000000087800000|100%| S|CS|TAMS 0x0000000087700000, 0x0000000087700000| Complete 
| 120|0x0000000087800000, 0x0000000087900000, 0x0000000087900000|100%| S|CS|TAMS 0x0000000087800000, 0x0000000087800000| Complete 
| 121|0x0000000087900000, 0x0000000087a00000, 0x0000000087a00000|100%| S|CS|TAMS 0x0000000087900000, 0x0000000087900000| Complete 
| 122|0x0000000087a00000, 0x0000000087a00000, 0x0000000087b00000|  0%| F|  |TAMS 0x0000000087a00000, 0x0000000087a00000| Untracked 
| 123|0x0000000087b00000, 0x0000000087b00000, 0x0000000087c00000|  0%| F|  |TAMS 0x0000000087b00000, 0x0000000087b00000| Untracked 
| 124|0x0000000087c00000, 0x0000000087c00000, 0x0000000087d00000|  0%| F|  |TAMS 0x0000000087c00000, 0x0000000087c00000| Untracked 
| 125|0x0000000087d00000, 0x0000000087d00000, 0x0000000087e00000|  0%| F|  |TAMS 0x0000000087d00000, 0x0000000087d00000| Untracked 
| 126|0x0000000087e00000, 0x0000000087e00000, 0x0000000087f00000|  0%| F|  |TAMS 0x0000000087e00000, 0x0000000087e00000| Untracked 
| 127|0x0000000087f00000, 0x0000000087f00000, 0x0000000088000000|  0%| F|  |TAMS 0x0000000087f00000, 0x0000000087f00000| Untracked 
| 128|0x0000000088000000, 0x0000000088000000, 0x0000000088100000|  0%| F|  |TAMS 0x0000000088000000, 0x0000000088000000| Untracked 
| 129|0x0000000088100000, 0x0000000088100000, 0x0000000088200000|  0%| F|  |TAMS 0x0000000088100000, 0x0000000088100000| Untracked 
| 130|0x0000000088200000, 0x0000000088200000, 0x0000000088300000|  0%| F|  |TAMS 0x0000000088200000, 0x0000000088200000| Untracked 
| 131|0x0000000088300000, 0x0000000088300000, 0x0000000088400000|  0%| F|  |TAMS 0x0000000088300000, 0x0000000088300000| Untracked 
| 132|0x0000000088400000, 0x0000000088400000, 0x0000000088500000|  0%| F|  |TAMS 0x0000000088400000, 0x0000000088400000| Untracked 
| 133|0x0000000088500000, 0x0000000088500000, 0x0000000088600000|  0%| F|  |TAMS 0x0000000088500000, 0x0000000088500000| Untracked 
| 134|0x0000000088600000, 0x0000000088680800, 0x0000000088700000| 50%| E|  |TAMS 0x0000000088600000, 0x0000000088600000| Complete 
| 135|0x0000000088700000, 0x0000000088800000, 0x0000000088800000|100%| E|CS|TAMS 0x0000000088700000, 0x0000000088700000| Complete 
| 136|0x0000000088800000, 0x0000000088900000, 0x0000000088900000|100%| E|CS|TAMS 0x0000000088800000, 0x0000000088800000| Complete 
| 137|0x0000000088900000, 0x0000000088a00000, 0x0000000088a00000|100%| E|CS|TAMS 0x0000000088900000, 0x0000000088900000| Complete 
| 138|0x0000000088a00000, 0x0000000088b00000, 0x0000000088b00000|100%| E|CS|TAMS 0x0000000088a00000, 0x0000000088a00000| Complete 
| 139|0x0000000088b00000, 0x0000000088c00000, 0x0000000088c00000|100%| E|CS|TAMS 0x0000000088b00000, 0x0000000088b00000| Complete 
| 140|0x0000000088c00000, 0x0000000088d00000, 0x0000000088d00000|100%| E|CS|TAMS 0x0000000088c00000, 0x0000000088c00000| Complete 
| 141|0x0000000088d00000, 0x0000000088e00000, 0x0000000088e00000|100%| E|CS|TAMS 0x0000000088d00000, 0x0000000088d00000| Complete 
| 142|0x0000000088e00000, 0x0000000088f00000, 0x0000000088f00000|100%| E|CS|TAMS 0x0000000088e00000, 0x0000000088e00000| Complete 
| 143|0x0000000088f00000, 0x0000000089000000, 0x0000000089000000|100%| E|CS|TAMS 0x0000000088f00000, 0x0000000088f00000| Complete 
| 144|0x0000000089000000, 0x0000000089100000, 0x0000000089100000|100%| E|CS|TAMS 0x0000000089000000, 0x0000000089000000| Complete 
| 145|0x0000000089100000, 0x0000000089200000, 0x0000000089200000|100%| E|CS|TAMS 0x0000000089100000, 0x0000000089100000| Complete 
| 146|0x0000000089200000, 0x0000000089300000, 0x0000000089300000|100%| E|CS|TAMS 0x0000000089200000, 0x0000000089200000| Complete 
| 147|0x0000000089300000, 0x0000000089400000, 0x0000000089400000|100%| E|CS|TAMS 0x0000000089300000, 0x0000000089300000| Complete 
| 148|0x0000000089400000, 0x0000000089500000, 0x0000000089500000|100%| E|CS|TAMS 0x0000000089400000, 0x0000000089400000| Complete 
| 149|0x0000000089500000, 0x0000000089600000, 0x0000000089600000|100%| E|CS|TAMS 0x0000000089500000, 0x0000000089500000| Complete 
| 150|0x0000000089600000, 0x0000000089700000, 0x0000000089700000|100%| E|CS|TAMS 0x0000000089600000, 0x0000000089600000| Complete 
| 151|0x0000000089700000, 0x0000000089800000, 0x0000000089800000|100%| E|CS|TAMS 0x0000000089700000, 0x0000000089700000| Complete 
| 152|0x0000000089800000, 0x0000000089900000, 0x0000000089900000|100%| E|CS|TAMS 0x0000000089800000, 0x0000000089800000| Complete 
| 153|0x0000000089900000, 0x0000000089a00000, 0x0000000089a00000|100%| E|CS|TAMS 0x0000000089900000, 0x0000000089900000| Complete 
| 154|0x0000000089a00000, 0x0000000089b00000, 0x0000000089b00000|100%| E|CS|TAMS 0x0000000089a00000, 0x0000000089a00000| Complete 
| 155|0x0000000089b00000, 0x0000000089c00000, 0x0000000089c00000|100%| E|CS|TAMS 0x0000000089b00000, 0x0000000089b00000| Complete 
| 156|0x0000000089c00000, 0x0000000089d00000, 0x0000000089d00000|100%| E|CS|TAMS 0x0000000089c00000, 0x0000000089c00000| Complete 
| 157|0x0000000089d00000, 0x0000000089e00000, 0x0000000089e00000|100%| E|CS|TAMS 0x0000000089d00000, 0x0000000089d00000| Complete 
| 158|0x0000000089e00000, 0x0000000089f00000, 0x0000000089f00000|100%| E|CS|TAMS 0x0000000089e00000, 0x0000000089e00000| Complete 
| 159|0x0000000089f00000, 0x000000008a000000, 0x000000008a000000|100%| E|CS|TAMS 0x0000000089f00000, 0x0000000089f00000| Complete 
| 160|0x000000008a000000, 0x000000008a100000, 0x000000008a100000|100%| E|CS|TAMS 0x000000008a000000, 0x000000008a000000| Complete 
| 161|0x000000008a100000, 0x000000008a200000, 0x000000008a200000|100%| E|CS|TAMS 0x000000008a100000, 0x000000008a100000| Complete 
| 247|0x000000008f700000, 0x000000008f800000, 0x000000008f800000|100%| E|CS|TAMS 0x000000008f700000, 0x000000008f700000| Complete 

Card table byte_map: [0x000002c4fb900000,0x000002c4fbd00000] _byte_map_base: 0x000002c4fb500000

Marking Bits (Prev, Next): (CMBitMap*) 0x000002c4e41c2c40, (CMBitMap*) 0x000002c4e41c2c80
 Prev Bits: [0x000002c4fc100000, 0x000002c4fe100000)
 Next Bits: [0x000002c480000000, 0x000002c482000000)

Polling page: 0x000002c4e20b0000

Metaspace:

Usage:
  Non-class:     71.25 MB used.
      Class:     11.35 MB used.
       Both:     82.60 MB used.

Virtual space:
  Non-class space:      128.00 MB reserved,      71.69 MB ( 56%) committed,  2 nodes.
      Class space:      416.00 MB reserved,      11.69 MB (  3%) committed,  1 nodes.
             Both:      544.00 MB reserved,      83.38 MB ( 15%) committed. 

Chunk freelists:
   Non-Class:  7.72 MB
       Class:  4.35 MB
        Both:  12.07 MB

MaxMetaspaceSize: 512.00 MB
CompressedClassSpaceSize: 416.00 MB
Initial GC threshold: 21.00 MB
Current GC threshold: 112.50 MB
CDS: on
MetaspaceReclaimPolicy: balanced
 - commit_granule_bytes: 65536.
 - commit_granule_words: 8192.
 - virtual_space_node_default_size: 8388608.
 - enlarge_chunks_in_place: 1.
 - new_chunks_are_fully_committed: 0.
 - uncommit_free_chunks: 1.
 - use_allocation_guard: 0.
 - handle_deallocations: 1.


Internal statistics:

num_allocs_failed_limit: 6.
num_arena_births: 986.
num_arena_deaths: 0.
num_vsnodes_births: 3.
num_vsnodes_deaths: 0.
num_space_committed: 1334.
num_space_uncommitted: 0.
num_chunks_returned_to_freelist: 6.
num_chunks_taken_from_freelist: 4329.
num_chunk_merges: 3.
num_chunk_splits: 2885.
num_chunks_enlarged: 1950.
num_inconsistent_stats: 0.

CodeHeap 'non-profiled nmethods': size=119168Kb used=5426Kb max_used=5426Kb free=113741Kb
 bounds [0x000002c4f3810000, 0x000002c4f3d60000, 0x000002c4fac70000]
CodeHeap 'profiled nmethods': size=119104Kb used=18786Kb max_used=18786Kb free=100317Kb
 bounds [0x000002c4ebc70000, 0x000002c4eced0000, 0x000002c4f30c0000]
CodeHeap 'non-nmethods': size=7488Kb used=4113Kb max_used=4176Kb free=3375Kb
 bounds [0x000002c4f30c0000, 0x000002c4f3550000, 0x000002c4f3810000]
 total_blobs=10489 nmethods=9534 adapters=864
 compilation: enabled
              stopped_count=0, restarted_count=0
 full_count=0

Compilation events (20 events):
Event: 19.870 Thread 0x000002c4a38a83d0 11012       3       org.codehaus.groovy.reflection.CachedClass$1::lambda$initValue$2 (47 bytes)
Event: 19.870 Thread 0x000002c4fe8291e0 11013       3       org.codehaus.groovy.reflection.CachedClass$1$$Lambda$496/0x000002c48542d158::apply (5 bytes)
Event: 19.870 Thread 0x000002c4fe8291e0 nmethod 11013 0x000002c4ecec2790 code [0x000002c4ecec2920, 0x000002c4ecec2b18]
Event: 19.870 Thread 0x000002c4fe8291e0 11014       3       org.codehaus.groovy.reflection.CachedClass$1::lambda$initValue$1 (5 bytes)
Event: 19.870 Thread 0x000002c4fe8291e0 nmethod 11014 0x000002c4ecec2c10 code [0x000002c4ecec2da0, 0x000002c4ecec2f38]
Event: 19.870 Thread 0x000002c4fe8291e0 11015       3       org.codehaus.groovy.util.ComplexKeyHashMap::resize (103 bytes)
Event: 19.870 Thread 0x000002c4ff238170 nmethod 11009 0x000002c4ecec3010 code [0x000002c4ecec3260, 0x000002c4ecec3bb8]
Event: 19.870 Thread 0x000002c4a553a840 nmethod 11008 0x000002c4ecec3f10 code [0x000002c4ecec4160, 0x000002c4ecec4b38]
Event: 19.870 Thread 0x000002c4ff238170 11016       1       org.codehaus.groovy.runtime.metaclass.MultipleSetterProperty::setGetter (6 bytes)
Event: 19.870 Thread 0x000002c4fe8291e0 nmethod 11015 0x000002c4ecec4e90 code [0x000002c4ecec5060, 0x000002c4ecec5638]
Event: 19.870 Thread 0x000002c4ff238170 nmethod 11016 0x000002c4f3d4fa90 code [0x000002c4f3d4fc20, 0x000002c4f3d4fd38]
Event: 19.871 Thread 0x000002c4a38a83d0 nmethod 11012 0x000002c4ecec5810 code [0x000002c4ecec5aa0, 0x000002c4ecec66b8]
Event: 19.877 Thread 0x000002c4a38a83d0 11017       3       java.util.concurrent.ConcurrentLinkedQueue::offer (120 bytes)
Event: 19.880 Thread 0x000002c4a38a83d0 nmethod 11017 0x000002c4ecec6b10 code [0x000002c4ecec6f40, 0x000002c4ecec8e48]
Event: 19.968 Thread 0x000002c4ff979f40 nmethod 10764 0x000002c4f3d4fd90 code [0x000002c4f3d502c0, 0x000002c4f3d56d70]
Event: 19.968 Thread 0x000002c4ff979f40 10995       4       java.util.Hashtable$Enumerator::hasNext (5 bytes)
Event: 19.972 Thread 0x000002c4ff979f40 nmethod 10995 0x000002c4f3d5be90 code [0x000002c4f3d5c000, 0x000002c4f3d5c298]
Event: 19.972 Thread 0x000002c4ff979f40 10970       4       java.lang.Class::getMethod0 (31 bytes)
Event: 19.974 Thread 0x000002c4ff979f40 nmethod 10970 0x000002c4f3d5c390 code [0x000002c4f3d5c520, 0x000002c4f3d5c708]
Event: 19.974 Thread 0x000002c4ff979f40 10980   !   4       com.sun.beans.TypeResolver::resolve (261 bytes)

GC Heap History (20 events):
Event: 15.496 GC heap before
{Heap before GC invocations=25 (full 0):
 garbage-first heap   total 135168K, used 107101K [0x0000000080000000, 0x0000000100000000)
  region size 1024K, 43 young (44032K), 1 survivors (1024K)
 Metaspace       used 68281K, committed 69056K, reserved 491520K
  class space    used 9508K, committed 9856K, reserved 425984K
}
Event: 15.500 GC heap after
{Heap after GC invocations=26 (full 0):
 garbage-first heap   total 135168K, used 66434K [0x0000000080000000, 0x0000000100000000)
  region size 1024K, 3 young (3072K), 3 survivors (3072K)
 Metaspace       used 68281K, committed 69056K, reserved 491520K
  class space    used 9508K, committed 9856K, reserved 425984K
}
Event: 16.799 GC heap before
{Heap before GC invocations=27 (full 0):
 garbage-first heap   total 135168K, used 108418K [0x0000000080000000, 0x0000000100000000)
  region size 1024K, 44 young (45056K), 3 survivors (3072K)
 Metaspace       used 71149K, committed 71936K, reserved 491520K
  class space    used 9943K, committed 10304K, reserved 425984K
}
Event: 16.805 GC heap after
{Heap after GC invocations=28 (full 0):
 garbage-first heap   total 135168K, used 69977K [0x0000000080000000, 0x0000000100000000)
  region size 1024K, 6 young (6144K), 6 survivors (6144K)
 Metaspace       used 71149K, committed 71936K, reserved 491520K
  class space    used 9943K, committed 10304K, reserved 425984K
}
Event: 17.582 GC heap before
{Heap before GC invocations=28 (full 0):
 garbage-first heap   total 135168K, used 114009K [0x0000000080000000, 0x0000000100000000)
  region size 1024K, 45 young (46080K), 6 survivors (6144K)
 Metaspace       used 72751K, committed 73536K, reserved 491520K
  class space    used 10187K, committed 10560K, reserved 425984K
}
Event: 17.588 GC heap after
{Heap after GC invocations=29 (full 0):
 garbage-first heap   total 135168K, used 81069K [0x0000000080000000, 0x0000000100000000)
  region size 1024K, 6 young (6144K), 6 survivors (6144K)
 Metaspace       used 72751K, committed 73536K, reserved 491520K
  class space    used 10187K, committed 10560K, reserved 425984K
}
Event: 17.921 GC heap before
{Heap before GC invocations=29 (full 0):
 garbage-first heap   total 135168K, used 107693K [0x0000000080000000, 0x0000000100000000)
  region size 1024K, 33 young (33792K), 6 survivors (6144K)
 Metaspace       used 74889K, committed 75584K, reserved 557056K
  class space    used 10417K, committed 10752K, reserved 425984K
}
Event: 17.924 GC heap after
{Heap after GC invocations=30 (full 0):
 garbage-first heap   total 135168K, used 83719K [0x0000000080000000, 0x0000000100000000)
  region size 1024K, 3 young (3072K), 3 survivors (3072K)
 Metaspace       used 74889K, committed 75584K, reserved 557056K
  class space    used 10417K, committed 10752K, reserved 425984K
}
Event: 18.218 GC heap before
{Heap before GC invocations=30 (full 0):
 garbage-first heap   total 135168K, used 108295K [0x0000000080000000, 0x0000000100000000)
  region size 1024K, 28 young (28672K), 3 survivors (3072K)
 Metaspace       used 77224K, committed 78016K, reserved 557056K
  class space    used 10650K, committed 11008K, reserved 425984K
}
Event: 18.221 GC heap after
{Heap after GC invocations=31 (full 0):
 garbage-first heap   total 135168K, used 83906K [0x0000000080000000, 0x0000000100000000)
  region size 1024K, 3 young (3072K), 3 survivors (3072K)
 Metaspace       used 77224K, committed 78016K, reserved 557056K
  class space    used 10650K, committed 11008K, reserved 425984K
}
Event: 18.437 GC heap before
{Heap before GC invocations=31 (full 0):
 garbage-first heap   total 135168K, used 116674K [0x0000000080000000, 0x0000000100000000)
  region size 1024K, 29 young (29696K), 3 survivors (3072K)
 Metaspace       used 78260K, committed 79040K, reserved 557056K
  class space    used 10790K, committed 11136K, reserved 425984K
}
Event: 18.441 GC heap after
{Heap after GC invocations=32 (full 0):
 garbage-first heap   total 135168K, used 93352K [0x0000000080000000, 0x0000000100000000)
  region size 1024K, 4 young (4096K), 4 survivors (4096K)
 Metaspace       used 78260K, committed 79040K, reserved 557056K
  class space    used 10790K, committed 11136K, reserved 425984K
}
Event: 18.658 GC heap before
{Heap before GC invocations=32 (full 0):
 garbage-first heap   total 135168K, used 109736K [0x0000000080000000, 0x0000000100000000)
  region size 1024K, 21 young (21504K), 4 survivors (4096K)
 Metaspace       used 79457K, committed 80256K, reserved 557056K
  class space    used 10954K, committed 11264K, reserved 425984K
}
Event: 18.661 GC heap after
{Heap after GC invocations=33 (full 0):
 garbage-first heap   total 135168K, used 90798K [0x0000000080000000, 0x0000000100000000)
  region size 1024K, 2 young (2048K), 2 survivors (2048K)
 Metaspace       used 79457K, committed 80256K, reserved 557056K
  class space    used 10954K, committed 11264K, reserved 425984K
}
Event: 18.900 GC heap before
{Heap before GC invocations=33 (full 0):
 garbage-first heap   total 135168K, used 110254K [0x0000000080000000, 0x0000000100000000)
  region size 1024K, 21 young (21504K), 2 survivors (2048K)
 Metaspace       used 80769K, committed 81536K, reserved 557056K
  class space    used 11120K, committed 11456K, reserved 425984K
}
Event: 18.903 GC heap after
{Heap after GC invocations=34 (full 0):
 garbage-first heap   total 135168K, used 91615K [0x0000000080000000, 0x0000000100000000)
  region size 1024K, 3 young (3072K), 3 survivors (3072K)
 Metaspace       used 80769K, committed 81536K, reserved 557056K
  class space    used 11120K, committed 11456K, reserved 425984K
}
Event: 19.186 GC heap before
{Heap before GC invocations=34 (full 0):
 garbage-first heap   total 135168K, used 111071K [0x0000000080000000, 0x0000000100000000)
  region size 1024K, 23 young (23552K), 3 survivors (3072K)
 Metaspace       used 82203K, committed 82944K, reserved 557056K
  class space    used 11304K, committed 11648K, reserved 425984K
}
Event: 19.189 GC heap after
{Heap after GC invocations=35 (full 0):
 garbage-first heap   total 166912K, used 92130K [0x0000000080000000, 0x0000000100000000)
  region size 1024K, 2 young (2048K), 2 survivors (2048K)
 Metaspace       used 82203K, committed 82944K, reserved 557056K
  class space    used 11304K, committed 11648K, reserved 425984K
}
Event: 19.671 GC heap before
{Heap before GC invocations=35 (full 0):
 garbage-first heap   total 166912K, used 134114K [0x0000000080000000, 0x0000000100000000)
  region size 1024K, 43 young (44032K), 2 survivors (2048K)
 Metaspace       used 84512K, committed 85312K, reserved 557056K
  class space    used 11617K, committed 11968K, reserved 425984K
}
Event: 19.677 GC heap after
{Heap after GC invocations=36 (full 0):
 garbage-first heap   total 166912K, used 94403K [0x0000000080000000, 0x0000000100000000)
  region size 1024K, 5 young (5120K), 5 survivors (5120K)
 Metaspace       used 84512K, committed 85312K, reserved 557056K
  class space    used 11617K, committed 11968K, reserved 425984K
}

Dll operation events (15 events):
Event: 0.010 Loaded shared library C:\Program Files\Microsoft\jdk-17.0.10.7-hotspot\bin\java.dll
Event: 0.037 Loaded shared library C:\Program Files\Microsoft\jdk-17.0.10.7-hotspot\bin\jsvml.dll
Event: 0.096 Loaded shared library C:\Program Files\Microsoft\jdk-17.0.10.7-hotspot\bin\zip.dll
Event: 0.100 Loaded shared library C:\Program Files\Microsoft\jdk-17.0.10.7-hotspot\bin\instrument.dll
Event: 0.113 Loaded shared library C:\Program Files\Microsoft\jdk-17.0.10.7-hotspot\bin\net.dll
Event: 0.119 Loaded shared library C:\Program Files\Microsoft\jdk-17.0.10.7-hotspot\bin\nio.dll
Event: 0.132 Loaded shared library C:\Program Files\Microsoft\jdk-17.0.10.7-hotspot\bin\zip.dll
Event: 0.344 Loaded shared library C:\Program Files\Microsoft\jdk-17.0.10.7-hotspot\bin\jimage.dll
Event: 0.443 Loaded shared library C:\Program Files\Microsoft\jdk-17.0.10.7-hotspot\bin\verify.dll
Event: 0.663 Loaded shared library C:\Users\devan\.gradle\native\68d5fa5c4cc2d200863cafc0d521ce42e7d3e7ee720ec0a83991735586a16f82\windows-amd64\native-platform.dll
Event: 0.676 Loaded shared library C:\Users\devan\.gradle\native\e376f236ea51e6404a007f0833ffe2c6e607c4080706a723a18a27aeea778392\windows-amd64\native-platform-file-events.dll
Event: 1.491 Loaded shared library C:\Program Files\Microsoft\jdk-17.0.10.7-hotspot\bin\management.dll
Event: 1.496 Loaded shared library C:\Program Files\Microsoft\jdk-17.0.10.7-hotspot\bin\management_ext.dll
Event: 1.785 Loaded shared library C:\Program Files\Microsoft\jdk-17.0.10.7-hotspot\bin\extnet.dll
Event: 2.092 Loaded shared library C:\Program Files\Microsoft\jdk-17.0.10.7-hotspot\bin\sunmscapi.dll

Deoptimization events (20 events):
Event: 19.549 Thread 0x000002c4a3f0e460 Uncommon trap: trap_request=0xfffffff4 fr.pc=0x000002c4f3d4214c relative=0x00000000000002ec
Event: 19.549 Thread 0x000002c4a3f0e460 Uncommon trap: reason=null_check action=make_not_entrant pc=0x000002c4f3d4214c method=org.gradle.tooling.internal.provider.runner.ClientBuildEventGenerator$Enabled.accept(Lorg/gradle/internal/operations/BuildOperationDescriptor;)Lorg/gradle/tooling/intern
Event: 19.549 Thread 0x000002c4a3f0e460 DEOPT PACKING pc=0x000002c4f3d4214c sp=0x000000fd675f4aa0
Event: 19.549 Thread 0x000002c4a3f0e460 DEOPT UNPACKING pc=0x000002c4f31169a3 sp=0x000000fd675f4a28 mode 2
Event: 19.622 Thread 0x000002c4a3f0e460 Uncommon trap: trap_request=0xffffff45 fr.pc=0x000002c4f3a72500 relative=0x0000000000000440
Event: 19.622 Thread 0x000002c4a3f0e460 Uncommon trap: reason=unstable_if action=reinterpret pc=0x000002c4f3a72500 method=java.util.StringJoiner.add(Ljava/lang/CharSequence;)Ljava/util/StringJoiner; @ 33 c2
Event: 19.622 Thread 0x000002c4a3f0e460 DEOPT PACKING pc=0x000002c4f3a72500 sp=0x000000fd675f3c20
Event: 19.622 Thread 0x000002c4a3f0e460 DEOPT UNPACKING pc=0x000002c4f31169a3 sp=0x000000fd675f3bd0 mode 2
Event: 19.850 Thread 0x000002c4a3f0e460 Uncommon trap: trap_request=0xffffff45 fr.pc=0x000002c4f3a989f8 relative=0x0000000000000f98
Event: 19.850 Thread 0x000002c4a3f0e460 Uncommon trap: reason=unstable_if action=reinterpret pc=0x000002c4f3a989f8 method=org.codehaus.groovy.runtime.metaclass.MetaMethodIndex.isOverridden(Lgroovy/lang/MetaMethod;Lgroovy/lang/MetaMethod;)Z @ 52 c2
Event: 19.850 Thread 0x000002c4a3f0e460 DEOPT PACKING pc=0x000002c4f3a989f8 sp=0x000000fd675f0ff0
Event: 19.850 Thread 0x000002c4a3f0e460 DEOPT UNPACKING pc=0x000002c4f31169a3 sp=0x000000fd675f0f48 mode 2
Event: 19.871 Thread 0x000002c4a3f0e460 Uncommon trap: trap_request=0xffffffc6 fr.pc=0x000002c4f3d30538 relative=0x0000000000000678
Event: 19.871 Thread 0x000002c4a3f0e460 Uncommon trap: reason=bimorphic_or_optimized_type_check action=maybe_recompile pc=0x000002c4f3d30538 method=org.codehaus.groovy.util.SingleKeyHashMap.get(Ljava/lang/Object;)Ljava/lang/Object; @ 43 c2
Event: 19.871 Thread 0x000002c4a3f0e460 DEOPT PACKING pc=0x000002c4f3d30538 sp=0x000000fd675f1150
Event: 19.871 Thread 0x000002c4a3f0e460 DEOPT UNPACKING pc=0x000002c4f31169a3 sp=0x000000fd675f10e8 mode 2
Event: 19.873 Thread 0x000002c4a3f0e460 Uncommon trap: trap_request=0xffffffc6 fr.pc=0x000002c4f3d30538 relative=0x0000000000000678
Event: 19.873 Thread 0x000002c4a3f0e460 Uncommon trap: reason=bimorphic_or_optimized_type_check action=maybe_recompile pc=0x000002c4f3d30538 method=org.codehaus.groovy.util.SingleKeyHashMap.get(Ljava/lang/Object;)Ljava/lang/Object; @ 43 c2
Event: 19.873 Thread 0x000002c4a3f0e460 DEOPT PACKING pc=0x000002c4f3d30538 sp=0x000000fd675f1150
Event: 19.873 Thread 0x000002c4a3f0e460 DEOPT UNPACKING pc=0x000002c4f31169a3 sp=0x000000fd675f10e8 mode 2

Classes unloaded (0 events):
No events

Classes redefined (0 events):
No events

Internal exceptions (20 events):
Event: 19.795 Thread 0x000002c4a3f0e460 Exception <a 'java/lang/ClassNotFoundException'{0x00000000892f2960}: com/android/build/gradle/internal/dsl/SigningConfigBeanInfo> (0x00000000892f2960) 
thrown [s\src\hotspot\share\classfile\systemDictionary.cpp, line 256]
Event: 19.795 Thread 0x000002c4a3f0e460 Exception <a 'java/lang/ClassNotFoundException'{0x0000000089104df8}: com/android/builder/signing/DefaultSigningConfigBeanInfo> (0x0000000089104df8) 
thrown [s\src\hotspot\share\classfile\systemDictionary.cpp, line 256]
Event: 19.796 Thread 0x000002c4a3f0e460 Exception <a 'java/lang/ClassNotFoundException'{0x0000000089116010}: com/android/builder/signing/DefaultSigningConfigCustomizer> (0x0000000089116010) 
thrown [s\src\hotspot\share\classfile\systemDictionary.cpp, line 256]
Event: 19.797 Thread 0x000002c4a3f0e460 Exception <a 'java/lang/ClassNotFoundException'{0x000000008913edc0}: com/android/build/gradle/internal/dsl/SigningConfigCustomizer> (0x000000008913edc0) 
thrown [s\src\hotspot\share\classfile\systemDictionary.cpp, line 256]
Event: 19.798 Thread 0x000002c4a3f0e460 Exception <a 'java/lang/ClassNotFoundException'{0x0000000089157f48}: com/android/build/gradle/internal/dsl/SigningConfig$AgpDecoratedCustomizer> (0x0000000089157f48) 
thrown [s\src\hotspot\share\classfile\systemDictionary.cpp, line 256]
Event: 19.800 Thread 0x000002c4a3f0e460 Exception <a 'java/lang/ClassNotFoundException'{0x000000008918d6b0}: com/android/build/gradle/internal/dsl/SigningConfig$AgpDecorated_DecoratedCustomizer> (0x000000008918d6b0) 
thrown [s\src\hotspot\share\classfile\systemDictionary.cpp, line 256]
Event: 19.802 Thread 0x000002c4a3f0e460 Exception <a 'java/lang/ClassNotFoundException'{0x00000000891f7ec0}: build_4rxjtlhqmnugh0d1sfhmfuuu6$_run_closure2$_closure5BeanInfo> (0x00000000891f7ec0) 
thrown [s\src\hotspot\share\classfile\systemDictionary.cpp, line 256]
Event: 19.803 Thread 0x000002c4a3f0e460 Exception <a 'java/lang/ClassNotFoundException'{0x000000008900a370}: build_4rxjtlhqmnugh0d1sfhmfuuu6$_run_closure2$_closure5Customizer> (0x000000008900a370) 
thrown [s\src\hotspot\share\classfile\systemDictionary.cpp, line 256]
Event: 19.805 Thread 0x000002c4a3f0e460 Exception <a 'java/lang/ClassNotFoundException'{0x00000000890314e8}: build_4rxjtlhqmnugh0d1sfhmfuuu6$_run_closure2BeanInfo> (0x00000000890314e8) 
thrown [s\src\hotspot\share\classfile\systemDictionary.cpp, line 256]
Event: 19.806 Thread 0x000002c4a3f0e460 Exception <a 'java/lang/ClassNotFoundException'{0x000000008903f188}: build_4rxjtlhqmnugh0d1sfhmfuuu6$_run_closure2Customizer> (0x000000008903f188) 
thrown [s\src\hotspot\share\classfile\systemDictionary.cpp, line 256]
Event: 19.854 Thread 0x000002c4a3f0e460 Exception <a 'java/lang/ClassNotFoundException'{0x00000000889e6288}: com/android/build/gradle/internal/dsl/BuildType$AgpDecorated_DecoratedBeanInfo> (0x00000000889e6288) 
thrown [s\src\hotspot\share\classfile\systemDictionary.cpp, line 256]
Event: 19.855 Thread 0x000002c4a3f0e460 Exception <a 'java/lang/ClassNotFoundException'{0x00000000889f7400}: com/android/build/gradle/internal/dsl/BuildType$AgpDecoratedBeanInfo> (0x00000000889f7400) 
thrown [s\src\hotspot\share\classfile\systemDictionary.cpp, line 256]
Event: 19.855 Thread 0x000002c4a3f0e460 Exception <a 'java/lang/ClassNotFoundException'{0x00000000888088a8}: com/android/build/gradle/internal/dsl/BuildTypeBeanInfo> (0x00000000888088a8) 
thrown [s\src\hotspot\share\classfile\systemDictionary.cpp, line 256]
Event: 19.856 Thread 0x000002c4a3f0e460 Exception <a 'java/lang/ClassNotFoundException'{0x0000000088819930}: com/android/builder/core/AbstractBuildTypeBeanInfo> (0x0000000088819930) 
thrown [s\src\hotspot\share\classfile\systemDictionary.cpp, line 256]
Event: 19.856 Thread 0x000002c4a3f0e460 Exception <a 'java/lang/ClassNotFoundException'{0x000000008882a700}: com/android/builder/core/AbstractBuildTypeCustomizer> (0x000000008882a700) 
thrown [s\src\hotspot\share\classfile\systemDictionary.cpp, line 256]
Event: 19.858 Thread 0x000002c4a3f0e460 Exception <a 'java/lang/ClassNotFoundException'{0x0000000088857f20}: com/android/build/gradle/internal/dsl/BuildTypeCustomizer> (0x0000000088857f20) 
thrown [s\src\hotspot\share\classfile\systemDictionary.cpp, line 256]
Event: 19.863 Thread 0x000002c4a3f0e460 Exception <a 'java/lang/ClassNotFoundException'{0x00000000888e5c20}: com/android/build/gradle/internal/dsl/BuildType$AgpDecoratedCustomizer> (0x00000000888e5c20) 
thrown [s\src\hotspot\share\classfile\systemDictionary.cpp, line 256]
Event: 19.866 Thread 0x000002c4a3f0e460 Exception <a 'java/lang/ClassNotFoundException'{0x000000008873c648}: com/android/build/gradle/internal/dsl/BuildType$AgpDecorated_DecoratedCustomizer> (0x000000008873c648) 
thrown [s\src\hotspot\share\classfile\systemDictionary.cpp, line 256]
Event: 19.875 Thread 0x000002c4a3f0e460 Exception <a 'java/lang/ClassNotFoundException'{0x000000008862df08}: build_4rxjtlhqmnugh0d1sfhmfuuu6$_run_closure2$_closure6BeanInfo> (0x000000008862df08) 
thrown [s\src\hotspot\share\classfile\systemDictionary.cpp, line 256]
Event: 19.875 Thread 0x000002c4a3f0e460 Exception <a 'java/lang/ClassNotFoundException'{0x000000008863bc70}: build_4rxjtlhqmnugh0d1sfhmfuuu6$_run_closure2$_closure6Customizer> (0x000000008863bc70) 
thrown [s\src\hotspot\share\classfile\systemDictionary.cpp, line 256]

VM Operations (20 events):
Event: 17.285 Executing VM operation: ICBufferFull
Event: 17.285 Executing VM operation: ICBufferFull done
Event: 17.582 Executing VM operation: G1CollectForAllocation
Event: 17.588 Executing VM operation: G1CollectForAllocation done
Event: 17.921 Executing VM operation: G1CollectForAllocation
Event: 17.924 Executing VM operation: G1CollectForAllocation done
Event: 18.218 Executing VM operation: G1CollectForAllocation
Event: 18.221 Executing VM operation: G1CollectForAllocation done
Event: 18.386 Executing VM operation: HandshakeAllThreads
Event: 18.387 Executing VM operation: HandshakeAllThreads done
Event: 18.437 Executing VM operation: G1CollectForAllocation
Event: 18.441 Executing VM operation: G1CollectForAllocation done
Event: 18.658 Executing VM operation: G1CollectForAllocation
Event: 18.661 Executing VM operation: G1CollectForAllocation done
Event: 18.900 Executing VM operation: G1CollectForAllocation
Event: 18.903 Executing VM operation: G1CollectForAllocation done
Event: 19.186 Executing VM operation: G1CollectForAllocation
Event: 19.189 Executing VM operation: G1CollectForAllocation done
Event: 19.670 Executing VM operation: G1CollectForAllocation
Event: 19.677 Executing VM operation: G1CollectForAllocation done

Events (20 events):
Event: 18.392 loading class java/security/cert/CertPathValidatorException$Reason done
Event: 18.392 loading class java/security/cert/CertPathValidatorException$BasicReason done
Event: 18.402 loading class java/util/Base64
Event: 18.403 loading class java/util/Base64 done
Event: 18.403 loading class java/util/Base64$Decoder
Event: 18.403 loading class java/util/Base64$Decoder done
Event: 18.403 loading class java/util/Base64$Encoder
Event: 18.403 loading class java/util/Base64$Encoder done
Event: 18.404 loading class java/util/jar/JarVerifier$VerifierStream
Event: 18.404 loading class java/util/jar/JarVerifier$VerifierStream done
Event: 18.405 loading class sun/security/util/ManifestEntryVerifier$SunProviderHolder
Event: 18.405 loading class sun/security/util/ManifestEntryVerifier$SunProviderHolder done
Event: 19.004 loading class javax/xml/stream/XMLStreamException
Event: 19.004 loading class javax/xml/stream/XMLStreamException done
Event: 19.026 loading class sun/reflect/annotation/AnnotationInvocationHandler$1
Event: 19.026 loading class sun/reflect/annotation/AnnotationInvocationHandler$1 done
Event: 19.749 loading class java/beans/IntrospectionException
Event: 19.750 loading class java/beans/IntrospectionException done
Event: 19.760 Thread 0x000002c4a9138110 Thread added: 0x000002c4a9138110
Event: 19.844 Thread 0x000002c4aa1addd0 Thread added: 0x000002c4aa1addd0


Dynamic libraries:
0x00007ff62ba00000 - 0x00007ff62ba0e000 	C:\Program Files\Microsoft\jdk-17.0.10.7-hotspot\bin\java.exe
0x00007ff90c1d0000 - 0x00007ff90c3e7000 	C:\WINDOWS\SYSTEM32\ntdll.dll
0x00007ff90a720000 - 0x00007ff90a7e4000 	C:\WINDOWS\System32\KERNEL32.DLL
0x00007ff909510000 - 0x00007ff9098b6000 	C:\WINDOWS\System32\KERNELBASE.dll
0x00007ff909dd0000 - 0x00007ff909ee1000 	C:\WINDOWS\System32\ucrtbase.dll
0x00007ff8d2b10000 - 0x00007ff8d2b27000 	C:\Program Files\Microsoft\jdk-17.0.10.7-hotspot\bin\jli.dll
0x00007ff8d16d0000 - 0x00007ff8d16eb000 	C:\Program Files\Microsoft\jdk-17.0.10.7-hotspot\bin\VCRUNTIME140.dll
0x00007ff90a840000 - 0x00007ff90a9ee000 	C:\WINDOWS\System32\USER32.dll
0x00007ff902490000 - 0x00007ff902723000 	C:\WINDOWS\WinSxS\amd64_microsoft.windows.common-controls_6595b64144ccf1df_6.0.22621.2506_none_270c5ae97388e100\COMCTL32.dll
0x00007ff909ef0000 - 0x00007ff909f16000 	C:\WINDOWS\System32\win32u.dll
0x00007ff90bec0000 - 0x00007ff90bf67000 	C:\WINDOWS\System32\msvcrt.dll
0x00007ff90be80000 - 0x00007ff90bea9000 	C:\WINDOWS\System32\GDI32.dll
0x00007ff9099e0000 - 0x00007ff909af8000 	C:\WINDOWS\System32\gdi32full.dll
0x00007ff909c70000 - 0x00007ff909d0a000 	C:\WINDOWS\System32\msvcp_win.dll
0x00007ff90a250000 - 0x00007ff90a281000 	C:\WINDOWS\System32\IMM32.DLL
0x00007ff8d7dd0000 - 0x00007ff8d7ddc000 	C:\Program Files\Microsoft\jdk-17.0.10.7-hotspot\bin\vcruntime140_1.dll
0x00007ff8985a0000 - 0x00007ff89862d000 	C:\Program Files\Microsoft\jdk-17.0.10.7-hotspot\bin\msvcp140.dll
0x00007ff87a0f0000 - 0x00007ff87ad55000 	C:\Program Files\Microsoft\jdk-17.0.10.7-hotspot\bin\server\jvm.dll
0x00007ff90bb80000 - 0x00007ff90bc33000 	C:\WINDOWS\System32\ADVAPI32.dll
0x00007ff90b980000 - 0x00007ff90ba28000 	C:\WINDOWS\System32\sechost.dll
0x00007ff9098c0000 - 0x00007ff9098e8000 	C:\WINDOWS\System32\bcrypt.dll
0x00007ff90a130000 - 0x00007ff90a247000 	C:\WINDOWS\System32\RPCRT4.dll
0x00007ff8ed0b0000 - 0x00007ff8ed0b9000 	C:\WINDOWS\SYSTEM32\WSOCK32.dll
0x00007ff902910000 - 0x00007ff902944000 	C:\WINDOWS\SYSTEM32\WINMM.dll
0x00007ff908360000 - 0x00007ff9083ad000 	C:\WINDOWS\SYSTEM32\POWRPROF.dll
0x00007ff9028f0000 - 0x00007ff9028fa000 	C:\WINDOWS\SYSTEM32\VERSION.dll
0x00007ff90a0a0000 - 0x00007ff90a111000 	C:\WINDOWS\System32\WS2_32.dll
0x00007ff908340000 - 0x00007ff908353000 	C:\WINDOWS\SYSTEM32\UMPDC.dll
0x00007ff908610000 - 0x00007ff908628000 	C:\WINDOWS\SYSTEM32\kernel.appcore.dll
0x00007ff8d5800000 - 0x00007ff8d580a000 	C:\Program Files\Microsoft\jdk-17.0.10.7-hotspot\bin\jimage.dll
0x00007ff901300000 - 0x00007ff901533000 	C:\WINDOWS\SYSTEM32\DBGHELP.DLL
0x00007ff90a390000 - 0x00007ff90a719000 	C:\WINDOWS\System32\combase.dll
0x00007ff90baa0000 - 0x00007ff90bb77000 	C:\WINDOWS\System32\OLEAUT32.dll
0x00007ff8ff1f0000 - 0x00007ff8ff222000 	C:\WINDOWS\SYSTEM32\dbgcore.DLL
0x00007ff9098f0000 - 0x00007ff90996a000 	C:\WINDOWS\System32\bcryptPrimitives.dll
0x00007ff8d5180000 - 0x00007ff8d518e000 	C:\Program Files\Microsoft\jdk-17.0.10.7-hotspot\bin\instrument.dll
0x00007ff89a3a0000 - 0x00007ff89a3c5000 	C:\Program Files\Microsoft\jdk-17.0.10.7-hotspot\bin\java.dll
0x00007ff882210000 - 0x00007ff8822e7000 	C:\Program Files\Microsoft\jdk-17.0.10.7-hotspot\bin\jsvml.dll
0x00007ff90b020000 - 0x00007ff90b87a000 	C:\WINDOWS\System32\SHELL32.dll
0x00007ff907420000 - 0x00007ff907d16000 	C:\WINDOWS\SYSTEM32\windows.storage.dll
0x00007ff9072e0000 - 0x00007ff90741e000 	C:\WINDOWS\SYSTEM32\wintypes.dll
0x00007ff90a290000 - 0x00007ff90a383000 	C:\WINDOWS\System32\SHCORE.dll
0x00007ff90b880000 - 0x00007ff90b8de000 	C:\WINDOWS\System32\shlwapi.dll
0x00007ff909440000 - 0x00007ff909466000 	C:\WINDOWS\SYSTEM32\profapi.dll
0x00007ff8c9ac0000 - 0x00007ff8c9ad8000 	C:\Program Files\Microsoft\jdk-17.0.10.7-hotspot\bin\zip.dll
0x00007ff8c6820000 - 0x00007ff8c6839000 	C:\Program Files\Microsoft\jdk-17.0.10.7-hotspot\bin\net.dll
0x00007ff9040b0000 - 0x00007ff9041e7000 	C:\WINDOWS\SYSTEM32\WINHTTP.dll
0x00007ff908ab0000 - 0x00007ff908b19000 	C:\WINDOWS\system32\mswsock.dll
0x00007ff8c32e0000 - 0x00007ff8c32f6000 	C:\Program Files\Microsoft\jdk-17.0.10.7-hotspot\bin\nio.dll
0x00007ff8cd7c0000 - 0x00007ff8cd7d0000 	C:\Program Files\Microsoft\jdk-17.0.10.7-hotspot\bin\verify.dll
0x00007ff89df20000 - 0x00007ff89df47000 	C:\Users\devan\.gradle\native\68d5fa5c4cc2d200863cafc0d521ce42e7d3e7ee720ec0a83991735586a16f82\windows-amd64\native-platform.dll
0x00007ff879fa0000 - 0x00007ff87a0e4000 	C:\Users\devan\.gradle\native\e376f236ea51e6404a007f0833ffe2c6e607c4080706a723a18a27aeea778392\windows-amd64\native-platform-file-events.dll
0x00007ff8c85a0000 - 0x00007ff8c85a9000 	C:\Program Files\Microsoft\jdk-17.0.10.7-hotspot\bin\management.dll
0x00007ff8c8320000 - 0x00007ff8c832b000 	C:\Program Files\Microsoft\jdk-17.0.10.7-hotspot\bin\management_ext.dll
0x00007ff90a090000 - 0x00007ff90a098000 	C:\WINDOWS\System32\PSAPI.DLL
0x00007ff908d00000 - 0x00007ff908d1b000 	C:\WINDOWS\SYSTEM32\CRYPTSP.dll
0x00007ff908570000 - 0x00007ff9085a5000 	C:\WINDOWS\system32\rsaenh.dll
0x00007ff908ba0000 - 0x00007ff908bcc000 	C:\WINDOWS\SYSTEM32\USERENV.dll
0x00007ff908d20000 - 0x00007ff908d2c000 	C:\WINDOWS\SYSTEM32\CRYPTBASE.dll
0x00007ff907ff0000 - 0x00007ff90801d000 	C:\WINDOWS\SYSTEM32\IPHLPAPI.DLL
0x00007ff90b8e0000 - 0x00007ff90b8e9000 	C:\WINDOWS\System32\NSI.dll
0x00007ff903e20000 - 0x00007ff903e39000 	C:\WINDOWS\SYSTEM32\dhcpcsvc6.DLL
0x00007ff903e00000 - 0x00007ff903e1f000 	C:\WINDOWS\SYSTEM32\dhcpcsvc.DLL
0x00007ff908020000 - 0x00007ff908119000 	C:\WINDOWS\SYSTEM32\DNSAPI.dll
0x00007ff8c6770000 - 0x00007ff8c6779000 	C:\Program Files\Microsoft\jdk-17.0.10.7-hotspot\bin\extnet.dll
0x00007ff8c5fb0000 - 0x00007ff8c5fbe000 	C:\Program Files\Microsoft\jdk-17.0.10.7-hotspot\bin\sunmscapi.dll
0x00007ff909b00000 - 0x00007ff909c66000 	C:\WINDOWS\System32\CRYPT32.dll
0x00007ff908ea0000 - 0x00007ff908ece000 	C:\WINDOWS\SYSTEM32\ncrypt.dll
0x00007ff908e60000 - 0x00007ff908e97000 	C:\WINDOWS\SYSTEM32\NTASN1.dll
0x00007ff8fdd30000 - 0x00007ff8fdd38000 	C:\WINDOWS\system32\wshunix.dll
0x00007ff902900000 - 0x00007ff90290a000 	C:\Windows\System32\rasadhlp.dll
0x00007ff902d40000 - 0x00007ff902dc3000 	C:\WINDOWS\System32\fwpuclnt.dll
0x00007ff8e1e70000 - 0x00007ff8e1e87000 	C:\WINDOWS\system32\napinsp.dll
0x00007ff8e1e50000 - 0x00007ff8e1e6b000 	C:\WINDOWS\system32\pnrpnsp.dll
0x00007ff8e1e30000 - 0x00007ff8e1e41000 	C:\WINDOWS\System32\winrnr.dll
0x00007ff8e1770000 - 0x00007ff8e1785000 	C:\WINDOWS\system32\wshbth.dll
0x00007ff8e1740000 - 0x00007ff8e1761000 	C:\WINDOWS\system32\nlansp_c.dll
0x00007ff906840000 - 0x00007ff9068d7000 	C:\WINDOWS\system32\apphelp.dll

dbghelp: loaded successfully - version: 4.0.5 - missing functions: none
symbol engine: initialized successfully - sym options: 0x614 - pdb path: .;C:\Program Files\Microsoft\jdk-17.0.10.7-hotspot\bin;C:\WINDOWS\SYSTEM32;C:\WINDOWS\WinSxS\amd64_microsoft.windows.common-controls_6595b64144ccf1df_6.0.22621.2506_none_270c5ae97388e100;C:\Program Files\Microsoft\jdk-17.0.10.7-hotspot\bin\server;C:\Users\devan\.gradle\native\68d5fa5c4cc2d200863cafc0d521ce42e7d3e7ee720ec0a83991735586a16f82\windows-amd64;C:\Users\devan\.gradle\native\e376f236ea51e6404a007f0833ffe2c6e607c4080706a723a18a27aeea778392\windows-amd64

VM Arguments:
jvm_args: -XX:MaxMetaspaceSize=512m --add-opens=java.base/java.util=ALL-UNNAMED --add-opens=java.base/java.lang=ALL-UNNAMED --add-opens=java.base/java.lang.invoke=ALL-UNNAMED --add-opens=java.prefs/java.util.prefs=ALL-UNNAMED --add-opens=java.base/java.nio.charset=ALL-UNNAMED --add-opens=java.base/java.net=ALL-UNNAMED --add-opens=java.base/java.util.concurrent.atomic=ALL-UNNAMED -Xmx2048m -Dfile.encoding=utf8 -Duser.country=IN -Duser.language=en -Duser.variant -javaagent:C:\Users\devan\.gradle\wrapper\dists\gradle-8.3-all\6en3ugtfdg5xnpx44z4qbwgas\gradle-8.3\lib\agents\gradle-instrumentation-agent-8.3.jar 
java_command: org.gradle.launcher.daemon.bootstrap.GradleDaemon 8.3
java_class_path (initial): C:\Users\devan\.gradle\wrapper\dists\gradle-8.3-all\6en3ugtfdg5xnpx44z4qbwgas\gradle-8.3\lib\gradle-launcher-8.3.jar
Launcher Type: SUN_STANDARD

[Global flags]
     intx CICompilerCount                          = 12                                        {product} {ergonomic}
   size_t CompressedClassSpaceSize                 = 436207616                                 {product} {ergonomic}
     uint ConcGCThreads                            = 3                                         {product} {ergonomic}
     uint G1ConcRefinementThreads                  = 13                                        {product} {ergonomic}
   size_t G1HeapRegionSize                         = 1048576                                   {product} {ergonomic}
    uintx GCDrainStackTargetSize                   = 64                                        {product} {ergonomic}
   size_t InitialHeapSize                          = 260046848                                 {product} {ergonomic}
   size_t MarkStackSize                            = 4194304                                   {product} {ergonomic}
   size_t MaxHeapSize                              = 2147483648                                {product} {command line}
   size_t MaxMetaspaceSize                         = 536870912                                 {product} {command line}
   size_t MaxNewSize                               = 1287651328                                {product} {ergonomic}
   size_t MinHeapDeltaBytes                        = 1048576                                   {product} {ergonomic}
   size_t MinHeapSize                              = 8388608                                   {product} {ergonomic}
    uintx NonNMethodCodeHeapSize                   = 7602480                                {pd product} {ergonomic}
    uintx NonProfiledCodeHeapSize                  = 122027880                              {pd product} {ergonomic}
    uintx ProfiledCodeHeapSize                     = 122027880                              {pd product} {ergonomic}
    uintx ReservedCodeCacheSize                    = 251658240                              {pd product} {ergonomic}
     bool SegmentedCodeCache                       = true                                      {product} {ergonomic}
   size_t SoftMaxHeapSize                          = 2147483648                             {manageable} {ergonomic}
     bool UseCompressedClassPointers               = true                           {product lp64_product} {ergonomic}
     bool UseCompressedOops                        = true                           {product lp64_product} {ergonomic}
     bool UseG1GC                                  = true                                      {product} {ergonomic}
     bool UseLargePagesIndividualAllocation        = false                                  {pd product} {ergonomic}

Logging:
Log output configuration:
 #0: stdout all=warning uptime,level,tags
 #1: stderr all=off uptime,level,tags

Environment Variables:
JAVA_HOME=C:\Program Files\Microsoft\jdk-17.0.10.7-hotspot\
PATH=C:\Users\devan\AppData\Roaming\.dotnet;C:\Program Files\Microsoft\jdk-17.0.10.7-hotspot\bin;C:\Program Files\NVIDIA GPU Computing Toolkit\CUDA\v8.0\bin;C:\Program Files\NVIDIA GPU Computing Toolkit\CUDA\v8.0\libnvvp;C:\Program Files (x86)\Qualcomm\QDART\\bin;C:\Program Files (x86)\Common Files\Oracle\Java\javapath;C:\Program Files\Common Files\Oracle\Java\javapath;C:\Windows\system32;C:\Windows;C:\Windows\System32\Wbem;C:\Windows\System32\WindowsPowerShell\v1.0\;C:\Windows\System32\OpenSSH\;C:\Program Files (x86)\NVIDIA Corporation\PhysX\Common;C:\Program Files\NVIDIA Corporation\NVIDIA NvDLISR;C:\WINDOWS\system32;C:\WINDOWS;C:\WINDOWS\System32\Wbem;C:\WINDOWS\System32\WindowsPowerShell\v1.0\;C:\WINDOWS\System32\OpenSSH\;C:\Users\devan\AppData\Local\Microsoft\WindowsApps;C:\Users\devan\AppData\Local\Programs\Microsoft VS Code\bin;C:\adb;C:\Program Files\dotnet\;C:\Program Files\Java\jdk-17.0.1\bin;C:\Program Files\PuTTY\;C:\Xilinx\Vivado\2021.1\bin;C:\mingw32\bin;C:\Program Files\NVIDIA Corporation\Nsight Compute 2023.3.1\;C:\WINDOWS\system32;C:\WINDOWS;C:\WINDOWS\System32\Wbem;C:\WINDOWS\System32\WindowsPowerShell\v1.0\;C:\WINDOWS\System32\OpenSSH\;C:\Program Files\nodejs\;C:\ProgramData\chocolatey\bin;C:\Program Files\Docker\Docker\resources\bin;C:\Program Files\Microsoft SQL Server\150\Tools\Binn\;C:\Program Files\Microsoft SQL Server\Client SDK\ODBC\170\Tools\Binn\;C:\Program Files (x86)\Microsoft SQL Server\160\DTS\Binn\;C:\Program Files (x86)\Microsoft SQL Server\160\Tools\Binn\;C:\Program Files\Microsoft SQL Server\160\Tools\Binn\;C:\Program Files\Microsoft SQL Server\160\DTS\Binn\;C:\Program Files\Git\cmd;C:\Users\devan\AppData\Roaming\.dotnet;C:\Users\devan\AppData\Local\Android\Sdk\platform-tools;C:\Users\devan\AppData\Local\Android\Sdk\tools;C:\Program Files\MySQL\MySQL Shell 8.0\bin\;C:\Users\devan\AppData\Local\Programs\Python\Python310\Scripts\;C:\Users\devan\AppData\Local\Programs\Python\Python310\;%USERPROFILE%\AppData\Local\Microsoft\WindowsApps;C
USERNAME=devang
OS=Windows_NT
PROCESSOR_IDENTIFIER=AMD64 Family 23 Model 96 Stepping 1, AuthenticAMD
TMP=C:\Users\devan\AppData\Local\Temp
TEMP=C:\Users\devan\AppData\Local\Temp



Periodic native trim disabled


---------------  S Y S T E M  ---------------

OS:
 Windows 11 , 64 bit Build 22621 (10.0.22621.2506)
OS uptime: 0 days 12:15 hours
Hyper-V role detected

CPU: total 16 (initial active 16) (16 cores per cpu, 2 threads per core) family 23 model 96 stepping 1 microcode 0x0, cx8, cmov, fxsr, ht, mmx, 3dnowpref, sse, sse2, sse3, ssse3, sse4a, sse4.1, sse4.2, popcnt, lzcnt, tsc, tscinvbit, avx, avx2, aes, clmul, bmi1, bmi2, adx, sha, fma, vzeroupper, clflush, clflushopt, hv
Processor Information for all 16 processors :
  Max Mhz: 2901, Current Mhz: 2901, Mhz Limit: 2901

Memory: 4k page, system-wide physical 15790M (4920M free)
TotalPageFile size 15790M (AvailPageFile size 5M)
current process WorkingSet (physical memory assigned to process): 443M, peak: 448M
current process commit charge ("private bytes"): 499M, peak: 504M

vm_info: OpenJDK 64-Bit Server VM (17.0.10+7-LTS) for windows-amd64 JRE (17.0.10+7-LTS), built on Jan 10 2024 19:47:12 by "MicrosoftCorporation" with MS VC++ 16.10 / 16.11 (VS2019)

END.
