#
# There is insufficient memory for the Java Runtime Environment to continue.
# Native memory allocation (malloc) failed to allocate 424256 bytes for Chunk::new
# Possible reasons:
#   The system is out of physical RAM or swap space
#   The process is running with CompressedOops enabled, and the Java Heap may be blocking the growth of the native heap
# Possible solutions:
#   Reduce memory load on the system
#   Increase physical memory or swap space
#   Check if swap backing store is full
#   Decrease Java heap size (-Xmx/-Xms)
#   Decrease number of Java threads
#   Decrease Java thread stack sizes (-Xss)
#   Set larger code cache with -XX:ReservedCodeCacheSize=
#   JVM is running with Unscaled Compressed Oops mode in which the Java heap is
#     placed in the first 4GB address space. The Java Heap base address is the
#     maximum limit for the native heap growth. Please use -XX:HeapBaseMinAddress
#     to set the Java Heap base and to place the Java Heap above 4GB virtual address.
# This output file may be truncated or incomplete.
#
#  Out of Memory Error (arena.cpp:191), pid=10020, tid=13804
#
# JRE version: OpenJDK Runtime Environment Temurin-17.0.10+7 (17.0.10+7) (build 17.0.10+7)
# Java VM: OpenJDK 64-Bit Server VM Temurin-17.0.10+7 (17.0.10+7, mixed mode, tiered, compressed oops, compressed class ptrs, parallel gc, windows-amd64)
# No core dump will be written. Minidumps are not enabled by default on client versions of Windows
#

---------------  S U M M A R Y ------------

Command Line: --add-modules=ALL-SYSTEM --add-opens=java.base/java.util=ALL-UNNAMED --add-opens=java.base/java.lang=ALL-UNNAMED --add-opens=java.base/sun.nio.fs=ALL-UNNAMED -Declipse.application=org.eclipse.jdt.ls.core.id1 -Dosgi.bundles.defaultStartLevel=4 -Declipse.product=org.eclipse.jdt.ls.core.product -Djava.import.generatesMetadataFilesAtProjectRoot=false -DDetectVMInstallationsJob.disabled=true -Dfile.encoding=utf8 -XX:+UseParallelGC -XX:GCTimeRatio=4 -XX:AdaptiveSizePolicyWeight=90 -Dsun.zip.disableMemoryMapping=true -Xmx1G -Xms100m -Xlog:disable -javaagent:c:\Users\devan\.vscode\extensions\redhat.java-1.29.0-win32-x64\lombok\lombok-1.18.32.jar -XX:+HeapDumpOnOutOfMemoryError -XX:HeapDumpPath=c:\Users\devan\AppData\Roaming\Code\User\workspaceStorage\5777b845f8ef420473e6a91478c2b9a2\redhat.java -Daether.dependencyCollector.impl=bf c:\Users\devan\.vscode\extensions\redhat.java-1.29.0-win32-x64\server\plugins\org.eclipse.equinox.launcher_1.6.800.v20240304-1850.jar -configuration c:\Users\devan\AppData\Roaming\Code\User\globalStorage\redhat.java\1.29.0\config_win -data c:\Users\devan\AppData\Roaming\Code\User\workspaceStorage\5777b845f8ef420473e6a91478c2b9a2\redhat.java\jdt_ws --stdio

Host: AMD Ryzen 7 4800H with Radeon Graphics         , 16 cores, 15G,  Windows 11 , 64 bit Build 22621 (10.0.22621.2506)
Time: Thu Apr 11 21:20:40 2024 Russia TZ 10 Standard Time elapsed time: 5.072035 seconds (0d 0h 0m 5s)

---------------  T H R E A D  ---------------

Current thread (0x0000024bf95ee3d0):  JavaThread "C2 CompilerThread1" daemon [_thread_in_native, id=13804, stack(0x0000007942400000,0x0000007942500000)]


Current CompileTask:
C2:   5072 5978       4       org.eclipse.osgi.internal.serviceregistry.ServiceRegistry::notifyHooksPrivileged (58 bytes)

Stack: [0x0000007942400000,0x0000007942500000]
Native frames: (J=compiled Java code, j=interpreted, Vv=VM code, C=native code)
V  [jvm.dll+0x67d2c9]
V  [jvm.dll+0x834afa]
V  [jvm.dll+0x8365be]
V  [jvm.dll+0x836c23]
V  [jvm.dll+0x2477ff]
V  [jvm.dll+0xac514]
V  [jvm.dll+0xacb5c]
V  [jvm.dll+0x2aed1f]
V  [jvm.dll+0x584b67]
V  [jvm.dll+0x2228a2]
V  [jvm.dll+0x21ba9e]
V  [jvm.dll+0x219201]
V  [jvm.dll+0x1a502d]
V  [jvm.dll+0x2290de]
V  [jvm.dll+0x2272ac]
V  [jvm.dll+0x7e9bb7]
V  [jvm.dll+0x7e3fba]
V  [jvm.dll+0x67c1b5]
C  [ucrtbase.dll+0x29363]
C  [KERNEL32.DLL+0x1257d]
C  [ntdll.dll+0x5aa58]


---------------  P R O C E S S  ---------------

Threads class SMR info:
_java_thread_list=0x0000024bfbf120b0, length=35, elements={
0x0000024bdb990830, 0x0000024bf1775260, 0x0000024bf17760e0, 0x0000024bf1779230,
0x0000024bf177a0b0, 0x0000024bf177b6d0, 0x0000024bf177dba0, 0x0000024bf68aaac0,
0x0000024bf68b81d0, 0x0000024bf68b8ae0, 0x0000024bf69d79d0, 0x0000024bf6a33710,
0x0000024bf89a6000, 0x0000024bf89a6520, 0x0000024bf8a28810, 0x0000024bf95ee3d0,
0x0000024bf92dc090, 0x0000024bf9468c50, 0x0000024bf94696e0, 0x0000024bf9956620,
0x0000024bf9ac1090, 0x0000024bf9a61450, 0x0000024bf8d91370, 0x0000024bf8d91880,
0x0000024bf8d90e60, 0x0000024bfacaffa0, 0x0000024bfab88df0, 0x0000024bf8d8eaf0,
0x0000024bf8d922a0, 0x0000024bf8d8f000, 0x0000024bfb0d83c0, 0x0000024bfb0d41f0,
0x0000024bfbcb7e60, 0x0000024bfadde830, 0x0000024bfb0d1970
}

Java Threads: ( => current thread )
  0x0000024bdb990830 JavaThread "main" [_thread_blocked, id=14140, stack(0x0000007941600000,0x0000007941700000)]
  0x0000024bf1775260 JavaThread "Reference Handler" daemon [_thread_blocked, id=1928, stack(0x0000007941900000,0x0000007941a00000)]
  0x0000024bf17760e0 JavaThread "Finalizer" daemon [_thread_blocked, id=6544, stack(0x0000007941a00000,0x0000007941b00000)]
  0x0000024bf1779230 JavaThread "Signal Dispatcher" daemon [_thread_blocked, id=12560, stack(0x0000007941b00000,0x0000007941c00000)]
  0x0000024bf177a0b0 JavaThread "Attach Listener" daemon [_thread_blocked, id=12044, stack(0x0000007941c00000,0x0000007941d00000)]
  0x0000024bf177b6d0 JavaThread "Service Thread" daemon [_thread_blocked, id=9212, stack(0x0000007941d00000,0x0000007941e00000)]
  0x0000024bf177dba0 JavaThread "Monitor Deflation Thread" daemon [_thread_blocked, id=5764, stack(0x0000007941e00000,0x0000007941f00000)]
  0x0000024bf68aaac0 JavaThread "C2 CompilerThread0" daemon [_thread_in_native, id=9084, stack(0x0000007941f00000,0x0000007942000000)]
  0x0000024bf68b81d0 JavaThread "C1 CompilerThread0" daemon [_thread_blocked, id=7952, stack(0x0000007942000000,0x0000007942100000)]
  0x0000024bf68b8ae0 JavaThread "Sweeper thread" daemon [_thread_blocked, id=1976, stack(0x0000007942100000,0x0000007942200000)]
  0x0000024bf69d79d0 JavaThread "Common-Cleaner" daemon [_thread_blocked, id=17240, stack(0x0000007942200000,0x0000007942300000)]
  0x0000024bf6a33710 JavaThread "C1 CompilerThread1" daemon [_thread_blocked, id=17532, stack(0x0000007942300000,0x0000007942400000)]
  0x0000024bf89a6000 JavaThread "C1 CompilerThread2" daemon [_thread_blocked, id=11572, stack(0x0000007942600000,0x0000007942700000)]
  0x0000024bf89a6520 JavaThread "C1 CompilerThread3" daemon [_thread_blocked, id=19580, stack(0x0000007942700000,0x0000007942800000)]
  0x0000024bf8a28810 JavaThread "Notification Thread" daemon [_thread_blocked, id=18736, stack(0x0000007942800000,0x0000007942900000)]
=>0x0000024bf95ee3d0 JavaThread "C2 CompilerThread1" daemon [_thread_in_native, id=13804, stack(0x0000007942400000,0x0000007942500000)]
  0x0000024bf92dc090 JavaThread "Active Thread: Equinox Container: bc59ba76-0cc9-4fd1-8e8e-f43d74b2fbe8" [_thread_blocked, id=14528, stack(0x0000007942a00000,0x0000007942b00000)]
  0x0000024bf9468c50 JavaThread "Framework Event Dispatcher: Equinox Container: bc59ba76-0cc9-4fd1-8e8e-f43d74b2fbe8" daemon [_thread_blocked, id=20016, stack(0x0000007943000000,0x0000007943100000)]
  0x0000024bf94696e0 JavaThread "Start Level: Equinox Container: bc59ba76-0cc9-4fd1-8e8e-f43d74b2fbe8" daemon [_thread_blocked, id=19600, stack(0x0000007943100000,0x0000007943200000)]
  0x0000024bf9956620 JavaThread "Bundle File Closer" daemon [_thread_blocked, id=21492, stack(0x0000007943400000,0x0000007943500000)]
  0x0000024bf9ac1090 JavaThread "SCR Component Actor" daemon [_thread_blocked, id=15932, stack(0x0000007943600000,0x0000007943700000)]
  0x0000024bf9a61450 JavaThread "SCR Component Registry" daemon [_thread_blocked, id=8824, stack(0x0000007943700000,0x0000007943800000)]
  0x0000024bf8d91370 JavaThread "Worker-JM" [_thread_blocked, id=18348, stack(0x0000007943800000,0x0000007943900000)]
  0x0000024bf8d91880 JavaThread "Worker-0: Repository registry initialization" [_thread_in_vm, id=14524, stack(0x0000007943d00000,0x0000007943e00000)]
  0x0000024bf8d90e60 JavaThread "Worker-1: Updating Maven Dependencies" [_thread_blocked, id=16856, stack(0x0000007943e00000,0x0000007943f00000)]
  0x0000024bfacaffa0 JavaThread "C2 CompilerThread2" daemon [_thread_blocked, id=7480, stack(0x0000007942500000,0x0000007942600000)]
  0x0000024bfab88df0 JavaThread "C2 CompilerThread3" daemon [_thread_blocked, id=14648, stack(0x0000007943f00000,0x0000007944000000)]
  0x0000024bf8d8eaf0 JavaThread "Java indexing" daemon [_thread_blocked, id=15064, stack(0x0000007944000000,0x0000007944100000)]
  0x0000024bf8d922a0 JavaThread "JNA Cleaner" daemon [_thread_blocked, id=15580, stack(0x0000007944100000,0x0000007944200000)]
  0x0000024bf8d8f000 JavaThread "pool-2-thread-1" [_thread_blocked, id=16896, stack(0x0000007944200000,0x0000007944300000)]
  0x0000024bfb0d83c0 JavaThread "WorkspaceEventsHandler" [_thread_blocked, id=15576, stack(0x0000007944300000,0x0000007944400000)]
  0x0000024bfb0d41f0 JavaThread "pool-1-thread-1" [_thread_blocked, id=4840, stack(0x0000007944400000,0x0000007944500000)]
  0x0000024bfbcb7e60 JavaThread "C2 CompilerThread4" daemon [_thread_blocked, id=9964, stack(0x0000007944500000,0x0000007944600000)]
  0x0000024bfadde830 JavaThread "C2 CompilerThread5" daemon [_thread_blocked, id=20580, stack(0x0000007944600000,0x0000007944700000)]
  0x0000024bfb0d1970 JavaThread "Worker-2" [_thread_blocked, id=6448, stack(0x0000007944700000,0x0000007944800000)]

Other Threads:
  0x0000024bf175fa00 VMThread "VM Thread" [stack: 0x0000007941800000,0x0000007941900000] [id=16808]
  0x0000024bf8ad92c0 WatcherThread [stack: 0x0000007942900000,0x0000007942a00000] [id=21372]
  0x0000024bdb9a7410 GCTaskThread "GC Thread#0" [stack: 0x0000007941700000,0x0000007941800000] [id=6552]
  0x0000024bf96353f0 GCTaskThread "GC Thread#1" [stack: 0x0000007942b00000,0x0000007942c00000] [id=2200]
  0x0000024bf96358c0 GCTaskThread "GC Thread#2" [stack: 0x0000007942c00000,0x0000007942d00000] [id=6496]
  0x0000024bf9635b80 GCTaskThread "GC Thread#3" [stack: 0x0000007942d00000,0x0000007942e00000] [id=3280]
  0x0000024bf9008be0 GCTaskThread "GC Thread#4" [stack: 0x0000007942e00000,0x0000007942f00000] [id=18372]
  0x0000024bf9008ea0 GCTaskThread "GC Thread#5" [stack: 0x0000007942f00000,0x0000007943000000] [id=2736]
  0x0000024bf96e3b80 GCTaskThread "GC Thread#6" [stack: 0x0000007943200000,0x0000007943300000] [id=3080]
  0x0000024bf98b5e70 GCTaskThread "GC Thread#7" [stack: 0x0000007943300000,0x0000007943400000] [id=8628]
  0x0000024bf9b78e10 GCTaskThread "GC Thread#8" [stack: 0x0000007943500000,0x0000007943600000] [id=15424]
  0x0000024bf98a73a0 GCTaskThread "GC Thread#9" [stack: 0x0000007943900000,0x0000007943a00000] [id=9572]
  0x0000024bf9505f90 GCTaskThread "GC Thread#10" [stack: 0x0000007943a00000,0x0000007943b00000] [id=10880]
  0x0000024bf9a5eb40 GCTaskThread "GC Thread#11" [stack: 0x0000007943b00000,0x0000007943c00000] [id=9276]
  0x0000024bf9ddb3a0 GCTaskThread "GC Thread#12" [stack: 0x0000007943c00000,0x0000007943d00000] [id=8684]

Threads with active compile tasks:
C2 CompilerThread0     5089 6009       4       java.lang.invoke.MethodType::makeImpl (109 bytes)
C2 CompilerThread1     5089 5978       4       org.eclipse.osgi.internal.serviceregistry.ServiceRegistry::notifyHooksPrivileged (58 bytes)

VM state: not at safepoint (normal execution)

VM Mutex/Monitor currently owned by a thread: None

Heap address: 0x00000000c0000000, size: 1024 MB, Compressed Oops mode: 32-bit

CDS archive(s) not mapped
Compressed class space mapped at: 0x0000000100000000-0x0000000140000000, reserved size: 1073741824
Narrow klass base: 0x0000000000000000, Narrow klass shift: 3, Narrow klass range: 0x140000000

GC Precious Log:
 CPUs: 16 total, 16 available
 Memory: 15790M
 Large Page Support: Disabled
 NUMA Support: Disabled
 Compressed Oops: Enabled (32-bit)
 Alignments: Space 512K, Generation 512K, Heap 2M
 Heap Min Capacity: 100M
 Heap Initial Capacity: 100M
 Heap Max Capacity: 1G
 Pre-touch: Disabled
 Parallel Workers: 13

Heap:
 PSYoungGen      total 22528K, used 19887K [0x00000000eab00000, 0x00000000ec680000, 0x0000000100000000)
  eden space 22016K, 88% used [0x00000000eab00000,0x00000000ebdefc18,0x00000000ec080000)
  from space 512K, 100% used [0x00000000ec600000,0x00000000ec680000,0x00000000ec680000)
  to   space 2048K, 0% used [0x00000000ec280000,0x00000000ec280000,0x00000000ec480000)
 ParOldGen       total 68608K, used 19103K [0x00000000c0000000, 0x00000000c4300000, 0x00000000eab00000)
  object space 68608K, 27% used [0x00000000c0000000,0x00000000c12a7f38,0x00000000c4300000)
 Metaspace       used 49506K, committed 50560K, reserved 1114112K
  class space    used 5286K, committed 5760K, reserved 1048576K

Card table byte_map: [0x0000024beeff0000,0x0000024bef200000] _byte_map_base: 0x0000024bee9f0000

Marking Bits: (ParMarkBitMap*) 0x00007fff875ad7d0
 Begin Bits: [0x0000024bef360000, 0x0000024bf0360000)
 End Bits:   [0x0000024bf0360000, 0x0000024bf1360000)

Polling page: 0x0000024bdba40000

Metaspace:

Usage:
  Non-class:     43.18 MB used.
      Class:      5.16 MB used.
       Both:     48.35 MB used.

Virtual space:
  Non-class space:       64.00 MB reserved,      43.75 MB ( 68%) committed,  1 nodes.
      Class space:        1.00 GB reserved,       5.62 MB ( <1%) committed,  1 nodes.
             Both:        1.06 GB reserved,      49.38 MB (  5%) committed. 

Chunk freelists:
   Non-Class:  4.14 MB
       Class:  10.34 MB
        Both:  14.47 MB

MaxMetaspaceSize: unlimited
CompressedClassSpaceSize: 1.00 GB
Initial GC threshold: 21.00 MB
Current GC threshold: 58.38 MB
CDS: off
MetaspaceReclaimPolicy: balanced
 - commit_granule_bytes: 65536.
 - commit_granule_words: 8192.
 - virtual_space_node_default_size: 8388608.
 - enlarge_chunks_in_place: 1.
 - new_chunks_are_fully_committed: 0.
 - uncommit_free_chunks: 1.
 - use_allocation_guard: 0.
 - handle_deallocations: 1.


Internal statistics:

num_allocs_failed_limit: 6.
num_arena_births: 530.
num_arena_deaths: 14.
num_vsnodes_births: 2.
num_vsnodes_deaths: 0.
num_space_committed: 790.
num_space_uncommitted: 0.
num_chunks_returned_to_freelist: 20.
num_chunks_taken_from_freelist: 2257.
num_chunk_merges: 12.
num_chunk_splits: 1461.
num_chunks_enlarged: 982.
num_inconsistent_stats: 0.

CodeHeap 'non-profiled nmethods': size=119168Kb used=2735Kb max_used=2735Kb free=116432Kb
 bounds [0x0000024be79b0000, 0x0000024be7c70000, 0x0000024beee10000]
CodeHeap 'profiled nmethods': size=119104Kb used=10777Kb max_used=10928Kb free=108326Kb
 bounds [0x0000024bdfe10000, 0x0000024be08c0000, 0x0000024be7260000]
CodeHeap 'non-nmethods': size=7488Kb used=2981Kb max_used=3054Kb free=4506Kb
 bounds [0x0000024be7260000, 0x0000024be7560000, 0x0000024be79b0000]
 total_blobs=5860 nmethods=5236 adapters=534
 compilation: enabled
              stopped_count=0, restarted_count=0
 full_count=0

Compilation events (20 events):
Event: 5.046 Thread 0x0000024bf6a33710 nmethod 6004 0x0000024bdff60990 code [0x0000024bdff60b60, 0x0000024bdff60f18]
Event: 5.048 Thread 0x0000024bf89a6520 6005   !   3       org.eclipse.osgi.internal.loader.classpath.ClasspathManager::defineClass (636 bytes)
Event: 5.050 Thread 0x0000024bfadde830 6006   !   4       org.eclipse.osgi.storage.bundlefile.CloseableBundleFile::internalOpen (112 bytes)
Event: 5.050 Thread 0x0000024bf89a6520 nmethod 6005 0x0000024bdff5bb90 code [0x0000024bdff5c0e0, 0x0000024bdff5f418]
Event: 5.054 Thread 0x0000024bfadde830 nmethod 6006 0x0000024be7a22610 code [0x0000024be7a227c0, 0x0000024be7a22c38]
Event: 5.055 Thread 0x0000024bf68b81d0 6007   !   3       org.eclipse.osgi.internal.loader.classpath.ClasspathManager::findClassImpl (308 bytes)
Event: 5.057 Thread 0x0000024bfadde830 6008       4       java.lang.ClassLoader::getPackage (36 bytes)
Event: 5.059 Thread 0x0000024bfadde830 nmethod 6008 0x0000024be7a21e10 code [0x0000024be7a22020, 0x0000024be7a222c0]
Event: 5.061 Thread 0x0000024bf68b81d0 nmethod 6007 0x0000024bdff2cf90 code [0x0000024bdff2d820, 0x0000024bdff31a18]
Event: 5.061 Thread 0x0000024bf68aaac0 6009       4       java.lang.invoke.MethodType::makeImpl (109 bytes)
Event: 5.061 Thread 0x0000024bfbcb7e60 6010       4       jdk.internal.org.objectweb.asm.SymbolTable::put (150 bytes)
Event: 5.062 Thread 0x0000024bf89a6520 6011       3       java.lang.invoke.DirectMethodHandle::makeAllocator (137 bytes)
Event: 5.062 Thread 0x0000024bf89a6000 6012       3       java.util.concurrent.locks.ReentrantLock$NonfairSync::tryAcquire (27 bytes)
Event: 5.062 Thread 0x0000024bf89a6520 nmethod 6011 0x0000024bdff2c690 code [0x0000024bdff2c8a0, 0x0000024bdff2ccf8]
Event: 5.063 Thread 0x0000024bf89a6000 nmethod 6012 0x0000024bdff5b410 code [0x0000024bdff5b5c0, 0x0000024bdff5b828]
Event: 5.063 Thread 0x0000024bf68b81d0 6013       3       java.util.regex.Pattern::sequence (647 bytes)
Event: 5.063 Thread 0x0000024bfacaffa0 6014       4       java.util.ArrayDeque::addLast (51 bytes)
Event: 5.065 Thread 0x0000024bfacaffa0 nmethod 6014 0x0000024be7a21a10 code [0x0000024be7a21ba0, 0x0000024be7a21cf8]
Event: 5.066 Thread 0x0000024bfbcb7e60 nmethod 6010 0x0000024be7a21210 code [0x0000024be7a213a0, 0x0000024be7a217b8]
Event: 5.067 Thread 0x0000024bf68b81d0 nmethod 6013 0x0000024be05a3190 code [0x0000024be05a3760, 0x0000024be05a6558]

GC Heap History (20 events):
Event: 3.090 GC heap before
{Heap before GC invocations=9 (full 1):
 PSYoungGen      total 27648K, used 27624K [0x00000000eab00000, 0x00000000ecb00000, 0x0000000100000000)
  eden space 24576K, 100% used [0x00000000eab00000,0x00000000ec300000,0x00000000ec300000)
  from space 3072K, 99% used [0x00000000ec500000,0x00000000ec7fa068,0x00000000ec800000)
  to   space 3072K, 0% used [0x00000000ec800000,0x00000000ec800000,0x00000000ecb00000)
 ParOldGen       total 68608K, used 10832K [0x00000000c0000000, 0x00000000c4300000, 0x00000000eab00000)
  object space 68608K, 15% used [0x00000000c0000000,0x00000000c0a94130,0x00000000c4300000)
 Metaspace       used 29739K, committed 30272K, reserved 1114112K
  class space    used 2923K, committed 3136K, reserved 1048576K
}
Event: 3.092 GC heap after
{Heap after GC invocations=9 (full 1):
 PSYoungGen      total 27136K, used 3063K [0x00000000eab00000, 0x00000000ecb00000, 0x0000000100000000)
  eden space 24064K, 0% used [0x00000000eab00000,0x00000000eab00000,0x00000000ec280000)
  from space 3072K, 99% used [0x00000000ec800000,0x00000000ecafdf90,0x00000000ecb00000)
  to   space 3584K, 0% used [0x00000000ec400000,0x00000000ec400000,0x00000000ec780000)
 ParOldGen       total 68608K, used 11208K [0x00000000c0000000, 0x00000000c4300000, 0x00000000eab00000)
  object space 68608K, 16% used [0x00000000c0000000,0x00000000c0af2130,0x00000000c4300000)
 Metaspace       used 29739K, committed 30272K, reserved 1114112K
  class space    used 2923K, committed 3136K, reserved 1048576K
}
Event: 3.271 GC heap before
{Heap before GC invocations=10 (full 1):
 PSYoungGen      total 27136K, used 27127K [0x00000000eab00000, 0x00000000ecb00000, 0x0000000100000000)
  eden space 24064K, 100% used [0x00000000eab00000,0x00000000ec280000,0x00000000ec280000)
  from space 3072K, 99% used [0x00000000ec800000,0x00000000ecafdf90,0x00000000ecb00000)
  to   space 3584K, 0% used [0x00000000ec400000,0x00000000ec400000,0x00000000ec780000)
 ParOldGen       total 68608K, used 11208K [0x00000000c0000000, 0x00000000c4300000, 0x00000000eab00000)
  object space 68608K, 16% used [0x00000000c0000000,0x00000000c0af2130,0x00000000c4300000)
 Metaspace       used 32283K, committed 32896K, reserved 1114112K
  class space    used 3127K, committed 3392K, reserved 1048576K
}
Event: 3.274 GC heap after
{Heap after GC invocations=10 (full 1):
 PSYoungGen      total 27136K, used 3582K [0x00000000eab00000, 0x00000000eca00000, 0x0000000100000000)
  eden space 23552K, 0% used [0x00000000eab00000,0x00000000eab00000,0x00000000ec200000)
  from space 3584K, 99% used [0x00000000ec400000,0x00000000ec77f858,0x00000000ec780000)
  to   space 2560K, 0% used [0x00000000ec780000,0x00000000ec780000,0x00000000eca00000)
 ParOldGen       total 68608K, used 12780K [0x00000000c0000000, 0x00000000c4300000, 0x00000000eab00000)
  object space 68608K, 18% used [0x00000000c0000000,0x00000000c0c7b088,0x00000000c4300000)
 Metaspace       used 32283K, committed 32896K, reserved 1114112K
  class space    used 3127K, committed 3392K, reserved 1048576K
}
Event: 3.533 GC heap before
{Heap before GC invocations=11 (full 1):
 PSYoungGen      total 27136K, used 27134K [0x00000000eab00000, 0x00000000eca00000, 0x0000000100000000)
  eden space 23552K, 100% used [0x00000000eab00000,0x00000000ec200000,0x00000000ec200000)
  from space 3584K, 99% used [0x00000000ec400000,0x00000000ec77f858,0x00000000ec780000)
  to   space 2560K, 0% used [0x00000000ec780000,0x00000000ec780000,0x00000000eca00000)
 ParOldGen       total 68608K, used 12780K [0x00000000c0000000, 0x00000000c4300000, 0x00000000eab00000)
  object space 68608K, 18% used [0x00000000c0000000,0x00000000c0c7b088,0x00000000c4300000)
 Metaspace       used 35139K, committed 35840K, reserved 1114112K
  class space    used 3427K, committed 3712K, reserved 1048576K
}
Event: 3.536 GC heap after
{Heap after GC invocations=11 (full 1):
 PSYoungGen      total 25600K, used 2286K [0x00000000eab00000, 0x00000000eca00000, 0x0000000100000000)
  eden space 23040K, 0% used [0x00000000eab00000,0x00000000eab00000,0x00000000ec180000)
  from space 2560K, 89% used [0x00000000ec780000,0x00000000ec9bb948,0x00000000eca00000)
  to   space 3072K, 0% used [0x00000000ec400000,0x00000000ec400000,0x00000000ec700000)
 ParOldGen       total 68608K, used 15083K [0x00000000c0000000, 0x00000000c4300000, 0x00000000eab00000)
  object space 68608K, 21% used [0x00000000c0000000,0x00000000c0ebac28,0x00000000c4300000)
 Metaspace       used 35139K, committed 35840K, reserved 1114112K
  class space    used 3427K, committed 3712K, reserved 1048576K
}
Event: 3.542 GC heap before
{Heap before GC invocations=12 (full 1):
 PSYoungGen      total 25600K, used 2748K [0x00000000eab00000, 0x00000000eca00000, 0x0000000100000000)
  eden space 23040K, 2% used [0x00000000eab00000,0x00000000eab73a38,0x00000000ec180000)
  from space 2560K, 89% used [0x00000000ec780000,0x00000000ec9bb948,0x00000000eca00000)
  to   space 3072K, 0% used [0x00000000ec400000,0x00000000ec400000,0x00000000ec700000)
 ParOldGen       total 68608K, used 15083K [0x00000000c0000000, 0x00000000c4300000, 0x00000000eab00000)
  object space 68608K, 21% used [0x00000000c0000000,0x00000000c0ebac28,0x00000000c4300000)
 Metaspace       used 35187K, committed 35840K, reserved 1114112K
  class space    used 3433K, committed 3712K, reserved 1048576K
}
Event: 3.545 GC heap after
{Heap after GC invocations=12 (full 1):
 PSYoungGen      total 23552K, used 336K [0x00000000eab00000, 0x00000000ec800000, 0x0000000100000000)
  eden space 23040K, 0% used [0x00000000eab00000,0x00000000eab00000,0x00000000ec180000)
  from space 512K, 65% used [0x00000000ec400000,0x00000000ec4542d0,0x00000000ec480000)
  to   space 1536K, 0% used [0x00000000ec680000,0x00000000ec680000,0x00000000ec800000)
 ParOldGen       total 68608K, used 17224K [0x00000000c0000000, 0x00000000c4300000, 0x00000000eab00000)
  object space 68608K, 25% used [0x00000000c0000000,0x00000000c10d22e0,0x00000000c4300000)
 Metaspace       used 35187K, committed 35840K, reserved 1114112K
  class space    used 3433K, committed 3712K, reserved 1048576K
}
Event: 3.545 GC heap before
{Heap before GC invocations=13 (full 2):
 PSYoungGen      total 23552K, used 336K [0x00000000eab00000, 0x00000000ec800000, 0x0000000100000000)
  eden space 23040K, 0% used [0x00000000eab00000,0x00000000eab00000,0x00000000ec180000)
  from space 512K, 65% used [0x00000000ec400000,0x00000000ec4542d0,0x00000000ec480000)
  to   space 1536K, 0% used [0x00000000ec680000,0x00000000ec680000,0x00000000ec800000)
 ParOldGen       total 68608K, used 17224K [0x00000000c0000000, 0x00000000c4300000, 0x00000000eab00000)
  object space 68608K, 25% used [0x00000000c0000000,0x00000000c10d22e0,0x00000000c4300000)
 Metaspace       used 35187K, committed 35840K, reserved 1114112K
  class space    used 3433K, committed 3712K, reserved 1048576K
}
Event: 3.566 GC heap after
{Heap after GC invocations=13 (full 2):
 PSYoungGen      total 23552K, used 0K [0x00000000eab00000, 0x00000000ec800000, 0x0000000100000000)
  eden space 23040K, 0% used [0x00000000eab00000,0x00000000eab00000,0x00000000ec180000)
  from space 512K, 0% used [0x00000000ec400000,0x00000000ec400000,0x00000000ec480000)
  to   space 1536K, 0% used [0x00000000ec680000,0x00000000ec680000,0x00000000ec800000)
 ParOldGen       total 68608K, used 15891K [0x00000000c0000000, 0x00000000c4300000, 0x00000000eab00000)
  object space 68608K, 23% used [0x00000000c0000000,0x00000000c0f84d28,0x00000000c4300000)
 Metaspace       used 35187K, committed 35840K, reserved 1114112K
  class space    used 3433K, committed 3712K, reserved 1048576K
}
Event: 3.809 GC heap before
{Heap before GC invocations=14 (full 2):
 PSYoungGen      total 23552K, used 23040K [0x00000000eab00000, 0x00000000ec800000, 0x0000000100000000)
  eden space 23040K, 100% used [0x00000000eab00000,0x00000000ec180000,0x00000000ec180000)
  from space 512K, 0% used [0x00000000ec400000,0x00000000ec400000,0x00000000ec480000)
  to   space 1536K, 0% used [0x00000000ec680000,0x00000000ec680000,0x00000000ec800000)
 ParOldGen       total 68608K, used 15891K [0x00000000c0000000, 0x00000000c4300000, 0x00000000eab00000)
  object space 68608K, 23% used [0x00000000c0000000,0x00000000c0f84d28,0x00000000c4300000)
 Metaspace       used 38028K, committed 38912K, reserved 1114112K
  class space    used 3786K, committed 4160K, reserved 1048576K
}
Event: 3.810 GC heap after
{Heap after GC invocations=14 (full 2):
 PSYoungGen      total 24064K, used 1087K [0x00000000eab00000, 0x00000000ec800000, 0x0000000100000000)
  eden space 22528K, 0% used [0x00000000eab00000,0x00000000eab00000,0x00000000ec100000)
  from space 1536K, 70% used [0x00000000ec680000,0x00000000ec78fc30,0x00000000ec800000)
  to   space 1536K, 0% used [0x00000000ec500000,0x00000000ec500000,0x00000000ec680000)
 ParOldGen       total 68608K, used 15899K [0x00000000c0000000, 0x00000000c4300000, 0x00000000eab00000)
  object space 68608K, 23% used [0x00000000c0000000,0x00000000c0f86d28,0x00000000c4300000)
 Metaspace       used 38028K, committed 38912K, reserved 1114112K
  class space    used 3786K, committed 4160K, reserved 1048576K
}
Event: 4.020 GC heap before
{Heap before GC invocations=15 (full 2):
 PSYoungGen      total 24064K, used 23615K [0x00000000eab00000, 0x00000000ec800000, 0x0000000100000000)
  eden space 22528K, 100% used [0x00000000eab00000,0x00000000ec100000,0x00000000ec100000)
  from space 1536K, 70% used [0x00000000ec680000,0x00000000ec78fc30,0x00000000ec800000)
  to   space 1536K, 0% used [0x00000000ec500000,0x00000000ec500000,0x00000000ec680000)
 ParOldGen       total 68608K, used 15899K [0x00000000c0000000, 0x00000000c4300000, 0x00000000eab00000)
  object space 68608K, 23% used [0x00000000c0000000,0x00000000c0f86d28,0x00000000c4300000)
 Metaspace       used 40729K, committed 41728K, reserved 1114112K
  class space    used 4117K, committed 4544K, reserved 1048576K
}
Event: 4.023 GC heap after
{Heap after GC invocations=15 (full 2):
 PSYoungGen      total 23040K, used 992K [0x00000000eab00000, 0x00000000ec700000, 0x0000000100000000)
  eden space 22016K, 0% used [0x00000000eab00000,0x00000000eab00000,0x00000000ec080000)
  from space 1024K, 96% used [0x00000000ec500000,0x00000000ec5f8000,0x00000000ec600000)
  to   space 1024K, 0% used [0x00000000ec600000,0x00000000ec600000,0x00000000ec700000)
 ParOldGen       total 68608K, used 16797K [0x00000000c0000000, 0x00000000c4300000, 0x00000000eab00000)
  object space 68608K, 24% used [0x00000000c0000000,0x00000000c10677f8,0x00000000c4300000)
 Metaspace       used 40729K, committed 41728K, reserved 1114112K
  class space    used 4117K, committed 4544K, reserved 1048576K
}
Event: 4.302 GC heap before
{Heap before GC invocations=16 (full 2):
 PSYoungGen      total 23040K, used 22983K [0x00000000eab00000, 0x00000000ec700000, 0x0000000100000000)
  eden space 22016K, 99% used [0x00000000eab00000,0x00000000ec079d80,0x00000000ec080000)
  from space 1024K, 96% used [0x00000000ec500000,0x00000000ec5f8000,0x00000000ec600000)
  to   space 1024K, 0% used [0x00000000ec600000,0x00000000ec600000,0x00000000ec700000)
 ParOldGen       total 68608K, used 16797K [0x00000000c0000000, 0x00000000c4300000, 0x00000000eab00000)
  object space 68608K, 24% used [0x00000000c0000000,0x00000000c10677f8,0x00000000c4300000)
 Metaspace       used 42637K, committed 43648K, reserved 1114112K
  class space    used 4391K, committed 4800K, reserved 1048576K
}
Event: 4.304 GC heap after
{Heap after GC invocations=16 (full 2):
 PSYoungGen      total 23040K, used 769K [0x00000000eab00000, 0x00000000ec700000, 0x0000000100000000)
  eden space 22016K, 0% used [0x00000000eab00000,0x00000000eab00000,0x00000000ec080000)
  from space 1024K, 75% used [0x00000000ec600000,0x00000000ec6c0710,0x00000000ec700000)
  to   space 1024K, 0% used [0x00000000ec500000,0x00000000ec500000,0x00000000ec600000)
 ParOldGen       total 68608K, used 17639K [0x00000000c0000000, 0x00000000c4300000, 0x00000000eab00000)
  object space 68608K, 25% used [0x00000000c0000000,0x00000000c1139f38,0x00000000c4300000)
 Metaspace       used 42637K, committed 43648K, reserved 1114112K
  class space    used 4391K, committed 4800K, reserved 1048576K
}
Event: 4.536 GC heap before
{Heap before GC invocations=17 (full 2):
 PSYoungGen      total 23040K, used 22785K [0x00000000eab00000, 0x00000000ec700000, 0x0000000100000000)
  eden space 22016K, 100% used [0x00000000eab00000,0x00000000ec080000,0x00000000ec080000)
  from space 1024K, 75% used [0x00000000ec600000,0x00000000ec6c0710,0x00000000ec700000)
  to   space 1024K, 0% used [0x00000000ec500000,0x00000000ec500000,0x00000000ec600000)
 ParOldGen       total 68608K, used 17639K [0x00000000c0000000, 0x00000000c4300000, 0x00000000eab00000)
  object space 68608K, 25% used [0x00000000c0000000,0x00000000c1139f38,0x00000000c4300000)
 Metaspace       used 44695K, committed 45632K, reserved 1114112K
  class space    used 4654K, committed 5056K, reserved 1048576K
}
Event: 4.537 GC heap after
{Heap after GC invocations=17 (full 2):
 PSYoungGen      total 23040K, used 768K [0x00000000eab00000, 0x00000000ec680000, 0x0000000100000000)
  eden space 22016K, 0% used [0x00000000eab00000,0x00000000eab00000,0x00000000ec080000)
  from space 1024K, 75% used [0x00000000ec500000,0x00000000ec5c0000,0x00000000ec600000)
  to   space 512K, 0% used [0x00000000ec600000,0x00000000ec600000,0x00000000ec680000)
 ParOldGen       total 68608K, used 18111K [0x00000000c0000000, 0x00000000c4300000, 0x00000000eab00000)
  object space 68608K, 26% used [0x00000000c0000000,0x00000000c11aff38,0x00000000c4300000)
 Metaspace       used 44695K, committed 45632K, reserved 1114112K
  class space    used 4654K, committed 5056K, reserved 1048576K
}
Event: 4.763 GC heap before
{Heap before GC invocations=18 (full 2):
 PSYoungGen      total 23040K, used 22784K [0x00000000eab00000, 0x00000000ec680000, 0x0000000100000000)
  eden space 22016K, 100% used [0x00000000eab00000,0x00000000ec080000,0x00000000ec080000)
  from space 1024K, 75% used [0x00000000ec500000,0x00000000ec5c0000,0x00000000ec600000)
  to   space 512K, 0% used [0x00000000ec600000,0x00000000ec600000,0x00000000ec680000)
 ParOldGen       total 68608K, used 18111K [0x00000000c0000000, 0x00000000c4300000, 0x00000000eab00000)
  object space 68608K, 26% used [0x00000000c0000000,0x00000000c11aff38,0x00000000c4300000)
 Metaspace       used 47232K, committed 48256K, reserved 1114112K
  class space    used 4985K, committed 5440K, reserved 1048576K
}
Event: 4.764 GC heap after
{Heap after GC invocations=18 (full 2):
 PSYoungGen      total 22528K, used 512K [0x00000000eab00000, 0x00000000ec680000, 0x0000000100000000)
  eden space 22016K, 0% used [0x00000000eab00000,0x00000000eab00000,0x00000000ec080000)
  from space 512K, 100% used [0x00000000ec600000,0x00000000ec680000,0x00000000ec680000)
  to   space 2048K, 0% used [0x00000000ec280000,0x00000000ec280000,0x00000000ec480000)
 ParOldGen       total 68608K, used 19103K [0x00000000c0000000, 0x00000000c4300000, 0x00000000eab00000)
  object space 68608K, 27% used [0x00000000c0000000,0x00000000c12a7f38,0x00000000c4300000)
 Metaspace       used 47232K, committed 48256K, reserved 1114112K
  class space    used 4985K, committed 5440K, reserved 1048576K
}

Dll operation events (10 events):
Event: 0.010 Loaded shared library c:\Users\devan\.vscode\extensions\redhat.java-1.29.0-win32-x64\jre\17.0.10-win32-x86_64\bin\java.dll
Event: 0.199 Loaded shared library c:\Users\devan\.vscode\extensions\redhat.java-1.29.0-win32-x64\jre\17.0.10-win32-x86_64\bin\zip.dll
Event: 0.204 Loaded shared library C:\Users\devan\.vscode\extensions\redhat.java-1.29.0-win32-x64\jre\17.0.10-win32-x86_64\bin\instrument.dll
Event: 0.221 Loaded shared library C:\Users\devan\.vscode\extensions\redhat.java-1.29.0-win32-x64\jre\17.0.10-win32-x86_64\bin\net.dll
Event: 0.224 Loaded shared library C:\Users\devan\.vscode\extensions\redhat.java-1.29.0-win32-x64\jre\17.0.10-win32-x86_64\bin\nio.dll
Event: 0.235 Loaded shared library C:\Users\devan\.vscode\extensions\redhat.java-1.29.0-win32-x64\jre\17.0.10-win32-x86_64\bin\zip.dll
Event: 0.264 Loaded shared library C:\Users\devan\.vscode\extensions\redhat.java-1.29.0-win32-x64\jre\17.0.10-win32-x86_64\bin\jimage.dll
Event: 0.345 Loaded shared library c:\Users\devan\.vscode\extensions\redhat.java-1.29.0-win32-x64\jre\17.0.10-win32-x86_64\bin\verify.dll
Event: 1.576 Loaded shared library C:\Users\devan\AppData\Roaming\Code\User\globalStorage\redhat.java\1.29.0\config_win\org.eclipse.equinox.launcher\org.eclipse.equinox.launcher.win32.win32.x86_64_1.2.900.v20240213-1244\eclipse_11900.dll
Event: 3.586 Loaded shared library C:\Users\devan\AppData\Local\Temp\jna--1335164507\jna16099854656556805205.dll

Deoptimization events (20 events):
Event: 5.058 Thread 0x0000024bf8d91880 Uncommon trap: trap_request=0xffffffde fr.pc=0x0000024be7b1763c relative=0x0000000000000e1c
Event: 5.058 Thread 0x0000024bf8d91880 Uncommon trap: reason=class_check action=maybe_recompile pc=0x0000024be7b1763c method=java.util.concurrent.ConcurrentHashMap.putVal(Ljava/lang/Object;Ljava/lang/Object;Z)Ljava/lang/Object; @ 242 c2
Event: 5.058 Thread 0x0000024bf8d91880 DEOPT PACKING pc=0x0000024be7b1763c sp=0x0000007943dfdd80
Event: 5.058 Thread 0x0000024bf8d91880 DEOPT UNPACKING pc=0x0000024be72b66a3 sp=0x0000007943dfdcf0 mode 2
Event: 5.058 Thread 0x0000024bf8d91880 Uncommon trap: trap_request=0xffffff54 fr.pc=0x0000024be7c24da0 relative=0x00000000000032c0
Event: 5.058 Thread 0x0000024bf8d91880 Uncommon trap: reason=speculate_null_assert action=make_not_entrant pc=0x0000024be7c24da0 method=java.lang.invoke.MethodType$ConcurrentWeakInternSet.add(Ljava/lang/Object;)Ljava/lang/Object; @ 47 c2
Event: 5.058 Thread 0x0000024bf8d91880 DEOPT PACKING pc=0x0000024be7c24da0 sp=0x0000007943dfde30
Event: 5.058 Thread 0x0000024bf8d91880 DEOPT UNPACKING pc=0x0000024be72b66a3 sp=0x0000007943dfddc8 mode 2
Event: 5.059 Thread 0x0000024bf8d91880 Uncommon trap: trap_request=0xffffffde fr.pc=0x0000024be7b1763c relative=0x0000000000000e1c
Event: 5.059 Thread 0x0000024bf8d91880 Uncommon trap: reason=class_check action=maybe_recompile pc=0x0000024be7b1763c method=java.util.concurrent.ConcurrentHashMap.putVal(Ljava/lang/Object;Ljava/lang/Object;Z)Ljava/lang/Object; @ 242 c2
Event: 5.059 Thread 0x0000024bf8d91880 DEOPT PACKING pc=0x0000024be7b1763c sp=0x0000007943dfd7c0
Event: 5.059 Thread 0x0000024bf8d91880 DEOPT UNPACKING pc=0x0000024be72b66a3 sp=0x0000007943dfd730 mode 2
Event: 5.060 Thread 0x0000024bf8d90e60 Uncommon trap: trap_request=0xffffffde fr.pc=0x0000024be7b1763c relative=0x0000000000000e1c
Event: 5.060 Thread 0x0000024bf8d90e60 Uncommon trap: reason=class_check action=maybe_recompile pc=0x0000024be7b1763c method=java.util.concurrent.ConcurrentHashMap.putVal(Ljava/lang/Object;Ljava/lang/Object;Z)Ljava/lang/Object; @ 242 c2
Event: 5.060 Thread 0x0000024bf8d90e60 DEOPT PACKING pc=0x0000024be7b1763c sp=0x0000007943efdb30
Event: 5.060 Thread 0x0000024bf8d90e60 DEOPT UNPACKING pc=0x0000024be72b66a3 sp=0x0000007943efdaa0 mode 2
Event: 5.061 Thread 0x0000024bf8d91880 Uncommon trap: trap_request=0xffffffde fr.pc=0x0000024be7b1763c relative=0x0000000000000e1c
Event: 5.061 Thread 0x0000024bf8d91880 Uncommon trap: reason=class_check action=maybe_recompile pc=0x0000024be7b1763c method=java.util.concurrent.ConcurrentHashMap.putVal(Ljava/lang/Object;Ljava/lang/Object;Z)Ljava/lang/Object; @ 242 c2
Event: 5.061 Thread 0x0000024bf8d91880 DEOPT PACKING pc=0x0000024be7b1763c sp=0x0000007943dfd7c0
Event: 5.061 Thread 0x0000024bf8d91880 DEOPT UNPACKING pc=0x0000024be72b66a3 sp=0x0000007943dfd730 mode 2

Classes unloaded (7 events):
Event: 2.330 Thread 0x0000024bf175fa00 Unloading class 0x000000010024c400 'java/lang/invoke/LambdaForm$MH+0x000000010024c400'
Event: 2.330 Thread 0x0000024bf175fa00 Unloading class 0x000000010024c000 'java/lang/invoke/LambdaForm$MH+0x000000010024c000'
Event: 2.330 Thread 0x0000024bf175fa00 Unloading class 0x000000010024bc00 'java/lang/invoke/LambdaForm$MH+0x000000010024bc00'
Event: 2.330 Thread 0x0000024bf175fa00 Unloading class 0x000000010024b800 'java/lang/invoke/LambdaForm$MH+0x000000010024b800'
Event: 2.331 Thread 0x0000024bf175fa00 Unloading class 0x000000010024b400 'java/lang/invoke/LambdaForm$BMH+0x000000010024b400'
Event: 2.331 Thread 0x0000024bf175fa00 Unloading class 0x000000010024b000 'java/lang/invoke/LambdaForm$DMH+0x000000010024b000'
Event: 2.331 Thread 0x0000024bf175fa00 Unloading class 0x0000000100248400 'java/lang/invoke/LambdaForm$DMH+0x0000000100248400'

Classes redefined (0 events):
No events

Internal exceptions (20 events):
Event: 3.917 Thread 0x0000024bf8d91880 Exception <a 'java/lang/NoSuchMethodError'{0x00000000eb753888}: 'int java.lang.invoke.DirectMethodHandle$Holder.invokeStaticInit(java.lang.Object, long, long)'> (0x00000000eb753888) 
thrown [s\src\hotspot\share\interpreter\linkResolver.cpp, line 759]
Event: 3.918 Thread 0x0000024bf8d91880 Exception <a 'java/lang/NoSuchMethodError'{0x00000000eb75ab78}: 'int java.lang.invoke.DirectMethodHandle$Holder.invokeStaticInit(java.lang.Object, float, float)'> (0x00000000eb75ab78) 
thrown [s\src\hotspot\share\interpreter\linkResolver.cpp, line 759]
Event: 3.918 Thread 0x0000024bf8d91880 Exception <a 'java/lang/NoSuchMethodError'{0x00000000eb7620c8}: 'int java.lang.invoke.DirectMethodHandle$Holder.invokeStaticInit(java.lang.Object, double, double)'> (0x00000000eb7620c8) 
thrown [s\src\hotspot\share\interpreter\linkResolver.cpp, line 759]
Event: 3.919 Thread 0x0000024bf8d91880 Exception <a 'java/lang/NoSuchMethodError'{0x00000000eb766980}: 'int java.lang.invoke.DirectMethodHandle$Holder.invokeStatic(java.lang.Object, long)'> (0x00000000eb766980) 
thrown [s\src\hotspot\share\interpreter\linkResolver.cpp, line 759]
Event: 3.924 Thread 0x0000024bf8d91880 Exception <a 'java/lang/NoSuchMethodError'{0x00000000eb7e3480}: 'int java.lang.invoke.Invokers$Holder.linkToTargetMethod(java.lang.Object, java.lang.Object)'> (0x00000000eb7e3480) 
thrown [s\src\hotspot\share\interpreter\linkResolver.cpp, line 759]
Event: 3.935 Thread 0x0000024bf8d90e60 Exception <a 'java/lang/NoSuchMethodError'{0x00000000eb873500}: 'int java.lang.invoke.DirectMethodHandle$Holder.invokeSpecial(java.lang.Object, java.lang.Object, java.lang.Object, java.lang.Object)'> (0x00000000eb873500) 
thrown [s\src\hotspot\share\interpreter\linkResolver.cpp, line 759]
Event: 3.939 Thread 0x0000024bf8d90e60 Exception <a 'java/lang/NoSuchMethodError'{0x00000000eb8dcc18}: 'java.lang.Object java.lang.invoke.DirectMethodHandle$Holder.invokeStatic(java.lang.Object, int, java.lang.Object, java.lang.Object)'> (0x00000000eb8dcc18) 
thrown [s\src\hotspot\share\interpreter\linkResolver.cpp, line 759]
Event: 3.939 Thread 0x0000024bf8d90e60 Exception <a 'java/lang/NoSuchMethodError'{0x00000000eb8f35d8}: 'java.lang.Object java.lang.invoke.DelegatingMethodHandle$Holder.delegate(java.lang.Object, int, java.lang.Object, java.lang.Object)'> (0x00000000eb8f35d8) 
thrown [s\src\hotspot\share\interpreter\linkResolver.cpp, line 759]
Event: 3.942 Thread 0x0000024bf8d90e60 Exception <a 'java/lang/NoSuchMethodError'{0x00000000eb941b50}: 'int java.lang.invoke.Invokers$Holder.linkToTargetMethod(java.lang.Object, java.lang.Object, java.lang.Object)'> (0x00000000eb941b50) 
thrown [s\src\hotspot\share\interpreter\linkResolver.cpp, line 759]
Event: 3.960 Thread 0x0000024bf8d91880 Exception <a 'java/lang/NoSuchMethodError'{0x00000000ebaa0888}: 'java.lang.Object java.lang.invoke.DirectMethodHandle$Holder.invokeSpecialIFC(java.lang.Object, java.lang.Object, java.lang.Object, java.lang.Object)'> (0x00000000ebaa0888) 
thrown [s\src\hotspot\share\interpreter\linkResolver.cpp, line 759]
Event: 4.069 Thread 0x0000024bf8d91880 Exception <a 'java/lang/NoSuchMethodError'{0x00000000eaf481e8}: 'int java.lang.invoke.DirectMethodHandle$Holder.invokeSpecialIFC(java.lang.Object, java.lang.Object, java.lang.Object, java.lang.Object, java.lang.Object)'> (0x00000000eaf481e8) 
thrown [s\src\hotspot\share\interpreter\linkResolver.cpp, line 759]
Event: 4.171 Thread 0x0000024bf8d91880 Exception <a 'java/lang/NoClassDefFoundError'{0x00000000eb5e1390}: javax/enterprise/inject/Typed> (0x00000000eb5e1390) 
thrown [s\src\hotspot\share\classfile\systemDictionary.cpp, line 245]
Event: 4.723 Thread 0x0000024bf8d91880 Exception <a 'java/lang/NoSuchMethodError'{0x00000000ebcf3708}: 'void java.lang.invoke.DirectMethodHandle$Holder.invokeStaticInit(java.lang.Object, java.lang.Object, java.lang.Object)'> (0x00000000ebcf3708) 
thrown [s\src\hotspot\share\interpreter\linkResolver.cpp, line 759]
Event: 4.725 Thread 0x0000024bf8d91880 Exception <a 'java/lang/ExceptionInInitializerError'{0x00000000ebd29960}> (0x00000000ebd29960) 
thrown [s\src\hotspot\share\oops\instanceKlass.cpp, line 1218]
Event: 4.728 Thread 0x0000024bf8d91880 Implicit null exception at 0x0000024be7b6f46b to 0x0000024be7b70120
Event: 4.728 Thread 0x0000024bf8d91880 Implicit null exception at 0x0000024be7b6acef to 0x0000024be7b6b968
Event: 4.742 Thread 0x0000024bf8d91880 Implicit null exception at 0x0000024be7aceab0 to 0x0000024be7acec6c
Event: 4.742 Thread 0x0000024bf8d91880 Implicit null exception at 0x0000024be7a48f89 to 0x0000024be7a4a334
Event: 4.743 Thread 0x0000024bf8d91880 Exception <a 'java/lang/NoSuchMethodError'{0x00000000ebeb15e8}: 'java.lang.Object java.lang.invoke.Invokers$Holder.invokeExact_MT(java.lang.Object, int, java.lang.Object)'> (0x00000000ebeb15e8) 
thrown [s\src\hotspot\share\interpreter\linkResolver.cpp, line 759]
Event: 4.926 Thread 0x0000024bf8d91880 Exception <a 'java/lang/NoClassDefFoundError'{0x00000000eb53d698}: com/google/inject/servlet/ServletModuleTargetVisitor> (0x00000000eb53d698) 
thrown [s\src\hotspot\share\classfile\systemDictionary.cpp, line 245]

VM Operations (20 events):
Event: 4.302 Executing VM operation: ParallelGCFailedAllocation
Event: 4.304 Executing VM operation: ParallelGCFailedAllocation done
Event: 4.321 Executing VM operation: HandshakeAllThreads
Event: 4.321 Executing VM operation: HandshakeAllThreads done
Event: 4.508 Executing VM operation: HandshakeAllThreads
Event: 4.508 Executing VM operation: HandshakeAllThreads done
Event: 4.536 Executing VM operation: ParallelGCFailedAllocation
Event: 4.537 Executing VM operation: ParallelGCFailedAllocation done
Event: 4.641 Executing VM operation: HandshakeAllThreads
Event: 4.641 Executing VM operation: HandshakeAllThreads done
Event: 4.763 Executing VM operation: ParallelGCFailedAllocation
Event: 4.764 Executing VM operation: ParallelGCFailedAllocation done
Event: 4.769 Executing VM operation: HandshakeAllThreads
Event: 4.769 Executing VM operation: HandshakeAllThreads done
Event: 4.989 Executing VM operation: HandshakeAllThreads
Event: 4.990 Executing VM operation: HandshakeAllThreads done
Event: 4.991 Executing VM operation: HandshakeAllThreads
Event: 4.991 Executing VM operation: HandshakeAllThreads done
Event: 4.997 Executing VM operation: ICBufferFull
Event: 4.997 Executing VM operation: ICBufferFull done

Events (20 events):
Event: 4.644 loading class java/nio/channels/NetworkChannel done
Event: 4.644 loading class java/nio/channels/spi/AbstractSelectableChannel
Event: 4.644 loading class java/nio/channels/SelectableChannel
Event: 4.644 loading class java/nio/channels/SelectableChannel done
Event: 4.644 loading class java/nio/channels/spi/AbstractSelectableChannel done
Event: 4.644 loading class java/nio/channels/SocketChannel done
Event: 4.644 loading class java/nio/channels/ServerSocketChannel
Event: 4.644 loading class java/nio/channels/ServerSocketChannel done
Event: 4.678 loading class java/io/UncheckedIOException
Event: 4.678 loading class java/io/UncheckedIOException done
Event: 4.725 loading class java/lang/ExceptionInInitializerError
Event: 4.725 loading class java/lang/ExceptionInInitializerError done
Event: 4.738 Thread 0x0000024bfb6e2df0 Thread exited: 0x0000024bfb6e2df0
Event: 4.743 loading class java/util/function/ToIntFunction
Event: 4.743 loading class java/util/function/ToIntFunction done
Event: 4.762 Thread 0x0000024bfbcb1f50 Thread exited: 0x0000024bfbcb1f50
Event: 4.934 loading class java/lang/ProcessEnvironment$CheckedKeySet
Event: 4.934 loading class java/lang/ProcessEnvironment$CheckedKeySet done
Event: 5.042 loading class jdk/internal/math/FDBigInteger
Event: 5.042 loading class jdk/internal/math/FDBigInteger done


Dynamic libraries:
0x00007ff65ae40000 - 0x00007ff65ae4e000 	c:\Users\devan\.vscode\extensions\redhat.java-1.29.0-win32-x64\jre\17.0.10-win32-x86_64\bin\java.exe
0x00007ff813f10000 - 0x00007ff814127000 	C:\WINDOWS\SYSTEM32\ntdll.dll
0x00007ff812930000 - 0x00007ff8129f4000 	C:\WINDOWS\System32\KERNEL32.DLL
0x00007ff8113a0000 - 0x00007ff811746000 	C:\WINDOWS\System32\KERNELBASE.dll
0x00007ff811b40000 - 0x00007ff811c51000 	C:\WINDOWS\System32\ucrtbase.dll
0x00007ffff39b0000 - 0x00007ffff39c7000 	c:\Users\devan\.vscode\extensions\redhat.java-1.29.0-win32-x64\jre\17.0.10-win32-x86_64\bin\jli.dll
0x00007ffff0e20000 - 0x00007ffff0e3b000 	c:\Users\devan\.vscode\extensions\redhat.java-1.29.0-win32-x64\jre\17.0.10-win32-x86_64\bin\VCRUNTIME140.dll
0x00007ff812780000 - 0x00007ff81292e000 	C:\WINDOWS\System32\USER32.dll
0x00007ff811750000 - 0x00007ff811776000 	C:\WINDOWS\System32\win32u.dll
0x00007ff809140000 - 0x00007ff8093d3000 	C:\WINDOWS\WinSxS\amd64_microsoft.windows.common-controls_6595b64144ccf1df_6.0.22621.2506_none_270c5ae97388e100\COMCTL32.dll
0x00007ff813a50000 - 0x00007ff813a79000 	C:\WINDOWS\System32\GDI32.dll
0x00007ff8138d0000 - 0x00007ff813977000 	C:\WINDOWS\System32\msvcrt.dll
0x00007ff811a20000 - 0x00007ff811b38000 	C:\WINDOWS\System32\gdi32full.dll
0x00007ff811300000 - 0x00007ff81139a000 	C:\WINDOWS\System32\msvcp_win.dll
0x00007ff812be0000 - 0x00007ff812c11000 	C:\WINDOWS\System32\IMM32.DLL
0x00007ff8090a0000 - 0x00007ff8090ac000 	c:\Users\devan\.vscode\extensions\redhat.java-1.29.0-win32-x64\jre\17.0.10-win32-x86_64\bin\vcruntime140_1.dll
0x00007fffc6390000 - 0x00007fffc641d000 	c:\Users\devan\.vscode\extensions\redhat.java-1.29.0-win32-x64\jre\17.0.10-win32-x86_64\bin\msvcp140.dll
0x00007fff86a10000 - 0x00007fff87672000 	c:\Users\devan\.vscode\extensions\redhat.java-1.29.0-win32-x64\jre\17.0.10-win32-x86_64\bin\server\jvm.dll
0x00007ff812e80000 - 0x00007ff812f33000 	C:\WINDOWS\System32\ADVAPI32.dll
0x00007ff813980000 - 0x00007ff813a28000 	C:\WINDOWS\System32\sechost.dll
0x00007ff811250000 - 0x00007ff811278000 	C:\WINDOWS\System32\bcrypt.dll
0x00007ff8137b0000 - 0x00007ff8138c7000 	C:\WINDOWS\System32\RPCRT4.dll
0x00007ffff8bd0000 - 0x00007ffff8bd9000 	C:\WINDOWS\SYSTEM32\WSOCK32.dll
0x00007ff809ef0000 - 0x00007ff809f24000 	C:\WINDOWS\SYSTEM32\WINMM.dll
0x00007ff810ea0000 - 0x00007ff810eed000 	C:\WINDOWS\SYSTEM32\POWRPROF.dll
0x00007ff812a00000 - 0x00007ff812a71000 	C:\WINDOWS\System32\WS2_32.dll
0x00007ff808d60000 - 0x00007ff808d6a000 	C:\WINDOWS\SYSTEM32\VERSION.dll
0x00007ff810e80000 - 0x00007ff810e93000 	C:\WINDOWS\SYSTEM32\UMPDC.dll
0x00007ff810260000 - 0x00007ff810278000 	C:\WINDOWS\SYSTEM32\kernel.appcore.dll
0x00007ff808e70000 - 0x00007ff808e7a000 	c:\Users\devan\.vscode\extensions\redhat.java-1.29.0-win32-x64\jre\17.0.10-win32-x86_64\bin\jimage.dll
0x00007ff808030000 - 0x00007ff808263000 	C:\WINDOWS\SYSTEM32\DBGHELP.DLL
0x00007ff8133c0000 - 0x00007ff813749000 	C:\WINDOWS\System32\combase.dll
0x00007ff811cc0000 - 0x00007ff811d97000 	C:\WINDOWS\System32\OLEAUT32.dll
0x00007ff8058e0000 - 0x00007ff805912000 	C:\WINDOWS\SYSTEM32\dbgcore.DLL
0x00007ff811280000 - 0x00007ff8112fa000 	C:\WINDOWS\System32\bcryptPrimitives.dll
0x00007ff808dc0000 - 0x00007ff808dce000 	c:\Users\devan\.vscode\extensions\redhat.java-1.29.0-win32-x64\jre\17.0.10-win32-x86_64\bin\instrument.dll
0x00007fffe94f0000 - 0x00007fffe9515000 	c:\Users\devan\.vscode\extensions\redhat.java-1.29.0-win32-x64\jre\17.0.10-win32-x86_64\bin\java.dll
0x00007fffeef20000 - 0x00007fffeef38000 	c:\Users\devan\.vscode\extensions\redhat.java-1.29.0-win32-x64\jre\17.0.10-win32-x86_64\bin\zip.dll
0x00007ff811e00000 - 0x00007ff81265a000 	C:\WINDOWS\System32\SHELL32.dll
0x00007ff80f150000 - 0x00007ff80fa46000 	C:\WINDOWS\SYSTEM32\windows.storage.dll
0x00007ff80f010000 - 0x00007ff80f14e000 	C:\WINDOWS\SYSTEM32\wintypes.dll
0x00007ff813dd0000 - 0x00007ff813ec3000 	C:\WINDOWS\System32\SHCORE.dll
0x00007ff811da0000 - 0x00007ff811dfe000 	C:\WINDOWS\System32\shlwapi.dll
0x00007ff811180000 - 0x00007ff8111a6000 	C:\WINDOWS\SYSTEM32\profapi.dll
0x00007fffebec0000 - 0x00007fffebed9000 	C:\Users\devan\.vscode\extensions\redhat.java-1.29.0-win32-x64\jre\17.0.10-win32-x86_64\bin\net.dll
0x00007ff80b170000 - 0x00007ff80b2a7000 	C:\WINDOWS\SYSTEM32\WINHTTP.dll
0x00007ff810700000 - 0x00007ff810769000 	C:\WINDOWS\system32\mswsock.dll
0x00007fffeb1d0000 - 0x00007fffeb1e6000 	C:\Users\devan\.vscode\extensions\redhat.java-1.29.0-win32-x64\jre\17.0.10-win32-x86_64\bin\nio.dll
0x00007ff808360000 - 0x00007ff808370000 	c:\Users\devan\.vscode\extensions\redhat.java-1.29.0-win32-x64\jre\17.0.10-win32-x86_64\bin\verify.dll
0x00007ff808ea0000 - 0x00007ff808ede000 	C:\Users\devan\AppData\Roaming\Code\User\globalStorage\redhat.java\1.29.0\config_win\org.eclipse.equinox.launcher\org.eclipse.equinox.launcher.win32.win32.x86_64_1.2.900.v20240213-1244\eclipse_11900.dll
0x00007ff812cd0000 - 0x00007ff812e70000 	C:\WINDOWS\System32\ole32.dll
0x00007ff8109c0000 - 0x00007ff8109db000 	C:\WINDOWS\SYSTEM32\CRYPTSP.dll
0x00007ff8101c0000 - 0x00007ff8101f5000 	C:\WINDOWS\system32\rsaenh.dll
0x00007ff810860000 - 0x00007ff81088c000 	C:\WINDOWS\SYSTEM32\USERENV.dll
0x00007ff8109e0000 - 0x00007ff8109ec000 	C:\WINDOWS\SYSTEM32\CRYPTBASE.dll
0x00007ff80fcb0000 - 0x00007ff80fcdd000 	C:\WINDOWS\SYSTEM32\IPHLPAPI.DLL
0x00007ff812e70000 - 0x00007ff812e79000 	C:\WINDOWS\System32\NSI.dll
0x00007ff80a620000 - 0x00007ff80a639000 	C:\WINDOWS\SYSTEM32\dhcpcsvc6.DLL
0x00007ff80a5c0000 - 0x00007ff80a5df000 	C:\WINDOWS\SYSTEM32\dhcpcsvc.DLL
0x00007ff80fce0000 - 0x00007ff80fdd9000 	C:\WINDOWS\SYSTEM32\DNSAPI.dll
0x00007ffff46d0000 - 0x00007ffff4715000 	C:\Users\devan\AppData\Local\Temp\jna--1335164507\jna16099854656556805205.dll
0x00007ff812a80000 - 0x00007ff812a88000 	C:\WINDOWS\System32\PSAPI.DLL

dbghelp: loaded successfully - version: 4.0.5 - missing functions: none
symbol engine: initialized successfully - sym options: 0x614 - pdb path: .;c:\Users\devan\.vscode\extensions\redhat.java-1.29.0-win32-x64\jre\17.0.10-win32-x86_64\bin;C:\WINDOWS\SYSTEM32;C:\WINDOWS\WinSxS\amd64_microsoft.windows.common-controls_6595b64144ccf1df_6.0.22621.2506_none_270c5ae97388e100;c:\Users\devan\.vscode\extensions\redhat.java-1.29.0-win32-x64\jre\17.0.10-win32-x86_64\bin\server;C:\Users\devan\AppData\Roaming\Code\User\globalStorage\redhat.java\1.29.0\config_win\org.eclipse.equinox.launcher\org.eclipse.equinox.launcher.win32.win32.x86_64_1.2.900.v20240213-1244;C:\Users\devan\AppData\Local\Temp\jna--1335164507

VM Arguments:
jvm_args: --add-modules=ALL-SYSTEM --add-opens=java.base/java.util=ALL-UNNAMED --add-opens=java.base/java.lang=ALL-UNNAMED --add-opens=java.base/sun.nio.fs=ALL-UNNAMED -Declipse.application=org.eclipse.jdt.ls.core.id1 -Dosgi.bundles.defaultStartLevel=4 -Declipse.product=org.eclipse.jdt.ls.core.product -Djava.import.generatesMetadataFilesAtProjectRoot=false -DDetectVMInstallationsJob.disabled=true -Dfile.encoding=utf8 -XX:+UseParallelGC -XX:GCTimeRatio=4 -XX:AdaptiveSizePolicyWeight=90 -Dsun.zip.disableMemoryMapping=true -Xmx1G -Xms100m -Xlog:disable -javaagent:c:\Users\devan\.vscode\extensions\redhat.java-1.29.0-win32-x64\lombok\lombok-1.18.32.jar -XX:+HeapDumpOnOutOfMemoryError -XX:HeapDumpPath=c:\Users\devan\AppData\Roaming\Code\User\workspaceStorage\5777b845f8ef420473e6a91478c2b9a2\redhat.java -Daether.dependencyCollector.impl=bf 
java_command: c:\Users\devan\.vscode\extensions\redhat.java-1.29.0-win32-x64\server\plugins\org.eclipse.equinox.launcher_1.6.800.v20240304-1850.jar -configuration c:\Users\devan\AppData\Roaming\Code\User\globalStorage\redhat.java\1.29.0\config_win -data c:\Users\devan\AppData\Roaming\Code\User\workspaceStorage\5777b845f8ef420473e6a91478c2b9a2\redhat.java\jdt_ws --stdio
java_class_path (initial): c:\Users\devan\.vscode\extensions\redhat.java-1.29.0-win32-x64\server\plugins\org.eclipse.equinox.launcher_1.6.800.v20240304-1850.jar
Launcher Type: SUN_STANDARD

[Global flags]
    uintx AdaptiveSizePolicyWeight                 = 90                                        {product} {command line}
     intx CICompilerCount                          = 12                                        {product} {ergonomic}
    uintx GCTimeRatio                              = 4                                         {product} {command line}
     bool HeapDumpOnOutOfMemoryError               = true                                   {manageable} {command line}
    ccstr HeapDumpPath                             = c:\Users\devan\AppData\Roaming\Code\User\workspaceStorage\5777b845f8ef420473e6a91478c2b9a2\redhat.java         {manageable} {command line}
   size_t InitialHeapSize                          = 104857600                                 {product} {command line}
   size_t MaxHeapSize                              = 1073741824                                {product} {command line}
   size_t MaxNewSize                               = 357564416                                 {product} {ergonomic}
   size_t MinHeapDeltaBytes                        = 524288                                    {product} {ergonomic}
   size_t MinHeapSize                              = 104857600                                 {product} {command line}
   size_t NewSize                                  = 34603008                                  {product} {ergonomic}
    uintx NonNMethodCodeHeapSize                   = 7602480                                {pd product} {ergonomic}
    uintx NonProfiledCodeHeapSize                  = 122027880                              {pd product} {ergonomic}
   size_t OldSize                                  = 70254592                                  {product} {ergonomic}
    uintx ProfiledCodeHeapSize                     = 122027880                              {pd product} {ergonomic}
    uintx ReservedCodeCacheSize                    = 251658240                              {pd product} {ergonomic}
     bool SegmentedCodeCache                       = true                                      {product} {ergonomic}
   size_t SoftMaxHeapSize                          = 1073741824                             {manageable} {ergonomic}
     bool UseCompressedClassPointers               = true                           {product lp64_product} {ergonomic}
     bool UseCompressedOops                        = true                           {product lp64_product} {ergonomic}
     bool UseLargePagesIndividualAllocation        = false                                  {pd product} {ergonomic}
     bool UseParallelGC                            = true                                      {product} {command line}

Logging:
Log output configuration:
 #0: stdout all=off uptime,level,tags
 #1: stderr all=off uptime,level,tags

Environment Variables:
JAVA_HOME=C:\Program Files\Microsoft\jdk-17.0.10.7-hotspot\
PATH=C:\Users\devan\AppData\Roaming\.dotnet;C:\Program Files\Microsoft\jdk-17.0.10.7-hotspot\bin;C:\Program Files\NVIDIA GPU Computing Toolkit\CUDA\v8.0\bin;C:\Program Files\NVIDIA GPU Computing Toolkit\CUDA\v8.0\libnvvp;C:\Program Files (x86)\Qualcomm\QDART\\bin;C:\Program Files (x86)\Common Files\Oracle\Java\javapath;C:\Program Files\Common Files\Oracle\Java\javapath;C:\Windows\system32;C:\Windows;C:\Windows\System32\Wbem;C:\Windows\System32\WindowsPowerShell\v1.0\;C:\Windows\System32\OpenSSH\;C:\Program Files (x86)\NVIDIA Corporation\PhysX\Common;C:\Program Files\NVIDIA Corporation\NVIDIA NvDLISR;C:\WINDOWS\system32;C:\WINDOWS;C:\WINDOWS\System32\Wbem;C:\WINDOWS\System32\WindowsPowerShell\v1.0\;C:\WINDOWS\System32\OpenSSH\;C:\Users\devan\AppData\Local\Microsoft\WindowsApps;C:\Users\devan\AppData\Local\Programs\Microsoft VS Code\bin;C:\adb;C:\Program Files\dotnet\;C:\Program Files\Java\jdk-17.0.1\bin;C:\Program Files\PuTTY\;C:\Xilinx\Vivado\2021.1\bin;C:\mingw32\bin;C:\Program Files\NVIDIA Corporation\Nsight Compute 2023.3.1\;C:\WINDOWS\system32;C:\WINDOWS;C:\WINDOWS\System32\Wbem;C:\WINDOWS\System32\WindowsPowerShell\v1.0\;C:\WINDOWS\System32\OpenSSH\;C:\Program Files\nodejs\;C:\ProgramData\chocolatey\bin;C:\Program Files\Docker\Docker\resources\bin;C:\Program Files\Microsoft SQL Server\150\Tools\Binn\;C:\Program Files\Microsoft SQL Server\Client SDK\ODBC\170\Tools\Binn\;C:\Program Files (x86)\Microsoft SQL Server\160\DTS\Binn\;C:\Program Files (x86)\Microsoft SQL Server\160\Tools\Binn\;C:\Program Files\Microsoft SQL Server\160\Tools\Binn\;C:\Program Files\Microsoft SQL Server\160\DTS\Binn\;C:\Program Files\Git\cmd;C:\Users\devan\AppData\Roaming\.dotnet;C:\Users\devan\AppData\Local\Android\Sdk\platform-tools;C:\Users\devan\AppData\Local\Android\Sdk\tools;C:\Program Files\MySQL\MySQL Shell 8.0\bin\;C:\Users\devan\AppData\Local\Programs\Python\Python310\Scripts\;C:\Users\devan\AppData\Local\Programs\Python\Python310\;%USERPROFILE%\AppData\Local\Microsoft\WindowsApps;C
USERNAME=devang
OS=Windows_NT
PROCESSOR_IDENTIFIER=AMD64 Family 23 Model 96 Stepping 1, AuthenticAMD
TMP=C:\Users\devan\AppData\Local\Temp
TEMP=C:\Users\devan\AppData\Local\Temp



Periodic native trim disabled


---------------  S Y S T E M  ---------------

OS:
 Windows 11 , 64 bit Build 22621 (10.0.22621.2506)
OS uptime: 0 days 18:55 hours
Hyper-V role detected

CPU: total 16 (initial active 16) (16 cores per cpu, 2 threads per core) family 23 model 96 stepping 1 microcode 0x0, cx8, cmov, fxsr, ht, mmx, 3dnowpref, sse, sse2, sse3, ssse3, sse4a, sse4.1, sse4.2, popcnt, lzcnt, tsc, tscinvbit, avx, avx2, aes, clmul, bmi1, bmi2, adx, sha, fma, vzeroupper, clflush, clflushopt, hv
Processor Information for all 16 processors :
  Max Mhz: 2901, Current Mhz: 2901, Mhz Limit: 2901

Memory: 4k page, system-wide physical 15790M (4941M free)
TotalPageFile size 15790M (AvailPageFile size 5M)
current process WorkingSet (physical memory assigned to process): 243M, peak: 258M
current process commit charge ("private bytes"): 351M, peak: 369M

vm_info: OpenJDK 64-Bit Server VM (17.0.10+7) for windows-amd64 JRE (17.0.10+7), built on Jan 16 2024 23:25:11 by "admin" with MS VC++ 16.10 / 16.11 (VS2019)

END.
